ISim log file
Running: E:\1-Project\P6\CPU\mips_txt_isim_beh.exe -intstyle ise -gui -tclbatch isim.cmd -wdb E:/1-Project/P6/CPU/mips_txt_isim_beh.wdb 
ISim P.20131013 (signature 0x7708f090)
This is a Full version of ISim.
Time resolution is 1 ps
# onerror resume
# wave add /
# run 1000 ns
Simulator is doing circuit initialization process.
Finished circuit initialization process.
                  38@00003000: $ 2 <= ec5f0000
                  42@00003004: $ 2 <= ec5f5c22
                  46@00003008: $ 3 <= e7350000
                  50@0000300c: $ 3 <= e73538ae
                  54@00003010: $ 4 <= f02f0000
                  58@00003014: $ 4 <= f02fcbb9
                  62@00003018: $ 5 <= 88110000
                  66@0000301c: $ 5 <= 8811b317
                  70@00003020: $ 6 <= 02280000
                  74@00003024: $ 6 <= 02280676
                  78@00003028: $ 7 <= 19ef0000
                  82@0000302c: $ 7 <= 19ef4b6a
                  86@00003030: $ 8 <= a33e0000
                  90@00003034: $ 8 <= a33e47e5
                  94@00003038: $ 9 <= 7b250000
                  98@0000303c: $ 9 <= 7b25fd79
                 102@00003040: $10 <= 2b9b0000
                 106@00003044: $10 <= 2b9bd7ac
                 110@00003048: $11 <= 67920000
                 114@0000304c: $11 <= 67927d02
                 118@00003050: $12 <= f3db0000
                 122@00003054: $12 <= f3dbef09
                 126@00003058: $13 <= d28e0000
                 130@0000305c: $13 <= d28e6964
                 134@00003060: $14 <= 24790000
                 138@00003064: $14 <= 247940db
                 142@00003068: $15 <= 698a0000
                 146@0000306c: $15 <= 698a4ec9
                 150@00003070: $16 <= 92960000
                 154@00003074: $16 <= 92961046
                 158@00003078: $17 <= 3e9a0000
                 162@0000307c: $17 <= 3e9adb33
                 166@00003080: $18 <= 47bf0000
                 170@00003084: $18 <= 47bf9cc0
                 174@00003088: $19 <= 27740000
                 178@0000308c: $19 <= 2774e888
                 182@00003090: $20 <= 0e5c0000
                 186@00003094: $20 <= 0e5c6ea6
                 190@00003098: $21 <= d4110000
                 194@0000309c: $21 <= d4113e94
                 198@000030a0: $22 <= 120b0000
                 202@000030a4: $22 <= 120b9750
                 206@000030a8: $23 <= 7a480000
                 210@000030ac: $23 <= 7a48dc3e
                 214@000030b0: $24 <= 54ae0000
                 218@000030b4: $24 <= 54aec45d
                 222@000030b8: $25 <= 1a030000
                 226@000030bc: $25 <= 1a03eba5
                 230@000030c0: $26 <= 33180000
                 234@000030c4: $26 <= 33185a0a
                 238@000030c8: $27 <= 355e0000
                 242@000030d0: *00000000 <= a33e47e5
                 242@000030cc: $27 <= 355ee205
                 246@000030d4: *00000004 <= 1a03eba5
                 250@000030d8: *00000008 <= 54aec45d
                 254@000030dc: *0000000c <= 47bf9cc0
                 258@000030e0: *00000010 <= 3e9adb33
                 262@000030e4: *00000014 <= 7b25fd79
                 266@000030e8: *00000018 <= 2b9bd7ac
                 270@000030ec: *0000001c <= 00000000
                 274@000030f0: *00000020 <= e73538ae
                 278@000030f4: *00000024 <= f02fcbb9
                 286@000030f8: $29 <= 00002f00
                 290@000030fc: $31 <= 00003104
                 294@00003100: $ 3 <= e73538ee
                 298@00003108: $28 <= 00000000
                 302@0000310c: $28 <= 00000000
                 306@00003110: $12 <= 9e860000
                 310@00003114: $28 <= 3d0c0000
                 322@00003120: $28 <= 00000000
                 326@00003128: *00000a50 <= 00000000
                 334@0000312c: $12 <= 269e0000
                 354@00003130: $28 <= 0feb0c1a
                 358@00003134: $28 <= 00000000
                 362@00003138: $28 <= 00000000
                 366@0000313c: $28 <= 269ec5a0
                 418@00003148: *000007f4 <= a0000000
                 426@0000314c: $28 <= d3c00000
                 430@00003150: $28 <= 00000002
                 466@00003154: $28 <= 0096c78a
                 470@00003158: $12 <= 56370000
                 474@0000315c: $28 <= 00000056
                 482@00003164: $ 3 <= e73538ee
                 486@00003168: $ 4 <= f02fcbf9
                 490@00003170: *000013d8 <= 00000056
                 498@00003174: $28 <= 00000000
                 510@00003180: $12 <= dc000000
                 514@00003188: *000007a8 <= 000006e0
                 514@00003184: $28 <= 000006e0
                 522@0000318c: $28 <= 6e000000
                 526@00003190: $28 <= dc00992b
                 530@00003194: $27 <= 00000000
                 582@0000319c: $27 <= f14a0ad4
                 590@000031a4: $27 <= 00000000
                 602@000031b0: $27 <= d0200000
                 658@000031bc: $27 <= 00019e49
                 662@000031c0: $11 <= 6c520000
                 686@000031c8: $27 <= 6c5203a8
                 690@000031cc: $27 <= 6c5214f2
                 758@000031d8: $27 <= 00000000
                 766@000031e0: $27 <= 00000362
                 770@000031e4: $27 <= 00000000
                 774@000031e8: $27 <= 8b6738ee
                 834@000031f8: $27 <= 00000000
                 838@000031fc: $31 <= 00003204
                 842@00003200: $ 3 <= e73538ee
                 850@00003270: $ 3 <= e73538ee
                 854@00003204: $ 4 <= f02fcbf9
                 858@00003208: $11 <= a1760000
                 918@00003218: $27 <= 00000001
                 922@0000321c: $27 <= 00000001
                 966@00003224: $27 <= 80000000
                 970@00003228: $27 <= 00000000
                 974@0000322c: $27 <= fffffe85
                 982@00003234: $27 <= bb000000
                 986@00003238: $27 <= 00a17600
                 990@0000323c: $27 <= 00000000
