--------------------------------------------------------------------------------
Release 14.7 Trace  (nt64)
Copyright (c) 1995-2013 Xilinx, Inc.  All rights reserved.

D:\ISESetup\14.7\ISE_DS\ISE\bin\nt64\unwrapped\trce.exe -intstyle ise -v 3 -s 2
-n 3 -fastpaths -xml ALU.twx ALU.ncd -o ALU.twr ALU.pcf

Design file:              ALU.ncd
Physical constraint file: ALU.pcf
Device,package,speed:     xc6slx4,tqg144,C,-2 (PRODUCTION 1.23 2013-10-13)
Report level:             verbose report

Environment Variable      Effect 
--------------------      ------ 
NONE                      No environment variables were set
--------------------------------------------------------------------------------

INFO:Timing:2698 - No timing constraints found, doing default enumeration.
INFO:Timing:3412 - To improve timing, see the Timing Closure User Guide (UG612).
INFO:Timing:2752 - To get complete path coverage, use the unconstrained paths 
   option. All paths that are not constrained will be reported in the 
   unconstrained paths section(s) of the report.
INFO:Timing:3339 - The clock-to-out numbers in this timing report are based on 
   a 50 Ohm transmission line loading model.  For the details of this model, 
   and for more information on accounting for different loading conditions, 
   please see the device datasheet.



Data Sheet report:
-----------------
All values displayed in nanoseconds (ns)

Pad to Pad
---------------+---------------+---------+
Source Pad     |Destination Pad|  Delay  |
---------------+---------------+---------+
inA<0>         |ans<0>         |    9.488|
inA<0>         |ans<1>         |    8.847|
inA<0>         |ans<2>         |    9.696|
inA<0>         |ans<3>         |    9.874|
inA<1>         |ans<0>         |    9.561|
inA<1>         |ans<1>         |    9.746|
inA<1>         |ans<2>         |    9.937|
inA<1>         |ans<3>         |   10.115|
inA<2>         |ans<0>         |    9.684|
inA<2>         |ans<1>         |    9.036|
inA<2>         |ans<2>         |    8.868|
inA<2>         |ans<3>         |    8.712|
inA<3>         |ans<0>         |    9.402|
inA<3>         |ans<1>         |    9.281|
inA<3>         |ans<2>         |    9.013|
inA<3>         |ans<3>         |    8.658|
inB<0>         |ans<0>         |    9.072|
inB<0>         |ans<1>         |    9.092|
inB<0>         |ans<2>         |    9.733|
inB<0>         |ans<3>         |    9.911|
inB<1>         |ans<1>         |    9.296|
inB<1>         |ans<2>         |    9.487|
inB<1>         |ans<3>         |    9.665|
inB<2>         |ans<2>         |    8.339|
inB<2>         |ans<3>         |    9.260|
inB<3>         |ans<3>         |    8.761|
inC<0>         |ans<0>         |   10.643|
inC<0>         |ans<1>         |    9.729|
inC<0>         |ans<2>         |    9.860|
inC<0>         |ans<3>         |    9.460|
inC<1>         |ans<0>         |   10.100|
inC<1>         |ans<1>         |   10.049|
inC<1>         |ans<2>         |    9.725|
inC<1>         |ans<3>         |    9.359|
op<0>          |ans<1>         |   10.274|
op<0>          |ans<2>         |   10.465|
op<0>          |ans<3>         |   10.643|
op<1>          |ans<0>         |    9.619|
op<1>          |ans<1>         |    9.227|
op<1>          |ans<2>         |    9.313|
op<1>          |ans<3>         |    9.579|
---------------+---------------+---------+


Analysis completed Sat Sep 18 13:25:17 2021 
--------------------------------------------------------------------------------

Trace Settings:
-------------------------
Trace Settings 

Peak Memory Usage: 4554 MB



