ISim log file
Running: E:\1-Project\P6\CPU_practice\mips_txt_isim_beh.exe -intstyle ise -gui -tclbatch isim.cmd -wdb E:/1-Project/P6/CPU_practice/mips_txt_isim_beh.wdb 
ISim P.20131013 (signature 0x7708f090)
This is a Full version of ISim.
WARNING: File "E:/1-Project/P6/CPU_practice/mips.v" Line 126.  For instance uut/regw/, width 32 of formal port DMRes_M is not equal to width 1 of actual signal DMRes_M.
Time resolution is 1 ps
# onerror resume
# wave add /
# run 1000 ns
Simulator is doing circuit initialization process.
Finished circuit initialization process.
                  38@00003000: $ 2 <= ec5f0000
                  42@00003004: $ 2 <= ec5f5c22
                  46@00003008: $ 3 <= e7350000
                  50@0000300c: $ 3 <= e73538ae
                  54@00003010: $ 4 <= f02f0000
                  58@00003014: $ 4 <= f02fcbb9
                  62@00003018: $ 5 <= 88110000
                  66@0000301c: $ 5 <= 8811b317
                  70@00003020: $ 6 <= 02280000
                  74@00003024: $ 6 <= 02280676
                  78@00003028: $ 7 <= 19ef0000
                  82@0000302c: $ 7 <= 19ef4b6a
                  86@00003030: $ 8 <= a33e0000
                  90@00003034: $ 8 <= a33e47e5
                  94@00003038: $ 9 <= 7b250000
                  98@0000303c: $ 9 <= 7b25fd79
                 102@00003040: $10 <= 2b9b0000
                 106@00003044: $10 <= 2b9bd7ac
                 110@00003048: $11 <= 67920000
                 114@0000304c: $11 <= 67927d02
                 118@00003050: $12 <= f3db0000
                 122@00003054: $12 <= f3dbef09
                 126@00003058: $13 <= d28e0000
                 130@0000305c: $13 <= d28e6964
                 134@00003060: $14 <= 24790000
                 138@00003064: $14 <= 247940db
                 142@00003068: $15 <= 698a0000
                 146@0000306c: $15 <= 698a4ec9
                 150@00003070: $16 <= 92960000
                 154@00003074: $16 <= 92961046
                 158@00003078: $17 <= 3e9a0000
                 162@0000307c: $17 <= 3e9adb33
                 166@00003080: $18 <= 47bf0000
                 170@00003084: $18 <= 47bf9cc0
                 174@00003088: $19 <= 27740000
                 178@0000308c: $19 <= 2774e888
                 182@00003090: $20 <= 0e5c0000
                 186@00003094: $20 <= 0e5c6ea6
                 190@00003098: $21 <= d4110000
                 194@0000309c: $21 <= d4113e94
                 198@000030a0: $22 <= 120b0000
                 202@000030a4: $22 <= 120b9750
                 206@000030a8: $23 <= 7a480000
                 210@000030ac: $23 <= 7a48dc3e
                 214@000030b0: $24 <= 54ae0000
                 218@000030b4: $24 <= 54aec45d
                 222@000030b8: $25 <= 1a030000
                 226@000030bc: $25 <= 1a03eba5
                 230@000030c0: $26 <= 33180000
                 234@000030c4: $26 <= 33185a0a
                 238@000030c8: $27 <= 355e0000
                 242@000030d0: *00000000 <= a33e47e5
                 242@000030cc: $27 <= 355ee205
                 246@000030d4: *00000004 <= 1a03eba5
                 250@000030d8: *00000008 <= 54aec45d
                 254@000030dc: *0000000c <= 47bf9cc0
                 258@000030e0: *00000010 <= 3e9adb33
                 262@000030e4: *00000014 <= 7b25fd79
                 266@000030e8: *00000018 <= 2b9bd7ac
                 270@000030ec: *0000001c <= 00000000
                 274@000030f0: *00000020 <= e73538ae
                 278@000030f4: *00000024 <= f02fcbb9
                 286@000030f8: $29 <= 00002f00
                 290@000030fc: $31 <= 00003104
                 294@00003100: $ 3 <= e73538ee
                 298@00003108: $28 <= 00000000
                 302@0000310c: $28 <= 00000000
                 306@00003110: $12 <= 9e860000
                 310@00003114: $28 <= 3d0c0000
                 322@00003120: $28 <= 00000000
                 326@00003128: *00000a50 <= 00000000
                 334@0000312c: $12 <= 269e0000
                 354@00003130: $28 <= 0feb0c1a
                 358@00003134: $28 <= zzzzzzzZ
                 362@00003138: $28 <= zzzzzzzZ
                 366@0000313c: $28 <= 269ec5a0
                 418@00003148: *000007f4 <= a0000000
                 426@0000314c: $28 <= d3c00000
                 430@00003150: $28 <= 00000002
                 466@00003154: $28 <= 0096c78a
                 470@00003158: $12 <= 56370000
                 474@0000315c: $28 <= 00000056
                 482@00003164: $ 3 <= e73538ee
                 486@00003168: $ 4 <= f02fcbf9
                 490@00003170: *000013d8 <= 00000056
                 498@00003174: $28 <= 00000000
                 510@00003180: $12 <= dc000000
                 514@00003188: *000007a8 <= 000006e0
                 514@00003184: $28 <= 000006e0
                 522@0000318c: $28 <= 6e000000
                 526@00003190: $28 <= dc00992b
                 530@00003194: $27 <= 00000000
                 582@0000319c: $27 <= f14a0ad4
                 590@000031a4: $27 <= 00000000
                 602@000031b0: $27 <= d0200000
                 658@000031bc: $27 <= 00019e49
                 662@000031c0: $11 <= 6c520000
                 686@000031c8: $27 <= 6c5203a8
                 690@000031cc: $27 <= 6c5214f2
                 758@000031d8: $27 <= 00000000
                 766@000031e0: $27 <= 00000362
                 770@000031e4: $27 <= 00000000
                 774@000031e8: $27 <= 8b6738ee
                 834@000031f8: $27 <= zzzzzzzZ
                 838@000031fc: $31 <= 00003204
                 842@00003200: $ 3 <= e73538ee
                 850@00003270: $ 3 <= e73538ee
                 854@00003204: $ 4 <= f02fcbf9
                 858@00003208: $11 <= a1760000
                 918@00003218: $27 <= 00000001
                 922@0000321c: $27 <= 00000001
                 966@00003224: $27 <= 80000000
                 970@00003228: $27 <= 00000000
                 974@0000322c: $27 <= fffffe85
                 982@00003234: $27 <= bb000000
                 986@00003238: $27 <= 00a17600
                 990@0000323c: $27 <= 00000000
# run all
                1030@00003244: $27 <= 00000000
                1034@00003248: $27 <= 00000001
                1038@0000324c: $27 <= 00000000
                1042@00003250: $27 <= 1888c711
                1058@00003258: $11 <= 7f530000
                1062@0000325c: $27 <= 1888c711
                1070@00003264: $ 3 <= e73538ee
                1126@00003280: $13 <= 0002774e
                1130@00003284: $13 <= 2774ed8a
                1154@0000328c: $13 <= 09dd3a22
                1194@0000329c: $13 <= 00000000
                1218@000032a0: $13 <= 00000000
                1222@000032a4: $13 <= 00000000
                1226@000032a8: $19 <= 7a860000
                1266@000032b8: $13 <= 00000000
                1270@000032bc: $13 <= 2a820000
                1274@000032c0: $19 <= 07450000
                1294@000032cc: *0000177c <= 0745ae95
                1294@000032c8: $13 <= 0745ae95
                1302@000032d0: $13 <= 00000000
                1310@000032d8: $13 <= dba92854
                1314@000032dc: $ 1 <= 00000000
                1318@000032e0: $ 1 <= 0000a887
                1322@000032e4: $13 <= 0745a887
                1326@000032e8: $13 <= 00000e8a
                1334@000032f0: $ 3 <= e73538ee
                1338@000032f4: $ 4 <= f02fcbf9
                1342@000032f8: $13 <= 00000008
                1346@000032fc: $13 <= 00000000
                1350@00003300: $19 <= c0610000
                1402@00003308: $13 <= 00000000
                1406@0000330c: $23 <= 830d0000
                1410@00003310: $23 <= ed990000
                1414@00003314: $16 <= ffed9900
                1418@0000331c: *00001a50 <= 00000007
                1418@00003318: $16 <= 00000007
                1426@00003320: $16 <= 00000000
                1430@00003324: $16 <= 00000000
                1438@0000332c: $ 3 <= e73538ee
                1442@00003330: $ 4 <= f02fcbf9
                1446@00003334: $16 <= 00000001
                1450@00003338: $16 <= zzzzzzzZ
                1454@0000333c: $16 <= 00000000
                1458@00003340: $16 <= zzzzzzzZ
                1462@00003344: $16 <= c9e040db
                1546@00003354: $16 <= ed995846
                1582@00003360: $16 <= 03b4df94
                1590@00003368: $16 <= 0ed99000
                1594@0000336c: $16 <= 03b4df94
                1610@0000337c: $ 8 <= 000033c4
                1618@00003380: $31 <= 00003388
                1622@00003384: $ 3 <= e73538ee
                1630@000033c8: $ 3 <= e73538ee
                1634@00003388: $ 4 <= f02fcbf9
                1638@0000338c: $ 7 <= zzzzzzzZ
                1674@0000339c: *000006f0 <= 00000000
                1674@00003398: $ 7 <= 00000000
                1682@000033a0: $ 7 <= 000032c0
                1686@000033a4: $ 7 <= 00000000
                1690@000033ac: *0000029c <= 00000001
                1690@000033a8: $ 7 <= 00000001
                1698@000033b0: $ 7 <= 00000001
                1710@000033bc: $ 3 <= e73538ee
                1718@000033d4: $14 <= 00000420
                1806@000033e0: $14 <= 423f5e6e
                1842@000033f0: $14 <= 00000000
                1846@000033f4: $14 <= 00000000
                1886@000033f8: $14 <= 00000000
                1926@00003408: $20 <= e9570000
                1930@0000340c: $14 <= 00000000
                1938@00003414: $ 3 <= e73538ee
                1942@00003478: $24 <= 96758032
                1946@0000347c: $24 <= 00000000
                1966@00003484: *00000534 <= 00000000
                1994@0000348c: *00001938 <= 00000000
                2002@00003490: $ 8 <= 2a3c0000
                2010@0000349c: *00001e50 <= 00000000
                2010@00003498: $24 <= 00000000
                2018@000034a0: $24 <= 00000000
                2022@000034a4: $24 <= zzzzzzzZ
                2026@000034a8: $24 <= c0b1b137
                2034@000034b0: $ 8 <= c2f60000
                2090@000034bc: $24 <= 00000000
                2134@000034c0: $24 <= 00000000
                2142@000034c8: $ 8 <= b2ca0000
                2146@000034cc: $ 8 <= dd360000
                2170@000034d4: $24 <= 00000000
                2174@000034d8: $24 <= zzzzzzzZ
                2178@000034dc: $24 <= 00001ba6
                2182@000034e0: $31 <= 000034e8
                2186@000034e4: $ 3 <= e73538ee
                2194@00003500: $ 3 <= e73538ee
                2198@000034e8: $ 4 <= f02fcbf9
                2202@000034ec: $24 <= 00000001
                2210@000034f4: $ 3 <= e73538ee
                2214@00003508: $ 8 <= zzzzzzzZ
                2218@0000350c: $21 <= 23480000
                2222@00003510: $ 8 <= 00000011
                2226@00003514: $ 8 <= 00000000
                2246@00003528: $ 8 <= 0011a400
                2254@00003530: $ 3 <= e73538ee
                2350@00003564: $ 9 <= 00000000
                2354@00003568: $ 9 <= zzzzzzzZ
                2358@0000356c: $ 9 <= 00000000
                2382@00003578: $ 9 <= 00000000
                2526@00003590: $ 9 <= zzzzzzzZ
                2550@0000359c: $ 9 <= zzzzzzzZ
                2698@000035ac: $ 9 <= fffffffd
                2706@000035b4: $ 1 <= 00000000
                2710@000035b8: $ 1 <= 0000d3be
                2714@000035bc: $ 9 <= 2348d3be
                2722@000035c4: $ 3 <= e73538ee
                2730@00003608: $ 5 <= d67c0000
                2734@00003610: *00000178 <= e73538ee
                2818@00003620: $ 3 <= d67d0000
                2826@00003628: $ 3 <= ffd67c00
                2846@00003634: $ 3 <= d67c0034
                2850@00003638: $ 3 <= 161d0000
                2858@00003640: $ 3 <= 161d0064
                2862@000036a0: $27 <= 00000000
                2866@000036a4: $27 <= 0000000f
                2870@000036a8: $27 <= 00000000
                2874@000036ac: $27 <= zzzzzzzZ
                2878@000036b0: $27 <= zzzzzzzZ
                2882@000036b4: $27 <= 00000000
                2886@000036b8: $27 <= 00110000
                2890@000036bc: $ 8 <= 00003710
                2898@000036c0: $31 <= 000036c8
                2902@000036c4: $ 3 <= 161d0064
                2910@00003714: $ 3 <= 161d0064
                2914@000036c8: $ 4 <= f02fcbf9
                2998@000036d8: $27 <= 0000007f
                3002@000036dc: $27 <= 00007f53
                3058@000036ec: $11 <= 81530000
                3066@000036f4: $27 <= 00000001
                3094@00003700: $27 <= 68e20000
                3102@00003708: $ 3 <= 161d0064
                3110@00003720: $10 <= 00000958
                3114@00003724: $10 <= fc7fdffb
                3122@0000372c: $10 <= 00000000
                3174@00003738: $10 <= zzzzzzzZ
                3190@00003744: $10 <= 00000000
                3234@0000374c: *00001078 <= 00006bb0
                3234@00003748: $10 <= 03a86bb0
                3242@00003750: $10 <= 03802004
                3246@00003754: $ 4 <= 327e0000
                3302@00003760: $10 <= zzzzzzzZ
                3310@00003768: $10 <= 327e2165
                3314@0000376c: $10 <= 00000000
                3318@00003770: $10 <= 0000193f
                3326@00003778: $10 <= 327e807f
                3334@00003780: $ 3 <= 161d0064
                3358@000037b8: $13 <= 977d0000
                3362@000037bc: $13 <= 9a450000
                3366@000037c0: $24 <= 00000001
                3370@000037c4: $ 1 <= 00000000
                3374@000037c8: $ 1 <= 0000dab0
                3378@000037cc: $24 <= 9a45dab0
                3386@000037d4: $24 <= fffffe69
                3390@000037d8: $13 <= 3d340000
                3430@000037dc: $24 <= f2df0000
                3442@000037e8: $24 <= 0001e9a0
                3658@00003800: $24 <= 00000000
                3662@00003804: $24 <= 3d34c00e
                3666@00003808: $24 <= 00000000
                3674@00003810: $13 <= dd360000
                3678@00003818: *00001238 <= dd360000
                3678@00003814: $24 <= dd360000
                3686@0000381c: $31 <= 00003824
                3690@00003820: $ 3 <= 161d0064
                3698@00003858: $ 3 <= 161d0064
                3702@00003824: $ 4 <= 327e00c8
                3706@00003828: $24 <= 00006e9b
                3710@0000382c: $24 <= zzzzzzzZ
                3722@00003834: $24 <= 00000000
                3730@0000383c: $24 <= dd362550
                3738@00003844: $13 <= 772f0000
                3746@0000384c: $ 3 <= 161d0064
                3750@00003860: $28 <= 03b4ffb6
                3758@00003868: $16 <= 05530000
                3766@00003874: *000013bc <= ffb60000
                3774@00003878: $28 <= 000154c0
                3778@0000387c: $28 <= zzzzzzzZ
                3842@00003888: $28 <= 00000125
                3850@00003890: $28 <= 2a300000
                3858@00003898: $28 <= 00000000
                3918@000038a8: $28 <= 4c000000
                3926@000038b0: $ 3 <= 161d0064
                3930@000038b4: $ 4 <= 327e00c8
                3934@000038b8: $28 <= 00000000
                3938@000038bc: $28 <= 000000aa
                3946@000038c4: $16 <= 42730000
                3950@000038c8: $28 <= 000000aa
                3954@000038cc: $28 <= 42737d46
                3958@000038d4: *000019dc <= 00007d46
                3966@000038d8: $28 <= 00000000
                4002@000038e4: $28 <= 00000001
                4074@000038ec: $28 <= 0492c6f9
                4078@000038f0: $27 <= dd364767
                4082@000038f4: $27 <= dd362550
                4094@00003900: $27 <= fffffdd3
                4118@00003908: $27 <= dd362550
                4214@00003914: $27 <= 00000000
                4218@00003918: $24 <= 9cd30000
                4222@0000391c: $27 <= 78d30000
                4226@00003920: $24 <= 50dc0000
                4258@00003924: $27 <= 2348d3be
                4266@0000392c: $27 <= 00000000
                4274@00003934: $27 <= 00000000
                4282@0000393c: $27 <= 00000000
                4286@00003940: $27 <= 2348d3be
                4318@00003948: $27 <= 327e00c8
                4426@0000395c: $ 3 <= 161d0064
                4430@000039c0: $ 6 <= 5c2d0000
                4434@000039c4: $18 <= 327e00c8
                4438@000039c8: $18 <= 170b4000
                4446@000039d0: $ 3 <= 161d0064
                4450@00003a10: $25 <= 00000001
                4482@00003a18: $25 <= 260041a0
                4490@00003a20: $22 <= 6e080000
                4538@00003a2c: $22 <= 63580000
                4542@00003a30: $25 <= 6358ca84
                4546@00003a34: $25 <= 0000018d
                4606@00003a44: $ 1 <= 00000000
                4610@00003a48: $ 1 <= 0000d0ef
                4614@00003a4c: $25 <= 6358d0ef
                4634@00003a54: $25 <= zzzzzzzZ
                4638@00003a58: $22 <= a7b80000
                4686@00003a64: $ 8 <= 00003acc
                4694@00003a68: $31 <= 00003a70
                4698@00003a6c: $ 3 <= 161d0064
                4706@00003ad0: $ 3 <= 161d0064
                4710@00003a70: $ 4 <= 327e00c8
                4726@00003a74: $25 <= 00000001
                4730@00003a7c: *000018b0 <= 00000001
                4782@00003a84: $25 <= a7b8e795
                4786@00003a88: $25 <= 00000000
                4854@00003a90: $25 <= 00000000
                4866@00003a9c: $25 <= fff4f700
                4870@00003aa0: $22 <= a7260000
                4874@00003aa4: $25 <= 93000000
                4878@00003aa8: $25 <= 00000001
                4922@00003ab8: $22 <= 58570000
                4954@00003ac4: $ 3 <= 161d0064
                4978@00003ae0: $31 <= zzzzzzzZ
                4982@00003ae4: $22 <= b1f50000
                4986@00003ae8: $22 <= 424e0000
                4994@00003af0: $22 <= 5e6a0000
                5050@00003afc: $31 <= zzzzzzzZ
                5054@00003b00: $22 <= ae2c0000
                5062@00003b08: $31 <= 00000000
                5066@00003b0c: $31 <= 05716000
                5070@00003b10: $31 <= ae2cee86
                5074@00003b14: $31 <= 00000001
                5098@00003b1c: $31 <= ae2c74df
                5106@00003b24: $31 <= 0a590000
                5206@00003b34: $ 1 <= 00000000
                5210@00003b38: $ 1 <= 0000e08c
                5214@00003b3c: $31 <= ae2ce08c
                5226@00003b48: $ 3 <= 161d0064
                5254@00003bb8: $ 4 <= zzzzzzzZ
                5258@00003bbc: $ 4 <= 327e2b70
                5302@00003bc4: $27 <= 97500000
                5306@00003bc8: $ 4 <= 00000000
                5310@00003bcc: $ 4 <= 9750c8f1
                5318@00003bd4: $ 3 <= 161d0064
                5322@00003bfc: $11 <= 005c2d00
                5326@00003c00: $11 <= 00000000
                5334@00003c08: $11 <= 170b4eb6
                5358@00003c0c: $11 <= 2a98039a
                5362@00003c10: $18 <= b17c0000
                5370@00003c18: $18 <= e29f0000
                5374@00003c1c: $11 <= 56c40000
                5466@00003c30: $18 <= b5be0000
                5470@00003c34: $11 <= 0000b5be
                5538@00003c44: *00001bc8 <= 0000b5be
                5546@00003c48: $11 <= zzzzzzzZ
                5550@00003c4c: $18 <= f3340000
                5558@00003c54: $ 3 <= 161d0064
                5566@00003cc0: $12 <= 51166e14
                5570@00003cc4: $12 <= 00000000
                5574@00003cc8: $ 8 <= 910b0000
                5578@00003ccc: $12 <= 002442c0
                5590@00003cd8: $12 <= 00000122
                5686@00003ce8: $12 <= zzzzzzzZ
                5694@00003cf0: $ 3 <= 161d0064
                5698@00003cf4: $ 4 <= 9750c8f9
                5702@00003cf8: $12 <= 00000000
                5714@00003d00: $12 <= 00000000
                5718@00003d04: $12 <= 00000244
                5722@00003d08: $ 5 <= 58d80000
                5790@00003d14: $31 <= 00000000
                5794@00003d1c: *00001634 <= zzzZ0000
                5794@00003d18: $31 <= zzzzzzzZ
                5806@00003d24: $31 <= 58d80000
                5866@00003d34: $ 1 <= 00000000
                5870@00003d38: $ 1 <= 0000e710
                5874@00003d3c: $31 <= 58d8e710
                5878@00003d44: *00001958 <= 58d8e710
                5886@00003d48: $31 <= 58d80000
                5890@00003d4c: $31 <= 00000000
                5902@00003d58: $ 3 <= 161d0064
                5906@00003d5c: $ 4 <= 9750c8f9
                5974@00003d68: $31 <= fffffffd
                5978@00003d6c: $ 4 <= 00000000
                5982@00003d70: $ 4 <= fffffffd
                6018@00003d7c: $ 4 <= 00000000
                6050@00003d88: $ 4 <= 00000000
                6054@00003d8c: $ 4 <= 00000001
                6058@00003d90: $14 <= 92030000
                6062@00003d94: $ 4 <= 00000012
                6070@00003d9c: $14 <= 98c40000
                6090@00003da0: $ 4 <= 00000000
                6094@00003da4: $ 4 <= 30140000
                6098@00003da8: $14 <= b2900000
                6106@00003db0: $ 4 <= 00000000
                6162@00003dbc: $ 4 <= ffffffec
                6170@00003dc4: $ 4 <= 0000000b
                6254@00003dcc: $ 4 <= ae2c0000
                6258@00003dd0: $ 4 <= 00000000
                6262@00003dd4: $ 4 <= b2900000
                6298@00003de0: $ 4 <= 00000000
                6302@00003de4: $ 8 <= 00003e28
                6310@00003de8: $31 <= 00003df0
                6314@00003dec: $ 3 <= 161d0064
                6322@00003e2c: $ 3 <= 161d0064
                6326@00003df0: $ 4 <= 000000c8
                6346@00003df8: $ 4 <= 00000000
                6374@00003e00: $ 4 <= 00000001
                6446@00003e0c: *000010a4 <= 00000001
                6478@00003e14: $ 4 <= 00000000
                6482@00003e18: $ 4 <= 00000001
                6490@00003e20: $ 3 <= 161d0064
                6494@00003e34: $ 5 <= 00000000
                6526@00003e3c: $ 5 <= 0000000X
                6530@00003e40: $ 5 <= 00000000
                6626@00003e4c: $ 5 <= 534470c6
                6634@00003e54: $ 5 <= 0000a1b8
                6714@00003e64: $ 5 <= XxXXxxxX
                6718@00003e68: $24 <= cde40000
                6722@00003e6c: $ 8 <= 00003ec0
                6730@00003e70: $31 <= 00003e78
                6734@00003e74: $ 3 <= 161d0064
                6742@00003ec4: $ 3 <= 161d0064
                6746@00003e78: $ 4 <= 000000c9
                6782@00003e84: $ 5 <= 00000000
                6786@00003e88: $ 5 <= 00000001
                6790@00003e8c: $24 <= cbad0000
                6794@00003e90: $24 <= 010b0000
                6814@00003e9c: $ 5 <= 010b3d45
                6818@00003ea0: $ 5 <= zzzzzzzZ
                6942@00003eb8: $ 3 <= 161d0064
                6966@00003ed0: $ 5 <= 00000000
                6970@00003ed4: $ 5 <= 010b5ef6
                6974@00003ed8: $ 5 <= 00000000
                6978@00003edc: $ 5 <= 00000000
                6982@00003ee0: $ 5 <= zzzzzzzZ
                6994@00003ee8: $24 <= 6b460000
                6998@00003eec: $ 5 <= xxxxxxxx
                7002@00003ef0: $ 5 <= zzzzzzzZ
                7042@00003ef8: $ 5 <= zzzzzzzZ
                7046@00003efc: $ 5 <= 00000000
                7146@00003f08: $ 5 <= 00002f00
                7150@00003f0c: $ 5 <= 6b4634b8
                7154@00003f10: $ 5 <= 00000000
                7158@00003f14: $ 5 <= zzzzzzzZ
Stopped at time : 376878 ns : File "E:/1-Project/P6/CPU_practice/mips.v" Line 26
ISim P.20131013 (signature 0x7708f090)
This is a Full version of ISim.
WARNING: File "E:/1-Project/P6/CPU_practice/mips.v" Line 126.  For instance uut/regw/, width 32 of formal port DMRes_M is not equal to width 1 of actual signal DMRes_M.
# run 1000 ns
Simulator is doing circuit initialization process.
Finished circuit initialization process.
                  38@00003000: $ 2 <= ec5f0000
                  42@00003004: $ 2 <= ec5f5c22
                  46@00003008: $ 3 <= e7350000
                  50@0000300c: $ 3 <= e73538ae
                  54@00003010: $ 4 <= f02f0000
                  58@00003014: $ 4 <= f02fcbb9
                  62@00003018: $ 5 <= 88110000
                  66@0000301c: $ 5 <= 8811b317
                  70@00003020: $ 6 <= 02280000
                  74@00003024: $ 6 <= 02280676
                  78@00003028: $ 7 <= 19ef0000
                  82@0000302c: $ 7 <= 19ef4b6a
                  86@00003030: $ 8 <= a33e0000
                  90@00003034: $ 8 <= a33e47e5
                  94@00003038: $ 9 <= 7b250000
                  98@0000303c: $ 9 <= 7b25fd79
                 102@00003040: $10 <= 2b9b0000
                 106@00003044: $10 <= 2b9bd7ac
                 110@00003048: $11 <= 67920000
                 114@0000304c: $11 <= 67927d02
                 118@00003050: $12 <= f3db0000
                 122@00003054: $12 <= f3dbef09
                 126@00003058: $13 <= d28e0000
                 130@0000305c: $13 <= d28e6964
                 134@00003060: $14 <= 24790000
                 138@00003064: $14 <= 247940db
                 142@00003068: $15 <= 698a0000
                 146@0000306c: $15 <= 698a4ec9
                 150@00003070: $16 <= 92960000
                 154@00003074: $16 <= 92961046
                 158@00003078: $17 <= 3e9a0000
                 162@0000307c: $17 <= 3e9adb33
                 166@00003080: $18 <= 47bf0000
                 170@00003084: $18 <= 47bf9cc0
                 174@00003088: $19 <= 27740000
                 178@0000308c: $19 <= 2774e888
                 182@00003090: $20 <= 0e5c0000
                 186@00003094: $20 <= 0e5c6ea6
                 190@00003098: $21 <= d4110000
                 194@0000309c: $21 <= d4113e94
                 198@000030a0: $22 <= 120b0000
                 202@000030a4: $22 <= 120b9750
                 206@000030a8: $23 <= 7a480000
                 210@000030ac: $23 <= 7a48dc3e
                 214@000030b0: $24 <= 54ae0000
                 218@000030b4: $24 <= 54aec45d
                 222@000030b8: $25 <= 1a030000
                 226@000030bc: $25 <= 1a03eba5
                 230@000030c0: $26 <= 33180000
                 234@000030c4: $26 <= 33185a0a
                 238@000030c8: $27 <= 355e0000
                 242@000030d0: *00000000 <= a33e47e5
                 242@000030cc: $27 <= 355ee205
                 246@000030d4: *00000004 <= 1a03eba5
                 250@000030d8: *00000008 <= 54aec45d
                 254@000030dc: *0000000c <= 47bf9cc0
                 258@000030e0: *00000010 <= 3e9adb33
                 262@000030e4: *00000014 <= 7b25fd79
                 266@000030e8: *00000018 <= 2b9bd7ac
                 270@000030ec: *0000001c <= 00000000
                 274@000030f0: *00000020 <= e73538ae
                 278@000030f4: *00000024 <= f02fcbb9
                 286@000030f8: $29 <= 00002f00
                 290@000030fc: $31 <= 00003104
                 294@00003100: $ 3 <= e73538ee
                 298@00003108: $28 <= 00000000
                 302@0000310c: $28 <= 00000000
                 306@00003110: $12 <= 9e860000
                 310@00003114: $28 <= 3d0c0000
                 322@00003120: $28 <= 00000000
                 326@00003128: *00000a50 <= 00000000
                 334@0000312c: $12 <= 269e0000
                 354@00003130: $28 <= 0feb0c1a
                 358@00003134: $28 <= zzzzzzzZ
                 362@00003138: $28 <= zzzzzzzZ
                 366@0000313c: $28 <= 269ec5a0
                 418@00003148: *000007f4 <= a0000000
                 426@0000314c: $28 <= d3c00000
                 430@00003150: $28 <= 00000002
                 466@00003154: $28 <= 0096c78a
                 470@00003158: $12 <= 56370000
                 474@0000315c: $28 <= 00000056
                 482@00003164: $ 3 <= e73538ee
                 486@00003168: $ 4 <= f02fcbf9
                 490@00003170: *000013d8 <= 00000056
                 498@00003174: $28 <= 00000000
                 510@00003180: $12 <= dc000000
                 514@00003188: *000007a8 <= 000006e0
                 514@00003184: $28 <= 000006e0
                 522@0000318c: $28 <= 6e000000
                 526@00003190: $28 <= dc00992b
                 530@00003194: $27 <= 00000000
                 582@0000319c: $27 <= f14a0ad4
                 590@000031a4: $27 <= 00000000
                 602@000031b0: $27 <= d0200000
                 658@000031bc: $27 <= 00019e49
                 662@000031c0: $11 <= 6c520000
                 686@000031c8: $27 <= 6c5203a8
                 690@000031cc: $27 <= 6c5214f2
                 758@000031d8: $27 <= 00000000
                 766@000031e0: $27 <= 00000362
                 770@000031e4: $27 <= 00000000
                 774@000031e8: $27 <= 8b6738ee
                 834@000031f8: $27 <= zzzzzzzZ
                 838@000031fc: $31 <= 00003204
                 842@00003200: $ 3 <= e73538ee
                 850@00003270: $ 3 <= e73538ee
                 854@00003204: $ 4 <= f02fcbf9
                 858@00003208: $11 <= a1760000
                 918@00003218: $27 <= 00000001
                 922@0000321c: $27 <= 00000001
                 966@00003224: $27 <= 80000000
                 970@00003228: $27 <= 00000000
                 974@0000322c: $27 <= fffffe85
                 982@00003234: $27 <= bb000000
                 986@00003238: $27 <= 00a17600
                 990@0000323c: $27 <= 00000000
# run all
                1030@00003244: $27 <= 00000000
                1034@00003248: $27 <= 00000001
                1038@0000324c: $27 <= 00000000
                1042@00003250: $27 <= 1888c711
                1058@00003258: $11 <= 7f530000
                1062@0000325c: $27 <= 1888c711
                1070@00003264: $ 3 <= e73538ee
                1126@00003280: $13 <= 0002774e
                1130@00003284: $13 <= 2774ed8a
                1154@0000328c: $13 <= 09dd3a22
                1194@0000329c: $13 <= 00000000
                1218@000032a0: $13 <= 00000000
                1222@000032a4: $13 <= 00000000
                1226@000032a8: $19 <= 7a860000
                1266@000032b8: $13 <= 00000000
                1270@000032bc: $13 <= 2a820000
                1274@000032c0: $19 <= 07450000
                1294@000032cc: *0000177c <= 0745ae95
                1294@000032c8: $13 <= 0745ae95
                1302@000032d0: $13 <= 00000000
                1310@000032d8: $13 <= dba92854
                1314@000032dc: $ 1 <= 00000000
                1318@000032e0: $ 1 <= 0000a887
                1322@000032e4: $13 <= 0745a887
                1326@000032e8: $13 <= 00000e8a
                1334@000032f0: $ 3 <= e73538ee
                1338@000032f4: $ 4 <= f02fcbf9
                1342@000032f8: $13 <= 00000008
                1346@000032fc: $13 <= 00000000
                1350@00003300: $19 <= c0610000
                1402@00003308: $13 <= 00000000
                1406@0000330c: $23 <= 830d0000
                1410@00003310: $23 <= ed990000
                1414@00003314: $16 <= ffed9900
                1418@0000331c: *00001a50 <= 00000007
                1418@00003318: $16 <= 00000007
                1426@00003320: $16 <= 00000000
                1430@00003324: $16 <= 00000000
                1438@0000332c: $ 3 <= e73538ee
                1442@00003330: $ 4 <= f02fcbf9
                1446@00003334: $16 <= 00000001
                1450@00003338: $16 <= zzzzzzzZ
                1454@0000333c: $16 <= 00000000
                1458@00003340: $16 <= zzzzzzzZ
                1462@00003344: $16 <= c9e040db
                1546@00003354: $16 <= ed995846
                1582@00003360: $16 <= 03b4df94
                1590@00003368: $16 <= 0ed99000
                1594@0000336c: $16 <= 03b4df94
                1610@0000337c: $ 8 <= 000033c4
                1618@00003380: $31 <= 00003388
                1622@00003384: $ 3 <= e73538ee
                1630@000033c8: $ 3 <= e73538ee
                1634@00003388: $ 4 <= f02fcbf9
                1638@0000338c: $ 7 <= zzzzzzzZ
                1674@0000339c: *000006f0 <= 00000000
                1674@00003398: $ 7 <= 00000000
                1682@000033a0: $ 7 <= 000032c0
                1686@000033a4: $ 7 <= 00000000
                1690@000033ac: *0000029c <= 00000001
                1690@000033a8: $ 7 <= 00000001
                1698@000033b0: $ 7 <= 00000001
                1710@000033bc: $ 3 <= e73538ee
                1718@000033d4: $14 <= 00000420
                1806@000033e0: $14 <= 423f5e6e
                1842@000033f0: $14 <= 00000000
                1846@000033f4: $14 <= 00000000
                1886@000033f8: $14 <= 00000000
                1926@00003408: $20 <= e9570000
                1930@0000340c: $14 <= 00000000
                1938@00003414: $ 3 <= e73538ee
                1942@00003478: $24 <= 96758032
                1946@0000347c: $24 <= 00000000
                1966@00003484: *00000534 <= 00000000
                1994@0000348c: *00001938 <= 00000000
                2002@00003490: $ 8 <= 2a3c0000
                2010@0000349c: *00001e50 <= 00000000
                2010@00003498: $24 <= 00000000
                2018@000034a0: $24 <= 00000000
                2022@000034a4: $24 <= zzzzzzzZ
                2026@000034a8: $24 <= c0b1b137
                2034@000034b0: $ 8 <= c2f60000
                2090@000034bc: $24 <= 00000000
                2134@000034c0: $24 <= 00000000
                2142@000034c8: $ 8 <= b2ca0000
                2146@000034cc: $ 8 <= dd360000
                2170@000034d4: $24 <= 00000000
                2174@000034d8: $24 <= zzzzzzzZ
                2178@000034dc: $24 <= 00001ba6
                2182@000034e0: $31 <= 000034e8
                2186@000034e4: $ 3 <= e73538ee
                2194@00003500: $ 3 <= e73538ee
                2198@000034e8: $ 4 <= f02fcbf9
                2202@000034ec: $24 <= 00000001
                2210@000034f4: $ 3 <= e73538ee
                2214@00003508: $ 8 <= zzzzzzzZ
                2218@0000350c: $21 <= 23480000
                2222@00003510: $ 8 <= 00000011
                2226@00003514: $ 8 <= 00000000
                2246@00003528: $ 8 <= 0011a400
                2254@00003530: $ 3 <= e73538ee
                2350@00003564: $ 9 <= 00000000
                2354@00003568: $ 9 <= zzzzzzzZ
                2358@0000356c: $ 9 <= 00000000
                2382@00003578: $ 9 <= 00000000
                2526@00003590: $ 9 <= zzzzzzzZ
                2550@0000359c: $ 9 <= zzzzzzzZ
                2698@000035ac: $ 9 <= fffffffd
                2706@000035b4: $ 1 <= 00000000
                2710@000035b8: $ 1 <= 0000d3be
                2714@000035bc: $ 9 <= 2348d3be
                2722@000035c4: $ 3 <= e73538ee
                2730@00003608: $ 5 <= d67c0000
                2734@00003610: *00000178 <= e73538ee
                2818@00003620: $ 3 <= d67d0000
                2826@00003628: $ 3 <= ffd67c00
                2846@00003634: $ 3 <= d67c0034
                2850@00003638: $ 3 <= 161d0000
                2858@00003640: $ 3 <= 161d0064
                2862@000036a0: $27 <= 00000000
                2866@000036a4: $27 <= 0000000f
                2870@000036a8: $27 <= 00000000
                2874@000036ac: $27 <= zzzzzzzZ
                2878@000036b0: $27 <= zzzzzzzZ
                2882@000036b4: $27 <= 00000000
                2886@000036b8: $27 <= 00110000
                2890@000036bc: $ 8 <= 00003710
                2898@000036c0: $31 <= 000036c8
                2902@000036c4: $ 3 <= 161d0064
                2910@00003714: $ 3 <= 161d0064
                2914@000036c8: $ 4 <= f02fcbf9
                2998@000036d8: $27 <= 0000007f
                3002@000036dc: $27 <= 00007f53
                3058@000036ec: $11 <= 81530000
                3066@000036f4: $27 <= 00000001
                3094@00003700: $27 <= 68e20000
                3102@00003708: $ 3 <= 161d0064
                3110@00003720: $10 <= 00000958
                3114@00003724: $10 <= fc7fdffb
                3122@0000372c: $10 <= 00000000
                3174@00003738: $10 <= zzzzzzzZ
                3190@00003744: $10 <= 00000000
                3234@0000374c: *00001078 <= 00006bb0
                3234@00003748: $10 <= 03a86bb0
                3242@00003750: $10 <= 03802004
                3246@00003754: $ 4 <= 327e0000
                3302@00003760: $10 <= zzzzzzzZ
                3310@00003768: $10 <= 327e2165
                3314@0000376c: $10 <= 00000000
                3318@00003770: $10 <= 0000193f
                3326@00003778: $10 <= 327e807f
                3334@00003780: $ 3 <= 161d0064
                3358@000037b8: $13 <= 977d0000
                3362@000037bc: $13 <= 9a450000
                3366@000037c0: $24 <= 00000001
                3370@000037c4: $ 1 <= 00000000
                3374@000037c8: $ 1 <= 0000dab0
                3378@000037cc: $24 <= 9a45dab0
                3386@000037d4: $24 <= fffffe69
                3390@000037d8: $13 <= 3d340000
                3430@000037dc: $24 <= f2df0000
                3442@000037e8: $24 <= 0001e9a0
                3658@00003800: $24 <= 00000000
                3662@00003804: $24 <= 3d34c00e
                3666@00003808: $24 <= 00000000
                3674@00003810: $13 <= dd360000
                3678@00003818: *00001238 <= dd360000
                3678@00003814: $24 <= dd360000
                3686@0000381c: $31 <= 00003824
                3690@00003820: $ 3 <= 161d0064
                3698@00003858: $ 3 <= 161d0064
                3702@00003824: $ 4 <= 327e00c8
                3706@00003828: $24 <= 00006e9b
                3710@0000382c: $24 <= zzzzzzzZ
                3722@00003834: $24 <= 00000000
                3730@0000383c: $24 <= dd362550
                3738@00003844: $13 <= 772f0000
                3746@0000384c: $ 3 <= 161d0064
                3750@00003860: $28 <= 03b4ffb6
                3758@00003868: $16 <= 05530000
                3766@00003874: *000013bc <= ffb60000
                3774@00003878: $28 <= 000154c0
                3778@0000387c: $28 <= zzzzzzzZ
                3842@00003888: $28 <= 00000125
                3850@00003890: $28 <= 2a300000
                3858@00003898: $28 <= 00000000
                3918@000038a8: $28 <= 4c000000
                3926@000038b0: $ 3 <= 161d0064
                3930@000038b4: $ 4 <= 327e00c8
                3934@000038b8: $28 <= 00000000
                3938@000038bc: $28 <= 000000aa
                3946@000038c4: $16 <= 42730000
                3950@000038c8: $28 <= 000000aa
                3954@000038cc: $28 <= 42737d46
                3958@000038d4: *000019dc <= 00007d46
                3966@000038d8: $28 <= 00000000
                4002@000038e4: $28 <= 00000001
                4074@000038ec: $28 <= 0492c6f9
                4078@000038f0: $27 <= dd364767
                4082@000038f4: $27 <= dd362550
                4094@00003900: $27 <= fffffdd3
                4118@00003908: $27 <= dd362550
                4214@00003914: $27 <= 00000000
                4218@00003918: $24 <= 9cd30000
                4222@0000391c: $27 <= 78d30000
                4226@00003920: $24 <= 50dc0000
                4258@00003924: $27 <= 2348d3be
                4266@0000392c: $27 <= 00000000
                4274@00003934: $27 <= 00000000
                4282@0000393c: $27 <= 00000000
                4286@00003940: $27 <= 2348d3be
                4318@00003948: $27 <= 327e00c8
                4426@0000395c: $ 3 <= 161d0064
                4430@000039c0: $ 6 <= 5c2d0000
                4434@000039c4: $18 <= 327e00c8
                4438@000039c8: $18 <= 170b4000
                4446@000039d0: $ 3 <= 161d0064
                4450@00003a10: $25 <= 00000001
                4482@00003a18: $25 <= 260041a0
                4490@00003a20: $22 <= 6e080000
                4538@00003a2c: $22 <= 63580000
                4542@00003a30: $25 <= 6358ca84
                4546@00003a34: $25 <= 0000018d
                4606@00003a44: $ 1 <= 00000000
                4610@00003a48: $ 1 <= 0000d0ef
                4614@00003a4c: $25 <= 6358d0ef
                4634@00003a54: $25 <= zzzzzzzZ
                4638@00003a58: $22 <= a7b80000
                4686@00003a64: $ 8 <= 00003acc
                4694@00003a68: $31 <= 00003a70
                4698@00003a6c: $ 3 <= 161d0064
                4706@00003ad0: $ 3 <= 161d0064
                4710@00003a70: $ 4 <= 327e00c8
                4726@00003a74: $25 <= 00000001
                4730@00003a7c: *000018b0 <= 00000001
                4782@00003a84: $25 <= a7b8e795
                4786@00003a88: $25 <= 00000000
                4854@00003a90: $25 <= 00000000
                4866@00003a9c: $25 <= fff4f700
                4870@00003aa0: $22 <= a7260000
                4874@00003aa4: $25 <= 93000000
                4878@00003aa8: $25 <= 00000001
                4922@00003ab8: $22 <= 58570000
                4954@00003ac4: $ 3 <= 161d0064
                4978@00003ae0: $31 <= zzzzzzzZ
                4982@00003ae4: $22 <= b1f50000
                4986@00003ae8: $22 <= 424e0000
                4994@00003af0: $22 <= 5e6a0000
                5050@00003afc: $31 <= zzzzzzzZ
                5054@00003b00: $22 <= ae2c0000
                5062@00003b08: $31 <= 00000000
                5066@00003b0c: $31 <= 05716000
                5070@00003b10: $31 <= ae2cee86
                5074@00003b14: $31 <= 00000001
                5098@00003b1c: $31 <= ae2c74df
                5106@00003b24: $31 <= 0a590000
                5206@00003b34: $ 1 <= 00000000
                5210@00003b38: $ 1 <= 0000e08c
                5214@00003b3c: $31 <= ae2ce08c
                5226@00003b48: $ 3 <= 161d0064
                5254@00003bb8: $ 4 <= zzzzzzzZ
                5258@00003bbc: $ 4 <= 327e2b70
                5302@00003bc4: $27 <= 97500000
                5306@00003bc8: $ 4 <= 00000000
                5310@00003bcc: $ 4 <= 9750c8f1
                5318@00003bd4: $ 3 <= 161d0064
                5322@00003bfc: $11 <= 005c2d00
                5326@00003c00: $11 <= 00000000
                5334@00003c08: $11 <= 170b4eb6
                5358@00003c0c: $11 <= 2a98039a
                5362@00003c10: $18 <= b17c0000
                5370@00003c18: $18 <= e29f0000
                5374@00003c1c: $11 <= 56c40000
                5466@00003c30: $18 <= b5be0000
                5470@00003c34: $11 <= 0000b5be
                5538@00003c44: *00001bc8 <= 0000b5be
                5546@00003c48: $11 <= zzzzzzzZ
                5550@00003c4c: $18 <= f3340000
                5558@00003c54: $ 3 <= 161d0064
                5566@00003cc0: $12 <= 51166e14
                5570@00003cc4: $12 <= 00000000
                5574@00003cc8: $ 8 <= 910b0000
                5578@00003ccc: $12 <= 002442c0
                5590@00003cd8: $12 <= 00000122
                5686@00003ce8: $12 <= zzzzzzzZ
                5694@00003cf0: $ 3 <= 161d0064
                5698@00003cf4: $ 4 <= 9750c8f9
                5702@00003cf8: $12 <= 00000000
                5714@00003d00: $12 <= 00000000
                5718@00003d04: $12 <= 00000244
                5722@00003d08: $ 5 <= 58d80000
                5790@00003d14: $31 <= 00000000
                5794@00003d1c: *00001634 <= zzzZ0000
                5794@00003d18: $31 <= zzzzzzzZ
                5806@00003d24: $31 <= 58d80000
                5866@00003d34: $ 1 <= 00000000
                5870@00003d38: $ 1 <= 0000e710
                5874@00003d3c: $31 <= 58d8e710
                5878@00003d44: *00001958 <= 58d8e710
                5886@00003d48: $31 <= 58d80000
                5890@00003d4c: $31 <= 00000000
                5902@00003d58: $ 3 <= 161d0064
                5906@00003d5c: $ 4 <= 9750c8f9
                5974@00003d68: $31 <= fffffffd
                5978@00003d6c: $ 4 <= 00000000
                5982@00003d70: $ 4 <= fffffffd
                6018@00003d7c: $ 4 <= 00000000
                6050@00003d88: $ 4 <= 00000000
                6054@00003d8c: $ 4 <= 00000001
                6058@00003d90: $14 <= 92030000
                6062@00003d94: $ 4 <= 00000012
                6070@00003d9c: $14 <= 98c40000
                6090@00003da0: $ 4 <= 00000000
                6094@00003da4: $ 4 <= 30140000
                6098@00003da8: $14 <= b2900000
                6106@00003db0: $ 4 <= 00000000
                6162@00003dbc: $ 4 <= ffffffec
                6170@00003dc4: $ 4 <= 0000000b
                6254@00003dcc: $ 4 <= ae2c0000
                6258@00003dd0: $ 4 <= 00000000
                6262@00003dd4: $ 4 <= b2900000
                6298@00003de0: $ 4 <= 00000000
                6302@00003de4: $ 8 <= 00003e28
                6310@00003de8: $31 <= 00003df0
                6314@00003dec: $ 3 <= 161d0064
                6322@00003e2c: $ 3 <= 161d0064
                6326@00003df0: $ 4 <= 000000c8
                6346@00003df8: $ 4 <= 00000000
                6374@00003e00: $ 4 <= 00000001
                6446@00003e0c: *000010a4 <= 00000001
                6478@00003e14: $ 4 <= 00000000
                6482@00003e18: $ 4 <= 00000001
                6490@00003e20: $ 3 <= 161d0064
                6494@00003e34: $ 5 <= 00000000
                6526@00003e3c: $ 5 <= 0000000X
                6530@00003e40: $ 5 <= 00000000
                6626@00003e4c: $ 5 <= 534470c6
                6634@00003e54: $ 5 <= 0000a1b8
                6714@00003e64: $ 5 <= XxXXxxxX
                6718@00003e68: $24 <= cde40000
                6722@00003e6c: $ 8 <= 00003ec0
                6730@00003e70: $31 <= 00003e78
                6734@00003e74: $ 3 <= 161d0064
                6742@00003ec4: $ 3 <= 161d0064
                6746@00003e78: $ 4 <= 000000c9
                6782@00003e84: $ 5 <= 00000000
                6786@00003e88: $ 5 <= 00000001
                6790@00003e8c: $24 <= cbad0000
                6794@00003e90: $24 <= 010b0000
                6814@00003e9c: $ 5 <= 010b3d45
                6818@00003ea0: $ 5 <= zzzzzzzZ
                6942@00003eb8: $ 3 <= 161d0064
                6966@00003ed0: $ 5 <= 00000000
                6970@00003ed4: $ 5 <= 010b5ef6
                6974@00003ed8: $ 5 <= 00000000
                6978@00003edc: $ 5 <= 00000000
                6982@00003ee0: $ 5 <= zzzzzzzZ
                6994@00003ee8: $24 <= 6b460000
                6998@00003eec: $ 5 <= xxxxxxxx
                7002@00003ef0: $ 5 <= zzzzzzzZ
                7042@00003ef8: $ 5 <= zzzzzzzZ
                7046@00003efc: $ 5 <= 00000000
                7146@00003f08: $ 5 <= 00002f00
                7150@00003f0c: $ 5 <= 6b4634b8
                7154@00003f10: $ 5 <= 00000000
                7158@00003f14: $ 5 <= zzzzzzzZ
Stopped at time : 404174 ns : File "E:/1-Project/P6/CPU_practice/mips.v" Line 26
ISim P.20131013 (signature 0x7708f090)
This is a Full version of ISim.
# run 1000 ns
Simulator is doing circuit initialization process.
Finished circuit initialization process.
                  38@00003000: $ 2 <= ec5f0000
                  42@00003004: $ 2 <= ec5f5c22
                  46@00003008: $ 3 <= e7350000
                  50@0000300c: $ 3 <= e73538ae
                  54@00003010: $ 4 <= f02f0000
                  58@00003014: $ 4 <= f02fcbb9
                  62@00003018: $ 5 <= 88110000
                  66@0000301c: $ 5 <= 8811b317
                  70@00003020: $ 6 <= 02280000
                  74@00003024: $ 6 <= 02280676
                  78@00003028: $ 7 <= 19ef0000
                  82@0000302c: $ 7 <= 19ef4b6a
                  86@00003030: $ 8 <= a33e0000
                  90@00003034: $ 8 <= a33e47e5
                  94@00003038: $ 9 <= 7b250000
                  98@0000303c: $ 9 <= 7b25fd79
                 102@00003040: $10 <= 2b9b0000
                 106@00003044: $10 <= 2b9bd7ac
                 110@00003048: $11 <= 67920000
                 114@0000304c: $11 <= 67927d02
                 118@00003050: $12 <= f3db0000
                 122@00003054: $12 <= f3dbef09
                 126@00003058: $13 <= d28e0000
                 130@0000305c: $13 <= d28e6964
                 134@00003060: $14 <= 24790000
                 138@00003064: $14 <= 247940db
                 142@00003068: $15 <= 698a0000
                 146@0000306c: $15 <= 698a4ec9
                 150@00003070: $16 <= 92960000
                 154@00003074: $16 <= 92961046
                 158@00003078: $17 <= 3e9a0000
                 162@0000307c: $17 <= 3e9adb33
                 166@00003080: $18 <= 47bf0000
                 170@00003084: $18 <= 47bf9cc0
                 174@00003088: $19 <= 27740000
                 178@0000308c: $19 <= 2774e888
                 182@00003090: $20 <= 0e5c0000
                 186@00003094: $20 <= 0e5c6ea6
                 190@00003098: $21 <= d4110000
                 194@0000309c: $21 <= d4113e94
                 198@000030a0: $22 <= 120b0000
                 202@000030a4: $22 <= 120b9750
                 206@000030a8: $23 <= 7a480000
                 210@000030ac: $23 <= 7a48dc3e
                 214@000030b0: $24 <= 54ae0000
                 218@000030b4: $24 <= 54aec45d
                 222@000030b8: $25 <= 1a030000
                 226@000030bc: $25 <= 1a03eba5
                 230@000030c0: $26 <= 33180000
                 234@000030c4: $26 <= 33185a0a
                 238@000030c8: $27 <= 355e0000
                 242@000030d0: *00000000 <= a33e47e5
                 242@000030cc: $27 <= 355ee205
                 246@000030d4: *00000004 <= 1a03eba5
                 250@000030d8: *00000008 <= 54aec45d
                 254@000030dc: *0000000c <= 47bf9cc0
                 258@000030e0: *00000010 <= 3e9adb33
                 262@000030e4: *00000014 <= 7b25fd79
                 266@000030e8: *00000018 <= 2b9bd7ac
                 270@000030ec: *0000001c <= 00000000
                 274@000030f0: *00000020 <= e73538ae
                 278@000030f4: *00000024 <= f02fcbb9
                 286@000030f8: $29 <= 00002f00
                 290@000030fc: $31 <= 00003104
                 294@00003100: $ 3 <= e73538ee
                 298@00003108: $28 <= 00000000
                 302@0000310c: $28 <= 00000000
                 306@00003110: $12 <= 9e860000
                 310@00003114: $28 <= 3d0c0000
                 322@00003120: $28 <= 00000000
                 326@00003128: *00000a50 <= 00000000
                 334@0000312c: $12 <= 269e0000
                 354@00003130: $28 <= 0feb0c1a
                 358@00003134: $28 <= 00000000
                 362@00003138: $28 <= 00000000
                 366@0000313c: $28 <= 269ec5a0
                 418@00003148: *000007f4 <= a0000000
                 426@0000314c: $28 <= d3c00000
                 430@00003150: $28 <= 00000002
                 466@00003154: $28 <= 0096c78a
                 470@00003158: $12 <= 56370000
                 474@0000315c: $28 <= 00000056
                 482@00003164: $ 3 <= e73538ee
                 486@00003168: $ 4 <= f02fcbf9
                 490@00003170: *000013d8 <= 00000056
                 498@00003174: $28 <= 00000000
                 510@00003180: $12 <= dc000000
                 514@00003188: *000007a8 <= 000006e0
                 514@00003184: $28 <= 000006e0
                 522@0000318c: $28 <= 6e000000
                 526@00003190: $28 <= dc00992b
                 530@00003194: $27 <= 00000000
                 582@0000319c: $27 <= f14a0ad4
                 590@000031a4: $27 <= 00000000
                 602@000031b0: $27 <= d0200000
                 658@000031bc: $27 <= 00019e49
                 662@000031c0: $11 <= 6c520000
                 686@000031c8: $27 <= 6c5203a8
                 690@000031cc: $27 <= 6c5214f2
                 758@000031d8: $27 <= 00000000
                 766@000031e0: $27 <= 00000362
                 770@000031e4: $27 <= 00000000
                 774@000031e8: $27 <= 8b6738ee
                 834@000031f8: $27 <= 00000000
                 838@000031fc: $31 <= 00003204
                 842@00003200: $ 3 <= e73538ee
                 850@00003270: $ 3 <= e73538ee
                 854@00003204: $ 4 <= f02fcbf9
                 858@00003208: $11 <= a1760000
                 918@00003218: $27 <= 00000001
                 922@0000321c: $27 <= 00000001
                 966@00003224: $27 <= 80000000
                 970@00003228: $27 <= 00000000
                 974@0000322c: $27 <= fffffe85
                 982@00003234: $27 <= bb000000
                 986@00003238: $27 <= 00a17600
                 990@0000323c: $27 <= 00000000
# run all
                1030@00003244: $27 <= 00000000
                1034@00003248: $27 <= 00000001
                1038@0000324c: $27 <= 00000000
                1042@00003250: $27 <= 1888c711
                1058@00003258: $11 <= 7f530000
                1062@0000325c: $27 <= 1888c711
                1070@00003264: $ 3 <= e73538ee
                1126@00003280: $13 <= 0002774e
                1130@00003284: $13 <= 2774ed8a
                1154@0000328c: $13 <= 09dd3a22
                1194@0000329c: $13 <= 00000000
                1218@000032a0: $13 <= 00000000
                1222@000032a4: $13 <= 00000000
                1226@000032a8: $19 <= 7a860000
                1266@000032b8: $13 <= 00000000
                1270@000032bc: $13 <= 2a820000
                1274@000032c0: $19 <= 07450000
                1294@000032cc: *0000177c <= 0745ae95
                1294@000032c8: $13 <= 0745ae95
                1302@000032d0: $13 <= 00000000
                1310@000032d8: $13 <= dba92854
                1314@000032dc: $ 1 <= 00000000
                1318@000032e0: $ 1 <= 0000a887
                1322@000032e4: $13 <= 0745a887
                1326@000032e8: $13 <= 00000e8a
                1334@000032f0: $ 3 <= e73538ee
                1338@000032f4: $ 4 <= f02fcbf9
                1342@000032f8: $13 <= 00000008
                1346@000032fc: $13 <= 00000000
                1350@00003300: $19 <= c0610000
                1402@00003308: $13 <= 00000000
                1406@0000330c: $23 <= 830d0000
                1410@00003310: $23 <= ed990000
                1414@00003314: $16 <= ffed9900
                1418@0000331c: *00001a50 <= 00000007
                1418@00003318: $16 <= 00000007
                1426@00003320: $16 <= 00000000
                1430@00003324: $16 <= 00000000
                1438@0000332c: $ 3 <= e73538ee
                1442@00003330: $ 4 <= f02fcbf9
                1446@00003334: $16 <= 00000001
                1450@00003338: $16 <= 00000000
                1454@0000333c: $16 <= 00000000
                1458@00003340: $16 <= 00000000
                1462@00003344: $16 <= c9e040db
                1546@00003354: $16 <= ed995846
                1582@00003360: $16 <= 03b4df94
                1590@00003368: $16 <= 0ed99000
                1594@0000336c: $16 <= 03b4df94
                1610@0000337c: $ 8 <= 000033c4
                1618@00003380: $31 <= 00003388
                1622@00003384: $ 3 <= e73538ee
                1630@000033c8: $ 3 <= e73538ee
                1634@00003388: $ 4 <= f02fcbf9
                1638@0000338c: $ 7 <= 00000000
                1674@0000339c: *000006f0 <= 00000000
                1674@00003398: $ 7 <= 00000000
                1682@000033a0: $ 7 <= 000032c0
                1686@000033a4: $ 7 <= 00000000
                1690@000033ac: *0000029c <= 00000001
                1690@000033a8: $ 7 <= 00000001
                1698@000033b0: $ 7 <= 00000001
                1710@000033bc: $ 3 <= e73538ee
                1718@000033d4: $14 <= 00000420
                1806@000033e0: $14 <= 423f5e6e
                1842@000033f0: $14 <= 00000000
                1846@000033f4: $14 <= 00000000
                1886@000033f8: $14 <= 00000000
                1926@00003408: $20 <= e9570000
                1930@0000340c: $14 <= 00000000
                1938@00003414: $ 3 <= e73538ee
                1942@00003478: $24 <= 96758032
                1946@0000347c: $24 <= 00000000
                1966@00003484: *00000534 <= 00000000
                1994@0000348c: *00001938 <= 00000000
                2002@00003490: $ 8 <= 2a3c0000
                2010@0000349c: *00001e50 <= 00000000
                2010@00003498: $24 <= 00000000
                2018@000034a0: $24 <= 00000000
                2022@000034a4: $24 <= 00000000
                2026@000034a8: $24 <= c0b1b137
                2034@000034b0: $ 8 <= c2f60000
                2090@000034bc: $24 <= 00000000
                2134@000034c0: $24 <= 00000000
                2142@000034c8: $ 8 <= b2ca0000
                2146@000034cc: $ 8 <= dd360000
                2170@000034d4: $24 <= 00000000
                2174@000034d8: $24 <= 00000000
                2178@000034dc: $24 <= 00001ba6
                2182@000034e0: $31 <= 000034e8
                2186@000034e4: $ 3 <= e73538ee
                2194@00003500: $ 3 <= e73538ee
                2198@000034e8: $ 4 <= f02fcbf9
                2202@000034ec: $24 <= 00000001
                2210@000034f4: $ 3 <= e73538ee
                2214@00003508: $ 8 <= 00000000
                2218@0000350c: $21 <= 23480000
                2222@00003510: $ 8 <= 00000011
                2226@00003514: $ 8 <= 00000000
                2246@00003528: $ 8 <= 0011a400
                2254@00003530: $ 3 <= e73538ee
                2350@00003564: $ 9 <= 00000000
                2354@00003568: $ 9 <= 00000000
                2358@0000356c: $ 9 <= 00000000
                2382@00003578: $ 9 <= 00000000
                2526@00003590: $ 9 <= 00000000
                2550@0000359c: $ 9 <= 00000000
                2698@000035ac: $ 9 <= fffffffd
                2706@000035b4: $ 1 <= 00000000
                2710@000035b8: $ 1 <= 0000d3be
                2714@000035bc: $ 9 <= 2348d3be
                2722@000035c4: $ 3 <= e73538ee
                2730@00003608: $ 5 <= d67c0000
                2734@00003610: *00000178 <= e73538ee
                2818@00003620: $ 3 <= d67d0000
                2826@00003628: $ 3 <= ffd67c00
                2846@00003634: $ 3 <= d67c0034
                2850@00003638: $ 3 <= 161d0000
                2858@00003640: $ 3 <= 161d0064
                2862@000036a0: $27 <= 00000000
                2866@000036a4: $27 <= 0000000f
                2870@000036a8: $27 <= 00000000
                2874@000036ac: $27 <= 00000000
                2878@000036b0: $27 <= 00000000
                2882@000036b4: $27 <= 00000000
                2886@000036b8: $27 <= 00110000
                2890@000036bc: $ 8 <= 00003710
                2898@000036c0: $31 <= 000036c8
                2902@000036c4: $ 3 <= 161d0064
                2910@00003714: $ 3 <= 161d0064
                2914@000036c8: $ 4 <= f02fcbf9
                2998@000036d8: $27 <= 0000007f
                3002@000036dc: $27 <= 00007f53
                3058@000036ec: $11 <= 81530000
                3066@000036f4: $27 <= 00000001
                3094@00003700: $27 <= 68e20000
                3102@00003708: $ 3 <= 161d0064
                3110@00003720: $10 <= 00000958
                3114@00003724: $10 <= fc7fdffb
                3122@0000372c: $10 <= 00000000
                3174@00003738: $10 <= 00000000
                3190@00003744: $10 <= 00000000
                3234@0000374c: *00001078 <= 00006bb0
                3234@00003748: $10 <= 03a86bb0
                3242@00003750: $10 <= 03802004
                3246@00003754: $ 4 <= 327e0000
                3302@00003760: $10 <= 00000000
                3310@00003768: $10 <= 327e2165
                3314@0000376c: $10 <= 00000000
                3318@00003770: $10 <= 0000193f
                3326@00003778: $10 <= 327e807f
                3334@00003780: $ 3 <= 161d0064
                3358@000037b8: $13 <= 977d0000
                3362@000037bc: $13 <= 9a450000
                3366@000037c0: $24 <= 00000001
                3370@000037c4: $ 1 <= 00000000
                3374@000037c8: $ 1 <= 0000dab0
                3378@000037cc: $24 <= 9a45dab0
                3386@000037d4: $24 <= fffffe69
                3390@000037d8: $13 <= 3d340000
                3430@000037dc: $24 <= f2df0000
                3442@000037e8: $24 <= 0001e9a0
                3658@00003800: $24 <= 00000000
                3662@00003804: $24 <= 3d34c00e
                3666@00003808: $24 <= 00000000
                3674@00003810: $13 <= dd360000
                3678@00003818: *00001238 <= dd360000
                3678@00003814: $24 <= dd360000
                3686@0000381c: $31 <= 00003824
                3690@00003820: $ 3 <= 161d0064
                3698@00003858: $ 3 <= 161d0064
                3702@00003824: $ 4 <= 327e00c8
                3706@00003828: $24 <= 00006e9b
                3710@0000382c: $24 <= 00000000
                3722@00003834: $24 <= 00000000
                3730@0000383c: $24 <= dd362550
                3738@00003844: $13 <= 772f0000
                3746@0000384c: $ 3 <= 161d0064
                3750@00003860: $28 <= 03b4ffb6
                3758@00003868: $16 <= 05530000
                3766@00003874: *000013bc <= ffb60000
                3774@00003878: $28 <= 000154c0
                3778@0000387c: $28 <= 00000000
                3842@00003888: $28 <= 00000125
                3850@00003890: $28 <= 2a300000
                3858@00003898: $28 <= 00000000
                3918@000038a8: $28 <= 4c000000
                3926@000038b0: $ 3 <= 161d0064
                3930@000038b4: $ 4 <= 327e00c8
                3934@000038b8: $28 <= 00000000
                3938@000038bc: $28 <= 000000aa
                3946@000038c4: $16 <= 42730000
                3950@000038c8: $28 <= 000000aa
                3954@000038cc: $28 <= 42737d46
                3958@000038d4: *000019dc <= 00007d46
                3966@000038d8: $28 <= 00000000
                4002@000038e4: $28 <= 00000001
                4074@000038ec: $28 <= 0492c6f9
                4078@000038f0: $27 <= dd364767
                4082@000038f4: $27 <= dd362550
                4094@00003900: $27 <= fffffdd3
                4118@00003908: $27 <= dd362550
                4214@00003914: $27 <= 00000000
                4218@00003918: $24 <= 9cd30000
                4222@0000391c: $27 <= 78d30000
                4226@00003920: $24 <= 50dc0000
                4258@00003924: $27 <= 2348d3be
                4266@0000392c: $27 <= 00000000
                4274@00003934: $27 <= 00000000
                4282@0000393c: $27 <= 00000000
                4286@00003940: $27 <= 2348d3be
                4318@00003948: $27 <= 327e00c8
                4426@0000395c: $ 3 <= 161d0064
                4430@000039c0: $ 6 <= 5c2d0000
                4434@000039c4: $18 <= 327e00c8
                4438@000039c8: $18 <= 170b4000
                4446@000039d0: $ 3 <= 161d0064
                4450@00003a10: $25 <= 00000001
                4482@00003a18: $25 <= 260041a0
                4490@00003a20: $22 <= 6e080000
                4538@00003a2c: $22 <= 63580000
                4542@00003a30: $25 <= 6358ca84
                4546@00003a34: $25 <= 0000018d
                4606@00003a44: $ 1 <= 00000000
                4610@00003a48: $ 1 <= 0000d0ef
                4614@00003a4c: $25 <= 6358d0ef
                4634@00003a54: $25 <= 00000000
                4638@00003a58: $22 <= a7b80000
                4686@00003a64: $ 8 <= 00003acc
                4694@00003a68: $31 <= 00003a70
                4698@00003a6c: $ 3 <= 161d0064
                4706@00003ad0: $ 3 <= 161d0064
                4710@00003a70: $ 4 <= 327e00c8
                4726@00003a74: $25 <= 00000001
                4730@00003a7c: *000018b0 <= 00000001
                4782@00003a84: $25 <= a7b8e795
                4786@00003a88: $25 <= 00000000
                4854@00003a90: $25 <= 00000000
                4866@00003a9c: $25 <= fff4f700
                4870@00003aa0: $22 <= a7260000
                4874@00003aa4: $25 <= 93000000
                4878@00003aa8: $25 <= 00000001
                4922@00003ab8: $22 <= 58570000
                4954@00003ac4: $ 3 <= 161d0064
                4978@00003ae0: $31 <= 00000000
                4982@00003ae4: $22 <= b1f50000
                4986@00003ae8: $22 <= 424e0000
                4994@00003af0: $22 <= 5e6a0000
                5050@00003afc: $31 <= 00000000
                5054@00003b00: $22 <= ae2c0000
                5062@00003b08: $31 <= 00000000
                5066@00003b0c: $31 <= 05716000
                5070@00003b10: $31 <= ae2cee86
                5074@00003b14: $31 <= 00000001
                5098@00003b1c: $31 <= ae2c74df
                5106@00003b24: $31 <= 0a590000
                5206@00003b34: $ 1 <= 00000000
                5210@00003b38: $ 1 <= 0000e08c
                5214@00003b3c: $31 <= ae2ce08c
                5226@00003b48: $ 3 <= 161d0064
                5254@00003bb8: $ 4 <= 00000000
                5258@00003bbc: $ 4 <= 327e2b70
                5302@00003bc4: $27 <= 97500000
                5306@00003bc8: $ 4 <= 00000000
                5310@00003bcc: $ 4 <= 9750c8f1
                5318@00003bd4: $ 3 <= 161d0064
                5322@00003bfc: $11 <= 005c2d00
                5326@00003c00: $11 <= 00000000
                5334@00003c08: $11 <= 170b4eb6
                5358@00003c0c: $11 <= 2a98039a
                5362@00003c10: $18 <= b17c0000
                5370@00003c18: $18 <= e29f0000
                5374@00003c1c: $11 <= 56c40000
                5466@00003c30: $18 <= b5be0000
                5470@00003c34: $11 <= 0000b5be
                5538@00003c44: *00001bc8 <= 0000b5be
                5546@00003c48: $11 <= 00000000
                5550@00003c4c: $18 <= f3340000
                5558@00003c54: $ 3 <= 161d0064
                5566@00003cc0: $12 <= 51166e14
                5570@00003cc4: $12 <= 00000000
                5574@00003cc8: $ 8 <= 910b0000
                5578@00003ccc: $12 <= 002442c0
                5590@00003cd8: $12 <= 00000122
                5686@00003ce8: $12 <= 00000000
                5694@00003cf0: $ 3 <= 161d0064
                5698@00003cf4: $ 4 <= 9750c8f9
                5702@00003cf8: $12 <= 00000000
                5714@00003d00: $12 <= 00000000
                5718@00003d04: $12 <= 00000244
                5722@00003d08: $ 5 <= 58d80000
                5790@00003d14: $31 <= 00000000
                5794@00003d1c: *00001634 <= 00000000
                5794@00003d18: $31 <= 00000000
                5806@00003d24: $31 <= 58d80000
                5866@00003d34: $ 1 <= 00000000
                5870@00003d38: $ 1 <= 0000e710
                5874@00003d3c: $31 <= 58d8e710
                5878@00003d44: *00001958 <= 58d8e710
                5886@00003d48: $31 <= 58d80000
                5890@00003d4c: $31 <= 00000000
                5902@00003d58: $ 3 <= 161d0064
                5906@00003d5c: $ 4 <= 9750c8f9
                5974@00003d68: $31 <= fffffffd
                5978@00003d6c: $ 4 <= 00000000
                5982@00003d70: $ 4 <= fffffffd
                6018@00003d7c: $ 4 <= 00000000
                6050@00003d88: $ 4 <= 00000000
                6054@00003d8c: $ 4 <= 00000001
                6058@00003d90: $14 <= 92030000
                6062@00003d94: $ 4 <= 00000012
                6070@00003d9c: $14 <= 98c40000
                6090@00003da0: $ 4 <= 00000000
                6094@00003da4: $ 4 <= 30140000
                6098@00003da8: $14 <= b2900000
                6106@00003db0: $ 4 <= 00000000
                6162@00003dbc: $ 4 <= ffffffec
                6170@00003dc4: $ 4 <= 0000000b
                6254@00003dcc: $ 4 <= ae2c0000
                6258@00003dd0: $ 4 <= 00000000
                6262@00003dd4: $ 4 <= b2900000
                6298@00003de0: $ 4 <= 00000000
                6302@00003de4: $ 8 <= 00003e28
                6310@00003de8: $31 <= 00003df0
                6314@00003dec: $ 3 <= 161d0064
                6322@00003e2c: $ 3 <= 161d0064
                6326@00003df0: $ 4 <= 000000c8
                6346@00003df8: $ 4 <= 00000000
                6374@00003e00: $ 4 <= 00000001
                6446@00003e0c: *000010a4 <= 00000001
                6478@00003e14: $ 4 <= 00000000
                6482@00003e18: $ 4 <= 00000001
                6490@00003e20: $ 3 <= 161d0064
                6494@00003e34: $ 5 <= 00000000
                6526@00003e3c: $ 5 <= 00000000
                6530@00003e40: $ 5 <= 00000000
                6626@00003e4c: $ 5 <= 534470c6
                6634@00003e54: $ 5 <= 0000a1b8
                6714@00003e64: $ 5 <= 50dc0000
                6718@00003e68: $24 <= cde40000
                6722@00003e6c: $ 8 <= 00003ec0
                6730@00003e70: $31 <= 00003e78
                6734@00003e74: $ 3 <= 161d0064
                6742@00003ec4: $ 3 <= 161d0064
                6746@00003e78: $ 4 <= 000000c9
                6782@00003e84: $ 5 <= 00000000
                6786@00003e88: $ 5 <= 00000001
                6790@00003e8c: $24 <= cbad0000
                6794@00003e90: $24 <= 010b0000
                6814@00003e9c: $ 5 <= 010b3d45
                6818@00003ea0: $ 5 <= 00000000
                6942@00003eb8: $ 3 <= 161d0064
                6966@00003ed0: $ 5 <= 00000000
                6970@00003ed4: $ 5 <= 010b5ef6
                6974@00003ed8: $ 5 <= 00000000
                6978@00003edc: $ 5 <= 00000000
                6982@00003ee0: $ 5 <= 00000000
                6994@00003ee8: $24 <= 6b460000
                6998@00003eec: $ 5 <= 6b460000
                7002@00003ef0: $ 5 <= 00000000
                7042@00003ef8: $ 5 <= 00000000
                7046@00003efc: $ 5 <= 00000000
                7146@00003f08: $ 5 <= 00002f00
                7150@00003f0c: $ 5 <= 6b4634b8
                7154@00003f10: $ 5 <= 00000000
                7158@00003f14: $ 5 <= 00000000
Stopped at time : 486046 ns : File "E:/1-Project/P6/CPU_practice/mips_tb.v" Line 74
