Running: fuse.exe -relaunch -intstyle "ise" -incremental -lib "unisims_ver" -lib "unimacro_ver" -lib "xilinxcorelib_ver" -lib "secureip" -o "E:/ISE/P1/P1_L1_BlockChecker_Q6/BlockChecker_tb_isim_beh.exe" -prj "E:/ISE/P1/P1_L1_BlockChecker_Q6/BlockChecker_tb_beh.prj" "BlockChecker_tb" "work.glbl" 
ISim P.20131013 (signature 0x7708f090)
Number of CPUs detected in this system: 12
Turning on mult-threading, number of parallel sub-compilation jobs: 24 
Determining compilation order of HDL files
Analyzing Verilog file "E:/ISE/P1/P1_L1_BlockChecker_Q6/BlockChecker.v" into library work
Analyzing Verilog file "E:/ISE/P1/P1_L1_BlockChecker_Q6/BlockChecker_tb.v" into library work
Analyzing Verilog file "D:/ISESetup/14.7/ISE_DS/ISE//verilog/src/glbl.v" into library work
Starting static elaboration
Completed static elaboration
Compiling module BlockChecker
Compiling module BlockChecker_tb
Compiling module glbl
Time Resolution for simulation is 1ps.
Waiting for 1 sub-compilation(s) to finish...
WARNING:Simulator - Unable to copy libPortabilityNOSH.dll to the simulation executable directory: boost::filesystem::copy_file: 系统找不到指定的路径。, "isim\BlockChecker_tb_isim_beh.exe.sim\libPortability.dll".
Compiled 3 Verilog Units
Built simulation executable E:/ISE/P1/P1_L1_BlockChecker_Q6/BlockChecker_tb_isim_beh.exe
Fuse Memory Usage: 29216 KB
Fuse CPU Usage: 405 ms
