ISim log file
Running: E:\1-Project\P4\CPU\mips_tb_isim_beh.exe -intstyle ise -gui -tclbatch isim.cmd -wdb E:/1-Project/P4/CPU/mips_tb_isim_beh.wdb 
ISim P.20131013 (signature 0x7708f090)
This is a Full version of ISim.
Time resolution is 1 ps
# onerror resume
# wave add /
# run 1000 ns
Simulator is doing circuit initialization process.
Finished circuit initialization process.
@00003000: $ 1 <= 0000007b
@00003004: $ 2 <= 000001c8
@00003008: $ 2 <= ffff0000
@0000300c: $ 3 <= ffff01c8
@00003010: $ 4 <= ffff0000
@00003014: $ 5 <= ffff031b
@00003018: $ 6 <= ffff007b
@0000301c: $ 7 <= fffe04e3
@00003020: $ 8 <= fffd055e
@00003024: $ 9 <= fffd055e
@00003028: $10 <= ffff0000
@0000302c: $11 <= 0000fe38
@00003030: $12 <= 0000fb98
@00003034: $13 <= fffd094b
@00003038: $14 <= 00000000
@0000303c: $15 <= 00000001
@00003044: *00000000 <= ffff0000
@00003048: *00000008 <= 0000fe38
@0000304c: *0000000c <= 0000fb98
@00003050: *00000004 <= fffd094b
@00003054: $26 <= 00000000
@00003058: $27 <= 00000001
@00003060: $16 <= 0000fb98
@00003064: $17 <= 0000fe38
@00003068: $18 <= fffd094b
@0000306c: $19 <= ffff0000
@00003070: $ 3 <= ffff01cc
@00003074: $26 <= 00000004
@00003078: $27 <= 00000000
@00003080: $17 <= 0000fe38
@00003084: $27 <= 00000004
@000030c8: $31 <= 000030cc
@0000309c: $14 <= 00000001
@000030a0: $20 <= 0001f9d0
@000030a4: $21 <= fffffc13
@000030a8: $23 <= ffff0000
@0000309c: $14 <= 00000002
@000030a0: $20 <= 0001f9d0
@000030a4: $21 <= fffffc13
@000030a8: $23 <= ffff0000
@000030b0: *00000000 <= 000030cc
@000030b4: $29 <= ffff01cc
@000030b8: $31 <= 000030bc
@0000308c: $24 <= ffff0469
@00003090: $13 <= 0000fe38
@00003094: $26 <= 00000008
@000030bc: $29 <= 00000000
@000030c0: $31 <= 000030cc
