#! /c/Source/iverilog-install/bin/vvp
:ivl_version "12.0 (devel)" "(s20150603-1110-g18392a46)";
:ivl_delay_selection "TYPICAL";
:vpi_time_precision + 0;
:vpi_module "D:\iverilog\iverilog\lib\ivl\system.vpi";
:vpi_module "D:\iverilog\iverilog\lib\ivl\vhdl_sys.vpi";
:vpi_module "D:\iverilog\iverilog\lib\ivl\vhdl_textio.vpi";
:vpi_module "D:\iverilog\iverilog\lib\ivl\v2005_math.vpi";
:vpi_module "D:\iverilog\iverilog\lib\ivl\va_math.vpi";
S_000002a0a56963b0 .scope module, "ALU" "ALU" 2 3;
 .timescale 0 0;
    .port_info 0 /INPUT 32 "a";
    .port_info 1 /INPUT 32 "b";
    .port_info 2 /INPUT 5 "aluop";
    .port_info 3 /OUTPUT 32 "res";
o000002a0a56e7f98 .functor BUFZ 32, C4<zzzzzzzzzzzzzzzzzzzzzzzzzzzzzzzz>; HiZ drive
v000002a0a5696ac0_0 .net "a", 31 0, o000002a0a56e7f98;  0 drivers
o000002a0a56e7fc8 .functor BUFZ 5, C4<zzzzz>; HiZ drive
v000002a0a569bcc0_0 .net "aluop", 4 0, o000002a0a56e7fc8;  0 drivers
o000002a0a56e7ff8 .functor BUFZ 32, C4<zzzzzzzzzzzzzzzzzzzzzzzzzzzzzzzz>; HiZ drive
v000002a0a569bd60_0 .net "b", 31 0, o000002a0a56e7ff8;  0 drivers
v000002a0a5696540_0 .var "res", 31 0;
E_000002a0a569beb0 .event anyedge, v000002a0a569bcc0_0, v000002a0a5696ac0_0, v000002a0a569bd60_0;
    .scope S_000002a0a56963b0;
T_0 ;
    %pushi/vec4 0, 0, 32;
    %store/vec4 v000002a0a5696540_0, 0, 32;
    %end;
    .thread T_0;
    .scope S_000002a0a56963b0;
T_1 ;
    %wait E_000002a0a569beb0;
    %load/vec4 v000002a0a569bcc0_0;
    %dup/vec4;
    %pushi/vec4 0, 0, 5;
    %cmp/u;
    %jmp/1 T_1.0, 6;
    %dup/vec4;
    %pushi/vec4 1, 0, 5;
    %cmp/u;
    %jmp/1 T_1.1, 6;
    %dup/vec4;
    %pushi/vec4 2, 0, 5;
    %cmp/u;
    %jmp/1 T_1.2, 6;
    %dup/vec4;
    %pushi/vec4 3, 0, 5;
    %cmp/u;
    %jmp/1 T_1.3, 6;
    %dup/vec4;
    %pushi/vec4 4, 0, 5;
    %cmp/u;
    %jmp/1 T_1.4, 6;
    %dup/vec4;
    %pushi/vec4 5, 0, 5;
    %cmp/u;
    %jmp/1 T_1.5, 6;
    %dup/vec4;
    %pushi/vec4 6, 0, 5;
    %cmp/u;
    %jmp/1 T_1.6, 6;
    %pushi/vec4 4294967295, 0, 32;
    %store/vec4 v000002a0a5696540_0, 0, 32;
    %jmp T_1.8;
T_1.0 ;
    %load/vec4 v000002a0a5696ac0_0;
    %load/vec4 v000002a0a569bd60_0;
    %add;
    %store/vec4 v000002a0a5696540_0, 0, 32;
    %jmp T_1.8;
T_1.1 ;
    %load/vec4 v000002a0a5696ac0_0;
    %load/vec4 v000002a0a569bd60_0;
    %sub;
    %store/vec4 v000002a0a5696540_0, 0, 32;
    %jmp T_1.8;
T_1.2 ;
    %load/vec4 v000002a0a5696ac0_0;
    %load/vec4 v000002a0a569bd60_0;
    %or;
    %store/vec4 v000002a0a5696540_0, 0, 32;
    %jmp T_1.8;
T_1.3 ;
    %load/vec4 v000002a0a569bd60_0;
    %parti/s 16, 0, 2;
    %concati/vec4 0, 0, 16;
    %store/vec4 v000002a0a5696540_0, 0, 32;
    %jmp T_1.8;
T_1.4 ;
    %load/vec4 v000002a0a5696ac0_0;
    %store/vec4 v000002a0a5696540_0, 0, 32;
    %jmp T_1.8;
T_1.5 ;
    %load/vec4 v000002a0a569bd60_0;
    %load/vec4 v000002a0a5696ac0_0;
    %parti/s 5, 0, 2;
    %ix/vec4 4;
    %shiftl 4;
    %store/vec4 v000002a0a5696540_0, 0, 32;
    %jmp T_1.8;
T_1.6 ;
    %load/vec4 v000002a0a5696ac0_0;
    %load/vec4 v000002a0a569bd60_0;
    %cmp/s;
    %flag_mov 8, 5;
    %jmp/0 T_1.9, 8;
    %pushi/vec4 1, 0, 32;
    %jmp/1 T_1.10, 8;
T_1.9 ; End of true expr.
    %pushi/vec4 0, 0, 32;
    %jmp/0 T_1.10, 8;
 ; End of false expr.
    %blend;
T_1.10;
    %store/vec4 v000002a0a5696540_0, 0, 32;
    %jmp T_1.8;
T_1.8 ;
    %pop/vec4 1;
    %jmp T_1;
    .thread T_1, $push;
# The file index is used to find the file name in the following table.
:file_names 3;
    "N/A";
    "<interactive>";
    "ALU.v";
