#! /c/Source/iverilog-install/bin/vvp
:ivl_version "12.0 (devel)" "(s20150603-1110-g18392a46)";
:ivl_delay_selection "TYPICAL";
:vpi_time_precision + 0;
:vpi_module "D:\iverilog\iverilog\lib\ivl\system.vpi";
:vpi_module "D:\iverilog\iverilog\lib\ivl\vhdl_sys.vpi";
:vpi_module "D:\iverilog\iverilog\lib\ivl\vhdl_textio.vpi";
:vpi_module "D:\iverilog\iverilog\lib\ivl\v2005_math.vpi";
:vpi_module "D:\iverilog\iverilog\lib\ivl\va_math.vpi";
S_0000028814bb62a0 .scope module, "CMP" "CMP" 2 3;
 .timescale 0 0;
    .port_info 0 /INPUT 32 "cmpa";
    .port_info 1 /INPUT 32 "cmpb";
    .port_info 2 /INPUT 4 "cmpop";
    .port_info 3 /OUTPUT 1 "branch_true";
v0000028814bb6ac0_0 .var "branch_true", 0 0;
o0000028814c06fc8 .functor BUFZ 32, C4<zzzzzzzzzzzzzzzzzzzzzzzzzzzzzzzz>; HiZ drive
v0000028814bbeef0_0 .net "cmpa", 31 0, o0000028814c06fc8;  0 drivers
o0000028814c06ff8 .functor BUFZ 32, C4<zzzzzzzzzzzzzzzzzzzzzzzzzzzzzzzz>; HiZ drive
v0000028814bb6430_0 .net "cmpb", 31 0, o0000028814c06ff8;  0 drivers
o0000028814c07028 .functor BUFZ 4, C4<zzzz>; HiZ drive
v0000028814bb64d0_0 .net "cmpop", 3 0, o0000028814c07028;  0 drivers
E_0000028814bbea60 .event anyedge, v0000028814bb64d0_0, v0000028814bbeef0_0, v0000028814bb6430_0;
    .scope S_0000028814bb62a0;
T_0 ;
    %pushi/vec4 0, 0, 1;
    %store/vec4 v0000028814bb6ac0_0, 0, 1;
    %end;
    .thread T_0;
    .scope S_0000028814bb62a0;
T_1 ;
    %wait E_0000028814bbea60;
    %load/vec4 v0000028814bb64d0_0;
    %dup/vec4;
    %pushi/vec4 0, 0, 4;
    %cmp/u;
    %jmp/1 T_1.0, 6;
    %pushi/vec4 0, 0, 1;
    %store/vec4 v0000028814bb6ac0_0, 0, 1;
    %jmp T_1.2;
T_1.0 ;
    %load/vec4 v0000028814bbeef0_0;
    %load/vec4 v0000028814bb6430_0;
    %cmp/e;
    %jmp/0xz  T_1.3, 4;
    %pushi/vec4 1, 0, 1;
    %store/vec4 v0000028814bb6ac0_0, 0, 1;
    %jmp T_1.4;
T_1.3 ;
    %pushi/vec4 0, 0, 1;
    %store/vec4 v0000028814bb6ac0_0, 0, 1;
T_1.4 ;
    %jmp T_1.2;
T_1.2 ;
    %pop/vec4 1;
    %jmp T_1;
    .thread T_1, $push;
# The file index is used to find the file name in the following table.
:file_names 3;
    "N/A";
    "<interactive>";
    "CMP.v";
