#! /c/Source/iverilog-install/bin/vvp
:ivl_version "12.0 (devel)" "(s20150603-1110-g18392a46)";
:ivl_delay_selection "TYPICAL";
:vpi_time_precision + 0;
:vpi_module "D:\iverilog\iverilog\lib\ivl\system.vpi";
:vpi_module "D:\iverilog\iverilog\lib\ivl\vhdl_sys.vpi";
:vpi_module "D:\iverilog\iverilog\lib\ivl\vhdl_textio.vpi";
:vpi_module "D:\iverilog\iverilog\lib\ivl\v2005_math.vpi";
:vpi_module "D:\iverilog\iverilog\lib\ivl\va_math.vpi";
S_0000015ae420c200 .scope module, "controller" "controller" 2 3;
 .timescale 0 0;
    .port_info 0 /INPUT 32 "command";
    .port_info 1 /OUTPUT 1 "rfwe_D";
    .port_info 2 /OUTPUT 1 "dmwe_D";
    .port_info 3 /OUTPUT 2 "wrsel_D";
    .port_info 4 /OUTPUT 2 "wdsel_D";
    .port_info 5 /OUTPUT 2 "extop";
    .port_info 6 /OUTPUT 2 "asel_D";
    .port_info 7 /OUTPUT 2 "bsel_D";
    .port_info 8 /OUTPUT 2 "dmtype_D";
    .port_info 9 /OUTPUT 2 "tuse_Drs";
    .port_info 10 /OUTPUT 2 "tuse_Drt";
    .port_info 11 /OUTPUT 2 "tnew_D";
    .port_info 12 /OUTPUT 3 "npcop";
    .port_info 13 /OUTPUT 4 "cmpop";
    .port_info 14 /OUTPUT 5 "command_type";
    .port_info 15 /OUTPUT 5 "aluop_D";
v0000015ae420c390_0 .var "aluop_D", 4 0;
v0000015ae42237b0_0 .var "asel_D", 1 0;
v0000015ae42540d0_0 .var "bsel_D", 1 0;
v0000015ae4254170_0 .var "cmpop", 3 0;
o0000015ae4273098 .functor BUFZ 32, C4<zzzzzzzzzzzzzzzzzzzzzzzzzzzzzzzz>; HiZ drive
v0000015ae4254210_0 .net "command", 31 0, o0000015ae4273098;  0 drivers
v0000015ae42542b0_0 .var "command_type", 4 0;
v0000015ae4254350_0 .var "dmtype_D", 1 0;
v0000015ae42543f0_0 .var "dmwe_D", 0 0;
v0000015ae4254490_0 .var "extop", 1 0;
v0000015ae4254530_0 .var "npcop", 2 0;
v0000015ae42545d0_0 .var "rfwe_D", 0 0;
v0000015ae4254670_0 .var "tnew_D", 1 0;
v0000015ae4254710_0 .var "tuse_Drs", 1 0;
v0000015ae42c7030_0 .var "tuse_Drt", 1 0;
v0000015ae42c70d0_0 .var "wdsel_D", 1 0;
v0000015ae42c7170_0 .var "wrsel_D", 1 0;
E_0000015ae424bfb0 .event anyedge, v0000015ae4254210_0;
    .scope S_0000015ae420c200;
T_0 ;
    %pushi/vec4 0, 0, 3;
    %store/vec4 v0000015ae4254530_0, 0, 3;
    %pushi/vec4 0, 0, 2;
    %store/vec4 v0000015ae42c7170_0, 0, 2;
    %pushi/vec4 0, 0, 2;
    %store/vec4 v0000015ae42c70d0_0, 0, 2;
    %pushi/vec4 0, 0, 1;
    %store/vec4 v0000015ae42545d0_0, 0, 1;
    %pushi/vec4 0, 0, 2;
    %store/vec4 v0000015ae4254490_0, 0, 2;
    %pushi/vec4 0, 0, 4;
    %store/vec4 v0000015ae4254170_0, 0, 4;
    %pushi/vec4 0, 0, 2;
    %store/vec4 v0000015ae42237b0_0, 0, 2;
    %pushi/vec4 0, 0, 2;
    %store/vec4 v0000015ae42540d0_0, 0, 2;
    %pushi/vec4 0, 0, 5;
    %store/vec4 v0000015ae420c390_0, 0, 5;
    %pushi/vec4 0, 0, 1;
    %store/vec4 v0000015ae42543f0_0, 0, 1;
    %pushi/vec4 0, 0, 2;
    %store/vec4 v0000015ae4254350_0, 0, 2;
    %pushi/vec4 0, 0, 5;
    %store/vec4 v0000015ae42542b0_0, 0, 5;
    %pushi/vec4 1, 0, 2;
    %store/vec4 v0000015ae4254710_0, 0, 2;
    %pushi/vec4 1, 0, 2;
    %store/vec4 v0000015ae42c7030_0, 0, 2;
    %pushi/vec4 0, 0, 2;
    %store/vec4 v0000015ae4254670_0, 0, 2;
    %end;
    .thread T_0;
    .scope S_0000015ae420c200;
T_1 ;
    %wait E_0000015ae424bfb0;
    %load/vec4 v0000015ae4254210_0;
    %cmpi/e 0, 0, 32;
    %jmp/0xz  T_1.0, 4;
    %pushi/vec4 0, 0, 3;
    %store/vec4 v0000015ae4254530_0, 0, 3;
    %pushi/vec4 0, 0, 2;
    %store/vec4 v0000015ae42c7170_0, 0, 2;
    %pushi/vec4 0, 0, 2;
    %store/vec4 v0000015ae42c70d0_0, 0, 2;
    %pushi/vec4 0, 0, 1;
    %store/vec4 v0000015ae42545d0_0, 0, 1;
    %pushi/vec4 0, 0, 2;
    %store/vec4 v0000015ae4254490_0, 0, 2;
    %pushi/vec4 0, 0, 4;
    %store/vec4 v0000015ae4254170_0, 0, 4;
    %pushi/vec4 0, 0, 2;
    %store/vec4 v0000015ae42237b0_0, 0, 2;
    %pushi/vec4 0, 0, 2;
    %store/vec4 v0000015ae42540d0_0, 0, 2;
    %pushi/vec4 0, 0, 5;
    %store/vec4 v0000015ae420c390_0, 0, 5;
    %pushi/vec4 0, 0, 1;
    %store/vec4 v0000015ae42543f0_0, 0, 1;
    %pushi/vec4 0, 0, 2;
    %store/vec4 v0000015ae4254350_0, 0, 2;
    %pushi/vec4 0, 0, 5;
    %store/vec4 v0000015ae42542b0_0, 0, 5;
    %pushi/vec4 1, 0, 2;
    %store/vec4 v0000015ae4254710_0, 0, 2;
    %pushi/vec4 1, 0, 2;
    %store/vec4 v0000015ae42c7030_0, 0, 2;
    %pushi/vec4 0, 0, 2;
    %store/vec4 v0000015ae4254670_0, 0, 2;
    %jmp T_1.1;
T_1.0 ;
    %load/vec4 v0000015ae4254210_0;
    %parti/s 6, 26, 6;
    %cmpi/e 0, 0, 6;
    %jmp/0xz  T_1.2, 4;
    %load/vec4 v0000015ae4254210_0;
    %parti/s 6, 0, 2;
    %cmpi/e 33, 0, 6;
    %jmp/0xz  T_1.4, 4;
    %pushi/vec4 0, 0, 3;
    %store/vec4 v0000015ae4254530_0, 0, 3;
    %pushi/vec4 1, 0, 2;
    %store/vec4 v0000015ae42c7170_0, 0, 2;
    %pushi/vec4 0, 0, 2;
    %store/vec4 v0000015ae42c70d0_0, 0, 2;
    %pushi/vec4 1, 0, 1;
    %store/vec4 v0000015ae42545d0_0, 0, 1;
    %pushi/vec4 0, 0, 2;
    %store/vec4 v0000015ae4254490_0, 0, 2;
    %pushi/vec4 0, 0, 4;
    %store/vec4 v0000015ae4254170_0, 0, 4;
    %pushi/vec4 0, 0, 2;
    %store/vec4 v0000015ae42237b0_0, 0, 2;
    %pushi/vec4 0, 0, 2;
    %store/vec4 v0000015ae42540d0_0, 0, 2;
    %pushi/vec4 0, 0, 5;
    %store/vec4 v0000015ae420c390_0, 0, 5;
    %pushi/vec4 0, 0, 1;
    %store/vec4 v0000015ae42543f0_0, 0, 1;
    %pushi/vec4 0, 0, 2;
    %store/vec4 v0000015ae4254350_0, 0, 2;
    %pushi/vec4 1, 0, 5;
    %store/vec4 v0000015ae42542b0_0, 0, 5;
    %pushi/vec4 1, 0, 2;
    %store/vec4 v0000015ae4254710_0, 0, 2;
    %pushi/vec4 1, 0, 2;
    %store/vec4 v0000015ae42c7030_0, 0, 2;
    %pushi/vec4 2, 0, 2;
    %store/vec4 v0000015ae4254670_0, 0, 2;
T_1.4 ;
    %load/vec4 v0000015ae4254210_0;
    %parti/s 6, 0, 2;
    %cmpi/e 35, 0, 6;
    %jmp/0xz  T_1.6, 4;
    %pushi/vec4 0, 0, 3;
    %store/vec4 v0000015ae4254530_0, 0, 3;
    %pushi/vec4 1, 0, 2;
    %store/vec4 v0000015ae42c7170_0, 0, 2;
    %pushi/vec4 0, 0, 2;
    %store/vec4 v0000015ae42c70d0_0, 0, 2;
    %pushi/vec4 1, 0, 1;
    %store/vec4 v0000015ae42545d0_0, 0, 1;
    %pushi/vec4 0, 0, 2;
    %store/vec4 v0000015ae4254490_0, 0, 2;
    %pushi/vec4 0, 0, 4;
    %store/vec4 v0000015ae4254170_0, 0, 4;
    %pushi/vec4 0, 0, 2;
    %store/vec4 v0000015ae42237b0_0, 0, 2;
    %pushi/vec4 0, 0, 2;
    %store/vec4 v0000015ae42540d0_0, 0, 2;
    %pushi/vec4 1, 0, 5;
    %store/vec4 v0000015ae420c390_0, 0, 5;
    %pushi/vec4 0, 0, 1;
    %store/vec4 v0000015ae42543f0_0, 0, 1;
    %pushi/vec4 0, 0, 2;
    %store/vec4 v0000015ae4254350_0, 0, 2;
    %pushi/vec4 1, 0, 5;
    %store/vec4 v0000015ae42542b0_0, 0, 5;
    %pushi/vec4 1, 0, 2;
    %store/vec4 v0000015ae4254710_0, 0, 2;
    %pushi/vec4 1, 0, 2;
    %store/vec4 v0000015ae42c7030_0, 0, 2;
    %pushi/vec4 2, 0, 2;
    %store/vec4 v0000015ae4254670_0, 0, 2;
T_1.6 ;
    %load/vec4 v0000015ae4254210_0;
    %parti/s 6, 0, 2;
    %cmpi/e 8, 0, 6;
    %jmp/0xz  T_1.8, 4;
    %pushi/vec4 3, 0, 3;
    %store/vec4 v0000015ae4254530_0, 0, 3;
    %pushi/vec4 0, 0, 2;
    %store/vec4 v0000015ae42c7170_0, 0, 2;
    %pushi/vec4 0, 0, 2;
    %store/vec4 v0000015ae42c70d0_0, 0, 2;
    %pushi/vec4 0, 0, 1;
    %store/vec4 v0000015ae42545d0_0, 0, 1;
    %pushi/vec4 0, 0, 2;
    %store/vec4 v0000015ae4254490_0, 0, 2;
    %pushi/vec4 0, 0, 4;
    %store/vec4 v0000015ae4254170_0, 0, 4;
    %pushi/vec4 0, 0, 2;
    %store/vec4 v0000015ae42237b0_0, 0, 2;
    %pushi/vec4 0, 0, 2;
    %store/vec4 v0000015ae42540d0_0, 0, 2;
    %pushi/vec4 0, 0, 5;
    %store/vec4 v0000015ae420c390_0, 0, 5;
    %pushi/vec4 0, 0, 1;
    %store/vec4 v0000015ae42543f0_0, 0, 1;
    %pushi/vec4 0, 0, 2;
    %store/vec4 v0000015ae4254350_0, 0, 2;
    %pushi/vec4 6, 0, 5;
    %store/vec4 v0000015ae42542b0_0, 0, 5;
    %pushi/vec4 1, 0, 2;
    %store/vec4 v0000015ae4254710_0, 0, 2;
    %pushi/vec4 1, 0, 2;
    %store/vec4 v0000015ae42c7030_0, 0, 2;
    %pushi/vec4 0, 0, 2;
    %store/vec4 v0000015ae4254670_0, 0, 2;
T_1.8 ;
    %jmp T_1.3;
T_1.2 ;
    %load/vec4 v0000015ae4254210_0;
    %parti/s 6, 26, 6;
    %cmpi/ne 0, 0, 6;
    %jmp/0xz  T_1.10, 4;
    %load/vec4 v0000015ae4254210_0;
    %parti/s 16, 16, 6;
    %cmpi/e 13, 0, 16;
    %jmp/0xz  T_1.12, 4;
    %pushi/vec4 0, 0, 3;
    %store/vec4 v0000015ae4254530_0, 0, 3;
    %pushi/vec4 0, 0, 2;
    %store/vec4 v0000015ae42c7170_0, 0, 2;
    %pushi/vec4 0, 0, 2;
    %store/vec4 v0000015ae42c70d0_0, 0, 2;
    %pushi/vec4 1, 0, 1;
    %store/vec4 v0000015ae42545d0_0, 0, 1;
    %pushi/vec4 0, 0, 2;
    %store/vec4 v0000015ae4254490_0, 0, 2;
    %pushi/vec4 0, 0, 4;
    %store/vec4 v0000015ae4254170_0, 0, 4;
    %pushi/vec4 0, 0, 2;
    %store/vec4 v0000015ae42237b0_0, 0, 2;
    %pushi/vec4 1, 0, 2;
    %store/vec4 v0000015ae42540d0_0, 0, 2;
    %pushi/vec4 2, 0, 5;
    %store/vec4 v0000015ae420c390_0, 0, 5;
    %pushi/vec4 0, 0, 1;
    %store/vec4 v0000015ae42543f0_0, 0, 1;
    %pushi/vec4 0, 0, 2;
    %store/vec4 v0000015ae4254350_0, 0, 2;
    %pushi/vec4 1, 0, 5;
    %store/vec4 v0000015ae42542b0_0, 0, 5;
    %pushi/vec4 1, 0, 2;
    %store/vec4 v0000015ae4254710_0, 0, 2;
    %pushi/vec4 1, 0, 2;
    %store/vec4 v0000015ae42c7030_0, 0, 2;
    %pushi/vec4 2, 0, 2;
    %store/vec4 v0000015ae4254670_0, 0, 2;
T_1.12 ;
    %load/vec4 v0000015ae4254210_0;
    %parti/s 16, 16, 6;
    %cmpi/e 15, 0, 16;
    %jmp/0xz  T_1.14, 4;
    %pushi/vec4 0, 0, 3;
    %store/vec4 v0000015ae4254530_0, 0, 3;
    %pushi/vec4 0, 0, 2;
    %store/vec4 v0000015ae42c7170_0, 0, 2;
    %pushi/vec4 0, 0, 2;
    %store/vec4 v0000015ae42c70d0_0, 0, 2;
    %pushi/vec4 1, 0, 1;
    %store/vec4 v0000015ae42545d0_0, 0, 1;
    %pushi/vec4 0, 0, 2;
    %store/vec4 v0000015ae4254490_0, 0, 2;
    %pushi/vec4 0, 0, 4;
    %store/vec4 v0000015ae4254170_0, 0, 4;
    %pushi/vec4 0, 0, 2;
    %store/vec4 v0000015ae42237b0_0, 0, 2;
    %pushi/vec4 1, 0, 2;
    %store/vec4 v0000015ae42540d0_0, 0, 2;
    %pushi/vec4 3, 0, 5;
    %store/vec4 v0000015ae420c390_0, 0, 5;
    %pushi/vec4 0, 0, 1;
    %store/vec4 v0000015ae42543f0_0, 0, 1;
    %pushi/vec4 0, 0, 2;
    %store/vec4 v0000015ae4254350_0, 0, 2;
    %pushi/vec4 1, 0, 5;
    %store/vec4 v0000015ae42542b0_0, 0, 5;
    %pushi/vec4 1, 0, 2;
    %store/vec4 v0000015ae4254710_0, 0, 2;
    %pushi/vec4 1, 0, 2;
    %store/vec4 v0000015ae42c7030_0, 0, 2;
    %pushi/vec4 2, 0, 2;
    %store/vec4 v0000015ae4254670_0, 0, 2;
T_1.14 ;
    %load/vec4 v0000015ae4254210_0;
    %parti/s 16, 16, 6;
    %cmpi/e 35, 0, 16;
    %jmp/0xz  T_1.16, 4;
    %pushi/vec4 0, 0, 3;
    %store/vec4 v0000015ae4254530_0, 0, 3;
    %pushi/vec4 0, 0, 2;
    %store/vec4 v0000015ae42c7170_0, 0, 2;
    %pushi/vec4 1, 0, 2;
    %store/vec4 v0000015ae42c70d0_0, 0, 2;
    %pushi/vec4 1, 0, 1;
    %store/vec4 v0000015ae42545d0_0, 0, 1;
    %pushi/vec4 1, 0, 2;
    %store/vec4 v0000015ae4254490_0, 0, 2;
    %pushi/vec4 0, 0, 4;
    %store/vec4 v0000015ae4254170_0, 0, 4;
    %pushi/vec4 0, 0, 2;
    %store/vec4 v0000015ae42237b0_0, 0, 2;
    %pushi/vec4 1, 0, 2;
    %store/vec4 v0000015ae42540d0_0, 0, 2;
    %pushi/vec4 0, 0, 5;
    %store/vec4 v0000015ae420c390_0, 0, 5;
    %pushi/vec4 0, 0, 1;
    %store/vec4 v0000015ae42543f0_0, 0, 1;
    %pushi/vec4 0, 0, 2;
    %store/vec4 v0000015ae4254350_0, 0, 2;
    %pushi/vec4 2, 0, 5;
    %store/vec4 v0000015ae42542b0_0, 0, 5;
    %pushi/vec4 1, 0, 2;
    %store/vec4 v0000015ae4254710_0, 0, 2;
    %pushi/vec4 1, 0, 2;
    %store/vec4 v0000015ae42c7030_0, 0, 2;
    %pushi/vec4 3, 0, 2;
    %store/vec4 v0000015ae4254670_0, 0, 2;
T_1.16 ;
    %load/vec4 v0000015ae4254210_0;
    %parti/s 16, 16, 6;
    %cmpi/e 43, 0, 16;
    %jmp/0xz  T_1.18, 4;
    %pushi/vec4 0, 0, 3;
    %store/vec4 v0000015ae4254530_0, 0, 3;
    %pushi/vec4 0, 0, 2;
    %store/vec4 v0000015ae42c7170_0, 0, 2;
    %pushi/vec4 0, 0, 2;
    %store/vec4 v0000015ae42c70d0_0, 0, 2;
    %pushi/vec4 0, 0, 1;
    %store/vec4 v0000015ae42545d0_0, 0, 1;
    %pushi/vec4 1, 0, 2;
    %store/vec4 v0000015ae4254490_0, 0, 2;
    %pushi/vec4 0, 0, 4;
    %store/vec4 v0000015ae4254170_0, 0, 4;
    %pushi/vec4 0, 0, 2;
    %store/vec4 v0000015ae42237b0_0, 0, 2;
    %pushi/vec4 1, 0, 2;
    %store/vec4 v0000015ae42540d0_0, 0, 2;
    %pushi/vec4 0, 0, 5;
    %store/vec4 v0000015ae420c390_0, 0, 5;
    %pushi/vec4 1, 0, 1;
    %store/vec4 v0000015ae42543f0_0, 0, 1;
    %pushi/vec4 0, 0, 2;
    %store/vec4 v0000015ae4254350_0, 0, 2;
    %pushi/vec4 3, 0, 5;
    %store/vec4 v0000015ae42542b0_0, 0, 5;
    %pushi/vec4 1, 0, 2;
    %store/vec4 v0000015ae4254710_0, 0, 2;
    %pushi/vec4 2, 0, 2;
    %store/vec4 v0000015ae42c7030_0, 0, 2;
    %pushi/vec4 0, 0, 2;
    %store/vec4 v0000015ae4254670_0, 0, 2;
T_1.18 ;
    %load/vec4 v0000015ae4254210_0;
    %parti/s 16, 16, 6;
    %cmpi/e 4, 0, 16;
    %jmp/0xz  T_1.20, 4;
    %pushi/vec4 1, 0, 3;
    %store/vec4 v0000015ae4254530_0, 0, 3;
    %pushi/vec4 0, 0, 2;
    %store/vec4 v0000015ae42c7170_0, 0, 2;
    %pushi/vec4 0, 0, 2;
    %store/vec4 v0000015ae42c70d0_0, 0, 2;
    %pushi/vec4 0, 0, 1;
    %store/vec4 v0000015ae42545d0_0, 0, 1;
    %pushi/vec4 1, 0, 2;
    %store/vec4 v0000015ae4254490_0, 0, 2;
    %pushi/vec4 0, 0, 4;
    %store/vec4 v0000015ae4254170_0, 0, 4;
    %pushi/vec4 0, 0, 2;
    %store/vec4 v0000015ae42237b0_0, 0, 2;
    %pushi/vec4 0, 0, 2;
    %store/vec4 v0000015ae42540d0_0, 0, 2;
    %pushi/vec4 0, 0, 5;
    %store/vec4 v0000015ae420c390_0, 0, 5;
    %pushi/vec4 0, 0, 1;
    %store/vec4 v0000015ae42543f0_0, 0, 1;
    %pushi/vec4 0, 0, 2;
    %store/vec4 v0000015ae4254350_0, 0, 2;
    %pushi/vec4 4, 0, 5;
    %store/vec4 v0000015ae42542b0_0, 0, 5;
    %pushi/vec4 0, 0, 2;
    %store/vec4 v0000015ae4254710_0, 0, 2;
    %pushi/vec4 0, 0, 2;
    %store/vec4 v0000015ae42c7030_0, 0, 2;
    %pushi/vec4 0, 0, 2;
    %store/vec4 v0000015ae4254670_0, 0, 2;
T_1.20 ;
    %load/vec4 v0000015ae4254210_0;
    %parti/s 16, 16, 6;
    %cmpi/e 2, 0, 16;
    %jmp/0xz  T_1.22, 4;
    %pushi/vec4 2, 0, 3;
    %store/vec4 v0000015ae4254530_0, 0, 3;
    %pushi/vec4 0, 0, 2;
    %store/vec4 v0000015ae42c7170_0, 0, 2;
    %pushi/vec4 0, 0, 2;
    %store/vec4 v0000015ae42c70d0_0, 0, 2;
    %pushi/vec4 0, 0, 1;
    %store/vec4 v0000015ae42545d0_0, 0, 1;
    %pushi/vec4 0, 0, 2;
    %store/vec4 v0000015ae4254490_0, 0, 2;
    %pushi/vec4 0, 0, 4;
    %store/vec4 v0000015ae4254170_0, 0, 4;
    %pushi/vec4 0, 0, 2;
    %store/vec4 v0000015ae42237b0_0, 0, 2;
    %pushi/vec4 0, 0, 2;
    %store/vec4 v0000015ae42540d0_0, 0, 2;
    %pushi/vec4 0, 0, 5;
    %store/vec4 v0000015ae420c390_0, 0, 5;
    %pushi/vec4 0, 0, 1;
    %store/vec4 v0000015ae42543f0_0, 0, 1;
    %pushi/vec4 0, 0, 2;
    %store/vec4 v0000015ae4254350_0, 0, 2;
    %pushi/vec4 5, 0, 5;
    %store/vec4 v0000015ae42542b0_0, 0, 5;
    %pushi/vec4 1, 0, 2;
    %store/vec4 v0000015ae4254710_0, 0, 2;
    %pushi/vec4 1, 0, 2;
    %store/vec4 v0000015ae42c7030_0, 0, 2;
    %pushi/vec4 0, 0, 2;
    %store/vec4 v0000015ae4254670_0, 0, 2;
T_1.22 ;
    %load/vec4 v0000015ae4254210_0;
    %parti/s 16, 16, 6;
    %cmpi/e 3, 0, 16;
    %jmp/0xz  T_1.24, 4;
    %pushi/vec4 2, 0, 3;
    %store/vec4 v0000015ae4254530_0, 0, 3;
    %pushi/vec4 2, 0, 2;
    %store/vec4 v0000015ae42c7170_0, 0, 2;
    %pushi/vec4 2, 0, 2;
    %store/vec4 v0000015ae42c70d0_0, 0, 2;
    %pushi/vec4 1, 0, 1;
    %store/vec4 v0000015ae42545d0_0, 0, 1;
    %pushi/vec4 0, 0, 2;
    %store/vec4 v0000015ae4254490_0, 0, 2;
    %pushi/vec4 0, 0, 4;
    %store/vec4 v0000015ae4254170_0, 0, 4;
    %pushi/vec4 0, 0, 2;
    %store/vec4 v0000015ae42237b0_0, 0, 2;
    %pushi/vec4 0, 0, 2;
    %store/vec4 v0000015ae42540d0_0, 0, 2;
    %pushi/vec4 0, 0, 5;
    %store/vec4 v0000015ae420c390_0, 0, 5;
    %pushi/vec4 0, 0, 1;
    %store/vec4 v0000015ae42543f0_0, 0, 1;
    %pushi/vec4 0, 0, 2;
    %store/vec4 v0000015ae4254350_0, 0, 2;
    %pushi/vec4 5, 0, 5;
    %store/vec4 v0000015ae42542b0_0, 0, 5;
    %pushi/vec4 1, 0, 2;
    %store/vec4 v0000015ae4254710_0, 0, 2;
    %pushi/vec4 1, 0, 2;
    %store/vec4 v0000015ae42c7030_0, 0, 2;
    %pushi/vec4 0, 0, 2;
    %store/vec4 v0000015ae4254670_0, 0, 2;
T_1.24 ;
    %jmp T_1.11;
T_1.10 ;
    %pushi/vec4 0, 0, 3;
    %store/vec4 v0000015ae4254530_0, 0, 3;
    %pushi/vec4 0, 0, 2;
    %store/vec4 v0000015ae42c7170_0, 0, 2;
    %pushi/vec4 0, 0, 2;
    %store/vec4 v0000015ae42c70d0_0, 0, 2;
    %pushi/vec4 0, 0, 1;
    %store/vec4 v0000015ae42545d0_0, 0, 1;
    %pushi/vec4 0, 0, 2;
    %store/vec4 v0000015ae4254490_0, 0, 2;
    %pushi/vec4 0, 0, 4;
    %store/vec4 v0000015ae4254170_0, 0, 4;
    %pushi/vec4 0, 0, 2;
    %store/vec4 v0000015ae42237b0_0, 0, 2;
    %pushi/vec4 0, 0, 2;
    %store/vec4 v0000015ae42540d0_0, 0, 2;
    %pushi/vec4 0, 0, 5;
    %store/vec4 v0000015ae420c390_0, 0, 5;
    %pushi/vec4 0, 0, 1;
    %store/vec4 v0000015ae42543f0_0, 0, 1;
    %pushi/vec4 0, 0, 2;
    %store/vec4 v0000015ae4254350_0, 0, 2;
    %pushi/vec4 0, 0, 5;
    %store/vec4 v0000015ae42542b0_0, 0, 5;
    %pushi/vec4 1, 0, 2;
    %store/vec4 v0000015ae4254710_0, 0, 2;
    %pushi/vec4 1, 0, 2;
    %store/vec4 v0000015ae42c7030_0, 0, 2;
    %pushi/vec4 0, 0, 2;
    %store/vec4 v0000015ae4254670_0, 0, 2;
T_1.11 ;
T_1.3 ;
T_1.1 ;
    %jmp T_1;
    .thread T_1, $push;
# The file index is used to find the file name in the following table.
:file_names 3;
    "N/A";
    "<interactive>";
    "controller.v";
