#! /c/Source/iverilog-install/bin/vvp
:ivl_version "12.0 (devel)" "(s20150603-1110-g18392a46)";
:ivl_delay_selection "TYPICAL";
:vpi_time_precision + 0;
:vpi_module "D:\iverilog\iverilog\lib\ivl\system.vpi";
:vpi_module "D:\iverilog\iverilog\lib\ivl\vhdl_sys.vpi";
:vpi_module "D:\iverilog\iverilog\lib\ivl\vhdl_textio.vpi";
:vpi_module "D:\iverilog\iverilog\lib\ivl\v2005_math.vpi";
:vpi_module "D:\iverilog\iverilog\lib\ivl\va_math.vpi";
S_000001813b0fdb40 .scope module, "DM" "DM" 2 1;
 .timescale 0 0;
    .port_info 0 /INPUT 1 "clk";
    .port_info 1 /INPUT 1 "reset";
    .port_info 2 /INPUT 1 "dmwe_M";
    .port_info 3 /INPUT 32 "dmAddr";
    .port_info 4 /INPUT 32 "wd";
    .port_info 5 /INPUT 2 "dmtype";
    .port_info 6 /INPUT 32 "pc";
    .port_info 7 /OUTPUT 32 "dmrd";
L_000001813b0dcca0 .functor BUFZ 32, L_000001813b156900, C4<00000000000000000000000000000000>, C4<00000000000000000000000000000000>, C4<00000000000000000000000000000000>;
L_000001813b590358 .functor BUFT 1, C4<00>, C4<0>, C4<0>, C4<0>;
v000001813b0f4cb0_0 .net/2u *"_ivl_102", 1 0, L_000001813b590358;  1 drivers
v000001813b0f4e90_0 .net *"_ivl_104", 0 0, L_000001813b168eb0;  1 drivers
L_000001813b5903a0 .functor BUFT 1, C4<01>, C4<0>, C4<0>, C4<0>;
v000001813b0f4d50_0 .net/2u *"_ivl_106", 1 0, L_000001813b5903a0;  1 drivers
v000001813b0f33b0_0 .net *"_ivl_108", 0 0, L_000001813b169130;  1 drivers
v000001813b0f4030_0 .net *"_ivl_111", 0 0, L_000001813b168050;  1 drivers
v000001813b0f39f0_0 .net *"_ivl_112", 31 0, L_000001813b1682d0;  1 drivers
L_000001813b5903e8 .functor BUFT 1, C4<0000000000000000000000000000000>, C4<0>, C4<0>, C4<0>;
v000001813b0f3db0_0 .net *"_ivl_115", 30 0, L_000001813b5903e8;  1 drivers
L_000001813b590430 .functor BUFT 1, C4<00000000000000000000000000000000>, C4<0>, C4<0>, C4<0>;
v000001813b0f3090_0 .net/2u *"_ivl_116", 31 0, L_000001813b590430;  1 drivers
v000001813b0f40d0_0 .net *"_ivl_118", 0 0, L_000001813b167dd0;  1 drivers
L_000001813b5900d0 .functor BUFT 1, C4<00>, C4<0>, C4<0>, C4<0>;
v000001813b0f4210_0 .net/2u *"_ivl_12", 1 0, L_000001813b5900d0;  1 drivers
v000001813b0f34f0_0 .net *"_ivl_121", 0 0, L_000001813b1691d0;  1 drivers
v000001813b0f3b30_0 .net *"_ivl_122", 15 0, L_000001813b1676f0;  1 drivers
v000001813b0f4350_0 .net *"_ivl_125", 15 0, L_000001813b1687d0;  1 drivers
v000001813b0f3950_0 .net *"_ivl_126", 31 0, L_000001813b168910;  1 drivers
v000001813b0f3a90_0 .net *"_ivl_129", 0 0, L_000001813b167830;  1 drivers
v000001813b0f3810_0 .net *"_ivl_130", 15 0, L_000001813b1689b0;  1 drivers
v000001813b0f3bd0_0 .net *"_ivl_133", 15 0, L_000001813b1685f0;  1 drivers
v000001813b0f3e50_0 .net *"_ivl_134", 31 0, L_000001813b167650;  1 drivers
v000001813b0f43f0_0 .net *"_ivl_136", 31 0, L_000001813b167470;  1 drivers
L_000001813b590478 .functor BUFT 1, C4<10>, C4<0>, C4<0>, C4<0>;
v000001813b0f4490_0 .net/2u *"_ivl_138", 1 0, L_000001813b590478;  1 drivers
v000001813b0f4530_0 .net *"_ivl_14", 0 0, L_000001813b155aa0;  1 drivers
v000001813b0f45d0_0 .net *"_ivl_140", 0 0, L_000001813b168a50;  1 drivers
L_000001813b5904c0 .functor BUFT 1, C4<00>, C4<0>, C4<0>, C4<0>;
v000001813b0f4670_0 .net/2u *"_ivl_142", 1 0, L_000001813b5904c0;  1 drivers
v000001813b1530b0_0 .net *"_ivl_144", 0 0, L_000001813b167ab0;  1 drivers
v000001813b1527f0_0 .net *"_ivl_147", 0 0, L_000001813b167330;  1 drivers
v000001813b152ed0_0 .net *"_ivl_148", 23 0, L_000001813b167b50;  1 drivers
v000001813b153150_0 .net *"_ivl_151", 7 0, L_000001813b167bf0;  1 drivers
v000001813b153510_0 .net *"_ivl_152", 31 0, L_000001813b1680f0;  1 drivers
L_000001813b590508 .functor BUFT 1, C4<01>, C4<0>, C4<0>, C4<0>;
v000001813b153330_0 .net/2u *"_ivl_154", 1 0, L_000001813b590508;  1 drivers
v000001813b152890_0 .net *"_ivl_156", 0 0, L_000001813b168190;  1 drivers
v000001813b153e70_0 .net *"_ivl_159", 0 0, L_000001813b167e70;  1 drivers
L_000001813b590118 .functor BUFT 1, C4<01>, C4<0>, C4<0>, C4<0>;
v000001813b153ab0_0 .net/2u *"_ivl_16", 1 0, L_000001813b590118;  1 drivers
v000001813b153dd0_0 .net *"_ivl_160", 23 0, L_000001813b167f10;  1 drivers
v000001813b1536f0_0 .net *"_ivl_163", 7 0, L_000001813b168370;  1 drivers
v000001813b153010_0 .net *"_ivl_164", 31 0, L_000001813b169e80;  1 drivers
L_000001813b590550 .functor BUFT 1, C4<10>, C4<0>, C4<0>, C4<0>;
v000001813b153d30_0 .net/2u *"_ivl_166", 1 0, L_000001813b590550;  1 drivers
v000001813b1533d0_0 .net *"_ivl_168", 0 0, L_000001813b16b000;  1 drivers
v000001813b152b10_0 .net *"_ivl_171", 0 0, L_000001813b169840;  1 drivers
v000001813b153f10_0 .net *"_ivl_172", 23 0, L_000001813b169480;  1 drivers
v000001813b153650_0 .net *"_ivl_175", 7 0, L_000001813b16a2e0;  1 drivers
v000001813b153a10_0 .net *"_ivl_176", 31 0, L_000001813b16b140;  1 drivers
v000001813b153970_0 .net *"_ivl_179", 0 0, L_000001813b169f20;  1 drivers
v000001813b153470_0 .net *"_ivl_18", 0 0, L_000001813b155960;  1 drivers
v000001813b1531f0_0 .net *"_ivl_180", 23 0, L_000001813b16a1a0;  1 drivers
v000001813b1535b0_0 .net *"_ivl_183", 7 0, L_000001813b16b0a0;  1 drivers
v000001813b1529d0_0 .net *"_ivl_184", 31 0, L_000001813b16a060;  1 drivers
v000001813b154050_0 .net *"_ivl_186", 31 0, L_000001813b1693e0;  1 drivers
v000001813b152570_0 .net *"_ivl_188", 31 0, L_000001813b1697a0;  1 drivers
v000001813b153790_0 .net *"_ivl_190", 31 0, L_000001813b16b1e0;  1 drivers
L_000001813b590598 .functor BUFT 1, C4<11111111111111111111111111111111>, C4<0>, C4<0>, C4<0>;
v000001813b153830_0 .net/2u *"_ivl_192", 31 0, L_000001813b590598;  1 drivers
v000001813b153bf0_0 .net *"_ivl_194", 31 0, L_000001813b169a20;  1 drivers
v000001813b152cf0_0 .net *"_ivl_196", 31 0, L_000001813b16ae20;  1 drivers
v000001813b154190_0 .net *"_ivl_2", 31 0, L_000001813b156900;  1 drivers
v000001813b1538d0_0 .net *"_ivl_21", 0 0, L_000001813b154e20;  1 drivers
v000001813b153b50_0 .net *"_ivl_22", 31 0, L_000001813b155b40;  1 drivers
L_000001813b590160 .functor BUFT 1, C4<0000000000000000000000000000000>, C4<0>, C4<0>, C4<0>;
v000001813b153c90_0 .net *"_ivl_25", 30 0, L_000001813b590160;  1 drivers
L_000001813b5901a8 .functor BUFT 1, C4<00000000000000000000000000000000>, C4<0>, C4<0>, C4<0>;
v000001813b153fb0_0 .net/2u *"_ivl_26", 31 0, L_000001813b5901a8;  1 drivers
v000001813b152930_0 .net *"_ivl_28", 0 0, L_000001813b154d80;  1 drivers
v000001813b152c50_0 .net *"_ivl_31", 15 0, L_000001813b154ec0;  1 drivers
v000001813b1540f0_0 .net *"_ivl_33", 15 0, L_000001813b155be0;  1 drivers
v000001813b154370_0 .net *"_ivl_34", 31 0, L_000001813b1567c0;  1 drivers
v000001813b154230_0 .net *"_ivl_37", 15 0, L_000001813b154b00;  1 drivers
v000001813b1542d0_0 .net *"_ivl_39", 15 0, L_000001813b154c40;  1 drivers
v000001813b1524d0_0 .net *"_ivl_40", 31 0, L_000001813b168f50;  1 drivers
v000001813b152610_0 .net *"_ivl_42", 31 0, L_000001813b168cd0;  1 drivers
L_000001813b5901f0 .functor BUFT 1, C4<10>, C4<0>, C4<0>, C4<0>;
v000001813b152bb0_0 .net/2u *"_ivl_44", 1 0, L_000001813b5901f0;  1 drivers
v000001813b1526b0_0 .net *"_ivl_46", 0 0, L_000001813b168c30;  1 drivers
L_000001813b590238 .functor BUFT 1, C4<00>, C4<0>, C4<0>, C4<0>;
v000001813b152a70_0 .net/2u *"_ivl_48", 1 0, L_000001813b590238;  1 drivers
v000001813b152750_0 .net *"_ivl_5", 11 0, L_000001813b155780;  1 drivers
v000001813b152d90_0 .net *"_ivl_50", 0 0, L_000001813b168730;  1 drivers
v000001813b152e30_0 .net *"_ivl_53", 23 0, L_000001813b167d30;  1 drivers
v000001813b152f70_0 .net *"_ivl_55", 7 0, L_000001813b168b90;  1 drivers
v000001813b153290_0 .net *"_ivl_56", 31 0, L_000001813b167510;  1 drivers
L_000001813b590280 .functor BUFT 1, C4<01>, C4<0>, C4<0>, C4<0>;
v000001813b155820_0 .net/2u *"_ivl_58", 1 0, L_000001813b590280;  1 drivers
v000001813b156180_0 .net *"_ivl_6", 13 0, L_000001813b1558c0;  1 drivers
v000001813b155640_0 .net *"_ivl_60", 0 0, L_000001813b167c90;  1 drivers
v000001813b155fa0_0 .net *"_ivl_63", 15 0, L_000001813b167fb0;  1 drivers
v000001813b156680_0 .net *"_ivl_65", 7 0, L_000001813b169090;  1 drivers
v000001813b154f60_0 .net *"_ivl_67", 7 0, L_000001813b1684b0;  1 drivers
v000001813b155460_0 .net *"_ivl_68", 31 0, L_000001813b168af0;  1 drivers
L_000001813b5902c8 .functor BUFT 1, C4<11>, C4<0>, C4<0>, C4<0>;
v000001813b155000_0 .net/2u *"_ivl_70", 1 0, L_000001813b5902c8;  1 drivers
v000001813b155280_0 .net *"_ivl_72", 0 0, L_000001813b167970;  1 drivers
v000001813b1560e0_0 .net *"_ivl_75", 7 0, L_000001813b168230;  1 drivers
v000001813b156400_0 .net *"_ivl_77", 7 0, L_000001813b168550;  1 drivers
v000001813b155dc0_0 .net *"_ivl_79", 15 0, L_000001813b168d70;  1 drivers
v000001813b1569a0_0 .net *"_ivl_80", 31 0, L_000001813b167a10;  1 drivers
v000001813b1550a0_0 .net *"_ivl_83", 7 0, L_000001813b1675b0;  1 drivers
v000001813b154ce0_0 .net *"_ivl_85", 23 0, L_000001813b168e10;  1 drivers
v000001813b155140_0 .net *"_ivl_86", 31 0, L_000001813b168870;  1 drivers
v000001813b155500_0 .net *"_ivl_88", 31 0, L_000001813b1673d0;  1 drivers
L_000001813b590088 .functor BUFT 1, C4<00>, C4<0>, C4<0>, C4<0>;
v000001813b1551e0_0 .net *"_ivl_9", 1 0, L_000001813b590088;  1 drivers
v000001813b156860_0 .net *"_ivl_90", 31 0, L_000001813b167790;  1 drivers
v000001813b155c80_0 .net *"_ivl_92", 31 0, L_000001813b168690;  1 drivers
L_000001813b590310 .functor BUFT 1, C4<11111111111111111111111111111111>, C4<0>, C4<0>, C4<0>;
v000001813b155e60_0 .net/2u *"_ivl_94", 31 0, L_000001813b590310;  1 drivers
v000001813b1564a0_0 .net *"_ivl_96", 31 0, L_000001813b168410;  1 drivers
v000001813b156220_0 .net *"_ivl_98", 31 0, L_000001813b1678d0;  1 drivers
v000001813b156540_0 .net "byte", 1 0, L_000001813b1556e0;  1 drivers
o000001813b1011b8 .functor BUFZ 1, C4<z>; HiZ drive
v000001813b155d20_0 .net "clk", 0 0, o000001813b1011b8;  0 drivers
v000001813b1565e0 .array "datamemory", 0 4095, 31 0;
o000001813b1011e8 .functor BUFZ 32, C4<zzzzzzzzzzzzzzzzzzzzzzzzzzzzzzzz>; HiZ drive
v000001813b155320_0 .net "dmAddr", 31 0, o000001813b1011e8;  0 drivers
v000001813b156720_0 .net "dmrd", 31 0, L_000001813b169fc0;  1 drivers
o000001813b101248 .functor BUFZ 2, C4<zz>; HiZ drive
v000001813b155a00_0 .net "dmtype", 1 0, o000001813b101248;  0 drivers
v000001813b1555a0_0 .net "dmwd", 31 0, L_000001813b168ff0;  1 drivers
o000001813b1012a8 .functor BUFZ 1, C4<z>; HiZ drive
v000001813b156040_0 .net "dmwe_M", 0 0, o000001813b1012a8;  0 drivers
v000001813b155f00_0 .var/i "i", 31 0;
o000001813b101308 .functor BUFZ 32, C4<zzzzzzzzzzzzzzzzzzzzzzzzzzzzzzzz>; HiZ drive
v000001813b154ba0_0 .net "pc", 31 0, o000001813b101308;  0 drivers
v000001813b1562c0_0 .net "rd", 31 0, L_000001813b0dcca0;  1 drivers
o000001813b101368 .functor BUFZ 1, C4<z>; HiZ drive
v000001813b1553c0_0 .net "reset", 0 0, o000001813b101368;  0 drivers
o000001813b101398 .functor BUFZ 32, C4<zzzzzzzzzzzzzzzzzzzzzzzzzzzzzzzz>; HiZ drive
v000001813b156360_0 .net "wd", 31 0, o000001813b101398;  0 drivers
E_000001813b0fb170 .event posedge, v000001813b155d20_0;
L_000001813b1556e0 .part o000001813b1011e8, 0, 2;
L_000001813b156900 .array/port v000001813b1565e0, L_000001813b1558c0;
L_000001813b155780 .part o000001813b1011e8, 2, 12;
L_000001813b1558c0 .concat [ 12 2 0 0], L_000001813b155780, L_000001813b590088;
L_000001813b155aa0 .cmp/eq 2, o000001813b101248, L_000001813b5900d0;
L_000001813b155960 .cmp/eq 2, o000001813b101248, L_000001813b590118;
L_000001813b154e20 .part L_000001813b1556e0, 1, 1;
L_000001813b155b40 .concat [ 1 31 0 0], L_000001813b154e20, L_000001813b590160;
L_000001813b154d80 .cmp/eq 32, L_000001813b155b40, L_000001813b5901a8;
L_000001813b154ec0 .part L_000001813b0dcca0, 16, 16;
L_000001813b155be0 .part o000001813b101398, 0, 16;
L_000001813b1567c0 .concat [ 16 16 0 0], L_000001813b155be0, L_000001813b154ec0;
L_000001813b154b00 .part o000001813b101398, 0, 16;
L_000001813b154c40 .part L_000001813b0dcca0, 0, 16;
L_000001813b168f50 .concat [ 16 16 0 0], L_000001813b154c40, L_000001813b154b00;
L_000001813b168cd0 .functor MUXZ 32, L_000001813b168f50, L_000001813b1567c0, L_000001813b154d80, C4<>;
L_000001813b168c30 .cmp/eq 2, o000001813b101248, L_000001813b5901f0;
L_000001813b168730 .cmp/eq 2, L_000001813b1556e0, L_000001813b590238;
L_000001813b167d30 .part L_000001813b0dcca0, 8, 24;
L_000001813b168b90 .part o000001813b101398, 0, 8;
L_000001813b167510 .concat [ 8 24 0 0], L_000001813b168b90, L_000001813b167d30;
L_000001813b167c90 .cmp/eq 2, L_000001813b1556e0, L_000001813b590280;
L_000001813b167fb0 .part L_000001813b0dcca0, 16, 16;
L_000001813b169090 .part o000001813b101398, 0, 8;
L_000001813b1684b0 .part L_000001813b0dcca0, 0, 8;
L_000001813b168af0 .concat [ 8 8 16 0], L_000001813b1684b0, L_000001813b169090, L_000001813b167fb0;
L_000001813b167970 .cmp/eq 2, L_000001813b1556e0, L_000001813b5902c8;
L_000001813b168230 .part L_000001813b0dcca0, 24, 8;
L_000001813b168550 .part o000001813b101398, 0, 8;
L_000001813b168d70 .part L_000001813b0dcca0, 0, 16;
L_000001813b167a10 .concat [ 16 8 8 0], L_000001813b168d70, L_000001813b168550, L_000001813b168230;
L_000001813b1675b0 .part o000001813b101398, 0, 8;
L_000001813b168e10 .part L_000001813b0dcca0, 0, 24;
L_000001813b168870 .concat [ 24 8 0 0], L_000001813b168e10, L_000001813b1675b0;
L_000001813b1673d0 .functor MUXZ 32, L_000001813b168870, L_000001813b167a10, L_000001813b167970, C4<>;
L_000001813b167790 .functor MUXZ 32, L_000001813b1673d0, L_000001813b168af0, L_000001813b167c90, C4<>;
L_000001813b168690 .functor MUXZ 32, L_000001813b167790, L_000001813b167510, L_000001813b168730, C4<>;
L_000001813b168410 .functor MUXZ 32, L_000001813b590310, L_000001813b168690, L_000001813b168c30, C4<>;
L_000001813b1678d0 .functor MUXZ 32, L_000001813b168410, L_000001813b168cd0, L_000001813b155960, C4<>;
L_000001813b168ff0 .functor MUXZ 32, L_000001813b1678d0, o000001813b101398, L_000001813b155aa0, C4<>;
L_000001813b168eb0 .cmp/eq 2, o000001813b101248, L_000001813b590358;
L_000001813b169130 .cmp/eq 2, o000001813b101248, L_000001813b5903a0;
L_000001813b168050 .part L_000001813b1556e0, 1, 1;
L_000001813b1682d0 .concat [ 1 31 0 0], L_000001813b168050, L_000001813b5903e8;
L_000001813b167dd0 .cmp/eq 32, L_000001813b1682d0, L_000001813b590430;
L_000001813b1691d0 .part L_000001813b0dcca0, 15, 1;
LS_000001813b1676f0_0_0 .concat [ 1 1 1 1], L_000001813b1691d0, L_000001813b1691d0, L_000001813b1691d0, L_000001813b1691d0;
LS_000001813b1676f0_0_4 .concat [ 1 1 1 1], L_000001813b1691d0, L_000001813b1691d0, L_000001813b1691d0, L_000001813b1691d0;
LS_000001813b1676f0_0_8 .concat [ 1 1 1 1], L_000001813b1691d0, L_000001813b1691d0, L_000001813b1691d0, L_000001813b1691d0;
LS_000001813b1676f0_0_12 .concat [ 1 1 1 1], L_000001813b1691d0, L_000001813b1691d0, L_000001813b1691d0, L_000001813b1691d0;
L_000001813b1676f0 .concat [ 4 4 4 4], LS_000001813b1676f0_0_0, LS_000001813b1676f0_0_4, LS_000001813b1676f0_0_8, LS_000001813b1676f0_0_12;
L_000001813b1687d0 .part L_000001813b0dcca0, 0, 16;
L_000001813b168910 .concat [ 16 16 0 0], L_000001813b1687d0, L_000001813b1676f0;
L_000001813b167830 .part L_000001813b0dcca0, 31, 1;
LS_000001813b1689b0_0_0 .concat [ 1 1 1 1], L_000001813b167830, L_000001813b167830, L_000001813b167830, L_000001813b167830;
LS_000001813b1689b0_0_4 .concat [ 1 1 1 1], L_000001813b167830, L_000001813b167830, L_000001813b167830, L_000001813b167830;
LS_000001813b1689b0_0_8 .concat [ 1 1 1 1], L_000001813b167830, L_000001813b167830, L_000001813b167830, L_000001813b167830;
LS_000001813b1689b0_0_12 .concat [ 1 1 1 1], L_000001813b167830, L_000001813b167830, L_000001813b167830, L_000001813b167830;
L_000001813b1689b0 .concat [ 4 4 4 4], LS_000001813b1689b0_0_0, LS_000001813b1689b0_0_4, LS_000001813b1689b0_0_8, LS_000001813b1689b0_0_12;
L_000001813b1685f0 .part L_000001813b0dcca0, 16, 16;
L_000001813b167650 .concat [ 16 16 0 0], L_000001813b1685f0, L_000001813b1689b0;
L_000001813b167470 .functor MUXZ 32, L_000001813b167650, L_000001813b168910, L_000001813b167dd0, C4<>;
L_000001813b168a50 .cmp/eq 2, o000001813b101248, L_000001813b590478;
L_000001813b167ab0 .cmp/eq 2, L_000001813b1556e0, L_000001813b5904c0;
L_000001813b167330 .part L_000001813b0dcca0, 7, 1;
LS_000001813b167b50_0_0 .concat [ 1 1 1 1], L_000001813b167330, L_000001813b167330, L_000001813b167330, L_000001813b167330;
LS_000001813b167b50_0_4 .concat [ 1 1 1 1], L_000001813b167330, L_000001813b167330, L_000001813b167330, L_000001813b167330;
LS_000001813b167b50_0_8 .concat [ 1 1 1 1], L_000001813b167330, L_000001813b167330, L_000001813b167330, L_000001813b167330;
LS_000001813b167b50_0_12 .concat [ 1 1 1 1], L_000001813b167330, L_000001813b167330, L_000001813b167330, L_000001813b167330;
LS_000001813b167b50_0_16 .concat [ 1 1 1 1], L_000001813b167330, L_000001813b167330, L_000001813b167330, L_000001813b167330;
LS_000001813b167b50_0_20 .concat [ 1 1 1 1], L_000001813b167330, L_000001813b167330, L_000001813b167330, L_000001813b167330;
LS_000001813b167b50_1_0 .concat [ 4 4 4 4], LS_000001813b167b50_0_0, LS_000001813b167b50_0_4, LS_000001813b167b50_0_8, LS_000001813b167b50_0_12;
LS_000001813b167b50_1_4 .concat [ 4 4 0 0], LS_000001813b167b50_0_16, LS_000001813b167b50_0_20;
L_000001813b167b50 .concat [ 16 8 0 0], LS_000001813b167b50_1_0, LS_000001813b167b50_1_4;
L_000001813b167bf0 .part L_000001813b0dcca0, 0, 8;
L_000001813b1680f0 .concat [ 8 24 0 0], L_000001813b167bf0, L_000001813b167b50;
L_000001813b168190 .cmp/eq 2, L_000001813b1556e0, L_000001813b590508;
L_000001813b167e70 .part L_000001813b0dcca0, 15, 1;
LS_000001813b167f10_0_0 .concat [ 1 1 1 1], L_000001813b167e70, L_000001813b167e70, L_000001813b167e70, L_000001813b167e70;
LS_000001813b167f10_0_4 .concat [ 1 1 1 1], L_000001813b167e70, L_000001813b167e70, L_000001813b167e70, L_000001813b167e70;
LS_000001813b167f10_0_8 .concat [ 1 1 1 1], L_000001813b167e70, L_000001813b167e70, L_000001813b167e70, L_000001813b167e70;
LS_000001813b167f10_0_12 .concat [ 1 1 1 1], L_000001813b167e70, L_000001813b167e70, L_000001813b167e70, L_000001813b167e70;
LS_000001813b167f10_0_16 .concat [ 1 1 1 1], L_000001813b167e70, L_000001813b167e70, L_000001813b167e70, L_000001813b167e70;
LS_000001813b167f10_0_20 .concat [ 1 1 1 1], L_000001813b167e70, L_000001813b167e70, L_000001813b167e70, L_000001813b167e70;
LS_000001813b167f10_1_0 .concat [ 4 4 4 4], LS_000001813b167f10_0_0, LS_000001813b167f10_0_4, LS_000001813b167f10_0_8, LS_000001813b167f10_0_12;
LS_000001813b167f10_1_4 .concat [ 4 4 0 0], LS_000001813b167f10_0_16, LS_000001813b167f10_0_20;
L_000001813b167f10 .concat [ 16 8 0 0], LS_000001813b167f10_1_0, LS_000001813b167f10_1_4;
L_000001813b168370 .part L_000001813b0dcca0, 8, 8;
L_000001813b169e80 .concat [ 8 24 0 0], L_000001813b168370, L_000001813b167f10;
L_000001813b16b000 .cmp/eq 2, L_000001813b1556e0, L_000001813b590550;
L_000001813b169840 .part L_000001813b0dcca0, 23, 1;
LS_000001813b169480_0_0 .concat [ 1 1 1 1], L_000001813b169840, L_000001813b169840, L_000001813b169840, L_000001813b169840;
LS_000001813b169480_0_4 .concat [ 1 1 1 1], L_000001813b169840, L_000001813b169840, L_000001813b169840, L_000001813b169840;
LS_000001813b169480_0_8 .concat [ 1 1 1 1], L_000001813b169840, L_000001813b169840, L_000001813b169840, L_000001813b169840;
LS_000001813b169480_0_12 .concat [ 1 1 1 1], L_000001813b169840, L_000001813b169840, L_000001813b169840, L_000001813b169840;
LS_000001813b169480_0_16 .concat [ 1 1 1 1], L_000001813b169840, L_000001813b169840, L_000001813b169840, L_000001813b169840;
LS_000001813b169480_0_20 .concat [ 1 1 1 1], L_000001813b169840, L_000001813b169840, L_000001813b169840, L_000001813b169840;
LS_000001813b169480_1_0 .concat [ 4 4 4 4], LS_000001813b169480_0_0, LS_000001813b169480_0_4, LS_000001813b169480_0_8, LS_000001813b169480_0_12;
LS_000001813b169480_1_4 .concat [ 4 4 0 0], LS_000001813b169480_0_16, LS_000001813b169480_0_20;
L_000001813b169480 .concat [ 16 8 0 0], LS_000001813b169480_1_0, LS_000001813b169480_1_4;
L_000001813b16a2e0 .part L_000001813b0dcca0, 16, 8;
L_000001813b16b140 .concat [ 8 24 0 0], L_000001813b16a2e0, L_000001813b169480;
L_000001813b169f20 .part L_000001813b0dcca0, 31, 1;
LS_000001813b16a1a0_0_0 .concat [ 1 1 1 1], L_000001813b169f20, L_000001813b169f20, L_000001813b169f20, L_000001813b169f20;
LS_000001813b16a1a0_0_4 .concat [ 1 1 1 1], L_000001813b169f20, L_000001813b169f20, L_000001813b169f20, L_000001813b169f20;
LS_000001813b16a1a0_0_8 .concat [ 1 1 1 1], L_000001813b169f20, L_000001813b169f20, L_000001813b169f20, L_000001813b169f20;
LS_000001813b16a1a0_0_12 .concat [ 1 1 1 1], L_000001813b169f20, L_000001813b169f20, L_000001813b169f20, L_000001813b169f20;
LS_000001813b16a1a0_0_16 .concat [ 1 1 1 1], L_000001813b169f20, L_000001813b169f20, L_000001813b169f20, L_000001813b169f20;
LS_000001813b16a1a0_0_20 .concat [ 1 1 1 1], L_000001813b169f20, L_000001813b169f20, L_000001813b169f20, L_000001813b169f20;
LS_000001813b16a1a0_1_0 .concat [ 4 4 4 4], LS_000001813b16a1a0_0_0, LS_000001813b16a1a0_0_4, LS_000001813b16a1a0_0_8, LS_000001813b16a1a0_0_12;
LS_000001813b16a1a0_1_4 .concat [ 4 4 0 0], LS_000001813b16a1a0_0_16, LS_000001813b16a1a0_0_20;
L_000001813b16a1a0 .concat [ 16 8 0 0], LS_000001813b16a1a0_1_0, LS_000001813b16a1a0_1_4;
L_000001813b16b0a0 .part L_000001813b0dcca0, 24, 8;
L_000001813b16a060 .concat [ 8 24 0 0], L_000001813b16b0a0, L_000001813b16a1a0;
L_000001813b1693e0 .functor MUXZ 32, L_000001813b16a060, L_000001813b16b140, L_000001813b16b000, C4<>;
L_000001813b1697a0 .functor MUXZ 32, L_000001813b1693e0, L_000001813b169e80, L_000001813b168190, C4<>;
L_000001813b16b1e0 .functor MUXZ 32, L_000001813b1697a0, L_000001813b1680f0, L_000001813b167ab0, C4<>;
L_000001813b169a20 .functor MUXZ 32, L_000001813b590598, L_000001813b16b1e0, L_000001813b168a50, C4<>;
L_000001813b16ae20 .functor MUXZ 32, L_000001813b169a20, L_000001813b167470, L_000001813b169130, C4<>;
L_000001813b169fc0 .functor MUXZ 32, L_000001813b16ae20, L_000001813b0dcca0, L_000001813b168eb0, C4<>;
    .scope S_000001813b0fdb40;
T_0 ;
    %pushi/vec4 0, 0, 32;
    %store/vec4 v000001813b155f00_0, 0, 32;
T_0.0 ;
    %load/vec4 v000001813b155f00_0;
    %cmpi/s 4095, 0, 32;
    %jmp/0xz T_0.1, 5;
    %pushi/vec4 0, 0, 32;
    %ix/getv/s 3, v000001813b155f00_0;
    %ix/load 4, 0, 0; Constant delay
    %assign/vec4/a/d v000001813b1565e0, 0, 4;
    %load/vec4 v000001813b155f00_0;
    %addi 1, 0, 32;
    %store/vec4 v000001813b155f00_0, 0, 32;
    %jmp T_0.0;
T_0.1 ;
    %end;
    .thread T_0;
    .scope S_000001813b0fdb40;
T_1 ;
    %wait E_000001813b0fb170;
    %load/vec4 v000001813b1553c0_0;
    %pad/u 32;
    %cmpi/e 1, 0, 32;
    %jmp/0xz  T_1.0, 4;
    %pushi/vec4 0, 0, 32;
    %store/vec4 v000001813b155f00_0, 0, 32;
T_1.2 ;
    %load/vec4 v000001813b155f00_0;
    %cmpi/s 4095, 0, 32;
    %jmp/0xz T_1.3, 5;
    %pushi/vec4 0, 0, 32;
    %ix/getv/s 3, v000001813b155f00_0;
    %ix/load 4, 0, 0; Constant delay
    %assign/vec4/a/d v000001813b1565e0, 0, 4;
    %load/vec4 v000001813b155f00_0;
    %addi 1, 0, 32;
    %store/vec4 v000001813b155f00_0, 0, 32;
    %jmp T_1.2;
T_1.3 ;
    %jmp T_1.1;
T_1.0 ;
    %load/vec4 v000001813b156040_0;
    %pad/u 32;
    %cmpi/e 1, 0, 32;
    %jmp/0xz  T_1.4, 4;
    %load/vec4 v000001813b1555a0_0;
    %load/vec4 v000001813b155320_0;
    %parti/s 12, 2, 3;
    %pad/u 14;
    %ix/vec4 3;
    %ix/load 4, 0, 0; Constant delay
    %assign/vec4/a/d v000001813b1565e0, 0, 4;
    %vpi_call 2 48 "$display", "%d@%h: *%h <= %h", $time, v000001813b154ba0_0, v000001813b155320_0, v000001813b1555a0_0 {0 0 0};
T_1.4 ;
T_1.1 ;
    %jmp T_1;
    .thread T_1;
# The file index is used to find the file name in the following table.
:file_names 3;
    "N/A";
    "<interactive>";
    "DM.v";
