#! /c/Source/iverilog-install/bin/vvp
:ivl_version "12.0 (devel)" "(s20150603-1110-g18392a46)";
:ivl_delay_selection "TYPICAL";
:vpi_time_precision + 0;
:vpi_module "D:\iverilog\iverilog\lib\ivl\system.vpi";
:vpi_module "D:\iverilog\iverilog\lib\ivl\vhdl_sys.vpi";
:vpi_module "D:\iverilog\iverilog\lib\ivl\vhdl_textio.vpi";
:vpi_module "D:\iverilog\iverilog\lib\ivl\v2005_math.vpi";
:vpi_module "D:\iverilog\iverilog\lib\ivl\va_math.vpi";
S_000001899fddbf40 .scope module, "FlowReg_E" "FlowReg_E" 2 1;
 .timescale 0 0;
    .port_info 0 /INPUT 1 "clk";
    .port_info 1 /INPUT 1 "CLR_E";
    .port_info 2 /INPUT 1 "rfwe_D";
    .port_info 3 /INPUT 1 "dmwe_D";
    .port_info 4 /INPUT 2 "rfwdsel_D";
    .port_info 5 /INPUT 2 "asel_D";
    .port_info 6 /INPUT 2 "bsel_D";
    .port_info 7 /INPUT 2 "dmtype_D";
    .port_info 8 /INPUT 2 "tnew_D";
    .port_info 9 /INPUT 5 "aluop_D";
    .port_info 10 /INPUT 5 "read1addr_D";
    .port_info 11 /INPUT 5 "read2addr_D";
    .port_info 12 /INPUT 5 "writeaddr_D";
    .port_info 13 /INPUT 32 "rfrd1_D";
    .port_info 14 /INPUT 32 "rfrd2_D";
    .port_info 15 /INPUT 32 "pc_Jal_D";
    .port_info 16 /INPUT 32 "extres_D";
    .port_info 17 /OUTPUT 1 "rfwe_E";
    .port_info 18 /OUTPUT 1 "dmwe_E";
    .port_info 19 /OUTPUT 2 "rfwdsel_E";
    .port_info 20 /OUTPUT 2 "asel_E";
    .port_info 21 /OUTPUT 2 "bsel_E";
    .port_info 22 /OUTPUT 2 "dmtype_E";
    .port_info 23 /OUTPUT 2 "tnew_E";
    .port_info 24 /OUTPUT 5 "aluop_E";
    .port_info 25 /OUTPUT 5 "read1addr_E";
    .port_info 26 /OUTPUT 5 "read2addr_E";
    .port_info 27 /OUTPUT 5 "writeaddr_E";
    .port_info 28 /OUTPUT 32 "rfrd1_E";
    .port_info 29 /OUTPUT 32 "rfrd2_E";
    .port_info 30 /OUTPUT 32 "pc_Jal_E";
    .port_info 31 /OUTPUT 32 "extres_E";
o000001899fe31fa8 .functor BUFZ 1, C4<z>; HiZ drive
v000001899fdf3600_0 .net "CLR_E", 0 0, o000001899fe31fa8;  0 drivers
o000001899fe31fd8 .functor BUFZ 5, C4<zzzzz>; HiZ drive
v000001899fdf3330_0 .net "aluop_D", 4 0, o000001899fe31fd8;  0 drivers
v000001899fe208a0_0 .var "aluop_E", 4 0;
o000001899fe32038 .functor BUFZ 2, C4<zz>; HiZ drive
v000001899fe20940_0 .net "asel_D", 1 0, o000001899fe32038;  0 drivers
v000001899fe209e0_0 .var "asel_E", 1 0;
o000001899fe32098 .functor BUFZ 2, C4<zz>; HiZ drive
v000001899fe20a80_0 .net "bsel_D", 1 0, o000001899fe32098;  0 drivers
v000001899fe20b20_0 .var "bsel_E", 1 0;
o000001899fe320f8 .functor BUFZ 1, C4<z>; HiZ drive
v000001899fe20bc0_0 .net "clk", 0 0, o000001899fe320f8;  0 drivers
o000001899fe32128 .functor BUFZ 2, C4<zz>; HiZ drive
v000001899fe20c60_0 .net "dmtype_D", 1 0, o000001899fe32128;  0 drivers
v000001899fe20d00_0 .var "dmtype_E", 1 0;
o000001899fe32188 .functor BUFZ 1, C4<z>; HiZ drive
v000001899fe20da0_0 .net "dmwe_D", 0 0, o000001899fe32188;  0 drivers
v000001899fe20e40_0 .var "dmwe_E", 0 0;
o000001899fe321e8 .functor BUFZ 32, C4<zzzzzzzzzzzzzzzzzzzzzzzzzzzzzzzz>; HiZ drive
v000001899fe20ee0_0 .net "extres_D", 31 0, o000001899fe321e8;  0 drivers
v000001899fe20f80_0 .var "extres_E", 31 0;
o000001899fe32248 .functor BUFZ 32, C4<zzzzzzzzzzzzzzzzzzzzzzzzzzzzzzzz>; HiZ drive
v000001899fe21020_0 .net "pc_Jal_D", 31 0, o000001899fe32248;  0 drivers
v000001899fe210c0_0 .var "pc_Jal_E", 31 0;
o000001899fe322a8 .functor BUFZ 5, C4<zzzzz>; HiZ drive
v000001899fe21610_0 .net "read1addr_D", 4 0, o000001899fe322a8;  0 drivers
v000001899fe22010_0 .var "read1addr_E", 4 0;
o000001899fe32308 .functor BUFZ 5, C4<zzzzz>; HiZ drive
v000001899fe21d90_0 .net "read2addr_D", 4 0, o000001899fe32308;  0 drivers
v000001899fe219d0_0 .var "read2addr_E", 4 0;
o000001899fe32368 .functor BUFZ 32, C4<zzzzzzzzzzzzzzzzzzzzzzzzzzzzzzzz>; HiZ drive
v000001899fe216b0_0 .net "rfrd1_D", 31 0, o000001899fe32368;  0 drivers
v000001899fe21cf0_0 .var "rfrd1_E", 31 0;
o000001899fe323c8 .functor BUFZ 32, C4<zzzzzzzzzzzzzzzzzzzzzzzzzzzzzzzz>; HiZ drive
v000001899fe211b0_0 .net "rfrd2_D", 31 0, o000001899fe323c8;  0 drivers
v000001899fe212f0_0 .var "rfrd2_E", 31 0;
o000001899fe32428 .functor BUFZ 2, C4<zz>; HiZ drive
v000001899fe21e30_0 .net "rfwdsel_D", 1 0, o000001899fe32428;  0 drivers
v000001899fe21b10_0 .var "rfwdsel_E", 1 0;
o000001899fe32488 .functor BUFZ 1, C4<z>; HiZ drive
v000001899fe220b0_0 .net "rfwe_D", 0 0, o000001899fe32488;  0 drivers
v000001899fe214d0_0 .var "rfwe_E", 0 0;
o000001899fe324e8 .functor BUFZ 2, C4<zz>; HiZ drive
v000001899fe21430_0 .net "tnew_D", 1 0, o000001899fe324e8;  0 drivers
v000001899fe21f70_0 .var "tnew_E", 1 0;
o000001899fe32548 .functor BUFZ 5, C4<zzzzz>; HiZ drive
v000001899fe21750_0 .net "writeaddr_D", 4 0, o000001899fe32548;  0 drivers
v000001899fe217f0_0 .var "writeaddr_E", 4 0;
E_000001899fddb5d0 .event posedge, v000001899fe20bc0_0;
    .scope S_000001899fddbf40;
T_0 ;
    %pushi/vec4 0, 0, 1;
    %assign/vec4 v000001899fe214d0_0, 0;
    %pushi/vec4 0, 0, 1;
    %assign/vec4 v000001899fe20e40_0, 0;
    %pushi/vec4 0, 0, 2;
    %assign/vec4 v000001899fe21b10_0, 0;
    %pushi/vec4 0, 0, 2;
    %assign/vec4 v000001899fe209e0_0, 0;
    %pushi/vec4 0, 0, 2;
    %assign/vec4 v000001899fe20b20_0, 0;
    %pushi/vec4 0, 0, 2;
    %assign/vec4 v000001899fe20d00_0, 0;
    %pushi/vec4 0, 0, 2;
    %assign/vec4 v000001899fe21f70_0, 0;
    %pushi/vec4 0, 0, 5;
    %assign/vec4 v000001899fe208a0_0, 0;
    %pushi/vec4 0, 0, 5;
    %assign/vec4 v000001899fe22010_0, 0;
    %pushi/vec4 0, 0, 5;
    %assign/vec4 v000001899fe219d0_0, 0;
    %pushi/vec4 0, 0, 5;
    %assign/vec4 v000001899fe217f0_0, 0;
    %pushi/vec4 0, 0, 32;
    %assign/vec4 v000001899fe21cf0_0, 0;
    %pushi/vec4 0, 0, 32;
    %assign/vec4 v000001899fe212f0_0, 0;
    %pushi/vec4 0, 0, 32;
    %assign/vec4 v000001899fe210c0_0, 0;
    %pushi/vec4 0, 0, 32;
    %assign/vec4 v000001899fe20f80_0, 0;
    %end;
    .thread T_0;
    .scope S_000001899fddbf40;
T_1 ;
    %wait E_000001899fddb5d0;
    %load/vec4 v000001899fdf3600_0;
    %pad/u 32;
    %cmpi/e 1, 0, 32;
    %jmp/0xz  T_1.0, 4;
    %pushi/vec4 0, 0, 1;
    %assign/vec4 v000001899fe214d0_0, 0;
    %pushi/vec4 0, 0, 1;
    %assign/vec4 v000001899fe20e40_0, 0;
    %pushi/vec4 0, 0, 2;
    %assign/vec4 v000001899fe21b10_0, 0;
    %pushi/vec4 0, 0, 2;
    %assign/vec4 v000001899fe209e0_0, 0;
    %pushi/vec4 0, 0, 2;
    %assign/vec4 v000001899fe20b20_0, 0;
    %pushi/vec4 0, 0, 2;
    %assign/vec4 v000001899fe20d00_0, 0;
    %pushi/vec4 0, 0, 2;
    %assign/vec4 v000001899fe21f70_0, 0;
    %pushi/vec4 0, 0, 5;
    %assign/vec4 v000001899fe208a0_0, 0;
    %pushi/vec4 0, 0, 5;
    %assign/vec4 v000001899fe22010_0, 0;
    %pushi/vec4 0, 0, 5;
    %assign/vec4 v000001899fe219d0_0, 0;
    %pushi/vec4 0, 0, 5;
    %assign/vec4 v000001899fe217f0_0, 0;
    %pushi/vec4 0, 0, 32;
    %assign/vec4 v000001899fe21cf0_0, 0;
    %pushi/vec4 0, 0, 32;
    %assign/vec4 v000001899fe212f0_0, 0;
    %pushi/vec4 0, 0, 32;
    %assign/vec4 v000001899fe210c0_0, 0;
    %pushi/vec4 0, 0, 32;
    %assign/vec4 v000001899fe20f80_0, 0;
    %jmp T_1.1;
T_1.0 ;
    %load/vec4 v000001899fe220b0_0;
    %assign/vec4 v000001899fe214d0_0, 0;
    %load/vec4 v000001899fe20da0_0;
    %assign/vec4 v000001899fe20e40_0, 0;
    %load/vec4 v000001899fe21e30_0;
    %assign/vec4 v000001899fe21b10_0, 0;
    %load/vec4 v000001899fe20940_0;
    %assign/vec4 v000001899fe209e0_0, 0;
    %load/vec4 v000001899fe20a80_0;
    %assign/vec4 v000001899fe20b20_0, 0;
    %load/vec4 v000001899fe20c60_0;
    %assign/vec4 v000001899fe20d00_0, 0;
    %load/vec4 v000001899fe21430_0;
    %assign/vec4 v000001899fe21f70_0, 0;
    %pushi/vec4 0, 0, 5;
    %assign/vec4 v000001899fe208a0_0, 0;
    %load/vec4 v000001899fe21610_0;
    %assign/vec4 v000001899fe22010_0, 0;
    %load/vec4 v000001899fe21d90_0;
    %assign/vec4 v000001899fe219d0_0, 0;
    %load/vec4 v000001899fe21750_0;
    %assign/vec4 v000001899fe217f0_0, 0;
    %load/vec4 v000001899fe216b0_0;
    %assign/vec4 v000001899fe21cf0_0, 0;
    %load/vec4 v000001899fe211b0_0;
    %assign/vec4 v000001899fe212f0_0, 0;
    %load/vec4 v000001899fe21020_0;
    %assign/vec4 v000001899fe210c0_0, 0;
    %load/vec4 v000001899fe20ee0_0;
    %assign/vec4 v000001899fe20f80_0, 0;
T_1.1 ;
    %jmp T_1;
    .thread T_1;
# The file index is used to find the file name in the following table.
:file_names 3;
    "N/A";
    "<interactive>";
    "FlowReg_E.v";
