#! /c/Source/iverilog-install/bin/vvp
:ivl_version "12.0 (devel)" "(s20150603-1110-g18392a46)";
:ivl_delay_selection "TYPICAL";
:vpi_time_precision + 0;
:vpi_module "D:\iverilog\iverilog\lib\ivl\system.vpi";
:vpi_module "D:\iverilog\iverilog\lib\ivl\vhdl_sys.vpi";
:vpi_module "D:\iverilog\iverilog\lib\ivl\vhdl_textio.vpi";
:vpi_module "D:\iverilog\iverilog\lib\ivl\v2005_math.vpi";
:vpi_module "D:\iverilog\iverilog\lib\ivl\va_math.vpi";
S_000001f2c1096260 .scope module, "FlowReg_D" "FlowReg_D" 2 1;
 .timescale 0 0;
    .port_info 0 /INPUT 1 "clk";
    .port_info 1 /INPUT 1 "En_D";
    .port_info 2 /INPUT 1 "CLR_D";
    .port_info 3 /INPUT 32 "command_F";
    .port_info 4 /INPUT 32 "commandAddr_F";
    .port_info 5 /OUTPUT 32 "command_D";
    .port_info 6 /OUTPUT 32 "commandAddr_D";
o000001f2c10e6fd8 .functor BUFZ 1, C4<z>; HiZ drive
v000001f2c1096930_0 .net "CLR_D", 0 0, o000001f2c10e6fd8;  0 drivers
o000001f2c10e7008 .functor BUFZ 1, C4<z>; HiZ drive
v000001f2c10963f0_0 .net "En_D", 0 0, o000001f2c10e7008;  0 drivers
o000001f2c10e7038 .functor BUFZ 1, C4<z>; HiZ drive
v000001f2c1096490_0 .net "clk", 0 0, o000001f2c10e7038;  0 drivers
v000001f2c1096530_0 .var "commandAddr_D", 31 0;
o000001f2c10e7098 .functor BUFZ 32, C4<zzzzzzzzzzzzzzzzzzzzzzzzzzzzzzzz>; HiZ drive
v000001f2c10965d0_0 .net "commandAddr_F", 31 0, o000001f2c10e7098;  0 drivers
v000001f2c1096670_0 .var "command_D", 31 0;
o000001f2c10e70f8 .functor BUFZ 32, C4<zzzzzzzzzzzzzzzzzzzzzzzzzzzzzzzz>; HiZ drive
v000001f2c10e3580_0 .net "command_F", 31 0, o000001f2c10e70f8;  0 drivers
E_000001f2c109bef0 .event posedge, v000001f2c1096490_0;
    .scope S_000001f2c1096260;
T_0 ;
    %pushi/vec4 0, 0, 32;
    %store/vec4 v000001f2c1096670_0, 0, 32;
    %pushi/vec4 0, 0, 32;
    %store/vec4 v000001f2c1096530_0, 0, 32;
    %end;
    .thread T_0;
    .scope S_000001f2c1096260;
T_1 ;
    %wait E_000001f2c109bef0;
    %load/vec4 v000001f2c1096930_0;
    %pad/u 32;
    %cmpi/e 1, 0, 32;
    %jmp/0xz  T_1.0, 4;
    %pushi/vec4 0, 0, 32;
    %assign/vec4 v000001f2c1096670_0, 0;
    %pushi/vec4 0, 0, 32;
    %assign/vec4 v000001f2c1096530_0, 0;
    %jmp T_1.1;
T_1.0 ;
    %load/vec4 v000001f2c10963f0_0;
    %pad/u 32;
    %cmpi/e 1, 0, 32;
    %jmp/0xz  T_1.2, 4;
    %load/vec4 v000001f2c10e3580_0;
    %assign/vec4 v000001f2c1096670_0, 0;
    %load/vec4 v000001f2c10965d0_0;
    %assign/vec4 v000001f2c1096530_0, 0;
T_1.2 ;
T_1.1 ;
    %jmp T_1;
    .thread T_1;
# The file index is used to find the file name in the following table.
:file_names 3;
    "N/A";
    "<interactive>";
    "FlowReg_D.v";
