#! /c/Source/iverilog-install/bin/vvp
:ivl_version "12.0 (devel)" "(s20150603-1110-g18392a46)";
:ivl_delay_selection "TYPICAL";
:vpi_time_precision + 0;
:vpi_module "D:\iverilog\iverilog\lib\ivl\system.vpi";
:vpi_module "D:\iverilog\iverilog\lib\ivl\vhdl_sys.vpi";
:vpi_module "D:\iverilog\iverilog\lib\ivl\vhdl_textio.vpi";
:vpi_module "D:\iverilog\iverilog\lib\ivl\v2005_math.vpi";
:vpi_module "D:\iverilog\iverilog\lib\ivl\va_math.vpi";
S_0000024a9bb03040 .scope module, "FlowReg_W" "FlowReg_W" 2 1;
 .timescale 0 0;
    .port_info 0 /INPUT 1 "clk";
    .port_info 1 /INPUT 1 "rfwe_M";
    .port_info 2 /INPUT 2 "rfwdsel_M";
    .port_info 3 /INPUT 2 "tnew_M";
    .port_info 4 /INPUT 5 "writeaddr_M";
    .port_info 5 /INPUT 32 "ALUres_M";
    .port_info 6 /INPUT 32 "DMRes_M";
    .port_info 7 /INPUT 32 "pc_Jal_M";
    .port_info 8 /OUTPUT 1 "rfwe_W";
    .port_info 9 /OUTPUT 2 "rfwdsel_W";
    .port_info 10 /OUTPUT 2 "tnew_W";
    .port_info 11 /OUTPUT 5 "writeaddr_W";
    .port_info 12 /OUTPUT 32 "ALUres_W";
    .port_info 13 /OUTPUT 32 "DMRes_W";
    .port_info 14 /OUTPUT 32 "pc_Jal_W";
o0000024a9bb38fd8 .functor BUFZ 32, C4<zzzzzzzzzzzzzzzzzzzzzzzzzzzzzzzz>; HiZ drive
v0000024a9bb03600_0 .net "ALUres_M", 31 0, o0000024a9bb38fd8;  0 drivers
v0000024a9bb032d0_0 .var "ALUres_W", 31 0;
o0000024a9bb39038 .functor BUFZ 32, C4<zzzzzzzzzzzzzzzzzzzzzzzzzzzzzzzz>; HiZ drive
v0000024a9bb03370_0 .net "DMRes_M", 31 0, o0000024a9bb39038;  0 drivers
v0000024a9bb34470_0 .var "DMRes_W", 31 0;
o0000024a9bb39098 .functor BUFZ 1, C4<z>; HiZ drive
v0000024a9bb34510_0 .net "clk", 0 0, o0000024a9bb39098;  0 drivers
o0000024a9bb390c8 .functor BUFZ 32, C4<zzzzzzzzzzzzzzzzzzzzzzzzzzzzzzzz>; HiZ drive
v0000024a9bb345b0_0 .net "pc_Jal_M", 31 0, o0000024a9bb390c8;  0 drivers
v0000024a9bb34650_0 .var "pc_Jal_W", 31 0;
o0000024a9bb39128 .functor BUFZ 2, C4<zz>; HiZ drive
v0000024a9bb346f0_0 .net "rfwdsel_M", 1 0, o0000024a9bb39128;  0 drivers
v0000024a9baec060_0 .var "rfwdsel_W", 1 0;
o0000024a9bb39188 .functor BUFZ 1, C4<z>; HiZ drive
v0000024a9baec100_0 .net "rfwe_M", 0 0, o0000024a9bb39188;  0 drivers
v0000024a9baec1a0_0 .var "rfwe_W", 0 0;
o0000024a9bb391e8 .functor BUFZ 2, C4<zz>; HiZ drive
v0000024a9baec240_0 .net "tnew_M", 1 0, o0000024a9bb391e8;  0 drivers
v0000024a9baec2e0_0 .var "tnew_W", 1 0;
o0000024a9bb39248 .functor BUFZ 5, C4<zzzzz>; HiZ drive
v0000024a9baec380_0 .net "writeaddr_M", 4 0, o0000024a9bb39248;  0 drivers
v0000024a9bb7a840_0 .var "writeaddr_W", 4 0;
E_0000024a9bae8dc0 .event posedge, v0000024a9bb34510_0;
    .scope S_0000024a9bb03040;
T_0 ;
    %pushi/vec4 0, 0, 1;
    %assign/vec4 v0000024a9baec1a0_0, 0;
    %pushi/vec4 0, 0, 5;
    %assign/vec4 v0000024a9bb7a840_0, 0;
    %pushi/vec4 0, 0, 2;
    %assign/vec4 v0000024a9baec060_0, 0;
    %pushi/vec4 0, 0, 2;
    %assign/vec4 v0000024a9baec2e0_0, 0;
    %pushi/vec4 0, 0, 32;
    %assign/vec4 v0000024a9bb032d0_0, 0;
    %pushi/vec4 0, 0, 32;
    %assign/vec4 v0000024a9bb34470_0, 0;
    %pushi/vec4 0, 0, 32;
    %assign/vec4 v0000024a9bb34650_0, 0;
    %end;
    .thread T_0;
    .scope S_0000024a9bb03040;
T_1 ;
    %wait E_0000024a9bae8dc0;
    %load/vec4 v0000024a9baec100_0;
    %assign/vec4 v0000024a9baec1a0_0, 0;
    %load/vec4 v0000024a9baec380_0;
    %assign/vec4 v0000024a9bb7a840_0, 0;
    %load/vec4 v0000024a9bb346f0_0;
    %assign/vec4 v0000024a9baec060_0, 0;
    %load/vec4 v0000024a9baec240_0;
    %assign/vec4 v0000024a9baec2e0_0, 0;
    %load/vec4 v0000024a9bb03600_0;
    %assign/vec4 v0000024a9bb032d0_0, 0;
    %load/vec4 v0000024a9bb03370_0;
    %assign/vec4 v0000024a9bb34470_0, 0;
    %load/vec4 v0000024a9bb345b0_0;
    %assign/vec4 v0000024a9bb34650_0, 0;
    %jmp T_1;
    .thread T_1;
# The file index is used to find the file name in the following table.
:file_names 3;
    "N/A";
    "<interactive>";
    "FlowReg_W.v";
