#! /c/Source/iverilog-install/bin/vvp
:ivl_version "12.0 (devel)" "(s20150603-1110-g18392a46)";
:ivl_delay_selection "TYPICAL";
:vpi_time_precision + 0;
:vpi_module "D:\iverilog\iverilog\lib\ivl\system.vpi";
:vpi_module "D:\iverilog\iverilog\lib\ivl\vhdl_sys.vpi";
:vpi_module "D:\iverilog\iverilog\lib\ivl\vhdl_textio.vpi";
:vpi_module "D:\iverilog\iverilog\lib\ivl\v2005_math.vpi";
:vpi_module "D:\iverilog\iverilog\lib\ivl\va_math.vpi";
S_000001dd8bb56260 .scope module, "NPC" "NPC" 2 1;
 .timescale 0 0;
    .port_info 0 /INPUT 32 "pc_D";
    .port_info 1 /INPUT 32 "command";
    .port_info 2 /INPUT 32 "rfrd1";
    .port_info 3 /OUTPUT 32 "pc_D_B";
    .port_info 4 /OUTPUT 32 "pc_D_JJal";
    .port_info 5 /OUTPUT 32 "pc_D_Jr";
    .port_info 6 /OUTPUT 32 "pc_D8";
o000001dd8ba77308 .functor BUFZ 32, C4<zzzzzzzzzzzzzzzzzzzzzzzzzzzzzzzz>; HiZ drive
L_000001dd8bb566e0 .functor BUFZ 32, o000001dd8ba77308, C4<00000000000000000000000000000000>, C4<00000000000000000000000000000000>, C4<00000000000000000000000000000000>;
L_000001dd8babb038 .functor BUFT 1, C4<00000000000000000000000000000100>, C4<0>, C4<0>, C4<0>;
v000001dd8bb56a80_0 .net/2u *"_ivl_0", 31 0, L_000001dd8babb038;  1 drivers
v000001dd8bb5bd60_0 .net *"_ivl_10", 15 0, L_000001dd8baba930;  1 drivers
L_000001dd8babb080 .functor BUFT 1, C4<00>, C4<0>, C4<0>, C4<0>;
v000001dd8bb563f0_0 .net/2u *"_ivl_12", 1 0, L_000001dd8babb080;  1 drivers
v000001dd8bb56490_0 .net *"_ivl_14", 31 0, L_000001dd8babad90;  1 drivers
v000001dd8bb56530_0 .net *"_ivl_19", 3 0, L_000001dd8baba4d0;  1 drivers
v000001dd8baba430_0 .net *"_ivl_2", 31 0, L_000001dd8babac50;  1 drivers
v000001dd8babaed0_0 .net *"_ivl_21", 25 0, L_000001dd8baba9d0;  1 drivers
L_000001dd8babb0c8 .functor BUFT 1, C4<00>, C4<0>, C4<0>, C4<0>;
v000001dd8baba6b0_0 .net/2u *"_ivl_22", 1 0, L_000001dd8babb0c8;  1 drivers
L_000001dd8babb110 .functor BUFT 1, C4<00000000000000000000000000001000>, C4<0>, C4<0>, C4<0>;
v000001dd8baba750_0 .net/2u *"_ivl_28", 31 0, L_000001dd8babb110;  1 drivers
v000001dd8babab10_0 .net *"_ivl_5", 0 0, L_000001dd8baba390;  1 drivers
v000001dd8baba250_0 .net *"_ivl_6", 13 0, L_000001dd8babacf0;  1 drivers
v000001dd8baba7f0_0 .net *"_ivl_9", 15 0, L_000001dd8baba070;  1 drivers
o000001dd8ba771e8 .functor BUFZ 32, C4<zzzzzzzzzzzzzzzzzzzzzzzzzzzzzzzz>; HiZ drive
v000001dd8baba1b0_0 .net "command", 31 0, o000001dd8ba771e8;  0 drivers
o000001dd8ba77218 .functor BUFZ 32, C4<zzzzzzzzzzzzzzzzzzzzzzzzzzzzzzzz>; HiZ drive
v000001dd8baba570_0 .net "pc_D", 31 0, o000001dd8ba77218;  0 drivers
v000001dd8bababb0_0 .net "pc_D8", 31 0, L_000001dd8babae30;  1 drivers
v000001dd8baba2f0_0 .net "pc_D_B", 31 0, L_000001dd8baba110;  1 drivers
v000001dd8baba890_0 .net "pc_D_JJal", 31 0, L_000001dd8babaa70;  1 drivers
v000001dd8baba610_0 .net "pc_D_Jr", 31 0, L_000001dd8bb566e0;  1 drivers
v000001dd8babaf70_0 .net "rfrd1", 31 0, o000001dd8ba77308;  0 drivers
L_000001dd8babac50 .arith/sum 32, o000001dd8ba77218, L_000001dd8babb038;
L_000001dd8baba390 .part o000001dd8ba771e8, 15, 1;
LS_000001dd8babacf0_0_0 .concat [ 1 1 1 1], L_000001dd8baba390, L_000001dd8baba390, L_000001dd8baba390, L_000001dd8baba390;
LS_000001dd8babacf0_0_4 .concat [ 1 1 1 1], L_000001dd8baba390, L_000001dd8baba390, L_000001dd8baba390, L_000001dd8baba390;
LS_000001dd8babacf0_0_8 .concat [ 1 1 1 1], L_000001dd8baba390, L_000001dd8baba390, L_000001dd8baba390, L_000001dd8baba390;
LS_000001dd8babacf0_0_12 .concat [ 1 1 0 0], L_000001dd8baba390, L_000001dd8baba390;
L_000001dd8babacf0 .concat [ 4 4 4 2], LS_000001dd8babacf0_0_0, LS_000001dd8babacf0_0_4, LS_000001dd8babacf0_0_8, LS_000001dd8babacf0_0_12;
L_000001dd8baba070 .part o000001dd8ba771e8, 0, 16;
L_000001dd8baba930 .concat [ 16 0 0 0], L_000001dd8baba070;
L_000001dd8babad90 .concat [ 2 16 14 0], L_000001dd8babb080, L_000001dd8baba930, L_000001dd8babacf0;
L_000001dd8baba110 .arith/sum 32, L_000001dd8babac50, L_000001dd8babad90;
L_000001dd8baba4d0 .part o000001dd8ba77218, 28, 4;
L_000001dd8baba9d0 .part o000001dd8ba771e8, 0, 26;
L_000001dd8babaa70 .concat [ 2 26 4 0], L_000001dd8babb0c8, L_000001dd8baba9d0, L_000001dd8baba4d0;
L_000001dd8babae30 .arith/sum 32, o000001dd8ba77218, L_000001dd8babb110;
# The file index is used to find the file name in the following table.
:file_names 3;
    "N/A";
    "<interactive>";
    "NPC.v";
