#! /c/Source/iverilog-install/bin/vvp
:ivl_version "12.0 (devel)" "(s20150603-1110-g18392a46)";
:ivl_delay_selection "TYPICAL";
:vpi_time_precision + 0;
:vpi_module "D:\iverilog\iverilog\lib\ivl\system.vpi";
:vpi_module "D:\iverilog\iverilog\lib\ivl\vhdl_sys.vpi";
:vpi_module "D:\iverilog\iverilog\lib\ivl\vhdl_textio.vpi";
:vpi_module "D:\iverilog\iverilog\lib\ivl\v2005_math.vpi";
:vpi_module "D:\iverilog\iverilog\lib\ivl\va_math.vpi";
S_000001fdbbfa6260 .scope module, "PC" "PC" 2 1;
 .timescale 0 0;
    .port_info 0 /INPUT 1 "clk";
    .port_info 1 /INPUT 1 "reset";
    .port_info 2 /INPUT 1 "pcenable";
    .port_info 3 /INPUT 32 "npc";
    .port_info 4 /INPUT 3 "npcop";
    .port_info 5 /INPUT 32 "pc_D_B";
    .port_info 6 /INPUT 32 "pc_D_JJal";
    .port_info 7 /INPUT 32 "pc_D_Jr";
    .port_info 8 /INPUT 1 "branch";
    .port_info 9 /OUTPUT 32 "currentpc_F";
L_000001fdbc03e858 .functor BUFT 1, C4<00000000000000000000000000000100>, C4<0>, C4<0>, C4<0>;
v000001fdbbfe7820_0 .net/2u *"_ivl_0", 31 0, L_000001fdbc03e858;  1 drivers
o000001fdbbffa008 .functor BUFZ 1, C4<z>; HiZ drive
v000001fdbbfe6e20_0 .net "branch", 0 0, o000001fdbbffa008;  0 drivers
o000001fdbbffa038 .functor BUFZ 1, C4<z>; HiZ drive
v000001fdbbfe7320_0 .net "clk", 0 0, o000001fdbbffa038;  0 drivers
v000001fdbbfe6ec0_0 .var "currentpc_F", 31 0;
o000001fdbbffa098 .functor BUFZ 32, C4<zzzzzzzzzzzzzzzzzzzzzzzzzzzzzzzz>; HiZ drive
v000001fdbbfe78c0_0 .net "npc", 31 0, o000001fdbbffa098;  0 drivers
o000001fdbbffa0c8 .functor BUFZ 3, C4<zzz>; HiZ drive
v000001fdbbfe75a0_0 .net "npcop", 2 0, o000001fdbbffa0c8;  0 drivers
v000001fdbbfe6f60_0 .net "pc4_F", 31 0, L_000001fdbbfe7be0;  1 drivers
o000001fdbbffa128 .functor BUFZ 32, C4<zzzzzzzzzzzzzzzzzzzzzzzzzzzzzzzz>; HiZ drive
v000001fdbbfe6d80_0 .net "pc_D_B", 31 0, o000001fdbbffa128;  0 drivers
o000001fdbbffa158 .functor BUFZ 32, C4<zzzzzzzzzzzzzzzzzzzzzzzzzzzzzzzz>; HiZ drive
v000001fdbbfe7a00_0 .net "pc_D_JJal", 31 0, o000001fdbbffa158;  0 drivers
o000001fdbbffa188 .functor BUFZ 32, C4<zzzzzzzzzzzzzzzzzzzzzzzzzzzzzzzz>; HiZ drive
v000001fdbbfe7780_0 .net "pc_D_Jr", 31 0, o000001fdbbffa188;  0 drivers
o000001fdbbffa1b8 .functor BUFZ 1, C4<z>; HiZ drive
v000001fdbbfe7000_0 .net "pcenable", 0 0, o000001fdbbffa1b8;  0 drivers
o000001fdbbffa1e8 .functor BUFZ 1, C4<z>; HiZ drive
v000001fdbbfe7960_0 .net "reset", 0 0, o000001fdbbffa1e8;  0 drivers
E_000001fdbbfaa1e0 .event posedge, v000001fdbbfe7320_0;
L_000001fdbbfe7be0 .arith/sum 32, v000001fdbbfe6ec0_0, L_000001fdbc03e858;
    .scope S_000001fdbbfa6260;
T_0 ;
    %pushi/vec4 12288, 0, 32;
    %store/vec4 v000001fdbbfe6ec0_0, 0, 32;
    %end;
    .thread T_0;
    .scope S_000001fdbbfa6260;
T_1 ;
    %wait E_000001fdbbfaa1e0;
    %load/vec4 v000001fdbbfe7960_0;
    %pad/u 32;
    %cmpi/e 1, 0, 32;
    %jmp/0xz  T_1.0, 4;
    %pushi/vec4 12288, 0, 32;
    %assign/vec4 v000001fdbbfe6ec0_0, 0;
    %jmp T_1.1;
T_1.0 ;
    %load/vec4 v000001fdbbfe7000_0;
    %pad/u 32;
    %cmpi/e 1, 0, 32;
    %jmp/0xz  T_1.2, 4;
    %load/vec4 v000001fdbbfe75a0_0;
    %dup/vec4;
    %pushi/vec4 0, 0, 3;
    %cmp/u;
    %jmp/1 T_1.4, 6;
    %dup/vec4;
    %pushi/vec4 1, 0, 3;
    %cmp/u;
    %jmp/1 T_1.5, 6;
    %dup/vec4;
    %pushi/vec4 2, 0, 3;
    %cmp/u;
    %jmp/1 T_1.6, 6;
    %dup/vec4;
    %pushi/vec4 3, 0, 3;
    %cmp/u;
    %jmp/1 T_1.7, 6;
    %pushi/vec4 12288, 0, 32;
    %assign/vec4 v000001fdbbfe6ec0_0, 0;
    %jmp T_1.9;
T_1.4 ;
    %load/vec4 v000001fdbbfe6f60_0;
    %assign/vec4 v000001fdbbfe6ec0_0, 0;
    %jmp T_1.9;
T_1.5 ;
    %load/vec4 v000001fdbbfe6e20_0;
    %pad/u 32;
    %cmpi/e 1, 0, 32;
    %jmp/0xz  T_1.10, 4;
    %load/vec4 v000001fdbbfe6d80_0;
    %assign/vec4 v000001fdbbfe6ec0_0, 0;
    %jmp T_1.11;
T_1.10 ;
    %load/vec4 v000001fdbbfe6f60_0;
    %assign/vec4 v000001fdbbfe6ec0_0, 0;
T_1.11 ;
    %jmp T_1.9;
T_1.6 ;
    %load/vec4 v000001fdbbfe7a00_0;
    %assign/vec4 v000001fdbbfe6ec0_0, 0;
    %jmp T_1.9;
T_1.7 ;
    %load/vec4 v000001fdbbfe7780_0;
    %assign/vec4 v000001fdbbfe6ec0_0, 0;
    %jmp T_1.9;
T_1.9 ;
    %pop/vec4 1;
T_1.2 ;
T_1.1 ;
    %jmp T_1;
    .thread T_1;
# The file index is used to find the file name in the following table.
:file_names 3;
    "N/A";
    "<interactive>";
    "PC.V";
