#! /c/Source/iverilog-install/bin/vvp
:ivl_version "12.0 (devel)" "(s20150603-1110-g18392a46)";
:ivl_delay_selection "TYPICAL";
:vpi_time_precision + 0;
:vpi_module "D:\iverilog\iverilog\lib\ivl\system.vpi";
:vpi_module "D:\iverilog\iverilog\lib\ivl\vhdl_sys.vpi";
:vpi_module "D:\iverilog\iverilog\lib\ivl\vhdl_textio.vpi";
:vpi_module "D:\iverilog\iverilog\lib\ivl\v2005_math.vpi";
:vpi_module "D:\iverilog\iverilog\lib\ivl\va_math.vpi";
S_000001d5358d6260 .scope module, "RF" "RF" 2 1;
 .timescale 0 0;
    .port_info 0 /INPUT 1 "clk";
    .port_info 1 /INPUT 1 "reset";
    .port_info 2 /INPUT 5 "a1";
    .port_info 3 /INPUT 5 "a2";
    .port_info 4 /INPUT 5 "a3";
    .port_info 5 /INPUT 1 "rfwe";
    .port_info 6 /INPUT 32 "rfwd";
    .port_info 7 /INPUT 32 "pc_D";
    .port_info 8 /OUTPUT 32 "rfrd1";
    .port_info 9 /OUTPUT 32 "rfrd2";
L_000001d535a290c0 .functor BUFZ 32, L_000001d5359e0040, C4<00000000000000000000000000000000>, C4<00000000000000000000000000000000>, C4<00000000000000000000000000000000>;
L_000001d535a28e90 .functor BUFZ 32, L_000001d5359e0a40, C4<00000000000000000000000000000000>, C4<00000000000000000000000000000000>, C4<00000000000000000000000000000000>;
v000001d5358d6910_0 .net *"_ivl_0", 31 0, L_000001d5359e0040;  1 drivers
v000001d5358d63f0_0 .net *"_ivl_10", 6 0, L_000001d5359e00e0;  1 drivers
L_000001d5359e0da0 .functor BUFT 1, C4<00>, C4<0>, C4<0>, C4<0>;
v000001d5358d6490_0 .net *"_ivl_13", 1 0, L_000001d5359e0da0;  1 drivers
v000001d5358d6530_0 .net *"_ivl_2", 6 0, L_000001d5359e02c0;  1 drivers
L_000001d5359e0d58 .functor BUFT 1, C4<00>, C4<0>, C4<0>, C4<0>;
v000001d5358d65d0_0 .net *"_ivl_5", 1 0, L_000001d5359e0d58;  1 drivers
v000001d5358d6670_0 .net *"_ivl_8", 31 0, L_000001d5359e0a40;  1 drivers
o000001d53599b0d8 .functor BUFZ 5, C4<zzzzz>; HiZ drive
v000001d5359941e0_0 .net "a1", 4 0, o000001d53599b0d8;  0 drivers
o000001d53599b108 .functor BUFZ 5, C4<zzzzz>; HiZ drive
v000001d535994280_0 .net "a2", 4 0, o000001d53599b108;  0 drivers
o000001d53599b138 .functor BUFZ 5, C4<zzzzz>; HiZ drive
v000001d535994320_0 .net "a3", 4 0, o000001d53599b138;  0 drivers
o000001d53599b168 .functor BUFZ 1, C4<z>; HiZ drive
v000001d5359943c0_0 .net "clk", 0 0, o000001d53599b168;  0 drivers
v000001d535994460_0 .var/i "i", 31 0;
o000001d53599b1c8 .functor BUFZ 32, C4<zzzzzzzzzzzzzzzzzzzzzzzzzzzzzzzz>; HiZ drive
v000001d535994500_0 .net "pc_D", 31 0, o000001d53599b1c8;  0 drivers
v000001d5359e0900 .array "register", 0 31, 31 0;
o000001d53599b1f8 .functor BUFZ 1, C4<z>; HiZ drive
v000001d5359dfe60_0 .net "reset", 0 0, o000001d53599b1f8;  0 drivers
v000001d5359dffa0_0 .net "rfrd1", 31 0, L_000001d535a290c0;  1 drivers
v000001d5359dff00_0 .net "rfrd2", 31 0, L_000001d535a28e90;  1 drivers
o000001d53599b288 .functor BUFZ 32, C4<zzzzzzzzzzzzzzzzzzzzzzzzzzzzzzzz>; HiZ drive
v000001d5359e0860_0 .net "rfwd", 31 0, o000001d53599b288;  0 drivers
o000001d53599b2b8 .functor BUFZ 1, C4<z>; HiZ drive
v000001d5359dfc80_0 .net "rfwe", 0 0, o000001d53599b2b8;  0 drivers
E_000001d53599a4d0 .event posedge, v000001d5359943c0_0;
L_000001d5359e0040 .array/port v000001d5359e0900, L_000001d5359e02c0;
L_000001d5359e02c0 .concat [ 5 2 0 0], o000001d53599b0d8, L_000001d5359e0d58;
L_000001d5359e0a40 .array/port v000001d5359e0900, L_000001d5359e00e0;
L_000001d5359e00e0 .concat [ 5 2 0 0], o000001d53599b108, L_000001d5359e0da0;
    .scope S_000001d5358d6260;
T_0 ;
    %pushi/vec4 0, 0, 32;
    %store/vec4 v000001d535994460_0, 0, 32;
T_0.0 ;
    %load/vec4 v000001d535994460_0;
    %cmpi/s 32, 0, 32;
    %jmp/0xz T_0.1, 5;
    %pushi/vec4 0, 0, 32;
    %ix/getv/s 4, v000001d535994460_0;
    %store/vec4a v000001d5359e0900, 4, 0;
    %load/vec4 v000001d535994460_0;
    %addi 1, 0, 32;
    %store/vec4 v000001d535994460_0, 0, 32;
    %jmp T_0.0;
T_0.1 ;
    %end;
    .thread T_0;
    .scope S_000001d5358d6260;
T_1 ;
    %wait E_000001d53599a4d0;
    %load/vec4 v000001d5359dfe60_0;
    %pad/u 32;
    %cmpi/e 1, 0, 32;
    %jmp/0xz  T_1.0, 4;
    %pushi/vec4 0, 0, 32;
    %store/vec4 v000001d535994460_0, 0, 32;
T_1.2 ;
    %load/vec4 v000001d535994460_0;
    %cmpi/s 32, 0, 32;
    %jmp/0xz T_1.3, 5;
    %pushi/vec4 0, 0, 32;
    %ix/getv/s 3, v000001d535994460_0;
    %ix/load 4, 0, 0; Constant delay
    %assign/vec4/a/d v000001d5359e0900, 0, 4;
    %load/vec4 v000001d535994460_0;
    %addi 1, 0, 32;
    %store/vec4 v000001d535994460_0, 0, 32;
    %jmp T_1.2;
T_1.3 ;
    %jmp T_1.1;
T_1.0 ;
    %load/vec4 v000001d5359dfc80_0;
    %pad/u 32;
    %cmpi/e 1, 0, 32;
    %jmp/0xz  T_1.4, 4;
    %load/vec4 v000001d535994320_0;
    %cmpi/ne 0, 0, 5;
    %jmp/0xz  T_1.6, 4;
    %load/vec4 v000001d5359e0860_0;
    %load/vec4 v000001d535994320_0;
    %pad/u 7;
    %ix/vec4 3;
    %ix/load 4, 0, 0; Constant delay
    %assign/vec4/a/d v000001d5359e0900, 0, 4;
    %vpi_call 2 33 "$display", "%d@%h: $%d <= %h", $time, v000001d535994500_0, v000001d535994320_0, v000001d5359e0860_0 {0 0 0};
T_1.6 ;
T_1.4 ;
T_1.1 ;
    %jmp T_1;
    .thread T_1;
# The file index is used to find the file name in the following table.
:file_names 3;
    "N/A";
    "<interactive>";
    "RF.v";
