#! /c/Source/iverilog-install/bin/vvp
:ivl_version "12.0 (devel)" "(s20150603-1110-g18392a46)";
:ivl_delay_selection "TYPICAL";
:vpi_time_precision - 12;
:vpi_module "D:\iverilog\iverilog\lib\ivl\system.vpi";
:vpi_module "D:\iverilog\iverilog\lib\ivl\vhdl_sys.vpi";
:vpi_module "D:\iverilog\iverilog\lib\ivl\vhdl_textio.vpi";
:vpi_module "D:\iverilog\iverilog\lib\ivl\v2005_math.vpi";
:vpi_module "D:\iverilog\iverilog\lib\ivl\va_math.vpi";
S_000001b2165bbaa0 .scope module, "alu" "alu" 2 3;
 .timescale -9 -12;
    .port_info 0 /INPUT 32 "input_a";
    .port_info 1 /INPUT 32 "input_b";
    .port_info 2 /INPUT 2 "op";
    .port_info 3 /INPUT 1 "clk";
    .port_info 4 /INPUT 1 "en";
    .port_info 5 /OUTPUT 32 "result";
o000001b2164f7228 .functor BUFZ 32, C4<zzzzzzzzzzzzzzzzzzzzzzzzzzzzzzzz>; HiZ drive
o000001b2164f7258 .functor BUFZ 32, C4<zzzzzzzzzzzzzzzzzzzzzzzzzzzzzzzz>; HiZ drive
L_000001b2164f4950 .functor AND 32, o000001b2164f7228, o000001b2164f7258, C4<11111111111111111111111111111111>, C4<11111111111111111111111111111111>;
L_000001b2164f4f00 .functor OR 32, o000001b2164f7228, o000001b2164f7258, C4<00000000000000000000000000000000>, C4<00000000000000000000000000000000>;
L_000001b216542018 .functor BUFT 1, C4<00>, C4<0>, C4<0>, C4<0>;
v000001b2165bbc30_0 .net/2u *"_ivl_0", 1 0, L_000001b216542018;  1 drivers
v000001b2164c3890_0 .net *"_ivl_10", 31 0, L_000001b2164f4210;  1 drivers
L_000001b2165420a8 .functor BUFT 1, C4<10>, C4<0>, C4<0>, C4<0>;
v000001b2164c30e0_0 .net/2u *"_ivl_12", 1 0, L_000001b2165420a8;  1 drivers
v000001b2164f32c0_0 .net *"_ivl_14", 0 0, L_000001b2164f3e50;  1 drivers
v000001b2164f3360_0 .net *"_ivl_16", 31 0, L_000001b2164f4950;  1 drivers
v000001b2164f3400_0 .net *"_ivl_18", 31 0, L_000001b2164f4f00;  1 drivers
v000001b2164f34a0_0 .net *"_ivl_2", 0 0, L_000001b2164f4170;  1 drivers
v000001b2164f3d10_0 .net *"_ivl_20", 31 0, L_000001b2164f3ef0;  1 drivers
v000001b2164f3db0_0 .net *"_ivl_22", 31 0, L_000001b2164f3590;  1 drivers
v000001b2164f43f0_0 .net *"_ivl_4", 31 0, L_000001b2164f40d0;  1 drivers
L_000001b216542060 .functor BUFT 1, C4<01>, C4<0>, C4<0>, C4<0>;
v000001b2164f3630_0 .net/2u *"_ivl_6", 1 0, L_000001b216542060;  1 drivers
v000001b2164f3bd0_0 .net *"_ivl_8", 0 0, L_000001b2164f4490;  1 drivers
o000001b2164f71c8 .functor BUFZ 1, C4<z>; HiZ drive
v000001b2164f3810_0 .net "clk", 0 0, o000001b2164f71c8;  0 drivers
o000001b2164f71f8 .functor BUFZ 1, C4<z>; HiZ drive
v000001b2164f36d0_0 .net "en", 0 0, o000001b2164f71f8;  0 drivers
v000001b2164f3c70_0 .net "input_a", 31 0, o000001b2164f7228;  0 drivers
v000001b2164f3770_0 .net "input_b", 31 0, o000001b2164f7258;  0 drivers
o000001b2164f7288 .functor BUFZ 2, C4<zz>; HiZ drive
v000001b2164f42b0_0 .net "op", 1 0, o000001b2164f7288;  0 drivers
v000001b2164f4030_0 .var "result", 31 0;
v000001b2164f4350_0 .net "temp_result", 31 0, L_000001b2164f38b0;  1 drivers
E_000001b2165bc9f0 .event posedge, v000001b2164f3810_0;
L_000001b2164f4170 .cmp/eq 2, o000001b2164f7288, L_000001b216542018;
L_000001b2164f40d0 .arith/sum 32, o000001b2164f7228, o000001b2164f7258;
L_000001b2164f4490 .cmp/eq 2, o000001b2164f7288, L_000001b216542060;
L_000001b2164f4210 .arith/sub 32, o000001b2164f7228, o000001b2164f7258;
L_000001b2164f3e50 .cmp/eq 2, o000001b2164f7288, L_000001b2165420a8;
L_000001b2164f3ef0 .functor MUXZ 32, L_000001b2164f4f00, L_000001b2164f4950, L_000001b2164f3e50, C4<>;
L_000001b2164f3590 .functor MUXZ 32, L_000001b2164f3ef0, L_000001b2164f4210, L_000001b2164f4490, C4<>;
L_000001b2164f38b0 .functor MUXZ 32, L_000001b2164f3590, L_000001b2164f40d0, L_000001b2164f4170, C4<>;
    .scope S_000001b2165bbaa0;
T_0 ;
    %wait E_000001b2165bc9f0;
    %load/vec4 v000001b2164f36d0_0;
    %cmpi/e 1, 0, 1;
    %jmp/0xz  T_0.0, 4;
    %load/vec4 v000001b2164f4350_0;
    %assign/vec4 v000001b2164f4030_0, 0;
    %jmp T_0.1;
T_0.0 ;
    %load/vec4 v000001b2164f4030_0;
    %assign/vec4 v000001b2164f4030_0, 0;
T_0.1 ;
    %jmp T_0;
    .thread T_0;
# The file index is used to find the file name in the following table.
:file_names 3;
    "N/A";
    "<interactive>";
    "ALU.v";
