#! /c/Source/iverilog-install/bin/vvp
:ivl_version "12.0 (devel)" "(s20150603-1110-g18392a46)";
:ivl_delay_selection "TYPICAL";
:vpi_time_precision - 12;
:vpi_module "D:\iverilog\iverilog\lib\ivl\system.vpi";
:vpi_module "D:\iverilog\iverilog\lib\ivl\vhdl_sys.vpi";
:vpi_module "D:\iverilog\iverilog\lib\ivl\vhdl_textio.vpi";
:vpi_module "D:\iverilog\iverilog\lib\ivl\v2005_math.vpi";
:vpi_module "D:\iverilog\iverilog\lib\ivl\va_math.vpi";
S_0000019ca8584ea0 .scope module, "cpu_checker" "cpu_checker" 2 21;
 .timescale -9 -12;
    .port_info 0 /INPUT 1 "clk";
    .port_info 1 /INPUT 1 "reset";
    .port_info 2 /INPUT 8 "char";
    .port_info 3 /OUTPUT 2 "format_type";
L_0000019ca859f960 .functor AND 1, L_0000019ca8618e80, L_0000019ca8619ce0, C4<1>, C4<1>;
L_0000019ca859f9d0 .functor AND 1, L_0000019ca861a280, L_0000019ca8619740, C4<1>, C4<1>;
L_0000019ca89f0088 .functor BUFT 1, C4<01011110>, C4<0>, C4<0>, C4<0>;
v0000019ca85c12c0_0 .net/2u *"_ivl_0", 7 0, L_0000019ca89f0088;  1 drivers
L_0000019ca89f0160 .functor BUFT 1, C4<00111001>, C4<0>, C4<0>, C4<0>;
v0000019ca85c29e0_0 .net/2u *"_ivl_10", 7 0, L_0000019ca89f0160;  1 drivers
v0000019ca85c2620_0 .net *"_ivl_12", 0 0, L_0000019ca8619ce0;  1 drivers
v0000019ca85c1180_0 .net *"_ivl_15", 0 0, L_0000019ca859f960;  1 drivers
L_0000019ca89f01a8 .functor BUFT 1, C4<0001>, C4<0>, C4<0>, C4<0>;
v0000019ca85c1900_0 .net/2u *"_ivl_16", 3 0, L_0000019ca89f01a8;  1 drivers
L_0000019ca89f01f0 .functor BUFT 1, C4<01000000>, C4<0>, C4<0>, C4<0>;
v0000019ca85c1cc0_0 .net/2u *"_ivl_18", 7 0, L_0000019ca89f01f0;  1 drivers
v0000019ca85c1040_0 .net *"_ivl_2", 0 0, L_0000019ca8619c40;  1 drivers
v0000019ca85c1720_0 .net *"_ivl_20", 0 0, L_0000019ca8618f20;  1 drivers
L_0000019ca89f0238 .functor BUFT 1, C4<0010>, C4<0>, C4<0>, C4<0>;
v0000019ca85c2940_0 .net/2u *"_ivl_22", 3 0, L_0000019ca89f0238;  1 drivers
L_0000019ca89f0280 .functor BUFT 1, C4<01100001>, C4<0>, C4<0>, C4<0>;
v0000019ca85c2120_0 .net/2u *"_ivl_24", 7 0, L_0000019ca89f0280;  1 drivers
v0000019ca85c2580_0 .net *"_ivl_26", 0 0, L_0000019ca861a280;  1 drivers
L_0000019ca89f02c8 .functor BUFT 1, C4<01100110>, C4<0>, C4<0>, C4<0>;
v0000019ca85c1220_0 .net/2u *"_ivl_28", 7 0, L_0000019ca89f02c8;  1 drivers
v0000019ca85c10e0_0 .net *"_ivl_30", 0 0, L_0000019ca8619740;  1 drivers
v0000019ca85c23a0_0 .net *"_ivl_33", 0 0, L_0000019ca859f9d0;  1 drivers
L_0000019ca89f0310 .functor BUFT 1, C4<0011>, C4<0>, C4<0>, C4<0>;
v0000019ca85c15e0_0 .net/2u *"_ivl_34", 3 0, L_0000019ca89f0310;  1 drivers
L_0000019ca89f0358 .functor BUFT 1, C4<00100000>, C4<0>, C4<0>, C4<0>;
v0000019ca85c2a80_0 .net/2u *"_ivl_36", 7 0, L_0000019ca89f0358;  1 drivers
v0000019ca85c1ae0_0 .net *"_ivl_38", 0 0, L_0000019ca8619380;  1 drivers
L_0000019ca89f00d0 .functor BUFT 1, C4<0000>, C4<0>, C4<0>, C4<0>;
v0000019ca85c1ea0_0 .net/2u *"_ivl_4", 3 0, L_0000019ca89f00d0;  1 drivers
L_0000019ca89f03a0 .functor BUFT 1, C4<0100>, C4<0>, C4<0>, C4<0>;
v0000019ca85c19a0_0 .net/2u *"_ivl_40", 3 0, L_0000019ca89f03a0;  1 drivers
L_0000019ca89f03e8 .functor BUFT 1, C4<00101010>, C4<0>, C4<0>, C4<0>;
v0000019ca85c2b20_0 .net/2u *"_ivl_42", 7 0, L_0000019ca89f03e8;  1 drivers
v0000019ca85c2ee0_0 .net *"_ivl_44", 0 0, L_0000019ca861a320;  1 drivers
L_0000019ca89f0430 .functor BUFT 1, C4<0101>, C4<0>, C4<0>, C4<0>;
v0000019ca85c1540_0 .net/2u *"_ivl_46", 3 0, L_0000019ca89f0430;  1 drivers
L_0000019ca89f0478 .functor BUFT 1, C4<00111101>, C4<0>, C4<0>, C4<0>;
v0000019ca85c1860_0 .net/2u *"_ivl_48", 7 0, L_0000019ca89f0478;  1 drivers
v0000019ca85c1360_0 .net *"_ivl_50", 0 0, L_0000019ca8618fc0;  1 drivers
L_0000019ca89f04c0 .functor BUFT 1, C4<0110>, C4<0>, C4<0>, C4<0>;
v0000019ca85c17c0_0 .net/2u *"_ivl_52", 3 0, L_0000019ca89f04c0;  1 drivers
L_0000019ca89f0508 .functor BUFT 1, C4<00111100>, C4<0>, C4<0>, C4<0>;
v0000019ca85c1400_0 .net/2u *"_ivl_54", 7 0, L_0000019ca89f0508;  1 drivers
v0000019ca85c14a0_0 .net *"_ivl_56", 0 0, L_0000019ca8619060;  1 drivers
L_0000019ca89f0550 .functor BUFT 1, C4<0111>, C4<0>, C4<0>, C4<0>;
v0000019ca85c1680_0 .net/2u *"_ivl_58", 3 0, L_0000019ca89f0550;  1 drivers
L_0000019ca89f0118 .functor BUFT 1, C4<00110000>, C4<0>, C4<0>, C4<0>;
v0000019ca85c1d60_0 .net/2u *"_ivl_6", 7 0, L_0000019ca89f0118;  1 drivers
L_0000019ca89f0598 .functor BUFT 1, C4<00100100>, C4<0>, C4<0>, C4<0>;
v0000019ca85c2c60_0 .net/2u *"_ivl_60", 7 0, L_0000019ca89f0598;  1 drivers
v0000019ca85c1e00_0 .net *"_ivl_62", 0 0, L_0000019ca8619920;  1 drivers
L_0000019ca89f05e0 .functor BUFT 1, C4<1000>, C4<0>, C4<0>, C4<0>;
v0000019ca85c1b80_0 .net/2u *"_ivl_64", 3 0, L_0000019ca89f05e0;  1 drivers
L_0000019ca89f0628 .functor BUFT 1, C4<00100011>, C4<0>, C4<0>, C4<0>;
v0000019ca85c1a40_0 .net/2u *"_ivl_66", 7 0, L_0000019ca89f0628;  1 drivers
v0000019ca85c1c20_0 .net *"_ivl_68", 0 0, L_0000019ca8619420;  1 drivers
L_0000019ca89f0670 .functor BUFT 1, C4<1001>, C4<0>, C4<0>, C4<0>;
v0000019ca85c1f40_0 .net/2u *"_ivl_70", 3 0, L_0000019ca89f0670;  1 drivers
L_0000019ca89f06b8 .functor BUFT 1, C4<1010>, C4<0>, C4<0>, C4<0>;
v0000019ca85c1fe0_0 .net/2u *"_ivl_72", 3 0, L_0000019ca89f06b8;  1 drivers
v0000019ca85c2080_0 .net *"_ivl_74", 3 0, L_0000019ca8618480;  1 drivers
v0000019ca85c21c0_0 .net *"_ivl_76", 3 0, L_0000019ca8619ec0;  1 drivers
v0000019ca85c2800_0 .net *"_ivl_78", 3 0, L_0000019ca8619a60;  1 drivers
v0000019ca85c2bc0_0 .net *"_ivl_8", 0 0, L_0000019ca8618e80;  1 drivers
v0000019ca85c2260_0 .net *"_ivl_80", 3 0, L_0000019ca8618ac0;  1 drivers
v0000019ca85c2300_0 .net *"_ivl_82", 3 0, L_0000019ca8619b00;  1 drivers
v0000019ca85c2440_0 .net *"_ivl_84", 3 0, L_0000019ca861a1e0;  1 drivers
v0000019ca85c24e0_0 .net *"_ivl_86", 3 0, L_0000019ca8619100;  1 drivers
v0000019ca85c2da0_0 .net *"_ivl_88", 3 0, L_0000019ca8618660;  1 drivers
v0000019ca85c26c0_0 .net *"_ivl_90", 3 0, L_0000019ca8619ba0;  1 drivers
L_0000019ca89f0700 .functor BUFT 1, C4<1111>, C4<0>, C4<0>, C4<0>;
v0000019ca85c2760_0 .net/2u *"_ivl_94", 3 0, L_0000019ca89f0700;  1 drivers
v0000019ca85c2d00_0 .net *"_ivl_96", 0 0, L_0000019ca86192e0;  1 drivers
L_0000019ca89f0748 .functor BUFT 1, C4<00>, C4<0>, C4<0>, C4<0>;
v0000019ca85c2e40_0 .net/2u *"_ivl_98", 1 0, L_0000019ca89f0748;  1 drivers
o0000019ca85c3938 .functor BUFZ 8, C4<zzzzzzzz>; HiZ drive
v0000019ca85c28a0_0 .net "char", 7 0, o0000019ca85c3938;  0 drivers
o0000019ca85c3968 .functor BUFZ 1, C4<z>; HiZ drive
v0000019ca8618a20_0 .net "clk", 0 0, o0000019ca85c3968;  0 drivers
v0000019ca86194c0_0 .var "cnt", 3 0;
v0000019ca8619880_0 .net "format_type", 1 0, L_0000019ca8619560;  1 drivers
v0000019ca86199c0_0 .var "judge", 1 0;
v0000019ca8618de0_0 .var "out", 0 0;
o0000019ca85c3a58 .functor BUFZ 1, C4<z>; HiZ drive
v0000019ca86191a0_0 .net "reset", 0 0, o0000019ca85c3a58;  0 drivers
v0000019ca8619240_0 .var "status", 3 0;
v0000019ca86196a0_0 .net "type", 3 0, L_0000019ca8619d80;  1 drivers
E_0000019ca85bc850 .event posedge, v0000019ca8618a20_0;
L_0000019ca8619c40 .cmp/eq 8, o0000019ca85c3938, L_0000019ca89f0088;
L_0000019ca8618e80 .cmp/ge 8, o0000019ca85c3938, L_0000019ca89f0118;
L_0000019ca8619ce0 .cmp/ge 8, L_0000019ca89f0160, o0000019ca85c3938;
L_0000019ca8618f20 .cmp/eq 8, o0000019ca85c3938, L_0000019ca89f01f0;
L_0000019ca861a280 .cmp/ge 8, o0000019ca85c3938, L_0000019ca89f0280;
L_0000019ca8619740 .cmp/ge 8, L_0000019ca89f02c8, o0000019ca85c3938;
L_0000019ca8619380 .cmp/eq 8, o0000019ca85c3938, L_0000019ca89f0358;
L_0000019ca861a320 .cmp/eq 8, o0000019ca85c3938, L_0000019ca89f03e8;
L_0000019ca8618fc0 .cmp/eq 8, o0000019ca85c3938, L_0000019ca89f0478;
L_0000019ca8619060 .cmp/eq 8, o0000019ca85c3938, L_0000019ca89f0508;
L_0000019ca8619920 .cmp/eq 8, o0000019ca85c3938, L_0000019ca89f0598;
L_0000019ca8619420 .cmp/eq 8, o0000019ca85c3938, L_0000019ca89f0628;
L_0000019ca8618480 .functor MUXZ 4, L_0000019ca89f06b8, L_0000019ca89f0670, L_0000019ca8619420, C4<>;
L_0000019ca8619ec0 .functor MUXZ 4, L_0000019ca8618480, L_0000019ca89f05e0, L_0000019ca8619920, C4<>;
L_0000019ca8619a60 .functor MUXZ 4, L_0000019ca8619ec0, L_0000019ca89f0550, L_0000019ca8619060, C4<>;
L_0000019ca8618ac0 .functor MUXZ 4, L_0000019ca8619a60, L_0000019ca89f04c0, L_0000019ca8618fc0, C4<>;
L_0000019ca8619b00 .functor MUXZ 4, L_0000019ca8618ac0, L_0000019ca89f0430, L_0000019ca861a320, C4<>;
L_0000019ca861a1e0 .functor MUXZ 4, L_0000019ca8619b00, L_0000019ca89f03a0, L_0000019ca8619380, C4<>;
L_0000019ca8619100 .functor MUXZ 4, L_0000019ca861a1e0, L_0000019ca89f0310, L_0000019ca859f9d0, C4<>;
L_0000019ca8618660 .functor MUXZ 4, L_0000019ca8619100, L_0000019ca89f0238, L_0000019ca8618f20, C4<>;
L_0000019ca8619ba0 .functor MUXZ 4, L_0000019ca8618660, L_0000019ca89f01a8, L_0000019ca859f960, C4<>;
L_0000019ca8619d80 .functor MUXZ 4, L_0000019ca8619ba0, L_0000019ca89f00d0, L_0000019ca8619c40, C4<>;
L_0000019ca86192e0 .cmp/eq 4, v0000019ca8619240_0, L_0000019ca89f0700;
L_0000019ca8619560 .functor MUXZ 2, L_0000019ca89f0748, v0000019ca86199c0_0, L_0000019ca86192e0, C4<>;
    .scope S_0000019ca8584ea0;
T_0 ;
    %pushi/vec4 0, 0, 4;
    %assign/vec4 v0000019ca8619240_0, 0;
    %pushi/vec4 0, 0, 4;
    %assign/vec4 v0000019ca86194c0_0, 0;
    %pushi/vec4 0, 0, 2;
    %assign/vec4 v0000019ca86199c0_0, 0;
    %pushi/vec4 0, 0, 1;
    %assign/vec4 v0000019ca8618de0_0, 0;
    %end;
    .thread T_0;
    .scope S_0000019ca8584ea0;
T_1 ;
    %wait E_0000019ca85bc850;
    %load/vec4 v0000019ca86191a0_0;
    %cmpi/e 1, 0, 1;
    %jmp/0xz  T_1.0, 4;
    %pushi/vec4 0, 0, 4;
    %assign/vec4 v0000019ca8619240_0, 0;
    %pushi/vec4 0, 0, 4;
    %assign/vec4 v0000019ca86194c0_0, 0;
    %pushi/vec4 0, 0, 2;
    %assign/vec4 v0000019ca86199c0_0, 0;
    %jmp T_1.1;
T_1.0 ;
    %load/vec4 v0000019ca8619240_0;
    %dup/vec4;
    %pushi/vec4 0, 0, 4;
    %cmp/u;
    %jmp/1 T_1.2, 6;
    %dup/vec4;
    %pushi/vec4 1, 0, 4;
    %cmp/u;
    %jmp/1 T_1.3, 6;
    %dup/vec4;
    %pushi/vec4 2, 0, 4;
    %cmp/u;
    %jmp/1 T_1.4, 6;
    %dup/vec4;
    %pushi/vec4 3, 0, 4;
    %cmp/u;
    %jmp/1 T_1.5, 6;
    %dup/vec4;
    %pushi/vec4 4, 0, 4;
    %cmp/u;
    %jmp/1 T_1.6, 6;
    %dup/vec4;
    %pushi/vec4 15, 0, 4;
    %cmp/u;
    %jmp/1 T_1.7, 6;
    %dup/vec4;
    %pushi/vec4 5, 0, 4;
    %cmp/u;
    %jmp/1 T_1.8, 6;
    %dup/vec4;
    %pushi/vec4 6, 0, 4;
    %cmp/u;
    %jmp/1 T_1.9, 6;
    %dup/vec4;
    %pushi/vec4 7, 0, 4;
    %cmp/u;
    %jmp/1 T_1.10, 6;
    %dup/vec4;
    %pushi/vec4 8, 0, 4;
    %cmp/u;
    %jmp/1 T_1.11, 6;
    %dup/vec4;
    %pushi/vec4 9, 0, 4;
    %cmp/u;
    %jmp/1 T_1.12, 6;
    %dup/vec4;
    %pushi/vec4 10, 0, 4;
    %cmp/u;
    %jmp/1 T_1.13, 6;
    %dup/vec4;
    %pushi/vec4 11, 0, 4;
    %cmp/u;
    %jmp/1 T_1.14, 6;
    %dup/vec4;
    %pushi/vec4 12, 0, 4;
    %cmp/u;
    %jmp/1 T_1.15, 6;
    %dup/vec4;
    %pushi/vec4 13, 0, 4;
    %cmp/u;
    %jmp/1 T_1.16, 6;
    %dup/vec4;
    %pushi/vec4 14, 0, 4;
    %cmp/u;
    %jmp/1 T_1.17, 6;
    %dup/vec4;
    %pushi/vec4 15, 0, 4;
    %cmp/u;
    %jmp/1 T_1.18, 6;
    %pushi/vec4 0, 0, 4;
    %assign/vec4 v0000019ca8619240_0, 0;
    %jmp T_1.20;
T_1.2 ;
    %pushi/vec4 0, 0, 1;
    %assign/vec4 v0000019ca8618de0_0, 0;
    %load/vec4 v0000019ca86196a0_0;
    %cmpi/e 0, 0, 4;
    %jmp/0xz  T_1.21, 4;
    %pushi/vec4 1, 0, 4;
    %assign/vec4 v0000019ca8619240_0, 0;
    %jmp T_1.22;
T_1.21 ;
    %pushi/vec4 0, 0, 4;
    %assign/vec4 v0000019ca8619240_0, 0;
T_1.22 ;
    %jmp T_1.20;
T_1.3 ;
    %load/vec4 v0000019ca86196a0_0;
    %cmpi/e 0, 0, 4;
    %jmp/0xz  T_1.23, 4;
    %pushi/vec4 1, 0, 4;
    %assign/vec4 v0000019ca8619240_0, 0;
    %jmp T_1.24;
T_1.23 ;
    %load/vec4 v0000019ca86196a0_0;
    %cmpi/e 1, 0, 4;
    %jmp/0xz  T_1.25, 4;
    %pushi/vec4 2, 0, 4;
    %assign/vec4 v0000019ca8619240_0, 0;
    %jmp T_1.26;
T_1.25 ;
    %pushi/vec4 0, 0, 4;
    %assign/vec4 v0000019ca8619240_0, 0;
T_1.26 ;
T_1.24 ;
    %jmp T_1.20;
T_1.4 ;
    %load/vec4 v0000019ca86196a0_0;
    %cmpi/e 0, 0, 4;
    %jmp/0xz  T_1.27, 4;
    %pushi/vec4 1, 0, 4;
    %assign/vec4 v0000019ca8619240_0, 0;
    %jmp T_1.28;
T_1.27 ;
    %load/vec4 v0000019ca86196a0_0;
    %cmpi/e 1, 0, 4;
    %jmp/0xz  T_1.29, 4;
    %load/vec4 v0000019ca86194c0_0;
    %cmpi/e 4, 0, 4;
    %jmp/0xz  T_1.31, 4;
    %pushi/vec4 0, 0, 4;
    %assign/vec4 v0000019ca86194c0_0, 0;
    %pushi/vec4 0, 0, 4;
    %assign/vec4 v0000019ca8619240_0, 0;
    %jmp T_1.32;
T_1.31 ;
    %pushi/vec4 2, 0, 4;
    %assign/vec4 v0000019ca8619240_0, 0;
    %load/vec4 v0000019ca86194c0_0;
    %addi 1, 0, 4;
    %assign/vec4 v0000019ca86194c0_0, 0;
T_1.32 ;
    %jmp T_1.30;
T_1.29 ;
    %load/vec4 v0000019ca86196a0_0;
    %cmpi/e 2, 0, 4;
    %jmp/0xz  T_1.33, 4;
    %pushi/vec4 0, 0, 4;
    %assign/vec4 v0000019ca86194c0_0, 0;
    %pushi/vec4 3, 0, 4;
    %assign/vec4 v0000019ca8619240_0, 0;
    %jmp T_1.34;
T_1.33 ;
    %pushi/vec4 0, 0, 4;
    %assign/vec4 v0000019ca86194c0_0, 0;
    %pushi/vec4 0, 0, 4;
    %assign/vec4 v0000019ca8619240_0, 0;
T_1.34 ;
T_1.30 ;
T_1.28 ;
    %jmp T_1.20;
T_1.5 ;
    %load/vec4 v0000019ca86196a0_0;
    %cmpi/e 0, 0, 4;
    %jmp/0xz  T_1.35, 4;
    %pushi/vec4 1, 0, 4;
    %assign/vec4 v0000019ca8619240_0, 0;
    %jmp T_1.36;
T_1.35 ;
    %load/vec4 v0000019ca86196a0_0;
    %cmpi/e 1, 0, 4;
    %flag_mov 8, 4;
    %load/vec4 v0000019ca86196a0_0;
    %cmpi/e 3, 0, 4;
    %flag_or 4, 8;
    %jmp/0xz  T_1.37, 4;
    %load/vec4 v0000019ca86194c0_0;
    %addi 1, 0, 4;
    %assign/vec4 v0000019ca86194c0_0, 0;
    %pushi/vec4 4, 0, 4;
    %assign/vec4 v0000019ca8619240_0, 0;
    %jmp T_1.38;
T_1.37 ;
    %pushi/vec4 0, 0, 4;
    %assign/vec4 v0000019ca8619240_0, 0;
T_1.38 ;
T_1.36 ;
    %jmp T_1.20;
T_1.6 ;
    %load/vec4 v0000019ca86196a0_0;
    %cmpi/e 1, 0, 4;
    %flag_mov 8, 4;
    %load/vec4 v0000019ca86196a0_0;
    %cmpi/e 3, 0, 4;
    %flag_or 4, 8;
    %jmp/0xz  T_1.39, 4;
    %load/vec4 v0000019ca86194c0_0;
    %cmpi/e 8, 0, 4;
    %jmp/0xz  T_1.41, 4;
    %pushi/vec4 0, 0, 4;
    %assign/vec4 v0000019ca86194c0_0, 0;
    %pushi/vec4 0, 0, 4;
    %assign/vec4 v0000019ca8619240_0, 0;
    %jmp T_1.42;
T_1.41 ;
    %load/vec4 v0000019ca86194c0_0;
    %addi 1, 0, 4;
    %assign/vec4 v0000019ca86194c0_0, 0;
T_1.42 ;
    %jmp T_1.40;
T_1.39 ;
    %load/vec4 v0000019ca86196a0_0;
    %cmpi/e 10, 0, 4;
    %jmp/0xz  T_1.43, 4;
    %load/vec4 v0000019ca86194c0_0;
    %cmpi/e 8, 0, 4;
    %jmp/0xz  T_1.45, 4;
    %pushi/vec4 15, 0, 4;
    %assign/vec4 v0000019ca8619240_0, 0;
    %jmp T_1.46;
T_1.45 ;
    %pushi/vec4 0, 0, 4;
    %assign/vec4 v0000019ca8619240_0, 0;
T_1.46 ;
    %pushi/vec4 0, 0, 4;
    %assign/vec4 v0000019ca86194c0_0, 0;
    %jmp T_1.44;
T_1.43 ;
    %load/vec4 v0000019ca86196a0_0;
    %cmpi/e 0, 0, 4;
    %jmp/0xz  T_1.47, 4;
    %pushi/vec4 1, 0, 4;
    %assign/vec4 v0000019ca8619240_0, 0;
    %pushi/vec4 0, 0, 4;
    %assign/vec4 v0000019ca86194c0_0, 0;
    %jmp T_1.48;
T_1.47 ;
    %pushi/vec4 0, 0, 4;
    %assign/vec4 v0000019ca8619240_0, 0;
    %pushi/vec4 0, 0, 4;
    %assign/vec4 v0000019ca86194c0_0, 0;
T_1.48 ;
T_1.44 ;
T_1.40 ;
    %jmp T_1.20;
T_1.7 ;
    %load/vec4 v0000019ca86196a0_0;
    %cmpi/e 8, 0, 4;
    %jmp/0xz  T_1.49, 4;
    %pushi/vec4 6, 0, 4;
    %assign/vec4 v0000019ca8619240_0, 0;
    %jmp T_1.50;
T_1.49 ;
    %load/vec4 v0000019ca86196a0_0;
    %cmpi/e 5, 0, 4;
    %jmp/0xz  T_1.51, 4;
    %pushi/vec4 8, 0, 4;
    %assign/vec4 v0000019ca8619240_0, 0;
    %jmp T_1.52;
T_1.51 ;
    %load/vec4 v0000019ca86196a0_0;
    %cmpi/e 4, 0, 4;
    %jmp/0xz  T_1.53, 4;
    %pushi/vec4 5, 0, 4;
    %assign/vec4 v0000019ca8619240_0, 0;
    %jmp T_1.54;
T_1.53 ;
    %load/vec4 v0000019ca86196a0_0;
    %cmpi/e 0, 0, 4;
    %jmp/0xz  T_1.55, 4;
    %pushi/vec4 1, 0, 4;
    %assign/vec4 v0000019ca8619240_0, 0;
    %jmp T_1.56;
T_1.55 ;
    %pushi/vec4 0, 0, 4;
    %assign/vec4 v0000019ca8619240_0, 0;
T_1.56 ;
T_1.54 ;
T_1.52 ;
T_1.50 ;
    %jmp T_1.20;
T_1.8 ;
    %load/vec4 v0000019ca86196a0_0;
    %cmpi/e 4, 0, 4;
    %jmp/0xz  T_1.57, 4;
    %pushi/vec4 5, 0, 4;
    %assign/vec4 v0000019ca8619240_0, 0;
    %jmp T_1.58;
T_1.57 ;
    %load/vec4 v0000019ca86196a0_0;
    %cmpi/e 5, 0, 4;
    %jmp/0xz  T_1.59, 4;
    %pushi/vec4 8, 0, 4;
    %assign/vec4 v0000019ca8619240_0, 0;
    %jmp T_1.60;
T_1.59 ;
    %load/vec4 v0000019ca86196a0_0;
    %cmpi/e 8, 0, 4;
    %jmp/0xz  T_1.61, 4;
    %pushi/vec4 6, 0, 4;
    %assign/vec4 v0000019ca8619240_0, 0;
    %jmp T_1.62;
T_1.61 ;
    %load/vec4 v0000019ca86196a0_0;
    %cmpi/e 0, 0, 4;
    %jmp/0xz  T_1.63, 4;
    %pushi/vec4 1, 0, 4;
    %assign/vec4 v0000019ca8619240_0, 0;
    %jmp T_1.64;
T_1.63 ;
    %pushi/vec4 0, 0, 4;
    %assign/vec4 v0000019ca8619240_0, 0;
T_1.64 ;
T_1.62 ;
T_1.60 ;
T_1.58 ;
    %jmp T_1.20;
T_1.9 ;
    %pushi/vec4 1, 0, 2;
    %assign/vec4 v0000019ca86199c0_0, 0;
    %load/vec4 v0000019ca86196a0_0;
    %cmpi/e 1, 0, 4;
    %jmp/0xz  T_1.65, 4;
    %pushi/vec4 7, 0, 4;
    %assign/vec4 v0000019ca8619240_0, 0;
    %pushi/vec4 1, 0, 4;
    %assign/vec4 v0000019ca86194c0_0, 0;
    %jmp T_1.66;
T_1.65 ;
    %load/vec4 v0000019ca86196a0_0;
    %cmpi/e 0, 0, 4;
    %jmp/0xz  T_1.67, 4;
    %pushi/vec4 1, 0, 4;
    %assign/vec4 v0000019ca8619240_0, 0;
    %jmp T_1.68;
T_1.67 ;
    %pushi/vec4 0, 0, 4;
    %assign/vec4 v0000019ca8619240_0, 0;
T_1.68 ;
T_1.66 ;
    %jmp T_1.20;
T_1.10 ;
    %load/vec4 v0000019ca86196a0_0;
    %cmpi/e 1, 0, 4;
    %jmp/0xz  T_1.69, 4;
    %load/vec4 v0000019ca86194c0_0;
    %cmpi/e 4, 0, 4;
    %jmp/0xz  T_1.71, 4;
    %pushi/vec4 0, 0, 4;
    %assign/vec4 v0000019ca86194c0_0, 0;
    %pushi/vec4 0, 0, 4;
    %assign/vec4 v0000019ca8619240_0, 0;
    %jmp T_1.72;
T_1.71 ;
    %load/vec4 v0000019ca86194c0_0;
    %addi 1, 0, 4;
    %assign/vec4 v0000019ca86194c0_0, 0;
T_1.72 ;
    %jmp T_1.70;
T_1.69 ;
    %load/vec4 v0000019ca86196a0_0;
    %cmpi/e 4, 0, 4;
    %jmp/0xz  T_1.73, 4;
    %pushi/vec4 10, 0, 4;
    %assign/vec4 v0000019ca8619240_0, 0;
    %jmp T_1.74;
T_1.73 ;
    %load/vec4 v0000019ca86196a0_0;
    %cmpi/e 7, 0, 4;
    %jmp/0xz  T_1.75, 4;
    %pushi/vec4 11, 0, 4;
    %assign/vec4 v0000019ca8619240_0, 0;
    %jmp T_1.76;
T_1.75 ;
    %load/vec4 v0000019ca86196a0_0;
    %cmpi/e 0, 0, 4;
    %jmp/0xz  T_1.77, 4;
    %pushi/vec4 1, 0, 4;
    %assign/vec4 v0000019ca8619240_0, 0;
    %jmp T_1.78;
T_1.77 ;
    %pushi/vec4 0, 0, 4;
    %assign/vec4 v0000019ca8619240_0, 0;
T_1.78 ;
T_1.76 ;
T_1.74 ;
    %pushi/vec4 0, 0, 4;
    %assign/vec4 v0000019ca86194c0_0, 0;
T_1.70 ;
    %jmp T_1.20;
T_1.11 ;
    %pushi/vec4 2, 0, 2;
    %assign/vec4 v0000019ca86199c0_0, 0;
    %load/vec4 v0000019ca86196a0_0;
    %cmpi/e 3, 0, 4;
    %flag_mov 8, 4;
    %load/vec4 v0000019ca86196a0_0;
    %cmpi/e 1, 0, 4;
    %flag_or 4, 8;
    %jmp/0xz  T_1.79, 4;
    %pushi/vec4 9, 0, 4;
    %assign/vec4 v0000019ca8619240_0, 0;
    %load/vec4 v0000019ca86194c0_0;
    %addi 1, 0, 4;
    %assign/vec4 v0000019ca86194c0_0, 0;
    %jmp T_1.80;
T_1.79 ;
    %load/vec4 v0000019ca86196a0_0;
    %cmpi/e 0, 0, 4;
    %jmp/0xz  T_1.81, 4;
    %pushi/vec4 1, 0, 4;
    %assign/vec4 v0000019ca8619240_0, 0;
    %jmp T_1.82;
T_1.81 ;
    %pushi/vec4 0, 0, 4;
    %assign/vec4 v0000019ca8619240_0, 0;
T_1.82 ;
T_1.80 ;
    %jmp T_1.20;
T_1.12 ;
    %load/vec4 v0000019ca86196a0_0;
    %cmpi/e 3, 0, 4;
    %flag_mov 8, 4;
    %load/vec4 v0000019ca86196a0_0;
    %cmpi/e 1, 0, 4;
    %flag_or 4, 8;
    %jmp/0xz  T_1.83, 4;
    %load/vec4 v0000019ca86194c0_0;
    %cmpi/e 8, 0, 4;
    %jmp/0xz  T_1.85, 4;
    %pushi/vec4 0, 0, 4;
    %assign/vec4 v0000019ca86194c0_0, 0;
    %pushi/vec4 0, 0, 4;
    %assign/vec4 v0000019ca8619240_0, 0;
    %jmp T_1.86;
T_1.85 ;
    %load/vec4 v0000019ca86194c0_0;
    %addi 1, 0, 4;
    %assign/vec4 v0000019ca86194c0_0, 0;
T_1.86 ;
    %jmp T_1.84;
T_1.83 ;
    %load/vec4 v0000019ca86196a0_0;
    %cmpi/e 4, 0, 4;
    %flag_mov 8, 4;
    %load/vec4 v0000019ca86196a0_0;
    %cmpi/e 7, 0, 4;
    %flag_or 4, 8;
    %jmp/0xz  T_1.87, 4;
    %load/vec4 v0000019ca86194c0_0;
    %cmpi/e 8, 0, 4;
    %jmp/0xz  T_1.89, 4;
    %load/vec4 v0000019ca86196a0_0;
    %cmpi/e 4, 0, 4;
    %jmp/0xz  T_1.91, 4;
    %pushi/vec4 10, 0, 4;
    %assign/vec4 v0000019ca8619240_0, 0;
    %jmp T_1.92;
T_1.91 ;
    %pushi/vec4 11, 0, 4;
    %assign/vec4 v0000019ca8619240_0, 0;
T_1.92 ;
T_1.89 ;
    %jmp T_1.88;
T_1.87 ;
    %load/vec4 v0000019ca86196a0_0;
    %cmpi/e 0, 0, 4;
    %jmp/0xz  T_1.93, 4;
    %pushi/vec4 1, 0, 4;
    %assign/vec4 v0000019ca8619240_0, 0;
    %jmp T_1.94;
T_1.93 ;
    %pushi/vec4 0, 0, 4;
    %assign/vec4 v0000019ca8619240_0, 0;
T_1.94 ;
T_1.88 ;
    %pushi/vec4 0, 0, 4;
    %assign/vec4 v0000019ca86194c0_0, 0;
T_1.84 ;
    %jmp T_1.20;
T_1.13 ;
    %load/vec4 v0000019ca86196a0_0;
    %cmpi/e 4, 0, 4;
    %jmp/0xz  T_1.95, 4;
    %pushi/vec4 10, 0, 4;
    %assign/vec4 v0000019ca8619240_0, 0;
    %jmp T_1.96;
T_1.95 ;
    %load/vec4 v0000019ca86196a0_0;
    %cmpi/e 7, 0, 4;
    %jmp/0xz  T_1.97, 4;
    %pushi/vec4 11, 0, 4;
    %assign/vec4 v0000019ca8619240_0, 0;
    %jmp T_1.98;
T_1.97 ;
    %load/vec4 v0000019ca86196a0_0;
    %cmpi/e 0, 0, 4;
    %jmp/0xz  T_1.99, 4;
    %pushi/vec4 1, 0, 4;
    %assign/vec4 v0000019ca8619240_0, 0;
    %jmp T_1.100;
T_1.99 ;
    %pushi/vec4 0, 0, 4;
    %assign/vec4 v0000019ca8619240_0, 0;
T_1.100 ;
T_1.98 ;
T_1.96 ;
    %jmp T_1.20;
T_1.14 ;
    %load/vec4 v0000019ca86196a0_0;
    %cmpi/e 6, 0, 4;
    %jmp/0xz  T_1.101, 4;
    %pushi/vec4 12, 0, 4;
    %assign/vec4 v0000019ca8619240_0, 0;
    %jmp T_1.102;
T_1.101 ;
    %load/vec4 v0000019ca86196a0_0;
    %cmpi/e 0, 0, 4;
    %jmp/0xz  T_1.103, 4;
    %pushi/vec4 1, 0, 4;
    %assign/vec4 v0000019ca8619240_0, 0;
    %jmp T_1.104;
T_1.103 ;
    %pushi/vec4 0, 0, 4;
    %assign/vec4 v0000019ca8619240_0, 0;
T_1.104 ;
T_1.102 ;
    %jmp T_1.20;
T_1.15 ;
    %load/vec4 v0000019ca86196a0_0;
    %cmpi/e 4, 0, 4;
    %jmp/0xz  T_1.105, 4;
    %pushi/vec4 13, 0, 4;
    %assign/vec4 v0000019ca8619240_0, 0;
    %jmp T_1.106;
T_1.105 ;
    %load/vec4 v0000019ca86196a0_0;
    %cmpi/e 1, 0, 4;
    %flag_mov 8, 4;
    %load/vec4 v0000019ca86196a0_0;
    %cmpi/e 3, 0, 4;
    %flag_or 4, 8;
    %jmp/0xz  T_1.107, 4;
    %load/vec4 v0000019ca86194c0_0;
    %addi 1, 0, 4;
    %assign/vec4 v0000019ca86194c0_0, 0;
    %pushi/vec4 14, 0, 4;
    %assign/vec4 v0000019ca8619240_0, 0;
    %jmp T_1.108;
T_1.107 ;
    %load/vec4 v0000019ca86196a0_0;
    %cmpi/e 0, 0, 4;
    %jmp/0xz  T_1.109, 4;
    %pushi/vec4 1, 0, 4;
    %assign/vec4 v0000019ca8619240_0, 0;
    %jmp T_1.110;
T_1.109 ;
    %pushi/vec4 0, 0, 4;
    %assign/vec4 v0000019ca8619240_0, 0;
T_1.110 ;
T_1.108 ;
T_1.106 ;
    %jmp T_1.20;
T_1.16 ;
    %load/vec4 v0000019ca86196a0_0;
    %cmpi/e 4, 0, 4;
    %jmp/0xz  T_1.111, 4;
    %pushi/vec4 13, 0, 4;
    %assign/vec4 v0000019ca8619240_0, 0;
    %jmp T_1.112;
T_1.111 ;
    %load/vec4 v0000019ca86196a0_0;
    %cmpi/e 1, 0, 4;
    %flag_mov 8, 4;
    %load/vec4 v0000019ca86196a0_0;
    %cmpi/e 3, 0, 4;
    %flag_or 4, 8;
    %jmp/0xz  T_1.113, 4;
    %load/vec4 v0000019ca86194c0_0;
    %addi 1, 0, 4;
    %assign/vec4 v0000019ca86194c0_0, 0;
    %pushi/vec4 14, 0, 4;
    %assign/vec4 v0000019ca8619240_0, 0;
    %jmp T_1.114;
T_1.113 ;
    %load/vec4 v0000019ca86196a0_0;
    %cmpi/e 0, 0, 4;
    %jmp/0xz  T_1.115, 4;
    %pushi/vec4 1, 0, 4;
    %assign/vec4 v0000019ca8619240_0, 0;
    %jmp T_1.116;
T_1.115 ;
    %pushi/vec4 0, 0, 4;
    %assign/vec4 v0000019ca8619240_0, 0;
T_1.116 ;
T_1.114 ;
T_1.112 ;
    %jmp T_1.20;
T_1.17 ;
    %load/vec4 v0000019ca86196a0_0;
    %cmpi/e 1, 0, 4;
    %flag_mov 8, 4;
    %load/vec4 v0000019ca86196a0_0;
    %cmpi/e 3, 0, 4;
    %flag_or 4, 8;
    %jmp/0xz  T_1.117, 4;
    %load/vec4 v0000019ca86194c0_0;
    %cmpi/e 8, 0, 4;
    %jmp/0xz  T_1.119, 4;
    %pushi/vec4 0, 0, 4;
    %assign/vec4 v0000019ca8619240_0, 0;
    %pushi/vec4 0, 0, 4;
    %assign/vec4 v0000019ca86194c0_0, 0;
    %jmp T_1.120;
T_1.119 ;
    %load/vec4 v0000019ca86194c0_0;
    %addi 1, 0, 4;
    %assign/vec4 v0000019ca86194c0_0, 0;
T_1.120 ;
    %jmp T_1.118;
T_1.117 ;
    %load/vec4 v0000019ca86196a0_0;
    %cmpi/e 9, 0, 4;
    %jmp/0xz  T_1.121, 4;
    %load/vec4 v0000019ca86194c0_0;
    %cmpi/e 8, 0, 4;
    %jmp/0xz  T_1.123, 4;
    %pushi/vec4 15, 0, 4;
    %assign/vec4 v0000019ca8619240_0, 0;
    %jmp T_1.124;
T_1.123 ;
    %pushi/vec4 0, 0, 4;
    %assign/vec4 v0000019ca8619240_0, 0;
T_1.124 ;
    %pushi/vec4 0, 0, 4;
    %assign/vec4 v0000019ca86194c0_0, 0;
    %jmp T_1.122;
T_1.121 ;
    %load/vec4 v0000019ca86196a0_0;
    %cmpi/e 0, 0, 4;
    %jmp/0xz  T_1.125, 4;
    %pushi/vec4 0, 0, 4;
    %assign/vec4 v0000019ca86194c0_0, 0;
    %pushi/vec4 1, 0, 4;
    %assign/vec4 v0000019ca8619240_0, 0;
    %jmp T_1.126;
T_1.125 ;
    %pushi/vec4 0, 0, 4;
    %assign/vec4 v0000019ca86194c0_0, 0;
    %pushi/vec4 0, 0, 4;
    %assign/vec4 v0000019ca8619240_0, 0;
T_1.126 ;
T_1.122 ;
T_1.118 ;
    %jmp T_1.20;
T_1.18 ;
    %load/vec4 v0000019ca86196a0_0;
    %cmpi/e 0, 0, 4;
    %jmp/0xz  T_1.127, 4;
    %pushi/vec4 1, 0, 4;
    %assign/vec4 v0000019ca8619240_0, 0;
    %jmp T_1.128;
T_1.127 ;
    %pushi/vec4 0, 0, 4;
    %assign/vec4 v0000019ca8619240_0, 0;
T_1.128 ;
    %jmp T_1.20;
T_1.20 ;
    %pop/vec4 1;
T_1.1 ;
    %jmp T_1;
    .thread T_1;
# The file index is used to find the file name in the following table.
:file_names 3;
    "N/A";
    "<interactive>";
    "cpu_checker.v";
