#! /c/Source/iverilog-install/bin/vvp
:ivl_version "12.0 (devel)" "(s20150603-1110-g18392a46)";
:ivl_delay_selection "TYPICAL";
:vpi_time_precision - 12;
:vpi_module "D:\iverilog\iverilog\lib\ivl\system.vpi";
:vpi_module "D:\iverilog\iverilog\lib\ivl\vhdl_sys.vpi";
:vpi_module "D:\iverilog\iverilog\lib\ivl\vhdl_textio.vpi";
:vpi_module "D:\iverilog\iverilog\lib\ivl\v2005_math.vpi";
:vpi_module "D:\iverilog\iverilog\lib\ivl\va_math.vpi";
S_000001688aa22ce0 .scope module, "cpu_checker" "cpu_checker" 2 21;
 .timescale -9 -12;
    .port_info 0 /INPUT 1 "clk";
    .port_info 1 /INPUT 1 "reset";
    .port_info 2 /INPUT 8 "char";
    .port_info 3 /INPUT 16 "freq";
    .port_info 4 /OUTPUT 2 "format_type";
    .port_info 5 /OUTPUT 4 "error_code";
L_000001688aa4c130 .functor AND 1, L_000001688ab05fc0, L_000001688ab07500, C4<1>, C4<1>;
L_000001688aa4c4b0 .functor AND 1, L_000001688ab062e0, L_000001688ab07280, C4<1>, C4<1>;
L_000001688aa4cec0 .functor AND 16, v000001688ab071e0_0, L_000001688ab06920, C4<1111111111111111>, C4<1111111111111111>;
L_000001688aa4cbb0 .functor AND 1, L_000001688aea96d0, L_000001688aea8c30, C4<1>, C4<1>;
L_000001688ae50988 .functor BUFT 1, C4<00000000000000000000000000000011>, C4<0>, C4<0>, C4<0>;
L_000001688aa4cd00 .functor AND 32, v000001688ab06060_0, L_000001688ae50988, C4<11111111111111111111111111111111>, C4<11111111111111111111111111111111>;
L_000001688aa4c9f0 .functor AND 1, L_000001688aa4cbb0, L_000001688aea9590, C4<1>, C4<1>;
L_000001688aa4ca60 .functor AND 1, L_000001688aea9950, L_000001688aea8870, C4<1>, C4<1>;
L_000001688ae50b80 .functor BUFT 1, C4<00000000000000000000000000000011>, C4<0>, C4<0>, C4<0>;
L_000001688aa4c280 .functor AND 32, v000001688ab06ec0_0, L_000001688ae50b80, C4<11111111111111111111111111111111>, C4<11111111111111111111111111111111>;
L_000001688aa4c3d0 .functor AND 1, L_000001688aa4ca60, L_000001688aea85f0, C4<1>, C4<1>;
L_000001688aa4c440 .functor OR 1, L_000001688aea9310, L_000001688aa4c3d0, C4<0>, C4<0>;
L_000001688aa4c590 .functor AND 1, L_000001688aea8f50, L_000001688aea9630, C4<1>, C4<1>;
L_000001688aa4c520 .functor OR 1, L_000001688aea82d0, L_000001688aa4c590, C4<0>, C4<0>;
L_000001688ae50088 .functor BUFT 1, C4<01011110>, C4<0>, C4<0>, C4<0>;
v000001688aa53eb0_0 .net/2u *"_ivl_0", 7 0, L_000001688ae50088;  1 drivers
L_000001688ae50160 .functor BUFT 1, C4<00111001>, C4<0>, C4<0>, C4<0>;
v000001688ab014c0_0 .net/2u *"_ivl_10", 7 0, L_000001688ae50160;  1 drivers
v000001688ab02280_0 .net *"_ivl_102", 15 0, L_000001688ab067e0;  1 drivers
v000001688ab02e60_0 .net *"_ivl_104", 14 0, L_000001688ab06740;  1 drivers
L_000001688ae50790 .functor BUFT 1, C4<0>, C4<0>, C4<0>, C4<0>;
v000001688ab01b00_0 .net *"_ivl_106", 0 0, L_000001688ae50790;  1 drivers
L_000001688ae507d8 .functor BUFT 1, C4<0000000000000001>, C4<0>, C4<0>, C4<0>;
v000001688ab02c80_0 .net/2u *"_ivl_108", 15 0, L_000001688ae507d8;  1 drivers
v000001688ab028c0_0 .net *"_ivl_110", 15 0, L_000001688ab06920;  1 drivers
v000001688ab016a0_0 .net *"_ivl_112", 15 0, L_000001688aa4cec0;  1 drivers
L_000001688ae50820 .functor BUFT 1, C4<0000000000000000>, C4<0>, C4<0>, C4<0>;
v000001688ab02960_0 .net/2u *"_ivl_114", 15 0, L_000001688ae50820;  1 drivers
v000001688ab012e0_0 .net *"_ivl_116", 0 0, L_000001688ab069c0;  1 drivers
L_000001688ae50868 .functor BUFT 1, C4<00>, C4<0>, C4<0>, C4<0>;
v000001688ab02be0_0 .net/2s *"_ivl_118", 1 0, L_000001688ae50868;  1 drivers
v000001688ab01d80_0 .net *"_ivl_12", 0 0, L_000001688ab07500;  1 drivers
L_000001688ae508b0 .functor BUFT 1, C4<01>, C4<0>, C4<0>, C4<0>;
v000001688ab01380_0 .net/2s *"_ivl_120", 1 0, L_000001688ae508b0;  1 drivers
v000001688ab01ce0_0 .net *"_ivl_122", 1 0, L_000001688aea8550;  1 drivers
L_000001688ae508f8 .functor BUFT 1, C4<00000000000000000011000000000000>, C4<0>, C4<0>, C4<0>;
v000001688ab01ba0_0 .net/2u *"_ivl_126", 31 0, L_000001688ae508f8;  1 drivers
v000001688ab02dc0_0 .net *"_ivl_128", 0 0, L_000001688aea96d0;  1 drivers
L_000001688ae50940 .functor BUFT 1, C4<00000000000000000100111111111111>, C4<0>, C4<0>, C4<0>;
v000001688ab01600_0 .net/2u *"_ivl_130", 31 0, L_000001688ae50940;  1 drivers
v000001688ab019c0_0 .net *"_ivl_132", 0 0, L_000001688aea8c30;  1 drivers
v000001688ab02a00_0 .net *"_ivl_135", 0 0, L_000001688aa4cbb0;  1 drivers
v000001688ab02140_0 .net/2u *"_ivl_136", 31 0, L_000001688ae50988;  1 drivers
v000001688ab02d20_0 .net *"_ivl_138", 31 0, L_000001688aa4cd00;  1 drivers
L_000001688ae509d0 .functor BUFT 1, C4<00000000000000000000000000000000>, C4<0>, C4<0>, C4<0>;
v000001688ab02640_0 .net/2u *"_ivl_140", 31 0, L_000001688ae509d0;  1 drivers
v000001688ab01c40_0 .net *"_ivl_142", 0 0, L_000001688aea9590;  1 drivers
v000001688ab01ec0_0 .net *"_ivl_145", 0 0, L_000001688aa4c9f0;  1 drivers
L_000001688ae50a18 .functor BUFT 1, C4<00>, C4<0>, C4<0>, C4<0>;
v000001688ab02320_0 .net/2s *"_ivl_146", 1 0, L_000001688ae50a18;  1 drivers
L_000001688ae50a60 .functor BUFT 1, C4<01>, C4<0>, C4<0>, C4<0>;
v000001688ab026e0_0 .net/2s *"_ivl_148", 1 0, L_000001688ae50a60;  1 drivers
v000001688ab01f60_0 .net *"_ivl_15", 0 0, L_000001688aa4c130;  1 drivers
v000001688ab02460_0 .net *"_ivl_150", 1 0, L_000001688aea89b0;  1 drivers
L_000001688ae50aa8 .functor BUFT 1, C4<10>, C4<0>, C4<0>, C4<0>;
v000001688ab02aa0_0 .net/2u *"_ivl_154", 1 0, L_000001688ae50aa8;  1 drivers
v000001688ab01060_0 .net *"_ivl_156", 0 0, L_000001688aea9310;  1 drivers
L_000001688ae50af0 .functor BUFT 1, C4<00000000000000000000000000000000>, C4<0>, C4<0>, C4<0>;
v000001688ab02780_0 .net/2u *"_ivl_158", 31 0, L_000001688ae50af0;  1 drivers
L_000001688ae501a8 .functor BUFT 1, C4<0001>, C4<0>, C4<0>, C4<0>;
v000001688ab01420_0 .net/2u *"_ivl_16", 3 0, L_000001688ae501a8;  1 drivers
v000001688ab01240_0 .net *"_ivl_160", 0 0, L_000001688aea9950;  1 drivers
L_000001688ae50b38 .functor BUFT 1, C4<00000000000000000010111111111111>, C4<0>, C4<0>, C4<0>;
v000001688ab02500_0 .net/2u *"_ivl_162", 31 0, L_000001688ae50b38;  1 drivers
v000001688ab01920_0 .net *"_ivl_164", 0 0, L_000001688aea8870;  1 drivers
v000001688ab01740_0 .net *"_ivl_167", 0 0, L_000001688aa4ca60;  1 drivers
v000001688ab01560_0 .net/2u *"_ivl_168", 31 0, L_000001688ae50b80;  1 drivers
v000001688ab023c0_0 .net *"_ivl_170", 31 0, L_000001688aa4c280;  1 drivers
L_000001688ae50bc8 .functor BUFT 1, C4<00000000000000000000000000000000>, C4<0>, C4<0>, C4<0>;
v000001688ab02820_0 .net/2u *"_ivl_172", 31 0, L_000001688ae50bc8;  1 drivers
v000001688ab02b40_0 .net *"_ivl_174", 0 0, L_000001688aea85f0;  1 drivers
v000001688ab02f00_0 .net *"_ivl_177", 0 0, L_000001688aa4c3d0;  1 drivers
v000001688ab017e0_0 .net *"_ivl_179", 0 0, L_000001688aa4c440;  1 drivers
L_000001688ae501f0 .functor BUFT 1, C4<01000000>, C4<0>, C4<0>, C4<0>;
v000001688ab02000_0 .net/2u *"_ivl_18", 7 0, L_000001688ae501f0;  1 drivers
L_000001688ae50c10 .functor BUFT 1, C4<00>, C4<0>, C4<0>, C4<0>;
v000001688ab020a0_0 .net/2s *"_ivl_180", 1 0, L_000001688ae50c10;  1 drivers
L_000001688ae50c58 .functor BUFT 1, C4<01>, C4<0>, C4<0>, C4<0>;
v000001688ab01100_0 .net/2s *"_ivl_182", 1 0, L_000001688ae50c58;  1 drivers
v000001688ab011a0_0 .net *"_ivl_184", 1 0, L_000001688aea9f90;  1 drivers
L_000001688ae50ca0 .functor BUFT 1, C4<01>, C4<0>, C4<0>, C4<0>;
v000001688ab01e20_0 .net/2u *"_ivl_188", 1 0, L_000001688ae50ca0;  1 drivers
v000001688ab025a0_0 .net *"_ivl_190", 0 0, L_000001688aea82d0;  1 drivers
L_000001688ae50ce8 .functor BUFT 1, C4<0000000000000000>, C4<0>, C4<0>, C4<0>;
v000001688ab01a60_0 .net/2u *"_ivl_192", 15 0, L_000001688ae50ce8;  1 drivers
v000001688ab01880_0 .net *"_ivl_194", 0 0, L_000001688aea8f50;  1 drivers
L_000001688ae50d30 .functor BUFT 1, C4<0000000000011111>, C4<0>, C4<0>, C4<0>;
v000001688ab021e0_0 .net/2u *"_ivl_196", 15 0, L_000001688ae50d30;  1 drivers
v000001688ab03880_0 .net *"_ivl_198", 0 0, L_000001688aea9630;  1 drivers
v000001688ab054a0_0 .net *"_ivl_2", 0 0, L_000001688ab075a0;  1 drivers
v000001688ab039c0_0 .net *"_ivl_20", 0 0, L_000001688ab07000;  1 drivers
v000001688ab055e0_0 .net *"_ivl_201", 0 0, L_000001688aa4c590;  1 drivers
v000001688ab05720_0 .net *"_ivl_203", 0 0, L_000001688aa4c520;  1 drivers
L_000001688ae50d78 .functor BUFT 1, C4<00>, C4<0>, C4<0>, C4<0>;
v000001688ab050e0_0 .net/2s *"_ivl_204", 1 0, L_000001688ae50d78;  1 drivers
L_000001688ae50dc0 .functor BUFT 1, C4<01>, C4<0>, C4<0>, C4<0>;
v000001688ab03ce0_0 .net/2s *"_ivl_206", 1 0, L_000001688ae50dc0;  1 drivers
v000001688ab04e60_0 .net *"_ivl_208", 1 0, L_000001688aea9a90;  1 drivers
L_000001688ae50e08 .functor BUFT 1, C4<1110>, C4<0>, C4<0>, C4<0>;
v000001688ab03b00_0 .net/2u *"_ivl_212", 3 0, L_000001688ae50e08;  1 drivers
v000001688ab04780_0 .net *"_ivl_214", 0 0, L_000001688aea9d10;  1 drivers
v000001688ab05220_0 .net *"_ivl_216", 3 0, L_000001688aea93b0;  1 drivers
L_000001688ae50e50 .functor BUFT 1, C4<0000>, C4<0>, C4<0>, C4<0>;
v000001688ab04dc0_0 .net/2u *"_ivl_218", 3 0, L_000001688ae50e50;  1 drivers
L_000001688ae50238 .functor BUFT 1, C4<0010>, C4<0>, C4<0>, C4<0>;
v000001688ab04640_0 .net/2u *"_ivl_22", 3 0, L_000001688ae50238;  1 drivers
L_000001688ae50280 .functor BUFT 1, C4<01100001>, C4<0>, C4<0>, C4<0>;
v000001688ab03ec0_0 .net/2u *"_ivl_24", 7 0, L_000001688ae50280;  1 drivers
v000001688ab03f60_0 .net *"_ivl_26", 0 0, L_000001688ab062e0;  1 drivers
L_000001688ae502c8 .functor BUFT 1, C4<01100110>, C4<0>, C4<0>, C4<0>;
v000001688ab04500_0 .net/2u *"_ivl_28", 7 0, L_000001688ae502c8;  1 drivers
v000001688ab046e0_0 .net *"_ivl_30", 0 0, L_000001688ab07280;  1 drivers
v000001688ab05180_0 .net *"_ivl_33", 0 0, L_000001688aa4c4b0;  1 drivers
L_000001688ae50310 .functor BUFT 1, C4<0011>, C4<0>, C4<0>, C4<0>;
v000001688ab052c0_0 .net/2u *"_ivl_34", 3 0, L_000001688ae50310;  1 drivers
L_000001688ae50358 .functor BUFT 1, C4<00100000>, C4<0>, C4<0>, C4<0>;
v000001688ab04c80_0 .net/2u *"_ivl_36", 7 0, L_000001688ae50358;  1 drivers
v000001688ab05680_0 .net *"_ivl_38", 0 0, L_000001688ab076e0;  1 drivers
L_000001688ae500d0 .functor BUFT 1, C4<0000>, C4<0>, C4<0>, C4<0>;
v000001688ab04320_0 .net/2u *"_ivl_4", 3 0, L_000001688ae500d0;  1 drivers
L_000001688ae503a0 .functor BUFT 1, C4<0100>, C4<0>, C4<0>, C4<0>;
v000001688ab04d20_0 .net/2u *"_ivl_40", 3 0, L_000001688ae503a0;  1 drivers
L_000001688ae503e8 .functor BUFT 1, C4<00101010>, C4<0>, C4<0>, C4<0>;
v000001688ab04be0_0 .net/2u *"_ivl_42", 7 0, L_000001688ae503e8;  1 drivers
v000001688ab04960_0 .net *"_ivl_44", 0 0, L_000001688ab07780;  1 drivers
L_000001688ae50430 .functor BUFT 1, C4<0101>, C4<0>, C4<0>, C4<0>;
v000001688ab04820_0 .net/2u *"_ivl_46", 3 0, L_000001688ae50430;  1 drivers
L_000001688ae50478 .functor BUFT 1, C4<00111101>, C4<0>, C4<0>, C4<0>;
v000001688ab03920_0 .net/2u *"_ivl_48", 7 0, L_000001688ae50478;  1 drivers
v000001688ab043c0_0 .net *"_ivl_50", 0 0, L_000001688ab07aa0;  1 drivers
L_000001688ae504c0 .functor BUFT 1, C4<0110>, C4<0>, C4<0>, C4<0>;
v000001688ab045a0_0 .net/2u *"_ivl_52", 3 0, L_000001688ae504c0;  1 drivers
L_000001688ae50508 .functor BUFT 1, C4<00111100>, C4<0>, C4<0>, C4<0>;
v000001688ab04fa0_0 .net/2u *"_ivl_54", 7 0, L_000001688ae50508;  1 drivers
v000001688ab03d80_0 .net *"_ivl_56", 0 0, L_000001688ab06380;  1 drivers
L_000001688ae50550 .functor BUFT 1, C4<0111>, C4<0>, C4<0>, C4<0>;
v000001688ab03a60_0 .net/2u *"_ivl_58", 3 0, L_000001688ae50550;  1 drivers
L_000001688ae50118 .functor BUFT 1, C4<00110000>, C4<0>, C4<0>, C4<0>;
v000001688ab04140_0 .net/2u *"_ivl_6", 7 0, L_000001688ae50118;  1 drivers
L_000001688ae50598 .functor BUFT 1, C4<00100100>, C4<0>, C4<0>, C4<0>;
v000001688ab05400_0 .net/2u *"_ivl_60", 7 0, L_000001688ae50598;  1 drivers
v000001688ab04000_0 .net *"_ivl_62", 0 0, L_000001688ab078c0;  1 drivers
L_000001688ae505e0 .functor BUFT 1, C4<1000>, C4<0>, C4<0>, C4<0>;
v000001688ab03ba0_0 .net/2u *"_ivl_64", 3 0, L_000001688ae505e0;  1 drivers
L_000001688ae50628 .functor BUFT 1, C4<00100011>, C4<0>, C4<0>, C4<0>;
v000001688ab040a0_0 .net/2u *"_ivl_66", 7 0, L_000001688ae50628;  1 drivers
v000001688ab048c0_0 .net *"_ivl_68", 0 0, L_000001688ab07b40;  1 drivers
L_000001688ae50670 .functor BUFT 1, C4<1001>, C4<0>, C4<0>, C4<0>;
v000001688ab041e0_0 .net/2u *"_ivl_70", 3 0, L_000001688ae50670;  1 drivers
L_000001688ae506b8 .functor BUFT 1, C4<1010>, C4<0>, C4<0>, C4<0>;
v000001688ab04a00_0 .net/2u *"_ivl_72", 3 0, L_000001688ae506b8;  1 drivers
v000001688ab04460_0 .net *"_ivl_74", 3 0, L_000001688ab06560;  1 drivers
v000001688ab04280_0 .net *"_ivl_76", 3 0, L_000001688ab06a60;  1 drivers
v000001688ab04aa0_0 .net *"_ivl_78", 3 0, L_000001688ab07320;  1 drivers
v000001688ab03c40_0 .net *"_ivl_8", 0 0, L_000001688ab05fc0;  1 drivers
v000001688ab04f00_0 .net *"_ivl_80", 3 0, L_000001688ab06420;  1 drivers
v000001688ab05040_0 .net *"_ivl_82", 3 0, L_000001688ab073c0;  1 drivers
v000001688ab04b40_0 .net *"_ivl_84", 3 0, L_000001688ab07960;  1 drivers
v000001688ab05360_0 .net *"_ivl_86", 3 0, L_000001688ab05d40;  1 drivers
v000001688ab05540_0 .net *"_ivl_88", 3 0, L_000001688ab061a0;  1 drivers
v000001688ab03e20_0 .net *"_ivl_90", 3 0, L_000001688ab064c0;  1 drivers
L_000001688ae50700 .functor BUFT 1, C4<1110>, C4<0>, C4<0>, C4<0>;
v000001688ab07640_0 .net/2u *"_ivl_94", 3 0, L_000001688ae50700;  1 drivers
v000001688ab05f20_0 .net *"_ivl_96", 0 0, L_000001688ab06ba0;  1 drivers
L_000001688ae50748 .functor BUFT 1, C4<00>, C4<0>, C4<0>, C4<0>;
v000001688ab06b00_0 .net/2u *"_ivl_98", 1 0, L_000001688ae50748;  1 drivers
v000001688ab06ec0_0 .var "addr", 31 0;
o000001688aaae908 .functor BUFZ 8, C4<zzzzzzzz>; HiZ drive
v000001688ab06880_0 .net "char", 7 0, o000001688aaae908;  0 drivers
o000001688aaae938 .functor BUFZ 1, C4<z>; HiZ drive
v000001688ab05e80_0 .net "clk", 0 0, o000001688aaae938;  0 drivers
v000001688ab06d80_0 .var "cnt", 3 0;
v000001688ab07a00_0 .net "error_code", 3 0, L_000001688aea80f0;  1 drivers
v000001688ab05de0_0 .net "format_type", 1 0, L_000001688ab066a0;  1 drivers
o000001688aaae9f8 .functor BUFZ 16, C4<zzzzzzzzzzzzzzzz>; HiZ drive
v000001688ab070a0_0 .net "freq", 15 0, o000001688aaae9f8;  0 drivers
v000001688ab06c40_0 .var "grf", 15 0;
v000001688ab06ce0_0 .var "judge", 1 0;
v000001688ab07140_0 .var "out", 0 0;
v000001688ab06060_0 .var "pc", 31 0;
o000001688aaaeae8 .functor BUFZ 1, C4<z>; HiZ drive
v000001688ab06e20_0 .net "reset", 0 0, o000001688aaaeae8;  0 drivers
v000001688ab07460_0 .var "status", 3 0;
v000001688ab071e0_0 .var "times", 15 0;
v000001688ab05ca0_0 .net "type", 3 0, L_000001688ab06600;  1 drivers
v000001688ab07820_0 .net "wrongaddr", 0 0, L_000001688aea8910;  1 drivers
v000001688ab06240_0 .net "wronggrf", 0 0, L_000001688aea9db0;  1 drivers
v000001688ab06f60_0 .net "wrongpc", 0 0, L_000001688aea9ef0;  1 drivers
v000001688ab06100_0 .net "wrongtimes", 0 0, L_000001688aea8cd0;  1 drivers
E_000001688aaa56b0 .event posedge, v000001688ab05e80_0;
L_000001688ab075a0 .cmp/eq 8, o000001688aaae908, L_000001688ae50088;
L_000001688ab05fc0 .cmp/ge 8, o000001688aaae908, L_000001688ae50118;
L_000001688ab07500 .cmp/ge 8, L_000001688ae50160, o000001688aaae908;
L_000001688ab07000 .cmp/eq 8, o000001688aaae908, L_000001688ae501f0;
L_000001688ab062e0 .cmp/ge 8, o000001688aaae908, L_000001688ae50280;
L_000001688ab07280 .cmp/ge 8, L_000001688ae502c8, o000001688aaae908;
L_000001688ab076e0 .cmp/eq 8, o000001688aaae908, L_000001688ae50358;
L_000001688ab07780 .cmp/eq 8, o000001688aaae908, L_000001688ae503e8;
L_000001688ab07aa0 .cmp/eq 8, o000001688aaae908, L_000001688ae50478;
L_000001688ab06380 .cmp/eq 8, o000001688aaae908, L_000001688ae50508;
L_000001688ab078c0 .cmp/eq 8, o000001688aaae908, L_000001688ae50598;
L_000001688ab07b40 .cmp/eq 8, o000001688aaae908, L_000001688ae50628;
L_000001688ab06560 .functor MUXZ 4, L_000001688ae506b8, L_000001688ae50670, L_000001688ab07b40, C4<>;
L_000001688ab06a60 .functor MUXZ 4, L_000001688ab06560, L_000001688ae505e0, L_000001688ab078c0, C4<>;
L_000001688ab07320 .functor MUXZ 4, L_000001688ab06a60, L_000001688ae50550, L_000001688ab06380, C4<>;
L_000001688ab06420 .functor MUXZ 4, L_000001688ab07320, L_000001688ae504c0, L_000001688ab07aa0, C4<>;
L_000001688ab073c0 .functor MUXZ 4, L_000001688ab06420, L_000001688ae50430, L_000001688ab07780, C4<>;
L_000001688ab07960 .functor MUXZ 4, L_000001688ab073c0, L_000001688ae503a0, L_000001688ab076e0, C4<>;
L_000001688ab05d40 .functor MUXZ 4, L_000001688ab07960, L_000001688ae50310, L_000001688aa4c4b0, C4<>;
L_000001688ab061a0 .functor MUXZ 4, L_000001688ab05d40, L_000001688ae50238, L_000001688ab07000, C4<>;
L_000001688ab064c0 .functor MUXZ 4, L_000001688ab061a0, L_000001688ae501a8, L_000001688aa4c130, C4<>;
L_000001688ab06600 .functor MUXZ 4, L_000001688ab064c0, L_000001688ae500d0, L_000001688ab075a0, C4<>;
L_000001688ab06ba0 .cmp/eq 4, v000001688ab07460_0, L_000001688ae50700;
L_000001688ab066a0 .functor MUXZ 2, L_000001688ae50748, v000001688ab06ce0_0, L_000001688ab06ba0, C4<>;
L_000001688ab06740 .part o000001688aaae9f8, 1, 15;
L_000001688ab067e0 .concat [ 15 1 0 0], L_000001688ab06740, L_000001688ae50790;
L_000001688ab06920 .arith/sub 16, L_000001688ab067e0, L_000001688ae507d8;
L_000001688ab069c0 .cmp/eq 16, L_000001688aa4cec0, L_000001688ae50820;
L_000001688aea8550 .functor MUXZ 2, L_000001688ae508b0, L_000001688ae50868, L_000001688ab069c0, C4<>;
L_000001688aea8cd0 .part L_000001688aea8550, 0, 1;
L_000001688aea96d0 .cmp/ge 32, v000001688ab06060_0, L_000001688ae508f8;
L_000001688aea8c30 .cmp/ge 32, L_000001688ae50940, v000001688ab06060_0;
L_000001688aea9590 .cmp/eq 32, L_000001688aa4cd00, L_000001688ae509d0;
L_000001688aea89b0 .functor MUXZ 2, L_000001688ae50a60, L_000001688ae50a18, L_000001688aa4c9f0, C4<>;
L_000001688aea9ef0 .part L_000001688aea89b0, 0, 1;
L_000001688aea9310 .cmp/ne 2, v000001688ab06ce0_0, L_000001688ae50aa8;
L_000001688aea9950 .cmp/ge 32, v000001688ab06ec0_0, L_000001688ae50af0;
L_000001688aea8870 .cmp/ge 32, L_000001688ae50b38, v000001688ab06ec0_0;
L_000001688aea85f0 .cmp/eq 32, L_000001688aa4c280, L_000001688ae50bc8;
L_000001688aea9f90 .functor MUXZ 2, L_000001688ae50c58, L_000001688ae50c10, L_000001688aa4c440, C4<>;
L_000001688aea8910 .part L_000001688aea9f90, 0, 1;
L_000001688aea82d0 .cmp/ne 2, v000001688ab06ce0_0, L_000001688ae50ca0;
L_000001688aea8f50 .cmp/ge 16, v000001688ab06c40_0, L_000001688ae50ce8;
L_000001688aea9630 .cmp/ge 16, L_000001688ae50d30, v000001688ab06c40_0;
L_000001688aea9a90 .functor MUXZ 2, L_000001688ae50dc0, L_000001688ae50d78, L_000001688aa4c520, C4<>;
L_000001688aea9db0 .part L_000001688aea9a90, 0, 1;
L_000001688aea9d10 .cmp/eq 4, v000001688ab07460_0, L_000001688ae50e08;
L_000001688aea93b0 .concat [ 1 1 1 1], L_000001688aea8cd0, L_000001688aea9ef0, L_000001688aea8910, L_000001688aea9db0;
L_000001688aea80f0 .functor MUXZ 4, L_000001688ae50e50, L_000001688aea93b0, L_000001688aea9d10, C4<>;
    .scope S_000001688aa22ce0;
T_0 ;
    %pushi/vec4 0, 0, 4;
    %assign/vec4 v000001688ab07460_0, 0;
    %pushi/vec4 0, 0, 4;
    %assign/vec4 v000001688ab06d80_0, 0;
    %pushi/vec4 0, 0, 2;
    %assign/vec4 v000001688ab06ce0_0, 0;
    %pushi/vec4 0, 0, 1;
    %assign/vec4 v000001688ab07140_0, 0;
    %pushi/vec4 0, 0, 16;
    %assign/vec4 v000001688ab071e0_0, 0;
    %pushi/vec4 0, 0, 32;
    %assign/vec4 v000001688ab06060_0, 0;
    %pushi/vec4 0, 0, 32;
    %assign/vec4 v000001688ab06ec0_0, 0;
    %pushi/vec4 0, 0, 16;
    %assign/vec4 v000001688ab06c40_0, 0;
    %end;
    .thread T_0;
    .scope S_000001688aa22ce0;
T_1 ;
    %wait E_000001688aaa56b0;
    %load/vec4 v000001688ab06e20_0;
    %cmpi/e 1, 0, 1;
    %jmp/0xz  T_1.0, 4;
    %pushi/vec4 0, 0, 4;
    %assign/vec4 v000001688ab07460_0, 0;
    %pushi/vec4 0, 0, 4;
    %assign/vec4 v000001688ab06d80_0, 0;
    %pushi/vec4 0, 0, 2;
    %assign/vec4 v000001688ab06ce0_0, 0;
    %pushi/vec4 0, 0, 1;
    %assign/vec4 v000001688ab07140_0, 0;
    %pushi/vec4 0, 0, 16;
    %assign/vec4 v000001688ab071e0_0, 0;
    %pushi/vec4 0, 0, 32;
    %assign/vec4 v000001688ab06060_0, 0;
    %pushi/vec4 0, 0, 32;
    %assign/vec4 v000001688ab06ec0_0, 0;
    %pushi/vec4 0, 0, 16;
    %assign/vec4 v000001688ab06c40_0, 0;
    %jmp T_1.1;
T_1.0 ;
    %load/vec4 v000001688ab07460_0;
    %dup/vec4;
    %pushi/vec4 0, 0, 4;
    %cmp/u;
    %jmp/1 T_1.2, 6;
    %dup/vec4;
    %pushi/vec4 1, 0, 4;
    %cmp/u;
    %jmp/1 T_1.3, 6;
    %dup/vec4;
    %pushi/vec4 2, 0, 4;
    %cmp/u;
    %jmp/1 T_1.4, 6;
    %dup/vec4;
    %pushi/vec4 3, 0, 4;
    %cmp/u;
    %jmp/1 T_1.5, 6;
    %dup/vec4;
    %pushi/vec4 4, 0, 4;
    %cmp/u;
    %jmp/1 T_1.6, 6;
    %dup/vec4;
    %pushi/vec4 5, 0, 4;
    %cmp/u;
    %jmp/1 T_1.7, 6;
    %dup/vec4;
    %pushi/vec4 6, 0, 4;
    %cmp/u;
    %jmp/1 T_1.8, 6;
    %dup/vec4;
    %pushi/vec4 7, 0, 4;
    %cmp/u;
    %jmp/1 T_1.9, 6;
    %dup/vec4;
    %pushi/vec4 8, 0, 4;
    %cmp/u;
    %jmp/1 T_1.10, 6;
    %dup/vec4;
    %pushi/vec4 9, 0, 4;
    %cmp/u;
    %jmp/1 T_1.11, 6;
    %dup/vec4;
    %pushi/vec4 10, 0, 4;
    %cmp/u;
    %jmp/1 T_1.12, 6;
    %dup/vec4;
    %pushi/vec4 11, 0, 4;
    %cmp/u;
    %jmp/1 T_1.13, 6;
    %dup/vec4;
    %pushi/vec4 12, 0, 4;
    %cmp/u;
    %jmp/1 T_1.14, 6;
    %dup/vec4;
    %pushi/vec4 13, 0, 4;
    %cmp/u;
    %jmp/1 T_1.15, 6;
    %dup/vec4;
    %pushi/vec4 14, 0, 4;
    %cmp/u;
    %jmp/1 T_1.16, 6;
    %pushi/vec4 0, 0, 4;
    %assign/vec4 v000001688ab07460_0, 0;
    %jmp T_1.18;
T_1.2 ;
    %pushi/vec4 0, 0, 1;
    %assign/vec4 v000001688ab07140_0, 0;
    %load/vec4 v000001688ab05ca0_0;
    %cmpi/e 0, 0, 4;
    %jmp/0xz  T_1.19, 4;
    %pushi/vec4 1, 0, 4;
    %assign/vec4 v000001688ab07460_0, 0;
    %jmp T_1.20;
T_1.19 ;
    %pushi/vec4 0, 0, 4;
    %assign/vec4 v000001688ab07460_0, 0;
T_1.20 ;
    %jmp T_1.18;
T_1.3 ;
    %load/vec4 v000001688ab05ca0_0;
    %cmpi/e 0, 0, 4;
    %jmp/0xz  T_1.21, 4;
    %pushi/vec4 1, 0, 4;
    %assign/vec4 v000001688ab07460_0, 0;
    %jmp T_1.22;
T_1.21 ;
    %load/vec4 v000001688ab05ca0_0;
    %cmpi/e 1, 0, 4;
    %jmp/0xz  T_1.23, 4;
    %load/vec4 v000001688ab06d80_0;
    %addi 1, 0, 4;
    %assign/vec4 v000001688ab06d80_0, 0;
    %load/vec4 v000001688ab06880_0;
    %pad/u 16;
    %pushi/vec4 48, 0, 16; draw_string_vec4
    %sub;
    %assign/vec4 v000001688ab071e0_0, 0;
    %pushi/vec4 2, 0, 4;
    %assign/vec4 v000001688ab07460_0, 0;
    %jmp T_1.24;
T_1.23 ;
    %pushi/vec4 0, 0, 4;
    %assign/vec4 v000001688ab07460_0, 0;
T_1.24 ;
T_1.22 ;
    %jmp T_1.18;
T_1.4 ;
    %load/vec4 v000001688ab05ca0_0;
    %cmpi/e 0, 0, 4;
    %jmp/0xz  T_1.25, 4;
    %pushi/vec4 1, 0, 4;
    %assign/vec4 v000001688ab07460_0, 0;
    %pushi/vec4 0, 0, 4;
    %assign/vec4 v000001688ab06d80_0, 0;
    %pushi/vec4 0, 0, 16;
    %assign/vec4 v000001688ab071e0_0, 0;
    %jmp T_1.26;
T_1.25 ;
    %load/vec4 v000001688ab05ca0_0;
    %cmpi/e 1, 0, 4;
    %jmp/0xz  T_1.27, 4;
    %load/vec4 v000001688ab06d80_0;
    %cmpi/e 4, 0, 4;
    %jmp/0xz  T_1.29, 4;
    %pushi/vec4 0, 0, 4;
    %assign/vec4 v000001688ab06d80_0, 0;
    %pushi/vec4 0, 0, 16;
    %assign/vec4 v000001688ab071e0_0, 0;
    %pushi/vec4 0, 0, 4;
    %assign/vec4 v000001688ab07460_0, 0;
    %jmp T_1.30;
T_1.29 ;
    %pushi/vec4 2, 0, 4;
    %assign/vec4 v000001688ab07460_0, 0;
    %load/vec4 v000001688ab06d80_0;
    %addi 1, 0, 4;
    %assign/vec4 v000001688ab06d80_0, 0;
    %load/vec4 v000001688ab071e0_0;
    %ix/load 4, 3, 0;
    %flag_set/imm 4, 0;
    %shiftl 4;
    %load/vec4 v000001688ab071e0_0;
    %ix/load 4, 1, 0;
    %flag_set/imm 4, 0;
    %shiftl 4;
    %add;
    %load/vec4 v000001688ab06880_0;
    %pad/u 16;
    %pushi/vec4 48, 0, 16; draw_string_vec4
    %sub;
    %add;
    %assign/vec4 v000001688ab071e0_0, 0;
T_1.30 ;
    %jmp T_1.28;
T_1.27 ;
    %load/vec4 v000001688ab05ca0_0;
    %cmpi/e 2, 0, 4;
    %jmp/0xz  T_1.31, 4;
    %pushi/vec4 0, 0, 4;
    %assign/vec4 v000001688ab06d80_0, 0;
    %pushi/vec4 3, 0, 4;
    %assign/vec4 v000001688ab07460_0, 0;
    %jmp T_1.32;
T_1.31 ;
    %pushi/vec4 0, 0, 4;
    %assign/vec4 v000001688ab06d80_0, 0;
    %pushi/vec4 0, 0, 4;
    %assign/vec4 v000001688ab07460_0, 0;
    %pushi/vec4 0, 0, 16;
    %assign/vec4 v000001688ab071e0_0, 0;
T_1.32 ;
T_1.28 ;
T_1.26 ;
    %jmp T_1.18;
T_1.5 ;
    %load/vec4 v000001688ab05ca0_0;
    %cmpi/e 0, 0, 4;
    %jmp/0xz  T_1.33, 4;
    %pushi/vec4 1, 0, 4;
    %assign/vec4 v000001688ab07460_0, 0;
    %jmp T_1.34;
T_1.33 ;
    %load/vec4 v000001688ab05ca0_0;
    %cmpi/e 1, 0, 4;
    %flag_mov 8, 4;
    %load/vec4 v000001688ab05ca0_0;
    %cmpi/e 3, 0, 4;
    %flag_or 4, 8;
    %jmp/0xz  T_1.35, 4;
    %load/vec4 v000001688ab06d80_0;
    %addi 1, 0, 4;
    %assign/vec4 v000001688ab06d80_0, 0;
    %load/vec4 v000001688ab06880_0;
    %pushi/vec4 57, 0, 8; draw_string_vec4
    %cmp/u;
    %flag_or 5, 4;
    %flag_mov 8, 5;
    %jmp/0 T_1.37, 8;
    %load/vec4 v000001688ab06880_0;
    %pad/u 32;
    %pushi/vec4 48, 0, 32; draw_string_vec4
    %sub;
    %jmp/1 T_1.38, 8;
T_1.37 ; End of true expr.
    %load/vec4 v000001688ab06880_0;
    %pad/u 32;
    %addi 4294967209, 0, 32;
    %jmp/0 T_1.38, 8;
 ; End of false expr.
    %blend;
T_1.38;
    %assign/vec4 v000001688ab06060_0, 0;
    %pushi/vec4 4, 0, 4;
    %assign/vec4 v000001688ab07460_0, 0;
    %jmp T_1.36;
T_1.35 ;
    %pushi/vec4 0, 0, 4;
    %assign/vec4 v000001688ab07460_0, 0;
T_1.36 ;
T_1.34 ;
    %jmp T_1.18;
T_1.6 ;
    %load/vec4 v000001688ab05ca0_0;
    %cmpi/e 1, 0, 4;
    %flag_mov 8, 4;
    %load/vec4 v000001688ab05ca0_0;
    %cmpi/e 3, 0, 4;
    %flag_or 4, 8;
    %jmp/0xz  T_1.39, 4;
    %load/vec4 v000001688ab06d80_0;
    %cmpi/e 8, 0, 4;
    %jmp/0xz  T_1.41, 4;
    %pushi/vec4 0, 0, 4;
    %assign/vec4 v000001688ab06d80_0, 0;
    %pushi/vec4 0, 0, 32;
    %assign/vec4 v000001688ab06060_0, 0;
    %pushi/vec4 0, 0, 4;
    %assign/vec4 v000001688ab07460_0, 0;
    %jmp T_1.42;
T_1.41 ;
    %load/vec4 v000001688ab06d80_0;
    %addi 1, 0, 4;
    %assign/vec4 v000001688ab06d80_0, 0;
    %load/vec4 v000001688ab06060_0;
    %ix/load 4, 4, 0;
    %flag_set/imm 4, 0;
    %shiftl 4;
    %load/vec4 v000001688ab06880_0;
    %pushi/vec4 57, 0, 8; draw_string_vec4
    %cmp/u;
    %flag_or 5, 4;
    %flag_mov 8, 5;
    %jmp/0 T_1.43, 8;
    %load/vec4 v000001688ab06880_0;
    %pad/u 32;
    %pushi/vec4 48, 0, 32; draw_string_vec4
    %sub;
    %jmp/1 T_1.44, 8;
T_1.43 ; End of true expr.
    %load/vec4 v000001688ab06880_0;
    %pad/u 32;
    %addi 4294967209, 0, 32;
    %jmp/0 T_1.44, 8;
 ; End of false expr.
    %blend;
T_1.44;
    %add;
    %assign/vec4 v000001688ab06060_0, 0;
T_1.42 ;
    %jmp T_1.40;
T_1.39 ;
    %load/vec4 v000001688ab05ca0_0;
    %cmpi/e 10, 0, 4;
    %jmp/0xz  T_1.45, 4;
    %load/vec4 v000001688ab06d80_0;
    %cmpi/e 8, 0, 4;
    %jmp/0xz  T_1.47, 4;
    %pushi/vec4 5, 0, 4;
    %assign/vec4 v000001688ab07460_0, 0;
    %jmp T_1.48;
T_1.47 ;
    %pushi/vec4 0, 0, 4;
    %assign/vec4 v000001688ab07460_0, 0;
    %pushi/vec4 0, 0, 32;
    %assign/vec4 v000001688ab06060_0, 0;
T_1.48 ;
    %pushi/vec4 0, 0, 4;
    %assign/vec4 v000001688ab06d80_0, 0;
    %jmp T_1.46;
T_1.45 ;
    %load/vec4 v000001688ab05ca0_0;
    %cmpi/e 0, 0, 4;
    %jmp/0xz  T_1.49, 4;
    %pushi/vec4 1, 0, 4;
    %assign/vec4 v000001688ab07460_0, 0;
    %pushi/vec4 0, 0, 4;
    %assign/vec4 v000001688ab06d80_0, 0;
    %pushi/vec4 0, 0, 32;
    %assign/vec4 v000001688ab06060_0, 0;
    %jmp T_1.50;
T_1.49 ;
    %pushi/vec4 0, 0, 4;
    %assign/vec4 v000001688ab07460_0, 0;
    %pushi/vec4 0, 0, 4;
    %assign/vec4 v000001688ab06d80_0, 0;
    %pushi/vec4 0, 0, 32;
    %assign/vec4 v000001688ab06060_0, 0;
T_1.50 ;
T_1.46 ;
T_1.40 ;
    %jmp T_1.18;
T_1.7 ;
    %load/vec4 v000001688ab05ca0_0;
    %cmpi/e 4, 0, 4;
    %jmp/0xz  T_1.51, 4;
    %pushi/vec4 5, 0, 4;
    %assign/vec4 v000001688ab07460_0, 0;
    %jmp T_1.52;
T_1.51 ;
    %load/vec4 v000001688ab05ca0_0;
    %cmpi/e 5, 0, 4;
    %jmp/0xz  T_1.53, 4;
    %pushi/vec4 8, 0, 4;
    %assign/vec4 v000001688ab07460_0, 0;
    %jmp T_1.54;
T_1.53 ;
    %load/vec4 v000001688ab05ca0_0;
    %cmpi/e 8, 0, 4;
    %jmp/0xz  T_1.55, 4;
    %pushi/vec4 6, 0, 4;
    %assign/vec4 v000001688ab07460_0, 0;
    %jmp T_1.56;
T_1.55 ;
    %load/vec4 v000001688ab05ca0_0;
    %cmpi/e 0, 0, 4;
    %jmp/0xz  T_1.57, 4;
    %pushi/vec4 1, 0, 4;
    %assign/vec4 v000001688ab07460_0, 0;
    %jmp T_1.58;
T_1.57 ;
    %pushi/vec4 0, 0, 4;
    %assign/vec4 v000001688ab07460_0, 0;
T_1.58 ;
T_1.56 ;
T_1.54 ;
T_1.52 ;
    %jmp T_1.18;
T_1.8 ;
    %pushi/vec4 1, 0, 2;
    %assign/vec4 v000001688ab06ce0_0, 0;
    %load/vec4 v000001688ab05ca0_0;
    %cmpi/e 1, 0, 4;
    %jmp/0xz  T_1.59, 4;
    %pushi/vec4 7, 0, 4;
    %assign/vec4 v000001688ab07460_0, 0;
    %pushi/vec4 1, 0, 4;
    %assign/vec4 v000001688ab06d80_0, 0;
    %load/vec4 v000001688ab06880_0;
    %pad/u 16;
    %pushi/vec4 48, 0, 16; draw_string_vec4
    %sub;
    %assign/vec4 v000001688ab06c40_0, 0;
    %jmp T_1.60;
T_1.59 ;
    %load/vec4 v000001688ab05ca0_0;
    %cmpi/e 0, 0, 4;
    %jmp/0xz  T_1.61, 4;
    %pushi/vec4 1, 0, 4;
    %assign/vec4 v000001688ab07460_0, 0;
    %jmp T_1.62;
T_1.61 ;
    %pushi/vec4 0, 0, 4;
    %assign/vec4 v000001688ab07460_0, 0;
T_1.62 ;
T_1.60 ;
    %jmp T_1.18;
T_1.9 ;
    %load/vec4 v000001688ab05ca0_0;
    %cmpi/e 1, 0, 4;
    %jmp/0xz  T_1.63, 4;
    %load/vec4 v000001688ab06d80_0;
    %cmpi/e 4, 0, 4;
    %jmp/0xz  T_1.65, 4;
    %pushi/vec4 0, 0, 4;
    %assign/vec4 v000001688ab06d80_0, 0;
    %pushi/vec4 0, 0, 4;
    %assign/vec4 v000001688ab07460_0, 0;
    %pushi/vec4 0, 0, 16;
    %assign/vec4 v000001688ab06c40_0, 0;
    %jmp T_1.66;
T_1.65 ;
    %load/vec4 v000001688ab06d80_0;
    %addi 1, 0, 4;
    %assign/vec4 v000001688ab06d80_0, 0;
    %load/vec4 v000001688ab06c40_0;
    %ix/load 4, 3, 0;
    %flag_set/imm 4, 0;
    %shiftl 4;
    %load/vec4 v000001688ab06c40_0;
    %ix/load 4, 1, 0;
    %flag_set/imm 4, 0;
    %shiftl 4;
    %add;
    %load/vec4 v000001688ab06880_0;
    %pad/u 16;
    %pushi/vec4 48, 0, 16; draw_string_vec4
    %sub;
    %add;
    %assign/vec4 v000001688ab06c40_0, 0;
T_1.66 ;
    %jmp T_1.64;
T_1.63 ;
    %load/vec4 v000001688ab05ca0_0;
    %cmpi/e 4, 0, 4;
    %jmp/0xz  T_1.67, 4;
    %pushi/vec4 10, 0, 4;
    %assign/vec4 v000001688ab07460_0, 0;
    %jmp T_1.68;
T_1.67 ;
    %load/vec4 v000001688ab05ca0_0;
    %cmpi/e 7, 0, 4;
    %jmp/0xz  T_1.69, 4;
    %pushi/vec4 11, 0, 4;
    %assign/vec4 v000001688ab07460_0, 0;
    %jmp T_1.70;
T_1.69 ;
    %load/vec4 v000001688ab05ca0_0;
    %cmpi/e 0, 0, 4;
    %jmp/0xz  T_1.71, 4;
    %pushi/vec4 1, 0, 4;
    %assign/vec4 v000001688ab07460_0, 0;
    %pushi/vec4 0, 0, 16;
    %assign/vec4 v000001688ab06c40_0, 0;
    %jmp T_1.72;
T_1.71 ;
    %pushi/vec4 0, 0, 4;
    %assign/vec4 v000001688ab07460_0, 0;
    %pushi/vec4 0, 0, 16;
    %assign/vec4 v000001688ab06c40_0, 0;
T_1.72 ;
T_1.70 ;
T_1.68 ;
    %pushi/vec4 0, 0, 4;
    %assign/vec4 v000001688ab06d80_0, 0;
T_1.64 ;
    %jmp T_1.18;
T_1.10 ;
    %pushi/vec4 2, 0, 2;
    %assign/vec4 v000001688ab06ce0_0, 0;
    %load/vec4 v000001688ab05ca0_0;
    %cmpi/e 3, 0, 4;
    %flag_mov 8, 4;
    %load/vec4 v000001688ab05ca0_0;
    %cmpi/e 1, 0, 4;
    %flag_or 4, 8;
    %jmp/0xz  T_1.73, 4;
    %pushi/vec4 9, 0, 4;
    %assign/vec4 v000001688ab07460_0, 0;
    %load/vec4 v000001688ab06d80_0;
    %addi 1, 0, 4;
    %assign/vec4 v000001688ab06d80_0, 0;
    %load/vec4 v000001688ab06880_0;
    %pushi/vec4 57, 0, 8; draw_string_vec4
    %cmp/u;
    %flag_or 5, 4;
    %flag_mov 8, 5;
    %jmp/0 T_1.75, 8;
    %load/vec4 v000001688ab06880_0;
    %pad/u 32;
    %pushi/vec4 48, 0, 32; draw_string_vec4
    %sub;
    %jmp/1 T_1.76, 8;
T_1.75 ; End of true expr.
    %load/vec4 v000001688ab06880_0;
    %pad/u 32;
    %addi 4294967209, 0, 32;
    %jmp/0 T_1.76, 8;
 ; End of false expr.
    %blend;
T_1.76;
    %assign/vec4 v000001688ab06ec0_0, 0;
    %jmp T_1.74;
T_1.73 ;
    %load/vec4 v000001688ab05ca0_0;
    %cmpi/e 0, 0, 4;
    %jmp/0xz  T_1.77, 4;
    %pushi/vec4 1, 0, 4;
    %assign/vec4 v000001688ab07460_0, 0;
    %jmp T_1.78;
T_1.77 ;
    %pushi/vec4 0, 0, 4;
    %assign/vec4 v000001688ab07460_0, 0;
T_1.78 ;
T_1.74 ;
    %jmp T_1.18;
T_1.11 ;
    %load/vec4 v000001688ab05ca0_0;
    %cmpi/e 3, 0, 4;
    %flag_mov 8, 4;
    %load/vec4 v000001688ab05ca0_0;
    %cmpi/e 1, 0, 4;
    %flag_or 4, 8;
    %jmp/0xz  T_1.79, 4;
    %load/vec4 v000001688ab06d80_0;
    %cmpi/e 8, 0, 4;
    %jmp/0xz  T_1.81, 4;
    %pushi/vec4 0, 0, 4;
    %assign/vec4 v000001688ab06d80_0, 0;
    %pushi/vec4 0, 0, 32;
    %assign/vec4 v000001688ab06ec0_0, 0;
    %pushi/vec4 0, 0, 4;
    %assign/vec4 v000001688ab07460_0, 0;
    %jmp T_1.82;
T_1.81 ;
    %load/vec4 v000001688ab06d80_0;
    %addi 1, 0, 4;
    %assign/vec4 v000001688ab06d80_0, 0;
    %load/vec4 v000001688ab06ec0_0;
    %ix/load 4, 4, 0;
    %flag_set/imm 4, 0;
    %shiftl 4;
    %load/vec4 v000001688ab06880_0;
    %pushi/vec4 57, 0, 8; draw_string_vec4
    %cmp/u;
    %flag_or 5, 4;
    %flag_mov 8, 5;
    %jmp/0 T_1.83, 8;
    %load/vec4 v000001688ab06880_0;
    %pad/u 32;
    %pushi/vec4 48, 0, 32; draw_string_vec4
    %sub;
    %jmp/1 T_1.84, 8;
T_1.83 ; End of true expr.
    %load/vec4 v000001688ab06880_0;
    %pad/u 32;
    %addi 4294967209, 0, 32;
    %jmp/0 T_1.84, 8;
 ; End of false expr.
    %blend;
T_1.84;
    %add;
    %assign/vec4 v000001688ab06ec0_0, 0;
T_1.82 ;
    %jmp T_1.80;
T_1.79 ;
    %load/vec4 v000001688ab05ca0_0;
    %cmpi/e 4, 0, 4;
    %flag_mov 8, 4;
    %load/vec4 v000001688ab05ca0_0;
    %cmpi/e 7, 0, 4;
    %flag_or 4, 8;
    %jmp/0xz  T_1.85, 4;
    %load/vec4 v000001688ab06d80_0;
    %cmpi/e 8, 0, 4;
    %jmp/0xz  T_1.87, 4;
    %load/vec4 v000001688ab05ca0_0;
    %cmpi/e 4, 0, 4;
    %jmp/0xz  T_1.89, 4;
    %pushi/vec4 10, 0, 4;
    %assign/vec4 v000001688ab07460_0, 0;
    %jmp T_1.90;
T_1.89 ;
    %pushi/vec4 11, 0, 4;
    %assign/vec4 v000001688ab07460_0, 0;
T_1.90 ;
T_1.87 ;
    %jmp T_1.86;
T_1.85 ;
    %load/vec4 v000001688ab05ca0_0;
    %cmpi/e 0, 0, 4;
    %jmp/0xz  T_1.91, 4;
    %pushi/vec4 1, 0, 4;
    %assign/vec4 v000001688ab07460_0, 0;
    %pushi/vec4 0, 0, 32;
    %assign/vec4 v000001688ab06ec0_0, 0;
    %jmp T_1.92;
T_1.91 ;
    %pushi/vec4 0, 0, 4;
    %assign/vec4 v000001688ab07460_0, 0;
    %pushi/vec4 0, 0, 32;
    %assign/vec4 v000001688ab06ec0_0, 0;
T_1.92 ;
T_1.86 ;
    %pushi/vec4 0, 0, 4;
    %assign/vec4 v000001688ab06d80_0, 0;
T_1.80 ;
    %jmp T_1.18;
T_1.12 ;
    %load/vec4 v000001688ab05ca0_0;
    %cmpi/e 4, 0, 4;
    %jmp/0xz  T_1.93, 4;
    %pushi/vec4 10, 0, 4;
    %assign/vec4 v000001688ab07460_0, 0;
    %jmp T_1.94;
T_1.93 ;
    %load/vec4 v000001688ab05ca0_0;
    %cmpi/e 7, 0, 4;
    %jmp/0xz  T_1.95, 4;
    %pushi/vec4 11, 0, 4;
    %assign/vec4 v000001688ab07460_0, 0;
    %jmp T_1.96;
T_1.95 ;
    %load/vec4 v000001688ab05ca0_0;
    %cmpi/e 0, 0, 4;
    %jmp/0xz  T_1.97, 4;
    %pushi/vec4 1, 0, 4;
    %assign/vec4 v000001688ab07460_0, 0;
    %jmp T_1.98;
T_1.97 ;
    %pushi/vec4 0, 0, 4;
    %assign/vec4 v000001688ab07460_0, 0;
T_1.98 ;
T_1.96 ;
T_1.94 ;
    %jmp T_1.18;
T_1.13 ;
    %load/vec4 v000001688ab05ca0_0;
    %cmpi/e 6, 0, 4;
    %jmp/0xz  T_1.99, 4;
    %pushi/vec4 12, 0, 4;
    %assign/vec4 v000001688ab07460_0, 0;
    %jmp T_1.100;
T_1.99 ;
    %load/vec4 v000001688ab05ca0_0;
    %cmpi/e 0, 0, 4;
    %jmp/0xz  T_1.101, 4;
    %pushi/vec4 1, 0, 4;
    %assign/vec4 v000001688ab07460_0, 0;
    %jmp T_1.102;
T_1.101 ;
    %pushi/vec4 0, 0, 4;
    %assign/vec4 v000001688ab07460_0, 0;
T_1.102 ;
T_1.100 ;
    %jmp T_1.18;
T_1.14 ;
    %load/vec4 v000001688ab05ca0_0;
    %cmpi/e 4, 0, 4;
    %jmp/0xz  T_1.103, 4;
    %pushi/vec4 12, 0, 4;
    %assign/vec4 v000001688ab07460_0, 0;
    %jmp T_1.104;
T_1.103 ;
    %load/vec4 v000001688ab05ca0_0;
    %cmpi/e 1, 0, 4;
    %flag_mov 8, 4;
    %load/vec4 v000001688ab05ca0_0;
    %cmpi/e 3, 0, 4;
    %flag_or 4, 8;
    %jmp/0xz  T_1.105, 4;
    %load/vec4 v000001688ab06d80_0;
    %addi 1, 0, 4;
    %assign/vec4 v000001688ab06d80_0, 0;
    %pushi/vec4 13, 0, 4;
    %assign/vec4 v000001688ab07460_0, 0;
    %jmp T_1.106;
T_1.105 ;
    %load/vec4 v000001688ab05ca0_0;
    %cmpi/e 0, 0, 4;
    %jmp/0xz  T_1.107, 4;
    %pushi/vec4 1, 0, 4;
    %assign/vec4 v000001688ab07460_0, 0;
    %jmp T_1.108;
T_1.107 ;
    %pushi/vec4 0, 0, 4;
    %assign/vec4 v000001688ab07460_0, 0;
T_1.108 ;
T_1.106 ;
T_1.104 ;
    %jmp T_1.18;
T_1.15 ;
    %load/vec4 v000001688ab05ca0_0;
    %cmpi/e 1, 0, 4;
    %flag_mov 8, 4;
    %load/vec4 v000001688ab05ca0_0;
    %cmpi/e 3, 0, 4;
    %flag_or 4, 8;
    %jmp/0xz  T_1.109, 4;
    %load/vec4 v000001688ab06d80_0;
    %cmpi/e 8, 0, 4;
    %jmp/0xz  T_1.111, 4;
    %pushi/vec4 0, 0, 4;
    %assign/vec4 v000001688ab07460_0, 0;
    %pushi/vec4 0, 0, 4;
    %assign/vec4 v000001688ab06d80_0, 0;
    %jmp T_1.112;
T_1.111 ;
    %load/vec4 v000001688ab06d80_0;
    %addi 1, 0, 4;
    %assign/vec4 v000001688ab06d80_0, 0;
T_1.112 ;
    %jmp T_1.110;
T_1.109 ;
    %load/vec4 v000001688ab05ca0_0;
    %cmpi/e 9, 0, 4;
    %jmp/0xz  T_1.113, 4;
    %load/vec4 v000001688ab06d80_0;
    %cmpi/e 8, 0, 4;
    %jmp/0xz  T_1.115, 4;
    %pushi/vec4 14, 0, 4;
    %assign/vec4 v000001688ab07460_0, 0;
    %jmp T_1.116;
T_1.115 ;
    %pushi/vec4 0, 0, 4;
    %assign/vec4 v000001688ab07460_0, 0;
T_1.116 ;
    %pushi/vec4 0, 0, 4;
    %assign/vec4 v000001688ab06d80_0, 0;
    %jmp T_1.114;
T_1.113 ;
    %load/vec4 v000001688ab05ca0_0;
    %cmpi/e 0, 0, 4;
    %jmp/0xz  T_1.117, 4;
    %pushi/vec4 0, 0, 4;
    %assign/vec4 v000001688ab06d80_0, 0;
    %pushi/vec4 1, 0, 4;
    %assign/vec4 v000001688ab07460_0, 0;
    %jmp T_1.118;
T_1.117 ;
    %pushi/vec4 0, 0, 4;
    %assign/vec4 v000001688ab06d80_0, 0;
    %pushi/vec4 0, 0, 4;
    %assign/vec4 v000001688ab07460_0, 0;
T_1.118 ;
T_1.114 ;
T_1.110 ;
    %jmp T_1.18;
T_1.16 ;
    %load/vec4 v000001688ab05ca0_0;
    %cmpi/e 0, 0, 4;
    %jmp/0xz  T_1.119, 4;
    %pushi/vec4 1, 0, 4;
    %assign/vec4 v000001688ab07460_0, 0;
    %jmp T_1.120;
T_1.119 ;
    %pushi/vec4 0, 0, 4;
    %assign/vec4 v000001688ab07460_0, 0;
T_1.120 ;
    %jmp T_1.18;
T_1.18 ;
    %pop/vec4 1;
T_1.1 ;
    %jmp T_1;
    .thread T_1;
# The file index is used to find the file name in the following table.
:file_names 3;
    "N/A";
    "<interactive>";
    "cpu_checker_challenge.v";
