#! /c/Source/iverilog-install/bin/vvp
:ivl_version "12.0 (devel)" "(s20150603-1110-g18392a46)";
:ivl_delay_selection "TYPICAL";
:vpi_time_precision - 12;
:vpi_module "D:\iverilog\iverilog\lib\ivl\system.vpi";
:vpi_module "D:\iverilog\iverilog\lib\ivl\vhdl_sys.vpi";
:vpi_module "D:\iverilog\iverilog\lib\ivl\vhdl_textio.vpi";
:vpi_module "D:\iverilog\iverilog\lib\ivl\v2005_math.vpi";
:vpi_module "D:\iverilog\iverilog\lib\ivl\va_math.vpi";
S_00000217536d2e10 .scope module, "code" "code" 2 21;
 .timescale -9 -12;
    .port_info 0 /INPUT 1 "Clk";
    .port_info 1 /INPUT 1 "Reset";
    .port_info 2 /INPUT 1 "Slt";
    .port_info 3 /INPUT 1 "En";
    .port_info 4 /OUTPUT 64 "Output0";
    .port_info 5 /OUTPUT 64 "Output1";
o0000021753707f98 .functor BUFZ 1, C4<z>; HiZ drive
v00000217536d33b0_0 .net "Clk", 0 0, o0000021753707f98;  0 drivers
o0000021753707fc8 .functor BUFZ 1, C4<z>; HiZ drive
v00000217536d2fa0_0 .net "En", 0 0, o0000021753707fc8;  0 drivers
v00000217536d3040_0 .var "Output0", 63 0;
v00000217536d30e0_0 .var "Output1", 63 0;
o0000021753708058 .functor BUFZ 1, C4<z>; HiZ drive
v000002175364b850_0 .net "Reset", 0 0, o0000021753708058;  0 drivers
o0000021753708088 .functor BUFZ 1, C4<z>; HiZ drive
v000002175364b8f0_0 .net "Slt", 0 0, o0000021753708088;  0 drivers
v000002175364b990_0 .var "counter", 1 0;
E_000002175364c2f0 .event posedge, v00000217536d33b0_0;
    .scope S_00000217536d2e10;
T_0 ;
    %pushi/vec4 0, 0, 2;
    %store/vec4 v000002175364b990_0, 0, 2;
    %end;
    .thread T_0;
    .scope S_00000217536d2e10;
T_1 ;
    %wait E_000002175364c2f0;
    %load/vec4 v000002175364b850_0;
    %cmpi/e 1, 0, 1;
    %jmp/0xz  T_1.0, 4;
    %pushi/vec4 0, 0, 64;
    %assign/vec4 v00000217536d3040_0, 0;
    %pushi/vec4 0, 0, 64;
    %assign/vec4 v00000217536d30e0_0, 0;
    %jmp T_1.1;
T_1.0 ;
    %load/vec4 v00000217536d2fa0_0;
    %cmpi/e 1, 0, 1;
    %jmp/0xz  T_1.2, 4;
    %load/vec4 v000002175364b8f0_0;
    %cmpi/e 0, 0, 1;
    %jmp/0xz  T_1.4, 4;
    %load/vec4 v00000217536d3040_0;
    %addi 1, 0, 64;
    %assign/vec4 v00000217536d3040_0, 0;
    %load/vec4 v00000217536d30e0_0;
    %assign/vec4 v00000217536d30e0_0, 0;
    %jmp T_1.5;
T_1.4 ;
    %load/vec4 v000002175364b8f0_0;
    %pad/u 32;
    %cmpi/e 1, 0, 32;
    %jmp/0xz  T_1.6, 4;
    %load/vec4 v000002175364b990_0;
    %addi 1, 0, 2;
    %assign/vec4 v000002175364b990_0, 0;
    %load/vec4 v000002175364b990_0;
    %cmpi/e 3, 0, 2;
    %jmp/0xz  T_1.8, 4;
    %load/vec4 v00000217536d3040_0;
    %assign/vec4 v00000217536d3040_0, 0;
    %load/vec4 v00000217536d30e0_0;
    %addi 1, 0, 64;
    %assign/vec4 v00000217536d30e0_0, 0;
    %jmp T_1.9;
T_1.8 ;
    %load/vec4 v00000217536d3040_0;
    %assign/vec4 v00000217536d3040_0, 0;
    %load/vec4 v00000217536d30e0_0;
    %assign/vec4 v00000217536d30e0_0, 0;
T_1.9 ;
T_1.6 ;
T_1.5 ;
    %jmp T_1.3;
T_1.2 ;
    %load/vec4 v00000217536d3040_0;
    %assign/vec4 v00000217536d3040_0, 0;
    %load/vec4 v00000217536d30e0_0;
    %assign/vec4 v00000217536d30e0_0, 0;
T_1.3 ;
T_1.1 ;
    %jmp T_1;
    .thread T_1;
# The file index is used to find the file name in the following table.
:file_names 3;
    "N/A";
    "<interactive>";
    "verilog¼ÆÊýÆ÷.v";
