#! /c/Source/iverilog-install/bin/vvp
:ivl_version "12.0 (devel)" "(s20150603-1110-g18392a46)";
:ivl_delay_selection "TYPICAL";
:vpi_time_precision - 12;
:vpi_module "D:\iverilog\iverilog\lib\ivl\system.vpi";
:vpi_module "D:\iverilog\iverilog\lib\ivl\vhdl_sys.vpi";
:vpi_module "D:\iverilog\iverilog\lib\ivl\vhdl_textio.vpi";
:vpi_module "D:\iverilog\iverilog\lib\ivl\v2005_math.vpi";
:vpi_module "D:\iverilog\iverilog\lib\ivl\va_math.vpi";
S_000001a11f96b970 .scope module, "id_fsm" "id_fsm" 2 24;
 .timescale -9 -12;
    .port_info 0 /INPUT 9 "char";
    .port_info 1 /INPUT 1 "clk";
    .port_info 2 /OUTPUT 1 "out";
L_000001a11f9fc8e8 .functor BUFT 1, C4<01>, C4<0>, C4<0>, C4<0>;
v000001a11f983740_0 .net/2u *"_ivl_0", 1 0, L_000001a11f9fc8e8;  1 drivers
v000001a11f983100_0 .net *"_ivl_2", 0 0, L_000001a11fa448f0;  1 drivers
L_000001a11f9fc930 .functor BUFT 1, C4<1>, C4<0>, C4<0>, C4<0>;
v000001a11f9b4ea0_0 .net/2u *"_ivl_4", 0 0, L_000001a11f9fc930;  1 drivers
L_000001a11f9fc978 .functor BUFT 1, C4<0>, C4<0>, C4<0>, C4<0>;
v000001a11f9b4f40_0 .net/2u *"_ivl_6", 0 0, L_000001a11f9fc978;  1 drivers
o000001a11f9ba098 .functor BUFZ 9, C4<zzzzzzzzz>; HiZ drive
v000001a11f9b4fe0_0 .net "char", 8 0, o000001a11f9ba098;  0 drivers
o000001a11f9ba0c8 .functor BUFZ 1, C4<z>; HiZ drive
v000001a11f9b5080_0 .net "clk", 0 0, o000001a11f9ba0c8;  0 drivers
v000001a11f9b5120_0 .net "out", 0 0, L_000001a11fa459a0;  1 drivers
v000001a11f9fc840_0 .var "status", 1 0;
E_000001a11f9a6910 .event posedge, v000001a11f9b5080_0;
L_000001a11fa448f0 .cmp/eq 2, v000001a11f9fc840_0, L_000001a11f9fc8e8;
L_000001a11fa459a0 .functor MUXZ 1, L_000001a11f9fc978, L_000001a11f9fc930, L_000001a11fa448f0, C4<>;
    .scope S_000001a11f96b970;
T_0 ;
    %pushi/vec4 2, 0, 2;
    %assign/vec4 v000001a11f9fc840_0, 0;
    %end;
    .thread T_0;
    .scope S_000001a11f96b970;
T_1 ;
    %wait E_000001a11f9a6910;
    %load/vec4 v000001a11f9fc840_0;
    %dup/vec4;
    %pushi/vec4 0, 0, 2;
    %cmp/u;
    %jmp/1 T_1.0, 6;
    %dup/vec4;
    %pushi/vec4 1, 0, 2;
    %cmp/u;
    %jmp/1 T_1.1, 6;
    %dup/vec4;
    %pushi/vec4 2, 0, 2;
    %cmp/u;
    %jmp/1 T_1.2, 6;
    %jmp T_1.3;
T_1.0 ;
    %pushi/vec4 65, 0, 9;
    %load/vec4 v000001a11f9b4fe0_0;
    %cmp/u;
    %flag_get/vec4 4;
    %flag_get/vec4 5;
    %or;
    %load/vec4 v000001a11f9b4fe0_0;
    %cmpi/u 90, 0, 9;
    %flag_get/vec4 4;
    %flag_get/vec4 5;
    %or;
    %and;
    %flag_set/vec4 8;
    %pushi/vec4 97, 0, 9;
    %load/vec4 v000001a11f9b4fe0_0;
    %cmp/u;
    %flag_get/vec4 4;
    %flag_get/vec4 5;
    %or;
    %load/vec4 v000001a11f9b4fe0_0;
    %cmpi/u 122, 0, 9;
    %flag_get/vec4 4;
    %flag_get/vec4 5;
    %or;
    %and;
    %flag_set/vec4 9;
    %flag_or 9, 8;
    %jmp/0xz  T_1.4, 9;
    %pushi/vec4 0, 0, 2;
    %assign/vec4 v000001a11f9fc840_0, 0;
    %jmp T_1.5;
T_1.4 ;
    %pushi/vec4 48, 0, 9;
    %load/vec4 v000001a11f9b4fe0_0;
    %cmp/u;
    %flag_get/vec4 4;
    %flag_get/vec4 5;
    %or;
    %load/vec4 v000001a11f9b4fe0_0;
    %cmpi/u 57, 0, 9;
    %flag_get/vec4 4;
    %flag_get/vec4 5;
    %or;
    %and;
    %flag_set/vec4 8;
    %jmp/0xz  T_1.6, 8;
    %pushi/vec4 1, 0, 2;
    %assign/vec4 v000001a11f9fc840_0, 0;
    %jmp T_1.7;
T_1.6 ;
    %pushi/vec4 2, 0, 2;
    %assign/vec4 v000001a11f9fc840_0, 0;
T_1.7 ;
T_1.5 ;
    %jmp T_1.3;
T_1.1 ;
    %pushi/vec4 65, 0, 9;
    %load/vec4 v000001a11f9b4fe0_0;
    %cmp/u;
    %flag_get/vec4 4;
    %flag_get/vec4 5;
    %or;
    %load/vec4 v000001a11f9b4fe0_0;
    %cmpi/u 90, 0, 9;
    %flag_get/vec4 4;
    %flag_get/vec4 5;
    %or;
    %and;
    %flag_set/vec4 8;
    %pushi/vec4 97, 0, 9;
    %load/vec4 v000001a11f9b4fe0_0;
    %cmp/u;
    %flag_get/vec4 4;
    %flag_get/vec4 5;
    %or;
    %load/vec4 v000001a11f9b4fe0_0;
    %cmpi/u 122, 0, 9;
    %flag_get/vec4 4;
    %flag_get/vec4 5;
    %or;
    %and;
    %flag_set/vec4 9;
    %flag_or 9, 8;
    %jmp/0xz  T_1.8, 9;
    %pushi/vec4 0, 0, 2;
    %assign/vec4 v000001a11f9fc840_0, 0;
    %jmp T_1.9;
T_1.8 ;
    %pushi/vec4 48, 0, 9;
    %load/vec4 v000001a11f9b4fe0_0;
    %cmp/u;
    %flag_get/vec4 4;
    %flag_get/vec4 5;
    %or;
    %load/vec4 v000001a11f9b4fe0_0;
    %cmpi/u 57, 0, 9;
    %flag_get/vec4 4;
    %flag_get/vec4 5;
    %or;
    %and;
    %flag_set/vec4 8;
    %jmp/0xz  T_1.10, 8;
    %pushi/vec4 1, 0, 2;
    %assign/vec4 v000001a11f9fc840_0, 0;
    %jmp T_1.11;
T_1.10 ;
    %pushi/vec4 2, 0, 2;
    %assign/vec4 v000001a11f9fc840_0, 0;
T_1.11 ;
T_1.9 ;
    %jmp T_1.3;
T_1.2 ;
    %pushi/vec4 65, 0, 9;
    %load/vec4 v000001a11f9b4fe0_0;
    %cmp/u;
    %flag_get/vec4 4;
    %flag_get/vec4 5;
    %or;
    %load/vec4 v000001a11f9b4fe0_0;
    %cmpi/u 90, 0, 9;
    %flag_get/vec4 4;
    %flag_get/vec4 5;
    %or;
    %and;
    %flag_set/vec4 8;
    %pushi/vec4 97, 0, 9;
    %load/vec4 v000001a11f9b4fe0_0;
    %cmp/u;
    %flag_get/vec4 4;
    %flag_get/vec4 5;
    %or;
    %load/vec4 v000001a11f9b4fe0_0;
    %cmpi/u 122, 0, 9;
    %flag_get/vec4 4;
    %flag_get/vec4 5;
    %or;
    %and;
    %flag_set/vec4 9;
    %flag_or 9, 8;
    %jmp/0xz  T_1.12, 9;
    %pushi/vec4 0, 0, 2;
    %assign/vec4 v000001a11f9fc840_0, 0;
    %jmp T_1.13;
T_1.12 ;
    %pushi/vec4 48, 0, 9;
    %load/vec4 v000001a11f9b4fe0_0;
    %cmp/u;
    %flag_get/vec4 4;
    %flag_get/vec4 5;
    %or;
    %load/vec4 v000001a11f9b4fe0_0;
    %cmpi/u 57, 0, 9;
    %flag_get/vec4 4;
    %flag_get/vec4 5;
    %or;
    %and;
    %flag_set/vec4 8;
    %jmp/0xz  T_1.14, 8;
    %pushi/vec4 2, 0, 2;
    %assign/vec4 v000001a11f9fc840_0, 0;
    %jmp T_1.15;
T_1.14 ;
    %pushi/vec4 2, 0, 2;
    %assign/vec4 v000001a11f9fc840_0, 0;
T_1.15 ;
T_1.13 ;
    %jmp T_1.3;
T_1.3 ;
    %pop/vec4 1;
    %jmp T_1;
    .thread T_1;
# The file index is used to find the file name in the following table.
:file_names 3;
    "N/A";
    "<interactive>";
    "Verilog×Ö·û×Ô¶¯»ú.v";
