Release 14.7 - xst P.20131013 (nt64)
Copyright (c) 1995-2013 Xilinx, Inc.  All rights reserved.
--> Parameter TMPDIR set to xst/projnav.tmp


Total REAL time to Xst completion: 0.00 secs
Total CPU time to Xst completion: 0.10 secs
 
--> Parameter xsthdpdir set to xst


Total REAL time to Xst completion: 0.00 secs
Total CPU time to Xst completion: 0.10 secs
 
--> Reading design: count1s.prj

TABLE OF CONTENTS
  1) Synthesis Options Summary
  2) HDL Compilation
  3) Design Hierarchy Analysis
  4) HDL Analysis
  5) HDL Synthesis
     5.1) HDL Synthesis Report
  6) Advanced HDL Synthesis
     6.1) Advanced HDL Synthesis Report
  7) Low Level Synthesis
  8) Partition Report
  9) Final Report
	9.1) Device utilization summary
	9.2) Partition Resource Summary
	9.3) TIMING REPORT


=========================================================================
*                      Synthesis Options Summary                        *
=========================================================================
---- Source Parameters
Input File Name                    : "count1s.prj"
Input Format                       : mixed
Ignore Synthesis Constraint File   : NO

---- Target Parameters
Output File Name                   : "count1s"
Output Format                      : NGC
Target Device                      : xa3s50-4-vqg100

---- Source Options
Top Module Name                    : count1s
Automatic FSM Extraction           : YES
FSM Encoding Algorithm             : Auto
Safe Implementation                : No
FSM Style                          : LUT
RAM Extraction                     : Yes
RAM Style                          : Auto
ROM Extraction                     : Yes
Mux Style                          : Auto
Decoder Extraction                 : YES
Priority Encoder Extraction        : Yes
Shift Register Extraction          : YES
Logical Shifter Extraction         : YES
XOR Collapsing                     : YES
ROM Style                          : Auto
Mux Extraction                     : Yes
Resource Sharing                   : YES
Asynchronous To Synchronous        : NO
Multiplier Style                   : Auto
Automatic Register Balancing       : No

---- Target Options
Add IO Buffers                     : YES
Global Maximum Fanout              : 100000
Add Generic Clock Buffer(BUFG)     : 8
Register Duplication               : YES
Slice Packing                      : YES
Optimize Instantiated Primitives   : NO
Use Clock Enable                   : Yes
Use Synchronous Set                : Yes
Use Synchronous Reset              : Yes
Pack IO Registers into IOBs        : Auto
Equivalent register Removal        : YES

---- General Options
Optimization Goal                  : Speed
Optimization Effort                : 1
Keep Hierarchy                     : No
Netlist Hierarchy                  : As_Optimized
RTL Output                         : Yes
Global Optimization                : AllClockNets
Read Cores                         : YES
Write Timing Constraints           : NO
Cross Clock Analysis               : NO
Hierarchy Separator                : /
Bus Delimiter                      : <>
Case Specifier                     : Maintain
Slice Utilization Ratio            : 100
BRAM Utilization Ratio             : 100
Verilog 2001                       : YES
Auto BRAM Packing                  : NO
Slice Utilization Ratio Delta      : 5

=========================================================================


=========================================================================
*                          HDL Compilation                              *
=========================================================================
Compiling verilog file "muxtwo1.v" in library work
Module <count1s> compiled
No errors in compilation
Analysis of file <"count1s.prj"> succeeded.
 

=========================================================================
*                     Design Hierarchy Analysis                         *
=========================================================================
Analyzing hierarchy for module <count1s> in library <work>.


=========================================================================
*                            HDL Analysis                               *
=========================================================================
Analyzing top module <count1s>.
Module <count1s> is correct for synthesis.
 

=========================================================================
*                           HDL Synthesis                               *
=========================================================================

Performing bidirectional port resolution...

Synthesizing Unit <count1s>.
    Related source file is "muxtwo1.v".
WARNING:Xst:646 - Signal <count1/tempreg> is assigned but never used. This unconnected signal will be trimmed during the optimization process.
    Found 4-bit register for signal <count>.
    Found 4-bit adder for signal <count$addsub0000> created at line 33.
    Found 4-bit adder for signal <old_count_10$addsub0000> created at line 33.
    Found 4-bit adder for signal <old_count_12$addsub0000> created at line 33.
    Found 4-bit adder for signal <old_count_14$addsub0000> created at line 33.
    Found 4-bit adder for signal <old_count_4$addsub0000> created at line 33.
    Found 4-bit adder for signal <old_count_6$addsub0000> created at line 33.
    Found 4-bit adder for signal <old_count_8$addsub0000> created at line 33.
    Summary:
	inferred   4 D-type flip-flop(s).
	inferred   7 Adder/Subtractor(s).
Unit <count1s> synthesized.


=========================================================================
HDL Synthesis Report

Macro Statistics
# Adders/Subtractors                                   : 7
 4-bit adder                                           : 7
# Registers                                            : 1
 4-bit register                                        : 1

=========================================================================

=========================================================================
*                       Advanced HDL Synthesis                          *
=========================================================================

failed to translate terminal to FCT

count$mux0000[3] = 
If !($old_count1/tempreg_1) Then $old_count_2[3]
If $old_count1/tempreg_1 Then 
  If !($old_count1/tempreg_3) Then $old_count_4[3]
  If $old_count1/tempreg_3 Then 
    If !($old_count1/tempreg_5) Then $old_count_6[3]
    If $old_count1/tempreg_5 Then 
      If !($old_count1/tempreg_7) Then $old_count_8[3]
      If $old_count1/tempreg_7 Then 
        If !($old_count1/tempreg_9) Then $old_count_10[3]
        If $old_count1/tempreg_9 Then 
          If !($old_count1/tempreg_11) Then $old_count_12[3]
          If $old_count1/tempreg_11 Then 
            If $old_count1/tempreg_13 Then count$addsub0000[3]
            If !($old_count1/tempreg_13) Then $old_count_14[3]
--> 

Total memory usage is 4498148 kilobytes

Number of errors   :    0 (   0 filtered)
Number of warnings :    1 (   0 filtered)
Number of infos    :    0 (   0 filtered)

