#! /c/Source/iverilog-install/bin/vvp
:ivl_version "12.0 (devel)" "(s20150603-1110-g18392a46)";
:ivl_delay_selection "TYPICAL";
:vpi_time_precision - 9;
:vpi_module "D:\iverilog\iverilog\lib\ivl\system.vpi";
:vpi_module "D:\iverilog\iverilog\lib\ivl\vhdl_sys.vpi";
:vpi_module "D:\iverilog\iverilog\lib\ivl\vhdl_textio.vpi";
:vpi_module "D:\iverilog\iverilog\lib\ivl\v2005_math.vpi";
:vpi_module "D:\iverilog\iverilog\lib\ivl\va_math.vpi";
S_00000238ac253040 .scope module, "test" "test" 2 3;
 .timescale -9 -9;
v00000238ac253590_0 .var "ai", 0 0;
v00000238ac2531d0_0 .var "bi", 0 0;
    .scope S_00000238ac253040;
T_0 ;
    %pushi/vec4 0, 0, 1;
    %store/vec4 v00000238ac253590_0, 0, 1;
    %delay 25, 0;
    %pushi/vec4 1, 0, 1;
    %store/vec4 v00000238ac253590_0, 0, 1;
    %delay 35, 0;
    %pushi/vec4 0, 0, 1;
    %store/vec4 v00000238ac253590_0, 0, 1;
    %delay 40, 0;
    %pushi/vec4 1, 0, 1;
    %store/vec4 v00000238ac253590_0, 0, 1;
    %delay 10, 0;
    %pushi/vec4 0, 0, 1;
    %store/vec4 v00000238ac253590_0, 0, 1;
    %end;
    .thread T_0;
    .scope S_00000238ac253040;
T_1 ;
    %pushi/vec4 1, 0, 1;
    %store/vec4 v00000238ac2531d0_0, 0, 1;
    %delay 70, 0;
    %pushi/vec4 0, 0, 1;
    %store/vec4 v00000238ac2531d0_0, 0, 1;
    %delay 20, 0;
    %pushi/vec4 1, 0, 1;
    %store/vec4 v00000238ac2531d0_0, 0, 1;
    %end;
    .thread T_1;
    .scope S_00000238ac253040;
T_2 ;
T_2.0 ;
    %delay 100, 0;
    %vpi_func 2 25 "$time" 64 {0 0 0};
    %cmpi/u 1000, 0, 64;
    %flag_inv 5; GE is !LT
    %jmp/0xz  T_2.1, 5;
    %vpi_call 2 26 "$finish" {0 0 0};
T_2.1 ;
    %jmp T_2.0;
    %end;
    .thread T_2;
# The file index is used to find the file name in the following table.
:file_names 3;
    "N/A";
    "<interactive>";
    "tb.v";
