#! /c/Source/iverilog-install/bin/vvp
:ivl_version "12.0 (devel)" "(s20150603-1110-g18392a46)";
:ivl_delay_selection "TYPICAL";
:vpi_time_precision + 0;
:vpi_module "D:\iverilog\iverilog\lib\ivl\system.vpi";
:vpi_module "D:\iverilog\iverilog\lib\ivl\vhdl_sys.vpi";
:vpi_module "D:\iverilog\iverilog\lib\ivl\vhdl_textio.vpi";
:vpi_module "D:\iverilog\iverilog\lib\ivl\v2005_math.vpi";
:vpi_module "D:\iverilog\iverilog\lib\ivl\va_math.vpi";
S_000002568fe62f30 .scope module, "test_default_nettype" "test_default_nettype" 2 3;
 .timescale 0 0;
    .port_info 0 /INPUT 1 "a1";
    .port_info 1 /INPUT 1 "a2";
    .port_info 2 /OUTPUT 1 "c1";
o000002568fe96a78 .functor BUFZ 1, C4<z>; HiZ drive
o000002568fe96aa8 .functor BUFZ 1, C4<z>; HiZ drive
L_000002568fe635e0 .functor AND 1, o000002568fe96a78, o000002568fe96aa8, C4<1>, C4<1>;
v000002568fe63800_0 .net "a1", 0 0, o000002568fe96a78;  0 drivers
v000002568fe63a20_0 .net "a2", 0 0, o000002568fe96aa8;  0 drivers
o000002568fe96ad8 .functor BUFZ 1, C4<z>; HiZ drive
v000002568fe630c0_0 .net "c1", 0 0, o000002568fe96ad8;  0 drivers
v000002568fe63160_0 .net "cl", 0 0, L_000002568fe635e0;  1 drivers
# The file index is used to find the file name in the following table.
:file_names 3;
    "N/A";
    "<interactive>";
    "temp.v";
