Running: D:\ISESetup\14.7\ISE_DS\ISE\bin\nt64\unwrapped\fuse.exe -intstyle ise -incremental -lib unisims_ver -lib unimacro_ver -lib xilinxcorelib_ver -lib secureip -o E:/1-Project/P4/CPU/mips_tb_isim_beh.exe -prj E:/1-Project/P4/CPU/mips_tb_beh.prj work.mips_tb work.glbl 
ISim P.20131013 (signature 0x7708f090)
Number of CPUs detected in this system: 12
Turning on mult-threading, number of parallel sub-compilation jobs: 24 
Determining compilation order of HDL files
Analyzing Verilog file "E:/1-Project/P4/CPU/RF.v" into library work
Analyzing Verilog file "E:/1-Project/P4/CPU/PC.v" into library work
Analyzing Verilog file "E:/1-Project/P4/CPU/NPC.v" into library work
Analyzing Verilog file "E:/1-Project/P4/CPU/IM.v" into library work
Analyzing Verilog file "E:/1-Project/P4/CPU/EXT.v" into library work
Analyzing Verilog file "E:/1-Project/P4/CPU/DM.v" into library work
Analyzing Verilog file "E:/1-Project/P4/CPU/controller.v" into library work
Analyzing Verilog file "E:/1-Project/P4/CPU/ALU.v" into library work
Analyzing Verilog file "E:/1-Project/P4/CPU/mips.v" into library work
Analyzing Verilog file "E:/1-Project/P4/CPU/mips_tb.v" into library work
Analyzing Verilog file "D:/ISESetup/14.7/ISE_DS/ISE//verilog/src/glbl.v" into library work
Starting static elaboration
Completed static elaboration
Compiling module controller
Compiling module PC
Compiling module NPC
Compiling module IM
Compiling module RF
Compiling module ALU
Compiling module DM
Compiling module EXT
Compiling module mips
Compiling module mips_tb
Compiling module glbl
Time Resolution for simulation is 1ps.
Waiting for 1 sub-compilation(s) to finish...
WARNING:Simulator - Unable to copy libPortabilityNOSH.dll to the simulation executable directory: boost::filesystem::copy_file: 系统找不到指定的路径。, "isim\mips_tb_isim_beh.exe.sim\libPortability.dll".
Compiled 11 Verilog Units
Built simulation executable E:/1-Project/P4/CPU/mips_tb_isim_beh.exe
Fuse Memory Usage: 29216 KB
Fuse CPU Usage: 390 ms
