ISim log file
Running: E:\1-Project\P4\CPU\mips_tb_isim_beh.exe -intstyle ise -gui -tclbatch isim.cmd -wdb E:/1-Project/P4/CPU/mips_tb_isim_beh.wdb 
ISim P.20131013 (signature 0x7708f090)
This is a Full version of ISim.
Time resolution is 1 ps
# onerror resume
# wave add /
# run 1000 ns
Simulator is doing circuit initialization process.
Finished circuit initialization process.
@00003000: $28 <= 00000000
@00003004: $29 <= 00000000
@00003008: $ 1 <= 00003456
@0000300c: $ 1 <= 000068ac
@00003010: $ 1 <= 00000004
@00003014: *00000004 <= 00000004
@00003018: $ 2 <= 78780000
@0000301c: $ 3 <= 7877fffc
@00003020: $ 5 <= 12340000
@00003024: $ 4 <= 00000005
@0000302c: *00000004 <= 12340000
@00003030: $ 3 <= 0000ffff
