ISim log file
Running: E:\1-Project\P7\CPU\mips_txt_isim_beh.exe -intstyle ise -gui -tclbatch isim.cmd -wdb E:/1-Project/P7/CPU/mips_txt_isim_beh.wdb 
ISim P.20131013 (signature 0x7708f090)
This is a Full version of ISim.
Time resolution is 1 ps
# onerror resume
# wave add /
# run 1000 ns
Simulator is doing circuit initialization process.
Finished circuit initialization process.
                  38@00003000: $10 <= 0000fc01
                  66@00004180: $ 5 <= 80000000
                  70@00004184: $ 5 <= 0000300c
                  86@00003010: $ 2 <= 00000000
ISim P.20131013 (signature 0x7708f090)
This is a Full version of ISim.
# run 1000 ns
Simulator is doing circuit initialization process.
Finished circuit initialization process.
                  38@00003000: $10 <= 0000fc01
                  66@00004180: $ 5 <= 80000000
                  70@00004184: $ 5 <= 0000300c
                  86@00003010: $ 2 <= 00000000
