#! /c/Source/iverilog-install/bin/vvp
:ivl_version "12.0 (devel)" "(s20150603-1110-g18392a46)";
:ivl_delay_selection "TYPICAL";
:vpi_time_precision - 12;
:vpi_module "D:\iverilog\iverilog\lib\ivl\system.vpi";
:vpi_module "D:\iverilog\iverilog\lib\ivl\vhdl_sys.vpi";
:vpi_module "D:\iverilog\iverilog\lib\ivl\vhdl_textio.vpi";
:vpi_module "D:\iverilog\iverilog\lib\ivl\v2005_math.vpi";
:vpi_module "D:\iverilog\iverilog\lib\ivl\va_math.vpi";
S_0000017976ec6390 .scope module, "controller" "controller" 2 24;
 .timescale -9 -12;
    .port_info 0 /INPUT 32 "instruction";
    .port_info 1 /INPUT 1 "zero";
    .port_info 2 /OUTPUT 2 "npcop";
    .port_info 3 /OUTPUT 2 "wrsel";
    .port_info 4 /OUTPUT 2 "wdsel";
    .port_info 5 /OUTPUT 1 "rfwe";
    .port_info 6 /OUTPUT 2 "extop";
    .port_info 7 /OUTPUT 2 "asel";
    .port_info 8 /OUTPUT 2 "bsel";
    .port_info 9 /OUTPUT 5 "aluop";
    .port_info 10 /OUTPUT 1 "dmwe";
    .port_info 11 /OUTPUT 2 "dmtype";
v0000017976ec6ce0_0 .var "aluop", 4 0;
v0000017976ec65f0_0 .var "asel", 1 0;
v0000017976ec6690_0 .var "bsel", 1 0;
v0000017976f145f0_0 .var "dmtype", 1 0;
v0000017976f14690_0 .var "dmwe", 0 0;
v0000017976f14730_0 .var "extop", 1 0;
o0000017976f290c8 .functor BUFZ 32, C4<zzzzzzzzzzzzzzzzzzzzzzzzzzzzzzzz>; HiZ drive
v0000017976f147d0_0 .net "instruction", 31 0, o0000017976f290c8;  0 drivers
v0000017976f14870_0 .var "npcop", 1 0;
v0000017976f14910_0 .var "rfwe", 0 0;
v0000017976f149b0_0 .var "wdsel", 1 0;
v0000017976f14a50_0 .var "wrsel", 1 0;
o0000017976f291b8 .functor BUFZ 1, C4<z>; HiZ drive
v0000017976f14af0_0 .net "zero", 0 0, o0000017976f291b8;  0 drivers
E_0000017976f07880 .event anyedge, v0000017976f147d0_0;
    .scope S_0000017976ec6390;
T_0 ;
    %pushi/vec4 0, 0, 2;
    %store/vec4 v0000017976f14870_0, 0, 2;
    %pushi/vec4 0, 0, 2;
    %store/vec4 v0000017976f14a50_0, 0, 2;
    %pushi/vec4 0, 0, 2;
    %store/vec4 v0000017976f149b0_0, 0, 2;
    %pushi/vec4 0, 0, 1;
    %store/vec4 v0000017976f14910_0, 0, 1;
    %pushi/vec4 0, 0, 2;
    %store/vec4 v0000017976f14730_0, 0, 2;
    %pushi/vec4 0, 0, 2;
    %store/vec4 v0000017976ec65f0_0, 0, 2;
    %pushi/vec4 0, 0, 2;
    %store/vec4 v0000017976ec6690_0, 0, 2;
    %pushi/vec4 0, 0, 5;
    %store/vec4 v0000017976ec6ce0_0, 0, 5;
    %pushi/vec4 0, 0, 1;
    %store/vec4 v0000017976f14690_0, 0, 1;
    %pushi/vec4 0, 0, 2;
    %store/vec4 v0000017976f145f0_0, 0, 2;
    %end;
    .thread T_0;
    .scope S_0000017976ec6390;
T_1 ;
    %wait E_0000017976f07880;
    %load/vec4 v0000017976f147d0_0;
    %cmpi/e 0, 0, 32;
    %jmp/0xz  T_1.0, 4;
    %pushi/vec4 0, 0, 2;
    %store/vec4 v0000017976f14870_0, 0, 2;
    %pushi/vec4 0, 0, 2;
    %store/vec4 v0000017976f14a50_0, 0, 2;
    %pushi/vec4 0, 0, 2;
    %store/vec4 v0000017976f149b0_0, 0, 2;
    %pushi/vec4 0, 0, 1;
    %store/vec4 v0000017976f14910_0, 0, 1;
    %pushi/vec4 0, 0, 2;
    %store/vec4 v0000017976f14730_0, 0, 2;
    %pushi/vec4 0, 0, 2;
    %store/vec4 v0000017976ec65f0_0, 0, 2;
    %pushi/vec4 0, 0, 2;
    %store/vec4 v0000017976ec6690_0, 0, 2;
    %pushi/vec4 0, 0, 5;
    %store/vec4 v0000017976ec6ce0_0, 0, 5;
    %pushi/vec4 0, 0, 1;
    %store/vec4 v0000017976f14690_0, 0, 1;
    %pushi/vec4 0, 0, 2;
    %store/vec4 v0000017976f145f0_0, 0, 2;
    %jmp T_1.1;
T_1.0 ;
    %load/vec4 v0000017976f147d0_0;
    %parti/s 6, 26, 6;
    %cmpi/e 0, 0, 6;
    %jmp/0xz  T_1.2, 4;
    %load/vec4 v0000017976f147d0_0;
    %parti/s 6, 0, 2;
    %cmpi/e 33, 0, 6;
    %jmp/0xz  T_1.4, 4;
    %pushi/vec4 0, 0, 2;
    %store/vec4 v0000017976f14870_0, 0, 2;
    %pushi/vec4 1, 0, 2;
    %store/vec4 v0000017976f14a50_0, 0, 2;
    %pushi/vec4 0, 0, 2;
    %store/vec4 v0000017976f149b0_0, 0, 2;
    %pushi/vec4 1, 0, 1;
    %store/vec4 v0000017976f14910_0, 0, 1;
    %pushi/vec4 0, 0, 2;
    %store/vec4 v0000017976f14730_0, 0, 2;
    %pushi/vec4 0, 0, 2;
    %store/vec4 v0000017976ec65f0_0, 0, 2;
    %pushi/vec4 0, 0, 2;
    %store/vec4 v0000017976ec6690_0, 0, 2;
    %pushi/vec4 0, 0, 5;
    %store/vec4 v0000017976ec6ce0_0, 0, 5;
    %pushi/vec4 0, 0, 1;
    %store/vec4 v0000017976f14690_0, 0, 1;
    %pushi/vec4 0, 0, 2;
    %store/vec4 v0000017976f145f0_0, 0, 2;
T_1.4 ;
    %load/vec4 v0000017976f147d0_0;
    %parti/s 6, 0, 2;
    %cmpi/e 35, 0, 6;
    %jmp/0xz  T_1.6, 4;
    %pushi/vec4 0, 0, 2;
    %store/vec4 v0000017976f14870_0, 0, 2;
    %pushi/vec4 1, 0, 2;
    %store/vec4 v0000017976f14a50_0, 0, 2;
    %pushi/vec4 0, 0, 2;
    %store/vec4 v0000017976f149b0_0, 0, 2;
    %pushi/vec4 1, 0, 1;
    %store/vec4 v0000017976f14910_0, 0, 1;
    %pushi/vec4 0, 0, 2;
    %store/vec4 v0000017976f14730_0, 0, 2;
    %pushi/vec4 0, 0, 2;
    %store/vec4 v0000017976ec65f0_0, 0, 2;
    %pushi/vec4 0, 0, 2;
    %store/vec4 v0000017976ec6690_0, 0, 2;
    %pushi/vec4 1, 0, 5;
    %store/vec4 v0000017976ec6ce0_0, 0, 5;
    %pushi/vec4 0, 0, 1;
    %store/vec4 v0000017976f14690_0, 0, 1;
    %pushi/vec4 0, 0, 2;
    %store/vec4 v0000017976f145f0_0, 0, 2;
T_1.6 ;
    %load/vec4 v0000017976f147d0_0;
    %parti/s 6, 0, 2;
    %cmpi/e 8, 0, 6;
    %jmp/0xz  T_1.8, 4;
    %pushi/vec4 3, 0, 2;
    %store/vec4 v0000017976f14870_0, 0, 2;
    %pushi/vec4 0, 0, 2;
    %store/vec4 v0000017976f14a50_0, 0, 2;
    %pushi/vec4 0, 0, 2;
    %store/vec4 v0000017976f149b0_0, 0, 2;
    %pushi/vec4 0, 0, 1;
    %store/vec4 v0000017976f14910_0, 0, 1;
    %pushi/vec4 0, 0, 2;
    %store/vec4 v0000017976f14730_0, 0, 2;
    %pushi/vec4 0, 0, 2;
    %store/vec4 v0000017976ec65f0_0, 0, 2;
    %pushi/vec4 0, 0, 2;
    %store/vec4 v0000017976ec6690_0, 0, 2;
    %pushi/vec4 4, 0, 5;
    %store/vec4 v0000017976ec6ce0_0, 0, 5;
    %pushi/vec4 0, 0, 1;
    %store/vec4 v0000017976f14690_0, 0, 1;
    %pushi/vec4 0, 0, 2;
    %store/vec4 v0000017976f145f0_0, 0, 2;
T_1.8 ;
    %jmp T_1.3;
T_1.2 ;
    %load/vec4 v0000017976f147d0_0;
    %parti/s 6, 26, 6;
    %cmpi/e 13, 0, 6;
    %jmp/0xz  T_1.10, 4;
    %pushi/vec4 0, 0, 2;
    %store/vec4 v0000017976f14870_0, 0, 2;
    %pushi/vec4 0, 0, 2;
    %store/vec4 v0000017976f14a50_0, 0, 2;
    %pushi/vec4 0, 0, 2;
    %store/vec4 v0000017976f149b0_0, 0, 2;
    %pushi/vec4 1, 0, 1;
    %store/vec4 v0000017976f14910_0, 0, 1;
    %pushi/vec4 0, 0, 2;
    %store/vec4 v0000017976f14730_0, 0, 2;
    %pushi/vec4 0, 0, 2;
    %store/vec4 v0000017976ec65f0_0, 0, 2;
    %pushi/vec4 1, 0, 2;
    %store/vec4 v0000017976ec6690_0, 0, 2;
    %pushi/vec4 2, 0, 5;
    %store/vec4 v0000017976ec6ce0_0, 0, 5;
    %pushi/vec4 0, 0, 1;
    %store/vec4 v0000017976f14690_0, 0, 1;
    %pushi/vec4 0, 0, 2;
    %store/vec4 v0000017976f145f0_0, 0, 2;
T_1.10 ;
    %load/vec4 v0000017976f147d0_0;
    %parti/s 6, 26, 6;
    %cmpi/e 35, 0, 6;
    %jmp/0xz  T_1.12, 4;
    %pushi/vec4 0, 0, 2;
    %store/vec4 v0000017976f14870_0, 0, 2;
    %pushi/vec4 0, 0, 2;
    %store/vec4 v0000017976f14a50_0, 0, 2;
    %pushi/vec4 0, 0, 2;
    %store/vec4 v0000017976f149b0_0, 0, 2;
    %pushi/vec4 1, 0, 1;
    %store/vec4 v0000017976f14910_0, 0, 1;
    %pushi/vec4 0, 0, 2;
    %store/vec4 v0000017976f14730_0, 0, 2;
    %pushi/vec4 0, 0, 2;
    %store/vec4 v0000017976ec65f0_0, 0, 2;
    %pushi/vec4 1, 0, 2;
    %store/vec4 v0000017976ec6690_0, 0, 2;
    %pushi/vec4 2, 0, 5;
    %store/vec4 v0000017976ec6ce0_0, 0, 5;
    %pushi/vec4 0, 0, 1;
    %store/vec4 v0000017976f14690_0, 0, 1;
    %pushi/vec4 0, 0, 2;
    %store/vec4 v0000017976f145f0_0, 0, 2;
T_1.12 ;
    %load/vec4 v0000017976f147d0_0;
    %parti/s 6, 26, 6;
    %cmpi/e 43, 0, 6;
    %jmp/0xz  T_1.14, 4;
    %pushi/vec4 0, 0, 2;
    %store/vec4 v0000017976f14870_0, 0, 2;
    %pushi/vec4 0, 0, 2;
    %store/vec4 v0000017976f14a50_0, 0, 2;
    %pushi/vec4 0, 0, 2;
    %store/vec4 v0000017976f149b0_0, 0, 2;
    %pushi/vec4 0, 0, 1;
    %store/vec4 v0000017976f14910_0, 0, 1;
    %pushi/vec4 1, 0, 2;
    %store/vec4 v0000017976f14730_0, 0, 2;
    %pushi/vec4 0, 0, 2;
    %store/vec4 v0000017976ec65f0_0, 0, 2;
    %pushi/vec4 1, 0, 2;
    %store/vec4 v0000017976ec6690_0, 0, 2;
    %pushi/vec4 0, 0, 5;
    %store/vec4 v0000017976ec6ce0_0, 0, 5;
    %pushi/vec4 1, 0, 1;
    %store/vec4 v0000017976f14690_0, 0, 1;
    %pushi/vec4 0, 0, 2;
    %store/vec4 v0000017976f145f0_0, 0, 2;
T_1.14 ;
    %load/vec4 v0000017976f147d0_0;
    %parti/s 6, 26, 6;
    %cmpi/e 4, 0, 6;
    %jmp/0xz  T_1.16, 4;
    %pushi/vec4 1, 0, 2;
    %store/vec4 v0000017976f14870_0, 0, 2;
    %pushi/vec4 0, 0, 2;
    %store/vec4 v0000017976f14a50_0, 0, 2;
    %pushi/vec4 0, 0, 2;
    %store/vec4 v0000017976f149b0_0, 0, 2;
    %pushi/vec4 0, 0, 1;
    %store/vec4 v0000017976f14910_0, 0, 1;
    %pushi/vec4 1, 0, 2;
    %store/vec4 v0000017976f14730_0, 0, 2;
    %pushi/vec4 0, 0, 2;
    %store/vec4 v0000017976ec65f0_0, 0, 2;
    %pushi/vec4 0, 0, 2;
    %store/vec4 v0000017976ec6690_0, 0, 2;
    %pushi/vec4 0, 0, 5;
    %store/vec4 v0000017976ec6ce0_0, 0, 5;
    %pushi/vec4 0, 0, 1;
    %store/vec4 v0000017976f14690_0, 0, 1;
    %pushi/vec4 0, 0, 2;
    %store/vec4 v0000017976f145f0_0, 0, 2;
T_1.16 ;
    %load/vec4 v0000017976f147d0_0;
    %parti/s 6, 26, 6;
    %cmpi/e 15, 0, 6;
    %jmp/0xz  T_1.18, 4;
    %pushi/vec4 0, 0, 2;
    %store/vec4 v0000017976f14870_0, 0, 2;
    %pushi/vec4 0, 0, 2;
    %store/vec4 v0000017976f14a50_0, 0, 2;
    %pushi/vec4 0, 0, 2;
    %store/vec4 v0000017976f149b0_0, 0, 2;
    %pushi/vec4 1, 0, 1;
    %store/vec4 v0000017976f14910_0, 0, 1;
    %pushi/vec4 0, 0, 2;
    %store/vec4 v0000017976f14730_0, 0, 2;
    %pushi/vec4 0, 0, 2;
    %store/vec4 v0000017976ec65f0_0, 0, 2;
    %pushi/vec4 1, 0, 2;
    %store/vec4 v0000017976ec6690_0, 0, 2;
    %pushi/vec4 3, 0, 5;
    %store/vec4 v0000017976ec6ce0_0, 0, 5;
    %pushi/vec4 0, 0, 1;
    %store/vec4 v0000017976f14690_0, 0, 1;
    %pushi/vec4 0, 0, 2;
    %store/vec4 v0000017976f145f0_0, 0, 2;
T_1.18 ;
    %load/vec4 v0000017976f147d0_0;
    %parti/s 6, 26, 6;
    %cmpi/e 3, 0, 6;
    %jmp/0xz  T_1.20, 4;
    %pushi/vec4 2, 0, 2;
    %store/vec4 v0000017976f14870_0, 0, 2;
    %pushi/vec4 2, 0, 2;
    %store/vec4 v0000017976f14a50_0, 0, 2;
    %pushi/vec4 2, 0, 2;
    %store/vec4 v0000017976f149b0_0, 0, 2;
    %pushi/vec4 1, 0, 1;
    %store/vec4 v0000017976f14910_0, 0, 1;
    %pushi/vec4 0, 0, 2;
    %store/vec4 v0000017976f14730_0, 0, 2;
    %pushi/vec4 0, 0, 2;
    %store/vec4 v0000017976ec65f0_0, 0, 2;
    %pushi/vec4 0, 0, 2;
    %store/vec4 v0000017976ec6690_0, 0, 2;
    %pushi/vec4 0, 0, 5;
    %store/vec4 v0000017976ec6ce0_0, 0, 5;
    %pushi/vec4 0, 0, 1;
    %store/vec4 v0000017976f14690_0, 0, 1;
    %pushi/vec4 0, 0, 2;
    %store/vec4 v0000017976f145f0_0, 0, 2;
T_1.20 ;
T_1.3 ;
T_1.1 ;
    %jmp T_1;
    .thread T_1, $push;
# The file index is used to find the file name in the following table.
:file_names 3;
    "N/A";
    "<interactive>";
    "controller.v";
