#! /c/Source/iverilog-install/bin/vvp
:ivl_version "12.0 (devel)" "(s20150603-1110-g18392a46)";
:ivl_delay_selection "TYPICAL";
:vpi_time_precision - 12;
:vpi_module "D:\iverilog\iverilog\lib\ivl\system.vpi";
:vpi_module "D:\iverilog\iverilog\lib\ivl\vhdl_sys.vpi";
:vpi_module "D:\iverilog\iverilog\lib\ivl\vhdl_textio.vpi";
:vpi_module "D:\iverilog\iverilog\lib\ivl\v2005_math.vpi";
:vpi_module "D:\iverilog\iverilog\lib\ivl\va_math.vpi";
S_000001e7891e32f0 .scope module, "IM" "IM" 2 3;
 .timescale -9 -12;
    .port_info 0 /INPUT 32 "address";
    .port_info 1 /OUTPUT 32 "instruction";
L_000001e78933eae0 .functor BUFZ 32, L_000001e78933e860, C4<00000000000000000000000000000000>, C4<00000000000000000000000000000000>, C4<00000000000000000000000000000000>;
v000001e7891e3af0_0 .net *"_ivl_0", 31 0, L_000001e78933e860;  1 drivers
L_000001e78925fc90 .functor BUFT 1, C4<00>, C4<0>, C4<0>, C4<0>;
v000001e7892149e0_0 .net *"_ivl_10", 1 0, L_000001e78925fc90;  1 drivers
L_000001e78925fc48 .functor BUFT 1, C4<00000000000000000011000000000000>, C4<0>, C4<0>, C4<0>;
v000001e7891e3480_0 .net/2u *"_ivl_2", 31 0, L_000001e78925fc48;  1 drivers
v000001e7891e3520_0 .net *"_ivl_4", 31 0, L_000001e78933e900;  1 drivers
v000001e7891e35c0_0 .net *"_ivl_6", 31 0, L_000001e78933ea40;  1 drivers
v000001e7891e3660_0 .net *"_ivl_8", 29 0, L_000001e78933e9a0;  1 drivers
o000001e7892170f8 .functor BUFZ 32, C4<zzzzzzzzzzzzzzzzzzzzzzzzzzzzzzzz>; HiZ drive
v000001e7891e3700_0 .net "address", 31 0, o000001e7892170f8;  0 drivers
v000001e78933e690_0 .net "instruction", 31 0, L_000001e78933eae0;  1 drivers
v000001e78933e730 .array "instruction_momery", 0 1023, 31 0;
L_000001e78933e860 .array/port v000001e78933e730, L_000001e78933ea40;
L_000001e78933e900 .arith/sub 32, o000001e7892170f8, L_000001e78925fc48;
L_000001e78933e9a0 .part L_000001e78933e900, 2, 30;
L_000001e78933ea40 .concat [ 30 2 0 0], L_000001e78933e9a0, L_000001e78925fc90;
    .scope S_000001e7891e32f0;
T_0 ;
    %vpi_call 2 11 "$readmemh", "code.txt", v000001e78933e730 {0 0 0};
    %end;
    .thread T_0;
# The file index is used to find the file name in the following table.
:file_names 3;
    "N/A";
    "<interactive>";
    "IM.v";
