#! /c/Source/iverilog-install/bin/vvp
:ivl_version "12.0 (devel)" "(s20150603-1110-g18392a46)";
:ivl_delay_selection "TYPICAL";
:vpi_time_precision - 12;
:vpi_module "D:\iverilog\iverilog\lib\ivl\system.vpi";
:vpi_module "D:\iverilog\iverilog\lib\ivl\vhdl_sys.vpi";
:vpi_module "D:\iverilog\iverilog\lib\ivl\vhdl_textio.vpi";
:vpi_module "D:\iverilog\iverilog\lib\ivl\v2005_math.vpi";
:vpi_module "D:\iverilog\iverilog\lib\ivl\va_math.vpi";
S_000001e4ee2732f0 .scope module, "PC" "PC" 2 3;
 .timescale -9 -12;
    .port_info 0 /INPUT 1 "clk";
    .port_info 1 /INPUT 1 "reset";
    .port_info 2 /INPUT 32 "address_in";
    .port_info 3 /OUTPUT 32 "address_out";
L_000001e4ee273ba0 .functor BUFZ 32, v000001e4ee273980_0, C4<00000000000000000000000000000000>, C4<00000000000000000000000000000000>, C4<00000000000000000000000000000000>;
v000001e4ee273980_0 .var "address", 31 0;
o000001e4ee2a7008 .functor BUFZ 32, C4<zzzzzzzzzzzzzzzzzzzzzzzzzzzzzzzz>; HiZ drive
v000001e4ee273480_0 .net "address_in", 31 0, o000001e4ee2a7008;  0 drivers
v000001e4ee273520_0 .net "address_out", 31 0, L_000001e4ee273ba0;  1 drivers
o000001e4ee2a7068 .functor BUFZ 1, C4<z>; HiZ drive
v000001e4ee2735c0_0 .net "clk", 0 0, o000001e4ee2a7068;  0 drivers
o000001e4ee2a7098 .functor BUFZ 1, C4<z>; HiZ drive
v000001e4ee273660_0 .net "reset", 0 0, o000001e4ee2a7098;  0 drivers
E_000001e4ee259300 .event posedge, v000001e4ee273660_0, v000001e4ee2735c0_0;
    .scope S_000001e4ee2732f0;
T_0 ;
    %wait E_000001e4ee259300;
    %load/vec4 v000001e4ee273660_0;
    %pad/u 32;
    %cmpi/e 1, 0, 32;
    %jmp/0xz  T_0.0, 4;
    %pushi/vec4 12288, 0, 32;
    %assign/vec4 v000001e4ee273980_0, 0;
    %jmp T_0.1;
T_0.0 ;
    %load/vec4 v000001e4ee273480_0;
    %assign/vec4 v000001e4ee273980_0, 0;
T_0.1 ;
    %jmp T_0;
    .thread T_0;
# The file index is used to find the file name in the following table.
:file_names 3;
    "N/A";
    "<interactive>";
    "PC.v";
