#! /c/Source/iverilog-install/bin/vvp
:ivl_version "12.0 (devel)" "(s20150603-1110-g18392a46)";
:ivl_delay_selection "TYPICAL";
:vpi_time_precision - 12;
:vpi_module "D:\iverilog\iverilog\lib\ivl\system.vpi";
:vpi_module "D:\iverilog\iverilog\lib\ivl\vhdl_sys.vpi";
:vpi_module "D:\iverilog\iverilog\lib\ivl\vhdl_textio.vpi";
:vpi_module "D:\iverilog\iverilog\lib\ivl\v2005_math.vpi";
:vpi_module "D:\iverilog\iverilog\lib\ivl\va_math.vpi";
S_000002484964bbf0 .scope module, "RF" "RF" 2 3;
 .timescale -9 -12;
    .port_info 0 /INPUT 1 "clk";
    .port_info 1 /INPUT 1 "reset";
    .port_info 2 /INPUT 5 "a1";
    .port_info 3 /INPUT 5 "a2";
    .port_info 4 /INPUT 5 "a3";
    .port_info 5 /INPUT 1 "rfwe";
    .port_info 6 /INPUT 32 "pc";
    .port_info 7 /INPUT 32 "wd";
    .port_info 8 /OUTPUT 32 "rd1";
    .port_info 9 /OUTPUT 32 "rd2";
L_0000024849646b30 .functor BUFZ 32, L_000002484980e250, C4<00000000000000000000000000000000>, C4<00000000000000000000000000000000>, C4<00000000000000000000000000000000>;
L_0000024849857040 .functor BUFZ 32, L_000002484980e1b0, C4<00000000000000000000000000000000>, C4<00000000000000000000000000000000>, C4<00000000000000000000000000000000>;
v000002484964bd80_0 .net *"_ivl_0", 31 0, L_000002484980e250;  1 drivers
v0000024849646910_0 .net *"_ivl_10", 6 0, L_000002484980ef70;  1 drivers
L_000002484980f080 .functor BUFT 1, C4<00>, C4<0>, C4<0>, C4<0>;
v00000248497c4780_0 .net *"_ivl_13", 1 0, L_000002484980f080;  1 drivers
v00000248497c4820_0 .net *"_ivl_2", 6 0, L_000002484980e070;  1 drivers
L_000002484980f038 .functor BUFT 1, C4<00>, C4<0>, C4<0>, C4<0>;
v00000248497c48c0_0 .net *"_ivl_5", 1 0, L_000002484980f038;  1 drivers
v00000248497c4960_0 .net *"_ivl_8", 31 0, L_000002484980e1b0;  1 drivers
o00000248497cb0c8 .functor BUFZ 5, C4<zzzzz>; HiZ drive
v00000248497c4a00_0 .net "a1", 4 0, o00000248497cb0c8;  0 drivers
o00000248497cb0f8 .functor BUFZ 5, C4<zzzzz>; HiZ drive
v00000248497c4aa0_0 .net "a2", 4 0, o00000248497cb0f8;  0 drivers
o00000248497cb128 .functor BUFZ 5, C4<zzzzz>; HiZ drive
v00000248497c4b40_0 .net "a3", 4 0, o00000248497cb128;  0 drivers
o00000248497cb158 .functor BUFZ 1, C4<z>; HiZ drive
v000002484980ec50_0 .net "clk", 0 0, o00000248497cb158;  0 drivers
v000002484980e390_0 .var/i "i", 31 0;
o00000248497cb1b8 .functor BUFZ 32, C4<zzzzzzzzzzzzzzzzzzzzzzzzzzzzzzzz>; HiZ drive
v000002484980eb10_0 .net "pc", 31 0, o00000248497cb1b8;  0 drivers
v000002484980ee30_0 .net "rd1", 31 0, L_0000024849646b30;  1 drivers
v000002484980e7f0_0 .net "rd2", 31 0, L_0000024849857040;  1 drivers
v000002484980e6b0 .array "register", 0 31, 31 0;
o00000248497cb248 .functor BUFZ 1, C4<z>; HiZ drive
v000002484980e750_0 .net "reset", 0 0, o00000248497cb248;  0 drivers
o00000248497cb278 .functor BUFZ 1, C4<z>; HiZ drive
v000002484980e110_0 .net "rfwe", 0 0, o00000248497cb278;  0 drivers
o00000248497cb2a8 .functor BUFZ 32, C4<zzzzzzzzzzzzzzzzzzzzzzzzzzzzzzzz>; HiZ drive
v000002484980e610_0 .net "wd", 31 0, o00000248497cb2a8;  0 drivers
E_00000248497cad60 .event posedge, v000002484980e750_0, v000002484980ec50_0;
L_000002484980e250 .array/port v000002484980e6b0, L_000002484980e070;
L_000002484980e070 .concat [ 5 2 0 0], o00000248497cb0c8, L_000002484980f038;
L_000002484980e1b0 .array/port v000002484980e6b0, L_000002484980ef70;
L_000002484980ef70 .concat [ 5 2 0 0], o00000248497cb0f8, L_000002484980f080;
    .scope S_000002484964bbf0;
T_0 ;
    %pushi/vec4 0, 0, 32;
    %store/vec4 v000002484980e390_0, 0, 32;
T_0.0 ;
    %load/vec4 v000002484980e390_0;
    %cmpi/s 32, 0, 32;
    %jmp/0xz T_0.1, 5;
    %pushi/vec4 0, 0, 32;
    %ix/getv/s 3, v000002484980e390_0;
    %ix/load 4, 0, 0; Constant delay
    %assign/vec4/a/d v000002484980e6b0, 0, 4;
    %load/vec4 v000002484980e390_0;
    %addi 1, 0, 32;
    %store/vec4 v000002484980e390_0, 0, 32;
    %jmp T_0.0;
T_0.1 ;
    %end;
    .thread T_0;
    .scope S_000002484964bbf0;
T_1 ;
    %wait E_00000248497cad60;
    %load/vec4 v000002484980e750_0;
    %pad/u 32;
    %cmpi/e 1, 0, 32;
    %jmp/0xz  T_1.0, 4;
    %pushi/vec4 0, 0, 32;
    %store/vec4 v000002484980e390_0, 0, 32;
T_1.2 ;
    %load/vec4 v000002484980e390_0;
    %cmpi/s 32, 0, 32;
    %jmp/0xz T_1.3, 5;
    %pushi/vec4 0, 0, 32;
    %ix/getv/s 3, v000002484980e390_0;
    %ix/load 4, 0, 0; Constant delay
    %assign/vec4/a/d v000002484980e6b0, 0, 4;
    %load/vec4 v000002484980e390_0;
    %addi 1, 0, 32;
    %store/vec4 v000002484980e390_0, 0, 32;
    %jmp T_1.2;
T_1.3 ;
    %jmp T_1.1;
T_1.0 ;
    %load/vec4 v000002484980e110_0;
    %pad/u 32;
    %cmpi/e 1, 0, 32;
    %jmp/0xz  T_1.4, 4;
    %load/vec4 v000002484980e610_0;
    %load/vec4 v00000248497c4b40_0;
    %pad/u 7;
    %ix/vec4 3;
    %ix/load 4, 0, 0; Constant delay
    %assign/vec4/a/d v000002484980e6b0, 0, 4;
    %vpi_call 2 34 "$display", "@%h: $%d <= %h", v000002484980eb10_0, v00000248497c4b40_0, v000002484980e610_0 {0 0 0};
T_1.4 ;
T_1.1 ;
    %jmp T_1;
    .thread T_1;
# The file index is used to find the file name in the following table.
:file_names 3;
    "N/A";
    "<interactive>";
    "RF.v";
