--------------------------------------------------------------------------------
Release 14.7 Trace  (nt64)
Copyright (c) 1995-2013 Xilinx, Inc.  All rights reserved.

D:\ISESetup\14.7\ISE_DS\ISE\bin\nt64\unwrapped\trce.exe -intstyle ise -v 3 -s 2
-n 3 -fastpaths -xml cpu_checker.twx cpu_checker.ncd -o cpu_checker.twr
cpu_checker.pcf

Design file:              cpu_checker.ncd
Physical constraint file: cpu_checker.pcf
Device,package,speed:     xc6slx4,tqg144,C,-2 (PRODUCTION 1.23 2013-10-13)
Report level:             verbose report

Environment Variable      Effect 
--------------------      ------ 
NONE                      No environment variables were set
--------------------------------------------------------------------------------

INFO:Timing:2698 - No timing constraints found, doing default enumeration.
INFO:Timing:3412 - To improve timing, see the Timing Closure User Guide (UG612).
INFO:Timing:2752 - To get complete path coverage, use the unconstrained paths 
   option. All paths that are not constrained will be reported in the 
   unconstrained paths section(s) of the report.
INFO:Timing:3339 - The clock-to-out numbers in this timing report are based on 
   a 50 Ohm transmission line loading model.  For the details of this model, 
   and for more information on accounting for different loading conditions, 
   please see the device datasheet.



Data Sheet report:
-----------------
All values displayed in nanoseconds (ns)

Setup/Hold to clock clk
------------+------------+------------+------------+------------+------------------+--------+
            |Max Setup to|  Process   |Max Hold to |  Process   |                  | Clock  |
Source      | clk (edge) |   Corner   | clk (edge) |   Corner   |Internal Clock(s) | Phase  |
------------+------------+------------+------------+------------+------------------+--------+
char<0>     |   10.568(R)|      SLOW  |   -1.808(R)|      FAST  |clk_BUFGP         |   0.000|
char<1>     |   11.023(R)|      SLOW  |   -1.632(R)|      FAST  |clk_BUFGP         |   0.000|
char<2>     |   10.738(R)|      SLOW  |   -1.796(R)|      FAST  |clk_BUFGP         |   0.000|
char<3>     |    9.944(R)|      SLOW  |   -1.736(R)|      FAST  |clk_BUFGP         |   0.000|
char<4>     |   10.015(R)|      SLOW  |   -1.282(R)|      FAST  |clk_BUFGP         |   0.000|
char<5>     |   10.384(R)|      SLOW  |   -1.464(R)|      FAST  |clk_BUFGP         |   0.000|
char<6>     |   10.261(R)|      SLOW  |   -1.147(R)|      FAST  |clk_BUFGP         |   0.000|
char<7>     |   10.804(R)|      SLOW  |   -1.412(R)|      FAST  |clk_BUFGP         |   0.000|
reset       |    3.484(R)|      SLOW  |    0.320(R)|      SLOW  |clk_BUFGP         |   0.000|
------------+------------+------------+------------+------------+------------------+--------+

Clock clk to Pad
--------------+-----------------+------------+-----------------+------------+------------------+--------+
              |Max (slowest) clk|  Process   |Min (fastest) clk|  Process   |                  | Clock  |
Destination   |  (edge) to PAD  |   Corner   |  (edge) to PAD  |   Corner   |Internal Clock(s) | Phase  |
--------------+-----------------+------------+-----------------+------------+------------------+--------+
format_type<0>|        10.616(R)|      SLOW  |         4.461(R)|      FAST  |clk_BUFGP         |   0.000|
format_type<1>|        11.108(R)|      SLOW  |         4.364(R)|      FAST  |clk_BUFGP         |   0.000|
--------------+-----------------+------------+-----------------+------------+------------------+--------+

Clock to Setup on destination clock clk
---------------+---------+---------+---------+---------+
               | Src:Rise| Src:Fall| Src:Rise| Src:Fall|
Source Clock   |Dest:Rise|Dest:Rise|Dest:Fall|Dest:Fall|
---------------+---------+---------+---------+---------+
clk            |    5.157|         |         |         |
---------------+---------+---------+---------+---------+


Analysis completed Sun Sep 19 22:09:43 2021 
--------------------------------------------------------------------------------

Trace Settings:
-------------------------
Trace Settings 

Peak Memory Usage: 4554 MB



