--------------------------------------------------------------------------------
Release 14.7 Trace  (nt64)
Copyright (c) 1995-2013 Xilinx, Inc.  All rights reserved.

D:\ISESetup\14.7\ISE_DS\ISE\bin\nt64\unwrapped\trce.exe -intstyle ise -v 3 -s 2
-n 3 -fastpaths -xml top_module.twx top_module.ncd -o top_module.twr
top_module.pcf

Design file:              top_module.ncd
Physical constraint file: top_module.pcf
Device,package,speed:     xc6slx4,tqg144,C,-2 (PRODUCTION 1.23 2013-10-13)
Report level:             verbose report

Environment Variable      Effect 
--------------------      ------ 
NONE                      No environment variables were set
--------------------------------------------------------------------------------

INFO:Timing:2698 - No timing constraints found, doing default enumeration.
INFO:Timing:3412 - To improve timing, see the Timing Closure User Guide (UG612).
INFO:Timing:2752 - To get complete path coverage, use the unconstrained paths 
   option. All paths that are not constrained will be reported in the 
   unconstrained paths section(s) of the report.
INFO:Timing:3339 - The clock-to-out numbers in this timing report are based on 
   a 50 Ohm transmission line loading model.  For the details of this model, 
   and for more information on accounting for different loading conditions, 
   please see the device datasheet.



Data Sheet report:
-----------------
All values displayed in nanoseconds (ns)

Setup/Hold to clock clk
------------+------------+------------+------------+------------+------------------+--------+
            |Max Setup to|  Process   |Max Hold to |  Process   |                  | Clock  |
Source      | clk (edge) |   Corner   | clk (edge) |   Corner   |Internal Clock(s) | Phase  |
------------+------------+------------+------------+------------+------------------+--------+
areset      |    1.328(R)|      SLOW  |    0.719(R)|      SLOW  |clk_BUFGP         |   0.000|
data<0>     |    1.531(R)|      SLOW  |   -0.241(R)|      SLOW  |clk_BUFGP         |   0.000|
data<1>     |    1.782(R)|      SLOW  |   -0.479(R)|      SLOW  |clk_BUFGP         |   0.000|
data<2>     |    1.476(R)|      SLOW  |   -0.190(R)|      SLOW  |clk_BUFGP         |   0.000|
data<3>     |    2.524(R)|      SLOW  |   -0.277(R)|      SLOW  |clk_BUFGP         |   0.000|
ena         |    2.849(R)|      SLOW  |   -0.813(R)|      SLOW  |clk_BUFGP         |   0.000|
load        |    2.210(R)|      SLOW  |    0.119(R)|      SLOW  |clk_BUFGP         |   0.000|
------------+------------+------------+------------+------------+------------------+--------+

Clock clk to Pad
------------+-----------------+------------+-----------------+------------+------------------+--------+
            |Max (slowest) clk|  Process   |Min (fastest) clk|  Process   |                  | Clock  |
Destination |  (edge) to PAD  |   Corner   |  (edge) to PAD  |   Corner   |Internal Clock(s) | Phase  |
------------+-----------------+------------+-----------------+------------+------------------+--------+
q<0>        |         8.828(R)|      SLOW  |         3.629(R)|      FAST  |clk_BUFGP         |   0.000|
q<1>        |         8.750(R)|      SLOW  |         3.588(R)|      FAST  |clk_BUFGP         |   0.000|
q<2>        |         8.703(R)|      SLOW  |         3.586(R)|      FAST  |clk_BUFGP         |   0.000|
q<3>        |         8.090(R)|      SLOW  |         3.126(R)|      FAST  |clk_BUFGP         |   0.000|
------------+-----------------+------------+-----------------+------------+------------------+--------+

Clock to Setup on destination clock clk
---------------+---------+---------+---------+---------+
               | Src:Rise| Src:Fall| Src:Rise| Src:Fall|
Source Clock   |Dest:Rise|Dest:Rise|Dest:Fall|Dest:Fall|
---------------+---------+---------+---------+---------+
clk            |    1.387|         |         |         |
---------------+---------+---------+---------+---------+


Analysis completed Sun Oct 24 19:39:47 2021 
--------------------------------------------------------------------------------

Trace Settings:
-------------------------
Trace Settings 

Peak Memory Usage: 4554 MB



