ISim log file
Running: E:\1-Project\P6\CPUP6\mips_txt_isim_beh.exe -intstyle ise -gui -tclbatch isim.cmd -wdb E:/1-Project/P6/CPUP6/mips_txt_isim_beh.wdb 
ISim P.20131013 (signature 0x7708f090)
This is a Full version of ISim.
Time resolution is 1 ps
# onerror resume
# wave add /
# run 1000 ns
Simulator is doing circuit initialization process.
Finished circuit initialization process.
                  38@00003000: $ 1 <= 00000009
                  42@00003004: $ 2 <= 0000000e
                  46@00003008: $ 3 <= 00000006
                  50@00003010: *00000000 <= 00000005
                  50@0000300c: $ 4 <= 00000005
                  54@00003014: *00000004 <= 00000005
                  58@00003018: *00000008 <= 0000000e
                  62@0000301c: *0000000c <= 00000006
                  66@00003020: *00000010 <= 0000000e
                  70@00003024: *00000014 <= 0000000e
                  74@00003028: *00000018 <= 00000009
                  78@0000302c: *0000001c <= 00000005
                  82@00003030: *00000020 <= 00000005
                  86@00003034: *00000024 <= 00000009
                  90@00003038: *00000028 <= 0000000e
                  94@0000303c: *0000002c <= 0000000e
                  98@00003040: *00000030 <= 0000000e
                 102@00003044: *00000034 <= 00000005
                 106@00003048: *00000038 <= 0000000e
                 110@0000304c: *0000003c <= 00000005
                 114@00003050: *00000040 <= 00000006
                 118@00003054: *00000044 <= 00000009
                 122@00003058: *00000048 <= 00000005
                 126@0000305c: *0000004c <= 00000009
                 130@00003060: *00000050 <= 0000000e
                 134@00003064: *00000054 <= 00000006
                 138@00003068: *00000058 <= 00000009
                 142@0000306c: *0000005c <= 0000000e
                 146@00003070: *00000060 <= 0000000e
                 150@00003074: *00000064 <= 00000006
                 154@00003078: *00000068 <= 00000006
                 158@0000307c: *0000006c <= 0000000e
                 162@00003080: *00000070 <= 00000009
                 166@00003084: *00000074 <= 00000005
                 170@00003088: *00000078 <= 00000006
                 174@0000308c: *0000007c <= 00000009
                 178@00003090: *0000000c <= 000e0006
                 190@00003098: $ 1 <= 00070000
                 238@000030a0: $ 3 <= 0000000e
                 250@000030ac: $ 4 <= 0006fff2
                 294@000030b0: $ 2 <= 00008000
                 298@000030b4: $ 3 <= 00060000
                 314@000030c4: $ 4 <= 00000000
                 322@000030cc: $ 4 <= 00000005
                 358@000030d4: $ 2 <= 00000000
                 362@000030d8: $ 4 <= 000f0000
                 390@000030ec: $ 1 <= 000f0000
                 402@000030f8: $ 4 <= 00000019
                 414@00003100: $ 1 <= 00030000
                 422@00003110: *00000018 <= 00001909
                 422@00003108: $ 2 <= 00000019
                 442@00003120: $ 2 <= 00000019
                 454@0000312c: $ 3 <= 00000000
                 458@00003130: $ 3 <= 00000019
                 466@00003138: $ 3 <= 00000000
                 510@00003140: *00000000 <= 00000000
                 538@00003144: $ 1 <= 00000000
                 542@00003148: $ 4 <= 00000000
                 554@00003154: $ 1 <= 00000000
                 558@00003160: $ 3 <= 00070000
                 562@00003164: $ 3 <= 00000000
                 566@0000316c: *00000000 <= 00000019
                 566@00003168: $ 3 <= 00000000
                 570@00003170: *00000000 <= 00000000
                 646@0000318c: $ 2 <= 00000000
                 658@00003198: *00000000 <= 00000000
                 658@00003194: $ 2 <= 00000000
                 670@000031a0: $ 3 <= 00040000
                 674@000031a0: $ 3 <= 00040000
                 678@000031a4: $ 1 <= 80000000
                 682@000031a8: $ 3 <= 00000000
                 686@000031ac: $ 1 <= 000f0000
                 694@000031b4: $ 2 <= 000f0000
                 702@000031bc: $ 3 <= 00000000
                 706@000031c0: $ 1 <= 00000000
                 710@000031c4: $ 4 <= 00000004
                 714@000031c8: $ 2 <= 000e0000
                 718@000031cc: $ 4 <= 00030000
                 734@000031e0: *00000000 <= 00000000
                 734@000031dc: $ 3 <= 00000000
                 742@000031e4: $ 1 <= 00000000
                 746@000031e8: $ 1 <= 00000000
                 750@000031ec: $ 4 <= 00000006
                 754@000031f0: $ 1 <= 00000000
                 758@000031f8: *00000004 <= 00060005
                 758@000031f4: $ 2 <= 00000000
                 766@000031fc: $ 2 <= 00030000
                 770@00003200: $ 1 <= 00030000
                 854@0000322c: $ 4 <= 000b0000
                 926@00003244: $ 1 <= 00000000
                 942@00003254: $ 4 <= 00000001
                 954@00003260: $ 2 <= 00060000
                 962@00003268: *00000000 <= 00000100
                 970@00003270: $ 1 <= 00000000
                 986@0000327c: $ 4 <= 00000004
                 990@00003280: $ 1 <= 00040000
                 998@00003288: $ 2 <= 00000000
# run all
                1030@00003290: $ 3 <= 00000000
                1038@00003298: $ 3 <= 00000000
                1050@000032a0: $ 4 <= 00000000
                1054@000032a8: *00000000 <= 00000000
                1054@000032a4: $ 3 <= 00000000
                1070@000032b4: $ 2 <= 000c0000
                1122@000032cc: $ 3 <= 00000000
                1150@000032d4: $ 4 <= 00000000
                1154@000032d8: $ 1 <= 00000000
                1178@000032e0: $ 3 <= 00000000
                1182@000032e4: $ 2 <= 00000000
                1190@000032ec: $ 2 <= 00000000
                1198@000032f4: *00000000 <= 00000000
                1206@000032f8: $ 2 <= 00010000
                1210@000032fc: $ 2 <= 000a0000
                1222@00003308: $ 3 <= 00000000
                1286@0000331c: $ 3 <= 00000000
                1290@00003320: *00000000 <= 00000000
                1298@00003324: $ 4 <= 000b0000
                1314@0000332c: $ 4 <= fff50000
                1318@00003330: $ 2 <= a8000000
                1338@00003334: $ 3 <= 00000000
                1342@00003338: $ 4 <= 00040000
                1346@0000333c: $ 4 <= 0004000d
                1350@00003340: $ 2 <= 000c0000
                1370@00003354: $ 4 <= 000c0000
                1382@00003360: $ 2 <= 00000000
                1386@00003364: $ 4 <= 000e0000
                1390@00003368: $ 2 <= 000d0000
                1394@0000336c: $ 4 <= 00000000
                1398@00003370: $ 2 <= 00000001
                1410@0000337c: $ 2 <= 00000001
                1414@00003384: *00000000 <= 00000100
                1426@0000338c: $ 4 <= 00010000
                1450@000033a8: $ 3 <= 00010007
                1458@000033b0: $ 1 <= 00000000
                1466@000033b8: $ 2 <= 00000003
                1498@000033c0: $ 4 <= 00000000
                1514@000033c8: $ 4 <= 000d0000
                1546@000033d8: *00000000 <= 00000000
                1558@000033e4: $ 3 <= 00050000
                1574@000033f4: $ 4 <= 00040000
                1578@000033f8: $ 1 <= 00050000
                1582@000033fc: $ 1 <= ffff0000
                1630@00003420: $ 4 <= 00000000
                1638@0000342c: *00000000 <= 00000100
                1638@00003428: $ 4 <= 00000001
                1646@00003430: $ 2 <= fffffffe
                1666@00003438: $ 2 <= 00000100
                1670@0000343c: $ 1 <= 00000001
                1674@00003444: *00000000 <= 00000100
                1674@00003440: $ 4 <= 00000001
                1690@0000344c: $ 1 <= 00000001
                1694@00003454: *00000000 <= 00000100
                1694@00003450: $ 3 <= 00000001
                1702@00003458: $ 3 <= 00010000
                1722@00003464: $ 4 <= 00000000
                1734@0000346c: $ 4 <= 00000000
                1738@00003470: $ 2 <= 000d0000
                1758@00003484: $ 3 <= 000d0000
                1778@0000348c: $ 4 <= 00000000
                1782@00003490: $ 4 <= 00000000
                1786@00003494: $ 3 <= 00000100
                1802@0000349c: $ 4 <= 00000000
                1814@000034a4: $ 3 <= 00000100
                1822@000034ac: $ 2 <= 00000100
                1830@000034b8: *00000000 <= 00000100
                1850@000034cc: $ 1 <= 0000010a
                1854@000034d0: $ 1 <= 000a0000
                1858@000034d4: $ 2 <= 00070000
                1862@000034d8: $ 4 <= 000a0003
                1866@000034dc: $ 4 <= 00020000
                1870@000034e0: $ 2 <= 00010000
                1886@000034f0: $ 1 <= 00050000
                1898@000034f8: $ 3 <= 00000000
                1902@000034fc: $ 1 <= 00050000
                1906@00003500: $ 2 <= 00040000
                1938@00003520: $ 1 <= 00050000
                1970@00003528: $ 4 <= 00028000
                1994@0000352c: $ 2 <= 00000019
                1998@00003530: $ 2 <= 00000000
                2002@00003534: $ 1 <= 00000019
                2006@00003538: $ 1 <= 00000000
                2014@00003540: *00000000 <= 00000000
                2022@00003544: $ 4 <= 00000000
                2026@00003548: $ 2 <= 00000000
                2038@00003550: $ 3 <= 0000000e
                2050@0000355c: *0000000c <= 000e0006
                2058@00003560: $ 1 <= 0000000e
                2062@00003564: *0000000c <= 000e0006
                2070@00003568: $ 4 <= 0000000e
                2074@0000356c: $ 3 <= 0000000e
                2086@00003574: $ 4 <= 000000c4
                2090@00003578: $ 3 <= 0000001c
                2098@00003580: $ 3 <= 000d0000
                2102@00003584: $ 3 <= 000d0000
                2118@00003594: $ 4 <= 000d0000
                2122@00003598: $ 1 <= 000f0000
                2134@000035a0: $ 3 <= 00040000
                2138@000035a0: $ 3 <= 00040000
                2154@000035ac: $ 3 <= 00070000
                2242@000035c4: $ 4 <= 00000000
                2262@000035d0: $ 2 <= 00000000
                2266@000035d8: *00000000 <= 00000000
                2266@000035d4: $ 3 <= 00000000
                2278@000035e0: $ 1 <= 00000000
                2282@000035e4: $ 3 <= 00000000
                2294@000035ec: $ 4 <= 00000001
                2298@000035f0: $ 3 <= 00000000
                2306@000035f8: $ 2 <= 00000000
                2310@000035fc: $ 2 <= 00000000
                2314@00003600: *00000000 <= 00000000
                2322@00003604: $ 1 <= 00000001
                2378@00003610: $ 4 <= 00000000
                2386@00003618: $ 4 <= 000a0000
                2410@0000361c: $ 4 <= 00000000
                2414@00003620: $ 3 <= 00000000
                2418@00003624: $ 1 <= 00000000
                2422@00003628: $ 1 <= 0000000c
                2490@00003640: *0000000c <= 000e000c
                2502@00003648: $ 1 <= 00000018
                2506@0000364c: $ 2 <= 00000009
                2518@00003658: *00000008 <= 0000000e
                2518@00003654: $ 4 <= 00000000
                2542@00003660: *00000050 <= 0000510e
                2542@0000365c: $ 3 <= 00000051
                2550@00003668: *00000050 <= 0000510e
                2550@00003664: $ 1 <= 00000051
                2554@0000366c: *00000050 <= 0000510e
                2562@00003670: $ 4 <= 00000051
                2566@00003678: *00000050 <= 0000510e
                2566@00003674: $ 3 <= 00000000
                2578@00003680: $ 1 <= 00000000
                2586@00003688: $ 3 <= 00000000
                2590@0000368c: $ 4 <= 00000001
                2614@00003698: *00000000 <= 00000100
                2618@000036a0: *00000000 <= 00000100
                2630@000036a8: $ 1 <= 00000000
                2646@000036b8: $ 3 <= 00000100
                2654@000036c0: $ 1 <= 00000000
                2658@000036c4: $ 3 <= 00000000
                2662@000036c8: $ 1 <= 00000000
                2670@000036cc: $ 1 <= 00000007
                2674@000036d0: $ 3 <= 00000000
                2678@000036d4: $ 2 <= 00000001
                2682@000036d8: $ 3 <= 00000008
                2686@000036dc: $ 2 <= 00000400
                2690@000036e0: $ 2 <= 000c0000
                2702@000036ec: $ 4 <= 00000000
                2706@000036f0: $ 2 <= 00000000
                2710@000036f4: $ 3 <= 00000001
                2714@000036f8: $ 2 <= 00040000
                2722@00003700: $ 4 <= 000c0000
                2726@00003704: $ 1 <= 000c0000
                2738@00003710: $ 2 <= 00020000
                2742@00003714: $ 3 <= 00090000
                2750@0000371c: $ 1 <= 00000001
                2754@00003720: $ 2 <= 00008000
                2766@0000372c: $ 3 <= 00000001
                2778@00003734: $ 2 <= 00000001
                2790@00003744: $ 3 <= 00000001
                2798@0000374c: *00000000 <= 00000000
                2798@00003748: $ 2 <= 00000000
                2806@00003750: $ 1 <= 00000000
                2810@00003754: $ 1 <= 000c0000
                2818@0000375c: $ 3 <= 00000000
                2830@00003764: $ 3 <= 0000000f
                2834@00003768: $ 2 <= 00000000
                2854@0000376c: $ 2 <= 00000000
                2866@00003774: $ 4 <= 0000000c
                2870@00003780: $ 2 <= 00000000
                2874@00003784: $ 3 <= 00030000
                2882@0000378c: $ 3 <= 00000000
                2898@00003798: $ 2 <= 00000000
                2902@0000379c: $ 1 <= 00000000
                2906@000037a0: $ 4 <= 00000000
                2946@000037b0: $ 2 <= 00000000
                2950@000037b0: $ 2 <= 00000000
                2962@000037bc: $ 1 <= 00000000
                2966@000037c0: *00000000 <= 00000000
                2974@000037c4: $ 1 <= 00000000
                2986@000037cc: *00000000 <= 00000000
                2994@000037d0: $ 2 <= 00000000
                2998@000037d4: $ 3 <= 00000000
                3010@000037dc: $ 3 <= 00000000
                3014@000037e0: $ 2 <= 00000000
                3018@000037e4: $ 2 <= 00000000
                3022@000037e8: $ 3 <= 00020000
                3026@000037ec: $ 4 <= 00000000
                3038@000037f8: $ 3 <= 00000000
                3042@000037fc: $ 4 <= 00000000
                3058@0000380c: $ 1 <= 00000001
                3062@00003814: *00000000 <= 00000100
                3062@00003810: $ 1 <= 00000001
                3070@00003818: $ 4 <= 00000000
                3074@00003820: *00000000 <= 00000000
                3122@00003828: *00000000 <= 00000000
                3138@00003834: $ 1 <= 000e0000
                3142@00003838: $ 2 <= 00000000
                3162@00003840: $ 2 <= 00000000
                3166@00003844: $ 1 <= 0000000f
                3174@0000384c: $ 4 <= 00000000
                3198@00003854: *00000000 <= 00000000
                3206@00003858: $ 3 <= 00000000
                3210@0000385c: $ 1 <= 000c0000
                3234@00003874: $ 1 <= 000f0000
                3238@0000387c: *00000000 <= 00000000
                3238@00003878: $ 4 <= 00010000
                3250@00003884: $ 2 <= 00000000
                3262@0000388c: $ 2 <= 00000000
                3266@00003890: $ 4 <= 00000000
                3278@0000389c: $ 1 <= 00000000
                3294@000038a8: $ 1 <= 00000005
                3318@000038b0: *00000004 <= 00060505
                3326@000038b4: $ 4 <= 00000005
                3330@000038b8: *00000004 <= 00060505
                3338@000038bc: $ 2 <= 00000010
                3342@000038c0: $ 2 <= 00030000
                3346@000038c4: $ 1 <= 00060000
                3350@000038c8: $ 2 <= 00018000
                3374@000038d4: $ 2 <= 00018008
                3378@000038d8: $ 4 <= 00000000
                3426@000038e8: $ 4 <= 000d0000
                3430@000038ec: $ 3 <= 000d000d
                3442@000038f4: $ 2 <= 00050000
                3446@00003900: $ 4 <= 00000000
                3450@00003904: $ 3 <= 000c0000
                3454@00003908: $ 3 <= fff2ffff
                3466@00003914: $ 2 <= 00050000
                3554@00003928: $ 3 <= 00000000
                3558@0000392c: $ 4 <= 00000000
                3562@00003930: $ 4 <= 00080000
                3566@00003934: $ 1 <= 0008000d
                3574@0000393c: $ 2 <= 00080006
                3578@00003940: $ 2 <= 00000019
                3590@00003948: $ 1 <= 00000019
                3606@00003950: $ 4 <= 00000000
                3610@00003950: $ 4 <= 00000000
                3650@00003960: $ 2 <= 00000000
                3654@00003964: $ 2 <= 00000000
                3662@00003970: *00000000 <= 00000000
                3690@0000397c: *00000000 <= 00000000
                3690@00003978: $ 1 <= 00000000
                3706@00003988: $ 2 <= 00000000
                3714@00003990: $ 1 <= 00000000
                3718@00003994: *00000000 <= 00000000
                3718@00003990: $ 1 <= 00000000
                3726@00003998: $ 2 <= 00000000
                3730@0000399c: $ 3 <= 00000000
                3742@000039a4: $ 3 <= 00000000
                3750@000039b4: $ 1 <= 00000000
                3754@000039b8: $ 2 <= 00000000
                3758@000039bc: $ 4 <= 00000000
                3762@000039c0: $ 1 <= 00000000
                3766@000039c8: *00000000 <= 00000000
                3766@000039c4: $ 1 <= 00000000
                3774@000039cc: $ 2 <= 00000000
                3778@000039d4: *00000000 <= 00000000
                3778@000039d0: $ 3 <= 00000000
                3790@000039dc: $ 3 <= 000d0000
                3802@000039e8: $ 2 <= 00000000
                3810@000039f0: $ 3 <= 00080000
                3822@00003a00: *00000000 <= 00000000
                3822@000039fc: $ 2 <= 00000000
                3870@00003a18: *00000000 <= 00000000
                3870@00003a14: $ 3 <= 00000000
                3894@00003a20: $ 3 <= 00000000
                3906@00003a28: $ 2 <= 00060000
                3910@00003a30: $ 4 <= 000d0000
                3918@00003a38: $ 2 <= 00000000
                3922@00003a3c: $ 4 <= 00000000
                3926@00003a40: *00000000 <= 00000000
                3930@00003a44: *00000000 <= 00000000
                3934@00003a48: *00000000 <= 00000000
                3942@00003a4c: $ 2 <= 000b0000
                3950@00003a54: $ 3 <= 00000000
                3958@00003a58: $ 2 <= 00000001
                3970@00003a60: $ 1 <= 00000000
                3974@00003a60: $ 1 <= 00000000
                3994@00003a70: $ 2 <= 00000000
                3998@00003a74: $ 1 <= 00030000
                4002@00003a78: $ 2 <= 000f0000
                4010@00003a80: $ 3 <= 00040000
                4018@00003a90: *00000000 <= 00000000
                4018@00003a88: $ 1 <= 00000000
                4026@00003a94: $ 1 <= 00000000
                4030@00003a98: $ 1 <= 00000000
                4038@00003aa0: $ 4 <= 00000000
                4062@00003aa4: $ 2 <= 00000000
                4070@00003aac: $ 4 <= 00000000
                4078@00003ab0: $ 1 <= 00000000
                4126@00003ac4: $ 3 <= 00090000
                4158@00003ad4: $ 2 <= 00090000
                4186@00003ae0: $ 4 <= 000c0000
                4190@00003ae4: $ 2 <= 00090002
                4218@00003af4: $ 3 <= 000b0000
                4222@00003b00: $ 2 <= 00120004
                4274@00003b28: $ 2 <= 00000000
                4310@00003b38: $ 3 <= ffffffff
                4314@00003b3c: $ 4 <= 00000000
                4326@00003b44: $ 4 <= 00000000
                4330@00003b48: $ 1 <= 00000000
                4338@00003b54: *00000000 <= 00000000
                4346@00003b58: $ 2 <= 00000000
                4350@00003b5c: $ 3 <= 00000000
                4362@00003b60: $ 1 <= 00000000
                4374@00003b6c: *00000000 <= 00000000
                4374@00003b68: $ 3 <= 00000000
                4382@00003b70: $ 4 <= 00000000
                4386@00003b78: *00000000 <= 00000000
                4414@00003b84: *00000000 <= 00000000
                4414@00003b80: $ 1 <= 00000000
                4422@00003b8c: *00000000 <= 00000000
                4430@00003b94: *0000000c <= 0000000c
                4430@00003b90: $ 3 <= 0000000c
                4454@00003b9c: $ 4 <= 00000000
                4458@00003ba0: $ 3 <= 00000000
                4482@00003bb0: $ 1 <= 00000000
                4486@00003bb8: *00000000 <= 00000000
                4494@00003bc0: $ 2 <= 00000000
                4498@00003bc4: $ 1 <= 00080000
                4558@00003bd8: $ 4 <= 00000000
                4570@00003be4: *00000000 <= 00000000
                4570@00003be0: $ 1 <= 000f0000
                4582@00003bec: $ 1 <= 00070000
                4586@00003bf0: $ 3 <= 000b0000
                4590@00003bf4: $ 2 <= 000e0000
                4594@00003bf8: $ 4 <= 00070000
                4602@00003c00: $ 1 <= 00040000
                4606@00003c04: $ 3 <= 00000000
                4614@00003c0c: $ 2 <= 00070000
                4622@00003c14: $ 2 <= 00070000
                4694@00003c1c: $ 4 <= 00000001
                4698@00003c20: $ 1 <= 00000000
                4702@00003c24: *00000000 <= 00000001
                4710@00003c28: $ 3 <= 00000000
                4742@00003c30: $ 2 <= 00000000
                4750@00003c38: $ 1 <= 000a0000
                4754@00003c3c: $ 4 <= 00000001
                4762@00003c40: $ 3 <= 00000001
                4778@00003c50: $ 4 <= 000b0000
                4782@00003c54: $ 1 <= 00000001
                4786@00003c58: $ 2 <= 00020000
                4794@00003c60: $ 4 <= 00000000
                4798@00003c64: $ 1 <= 00030000
                4802@00003c68: $ 1 <= 00030000
                4806@00003c6c: $ 1 <= 00000000
                4810@00003c70: $ 3 <= 00000001
                4818@00003c78: $ 1 <= 00000001
                4822@00003c7c: *00000000 <= 00000101
                4830@00003c80: $ 3 <= 00000001
                4866@00003c90: *00000000 <= 00000100
                4866@00003c8c: $ 2 <= 00000000
                4878@00003c98: $ 4 <= 0000000a
                4886@00003ca0: *00000008 <= 000a000e
                4894@00003ca4: $ 2 <= 00000019
                4906@00003cac: $ 2 <= 00070000
                4922@00003cb8: $ 4 <= 00000000
                4926@00003cbc: $ 2 <= fff8ffff
                4930@00003cc0: $ 4 <= 00060000
                4938@00003cc8: $ 4 <= 00060000
                4966@00003cd0: $ 2 <= 00060000
                4970@00003cd4: $ 1 <= 00040000
                4978@00003cdc: $ 3 <= 00040000
                4982@00003ce0: $ 4 <= 00000000
                4990@00003ce8: $ 1 <= 00040000
                4994@00003cec: $ 4 <= 000a0000
                5006@00003cf4: $ 1 <= 00070000
                5014@00003d04: $ 3 <= 00000000
                5022@00003d0c: $ 4 <= 00010000
                5026@00003d14: *00000040 <= 00000040
                5026@00003d10: $ 4 <= 00000040
                5034@00003d18: $ 4 <= 00000000
                5042@00003d24: *00000000 <= 00000100
                5042@00003d20: $ 1 <= 00000001
                5046@00003d28: *00000000 <= 00000101
                5094@00003d30: $ 3 <= 00000000
                5098@00003d38: *00000000 <= 00000000
                5098@00003d34: $ 2 <= 00000000
                5106@00003d3c: $ 2 <= 00000000
                5110@00003d40: $ 3 <= 00000000
                5114@00003d44: $ 4 <= 00000000
                5118@00003d4c: *00000000 <= 00000000
                5118@00003d48: $ 1 <= 0000000f
                5158@00003d5c: *0000000c <= 0f00000c
                5170@00003d64: $ 3 <= 00078000
                5174@00003d68: $ 2 <= 0000000f
                5186@00003d70: $ 2 <= 0000000f
                5194@00003d70: $ 2 <= 0000000f
                5202@00003d74: $ 3 <= 0000000f
                5206@00003d78: $ 4 <= 00000000
                5210@00003d80: *00000000 <= 00000000
                5210@00003d7c: $ 4 <= 00000000
                5222@00003d88: $ 4 <= 00000000
                5226@00003d90: $ 1 <= 00040000
                5302@00003dac: $ 3 <= 00080000
                5306@00003db0: $ 4 <= 000c0000
                5330@00003dc4: $ 4 <= 000c0000
                5378@00003dd0: $ 2 <= fff3ffff
                5382@00003dd4: $ 2 <= 00000001
                5386@00003dd8: $ 1 <= 00000000
                5390@00003ddc: $ 1 <= 00010000
                5402@00003de8: $ 1 <= 00000001
                5462@00003df8: $ 4 <= 00000000
                5490@00003e00: $ 1 <= 00000000
                5498@00003e08: *00000000 <= 00000000
                5526@00003e24: $ 1 <= 00000001
                5538@00003e34: $ 2 <= 00000000
                5542@00003e40: $ 3 <= 00000001
                5546@00003e44: $ 3 <= 00000000
                5554@00003e48: $ 2 <= 00000000
                5558@00003e4c: $ 3 <= 00000000
                5566@00003e50: $ 3 <= 00000000
                5582@00003e5c: $ 4 <= 00060000
                5586@00003e60: $ 4 <= 00000000
                5590@00003e64: $ 2 <= 00000000
                5594@00003e68: *00000000 <= 00000000
                5598@00003e6c: *00000000 <= 00000000
                5606@00003e70: $ 2 <= 00000000
                5622@00003e78: $ 3 <= 00030000
                5634@00003e88: $ 4 <= 00000000
                5638@00003e8c: $ 3 <= 00030000
                5642@00003e90: $ 1 <= 00030000
                5654@00003e98: $ 1 <= 00060000
                5658@00003e9c: $ 3 <= 60000000
                5670@00003ea8: $ 1 <= 00000000
                5682@00003eb4: $ 2 <= 00000000
                5690@00003eb8: $ 3 <= 00000000
                5698@00003ec0: $ 3 <= 00090000
                5714@00003ed0: $ 2 <= 00000000
                5718@00003ed4: $ 1 <= 00060000
                5818@00003ee8: $ 4 <= 00000000
                5858@00003f00: *00000000 <= 00000000
                5858@00003ef8: $ 4 <= 00000000
                5870@00003f08: $ 2 <= 00000000
                5882@00003f18: $ 2 <= 000f0000
                5886@00003f1c: $ 2 <= 00000000
                5890@00003f20: $ 3 <= 00000004
                5958@00003f2c: $ 4 <= 00000004
                5962@00003f30: $ 2 <= 00000000
                5966@00003f34: $ 4 <= 00060000
                5974@00003f3c: $ 2 <= 00060002
                5978@00003f40: $ 4 <= 00000000
                5990@00003f50: *00000000 <= 00000000
                5990@00003f48: $ 4 <= 00000000
                5998@00003f54: $ 4 <= 00000000
                6002@00003f5c: *00000000 <= 00000000
                6002@00003f58: $ 2 <= 00010000
                6022@00003f6c: $ 2 <= 00000000
                6030@00003f78: *00000000 <= 00000000
                6070@00003f88: $ 1 <= 0000000a
                6102@00003f94: $ 1 <= 00000014
                6114@00003f9c: $ 1 <= 00000014
                6118@00003fa0: $ 3 <= 0000000e
                6126@00003fa4: $ 1 <= 00000000
                6134@00003fa8: $ 3 <= 00000000
                6146@00003fb0: $ 3 <= 00000000
                6150@00003fb4: $ 4 <= 00000001
                6154@00003fb8: $ 3 <= 00000000
                6170@00003fc0: $ 2 <= 00000000
                6174@00003fc4: *00000000 <= 00000000
                6174@00003fc0: $ 2 <= 00000000
                6182@00003fc8: $ 3 <= 00000000
                6186@00003fcc: *00000000 <= 00000000
                6190@00003fd0: *00000000 <= 00000000
                6198@00003fd4: $ 2 <= 00000000
                6202@00003fd8: $ 1 <= 00000000
                6210@00003fe0: $ 3 <= 00040000
                6222@00003fec: $ 1 <= 00040000
                6226@00003ff0: $ 4 <= 00090000
                6230@00003ff4: $ 3 <= 00000400
                6246@00004004: $ 4 <= 0009000a
                6258@0000400c: $ 3 <= 00000000
                6262@00004010: $ 1 <= 00000000
                6266@00004014: $ 2 <= 00000005
                6274@00004020: *00000004 <= 00060505
                6286@00004028: $ 2 <= 000b0000
                6298@00004038: $ 1 <= 00120014
                6302@0000403c: $ 3 <= 00000000
                6306@00004040: $ 2 <= 00000000
                6310@00004044: $ 3 <= 00000019
                6314@00004048: $ 1 <= 00000000
                6326@00004050: $ 4 <= 00000000
                6330@00004054: $ 1 <= 00030000
                6334@00004058: $ 2 <= 00000001
                6338@0000405c: $ 4 <= 00000000
                6350@00004064: $ 3 <= 00000019
                6358@00004074: $ 4 <= 00000000
                6370@0000407c: *00000000 <= 00000000
                6378@00004080: $ 3 <= 000e0000
                6410@00004090: $ 4 <= 00000000
                6430@000040a4: $ 1 <= 00000009
                6442@000040c0: *00000008 <= 000a090e
                6442@000040b8: $ 4 <= 00000000
                6446@000040c4: *00000008 <= 000a090e
                6458@000040cc: $ 1 <= 00004800
                6462@000040d0: $ 2 <= 00000009
                6466@000040d8: *00000008 <= 000a000e
                6474@000040e0: $ 2 <= 00000000
                6478@000040e4: $ 4 <= 00000009
                6490@000040f0: $ 1 <= 00000000
                6494@000040f4: $ 2 <= 00000009
                6514@000040f8: $ 1 <= 00000000
                6518@000040fc: $ 1 <= 00000000
                6526@00004104: $ 2 <= 0000000f
                6534@0000410c: $ 1 <= 00000000
                6550@00004114: *00000000 <= 00000000
                6550@00004110: $ 3 <= 00000000
                6558@00004118: $ 4 <= 000e0000
                6586@00004130: $ 4 <= 00000000
                6590@00004134: $ 4 <= 00000000
                6594@0000413c: *00000000 <= 00000000
                6602@00004140: $ 4 <= 00000006
                6606@00004144: $ 3 <= 00000006
                6614@0000414c: *00000004 <= 00060505
                6626@00004154: $ 2 <= 00000010
                6630@00004158: $ 3 <= 000a0000
                6646@00004160: $ 1 <= 00000000
                6650@00004164: $ 2 <= 000d0000
                6670@00004178: $ 3 <= 00000000
                6674@0000417c: $ 2 <= 00000000
                6678@00004180: $ 1 <= 000f0000
                6682@00004188: *00000000 <= 00000000
                6682@00004184: $ 1 <= 00000000
                6690@0000418c: $ 1 <= 0000000c
                6702@00004194: $ 1 <= 0000000c
                6706@000041a0: $ 2 <= 00000000
                6710@000041a4: $ 2 <= 000d0000
                6726@000041b4: $ 2 <= 0000000c
                6730@000041c0: $ 3 <= 00000000
                6734@000041c4: $ 4 <= 00000000
                6742@000041c8: $ 2 <= 00000000
                6750@000041d0: $ 2 <= 00000000
                6758@000041d8: *00000000 <= 00000000
                6758@000041d4: $ 2 <= 00000000
                6762@000041dc: *00000000 <= 00000000
                6770@000041e0: $ 2 <= 000a0000
                6774@000041e4: $ 1 <= 00090000
                6782@000041ec: $ 4 <= 00000000
                6802@000041fc: $ 3 <= 0000000d
                6814@00004204: $ 2 <= 00000001
                6830@00004224: $ 3 <= 00120000
                6834@00004230: $ 1 <= 00120000
                6858@0000423c: $ 2 <= 00120000
                6886@00004254: $ 2 <= 00000000
                6890@00004258: $ 2 <= 00120000
                6898@00004260: $ 4 <= 00120000
                6902@00004264: $ 2 <= 00070000
                6906@00004268: $ 4 <= 00120000
                6910@0000426c: $ 4 <= 00120009
                6918@00004274: $ 4 <= 000e0000
                6926@0000427c: $ 3 <= 00120000
                6990@00004298: $ 1 <= 00000001
                6994@0000429c: $ 3 <= 00000000
                6998@000042a0: $ 3 <= 00000000
                7002@000042a4: $ 3 <= 00000000
                7010@000042ac: $ 4 <= 00000000
                7014@000042b0: *00000000 <= 00000000
                7030@000042bc: $ 4 <= 00000008
                7034@000042c0: $ 1 <= 00000000
                7042@000042c8: *00000000 <= 00000000
                7050@000042d0: $ 4 <= 000e0000
                7062@000042dc: $ 4 <= 00000000
                7074@000042e8: $ 3 <= 00000000
                7086@000042f4: $ 2 <= 00000000
                7098@000042fc: $ 1 <= 00000000
                7102@00004300: $ 2 <= 00000003
                7106@00004304: $ 2 <= 0000000d
                7122@00004310: $ 1 <= 00000000
                7130@00004314: $ 4 <= 0000000d
                7138@0000431c: $ 1 <= 00000000
                7142@00004320: $ 2 <= 00000000
                7178@0000432c: $ 1 <= 00000000
                7194@00004338: $ 1 <= 00000000
                7198@00004344: *00000000 <= 00000000
                7198@00004340: $ 3 <= 00000000
                7206@00004348: $ 2 <= 00000000
                7210@0000434c: $ 4 <= 00000000
                7214@00004350: $ 2 <= 00000000
                7222@0000435c: *00000000 <= 00000000
                7234@00004364: $ 1 <= 000d0000
                7250@00004374: $ 4 <= 00000000
                7254@00004380: $ 4 <= 0000000f
                7258@00004384: $ 1 <= 00000010
                7262@00004388: $ 4 <= 0000000f
                7274@00004390: $ 1 <= 000b0000
                7278@00004394: $ 3 <= 0000000f
                7282@00004398: $ 3 <= 00000000
                7286@0000439c: $ 3 <= 000f0000
                7298@000043a8: $ 4 <= 00000000
                7302@000043ac: $ 2 <= 00030000
                7346@000043c0: $ 2 <= 000e0000
                7354@000043c8: $ 3 <= 00000000
                7366@000043d0: $ 2 <= 00000000
                7370@000043d4: $ 1 <= 00000000
                7378@000043dc: $ 2 <= 00000000
                7442@000043f4: *00000000 <= 00000000
                7450@000043f8: $ 3 <= 0000000d
                7454@000043fc: $ 2 <= 00000000
                7482@00004414: $ 4 <= 00000000
                7490@0000441c: $ 3 <= 00000005
                7502@00004424: $ 4 <= 00000000
                7506@00004428: $ 2 <= 00030000
                7514@00004430: $ 1 <= 00000000
                7518@00004430: $ 1 <= 00000000
                7526@00004438: $ 3 <= 000a0000
                7530@0000443c: $ 3 <= 00050000
                7542@00004444: $ 3 <= 00000000
                7554@00004460: $ 3 <= 00000007
                7566@00004468: $ 1 <= 00060000
                7578@00004474: $ 3 <= 00000000
                7582@00004480: $ 3 <= 00000008
                7594@00004488: $ 2 <= 000a000e
                7602@00004490: $ 4 <= 000a0000
                7614@0000449c: $ 2 <= 00000000
                7618@000044a0: $ 1 <= 000a0000
                7630@000044ac: *00000000 <= 00000000
                7630@000044a8: $ 3 <= 00000000
                7638@000044b0: $ 1 <= 00000000
                7650@000044b8: $ 3 <= 00000000
                7730@000044c8: $ 3 <= 00000000
                7746@000044d8: $ 2 <= 00010000
                7750@000044dc: $ 4 <= 00000000
                7770@000044e0: $ 1 <= 00000000
                7774@000044e4: $ 3 <= 00000000
                7786@000044f0: *00000000 <= 00000100
                7786@000044ec: $ 2 <= 00000001
                7794@000044f4: $ 3 <= 00030000
                7798@000044fc: *00000000 <= 00000100
                7818@00004510: $ 2 <= 00000030
                7826@0000451c: *00000000 <= 00000000
                7826@00004518: $ 4 <= 00000000
                7838@00004524: $ 4 <= 00000000
                7846@00004534: $ 1 <= 000e0000
                7882@00004544: $ 3 <= 000e0000
                7902@00004554: $ 1 <= 000c0000
                7910@0000455c: $ 1 <= 000c0005
                7962@00004564: $ 2 <= 00000001
                7974@00004574: *00000000 <= 00000100
                7982@00004580: $ 1 <= 00000000
                7986@00004584: $ 1 <= 00000000
                7990@00004588: $ 3 <= 00090000
                8018@00004590: $ 4 <= 00000001
                8022@00004594: $ 4 <= 00000000
                8078@000045b8: $ 2 <= 00000240
                8082@000045bc: $ 4 <= 00090000
                8090@000045c4: $ 3 <= 00000480
                8094@000045cc: *00000000 <= 00090000
                8094@000045c8: $ 2 <= 00090000
                8102@000045d0: $ 2 <= 00000000
                8114@000045dc: $ 2 <= 000c0000
                8122@000045e4: $ 4 <= 000e0000
                8142@00004600: $ 1 <= 00000000
                8186@0000460c: $ 4 <= 00000000
                8190@00004610: $ 2 <= 00000006
                8198@00004618: $ 2 <= 00000000
                8202@0000461c: $ 1 <= 0000000b
                8206@00004620: $ 4 <= 00000000
                8210@00004624: $ 2 <= 00000009
                8214@00004628: $ 4 <= 00000000
                8218@0000462c: $ 2 <= 00000000
                8254@00004634: $ 1 <= 00000000
                8258@00004638: $ 3 <= 000f0000
                8274@00004644: $ 3 <= 00000000
                8278@0000464c: *00000000 <= 00090000
                8278@00004648: $ 2 <= 00000000
                8286@00004650: $ 2 <= 000c0000
                8294@00004658: $ 2 <= c0000000
                8306@00004660: $ 4 <= 00000000
                8326@00004674: $ 2 <= 00000000
                8330@00004680: $ 2 <= 00000000
                8342@00004688: $ 1 <= 00000000
                8374@00004690: $ 4 <= 00000000
                8378@00004694: $ 1 <= 000b0000
                8386@0000469c: $ 2 <= 00000000
                8398@000046a8: $ 2 <= 00050000
                8402@000046b0: *00000000 <= 00000000
                8402@000046ac: $ 2 <= 00000000
                8410@000046b4: $ 2 <= 00000000
                8414@000046b8: $ 2 <= 00000000
                8418@000046bc: $ 4 <= 00080000
                8422@000046c0: $ 3 <= 00000000
                8434@000046c8: $ 1 <= 00000000
                8446@000046d8: $ 1 <= 00000000
                8494@000046ec: $ 4 <= 00000000
                8498@000046f0: $ 2 <= 00000000
                8518@000046f4: $ 4 <= 00000000
                8522@000046f8: $ 2 <= 00000000
                8526@000046fc: *00000000 <= 00000000
                8538@00004704: $ 2 <= 00000000
                8542@00004710: $ 1 <= 00000000
                8546@00004714: $ 2 <= 00000000
                8550@0000471c: *00000000 <= 00000000
                8550@00004718: $ 4 <= 00000000
                8562@00004724: $ 4 <= 0000000d
                8566@00004728: $ 2 <= 00000000
                8570@0000472c: *00000000 <= 00000000
                8586@00004730: $ 3 <= 00000000
                8590@00004734: $ 4 <= 00000000
                8602@00004740: *00000000 <= 00000000
                8618@00004754: *00000000 <= 00000000
                8618@00004750: $ 3 <= 00000000
                8698@00004764: $ 1 <= 00000000
                8702@00004768: $ 2 <= 000a0000
                8706@0000476c: $ 2 <= 000f0000
                8714@00004774: $ 1 <= 000e0000
                8722@0000477c: $ 1 <= 00000000
                8730@00004784: $ 3 <= 00000000
                8734@00004788: $ 1 <= 000e0000
                8838@000047a0: $ 1 <= 00000000
                8846@000047ac: *00000000 <= 00000000
                8898@000047b8: $ 1 <= 00000000
                8902@000047c0: $ 4 <= 00010000
                8906@000047c8: *00000000 <= 00000000
                8922@000047d4: $ 2 <= 00000000
                8974@000047e0: *00000000 <= 00000000
                8974@000047dc: $ 1 <= 00000000
                8982@000047e4: $ 1 <= 000c0000
                8990@000047ec: $ 1 <= 00000000
                9002@000047f4: $ 4 <= 0000000c
                9014@00004808: $ 4 <= 00000000
                9034@00004810: $ 3 <= 00000000
                9042@00004818: $ 3 <= 00080000
                9046@0000481c: $ 4 <= 00000000
                9050@00004820: $ 2 <= 00000000
                9054@00004824: $ 2 <= 00000000
                9066@0000482c: $ 2 <= 000b0000
                9082@00004840: $ 4 <= 00010000
                9086@00004844: $ 2 <= 00000000
                9094@00004850: *00000000 <= 00000000
                9102@00004858: *00000000 <= 00000000
                9102@00004854: $ 2 <= 00000000
                9110@0000485c: $ 4 <= 000b0000
                9130@00004874: $ 1 <= 000e0000
                9142@00004888: $ 3 <= 00000000
                9178@00004894: $ 1 <= 00000000
                9230@0000489c: $ 4 <= 00000000
                9242@000048a8: $ 1 <= 00000000
                9246@000048ac: $ 4 <= 00000000
                9250@000048b0: $ 1 <= 00030000
                9262@000048bc: *00000000 <= 00000000
                9274@000048c4: $ 2 <= 00000000
                9282@000048d4: $ 2 <= 00000000
                9286@000048d8: *00000000 <= 00000000
                9302@000048e4: $ 3 <= 00000000
                9306@000048e8: $ 2 <= 00000000
                9358@000048f8: $ 4 <= 00000000
                9362@000048fc: $ 4 <= 00000000
                9366@00004900: $ 1 <= 00000000
                9390@00004914: $ 3 <= 00000000
                9426@00004928: $ 1 <= 00000000
                9430@0000492c: $ 2 <= 00000000
                9442@00004934: $ 2 <= 00000000
                9450@00004944: $ 2 <= 00050000
                9462@00004950: $ 3 <= 00000000
                9514@00004958: $ 4 <= 00000000
                9518@00004960: *00000000 <= 00000000
                9526@00004964: $ 2 <= 00000000
                9530@0000496c: *00000000 <= 00000000
                9530@00004968: $ 4 <= 00000000
                9538@00004970: $ 3 <= 00040000
                9542@00004978: *00000000 <= 00000000
                9542@00004974: $ 2 <= 00000000
                9546@0000497c: *00000000 <= 00000000
                9558@00004984: $ 3 <= 00000000
                9574@00004990: *00000000 <= 00000000
                9582@00004994: $ 4 <= 00000000
                9590@00004998: $ 1 <= 00000000
                9594@0000499c: $ 2 <= 00000000
                9598@000049a0: *00000000 <= 00000000
                9606@000049a4: $ 1 <= 00000000
                9614@000049a8: $ 1 <= 00000001
                9618@000049ac: $ 2 <= 00000001
                9630@000049b4: $ 2 <= 00000001
                9634@000049c0: $ 2 <= 00000001
                9638@000049c4: $ 2 <= 0000000d
                9642@000049cc: *0000000c <= 0f00000c
                9642@000049c8: $ 4 <= 00000000
                9654@000049d4: $ 2 <= 00000000
                9682@000049dc: $ 3 <= 00000006
                9686@000049e0: $ 3 <= 00000000
                9690@000049e4: $ 4 <= 00000000
                9694@000049e8: $ 2 <= 000b0000
                9706@000049f4: $ 3 <= 00000000
                9710@000049f8: $ 1 <= fff50000
                9718@00004a00: $ 4 <= 003ffd40
                9722@00004a00: $ 4 <= 003ffd40
                9730@00004a08: $ 2 <= fff50008
                9742@00004a14: $ 1 <= 000b0000
                9746@00004a20: $ 3 <= 000d0000
                9754@00004a28: $ 4 <= 000d0000
                9766@00004a34: $ 4 <= 001a0000
                9770@00004a38: $ 4 <= 00000000
                9782@00004a44: $ 3 <= 00000001
                9786@00004a48: $ 3 <= 00000000
                9790@00004a50: *00000000 <= 00000000
                9798@00004a54: $ 1 <= 000c0000
                9806@00004a5c: *00000000 <= 00000000
                9818@00004a64: $ 2 <= 00000000
                9822@00004a70: $ 1 <= 00000000
                9966@00004a88: $ 3 <= 00000000
                9974@00004a90: $ 2 <= 00000000
                9978@00004a94: $ 1 <= 00000000
                9986@00004a9c: $ 2 <= 000a0000
                9994@00004aa4: $ 3 <= 00000000
               10006@00004ab4: *00000000 <= 00000000
               10006@00004ab0: $ 1 <= 000b0000
               10010@00004ab8: *00000000 <= 00000000
               10050@00004ac4: $ 3 <= 000b0000
               10062@00004acc: $ 1 <= 000b0000
               10070@00004ad4: $ 1 <= 00070000
               10114@00004ae8: $ 4 <= 00070000
               10166@00004af0: $ 4 <= 00000001
               10170@00004af4: $ 3 <= 00060000
               10190@00004b04: $ 3 <= 0000a000
               10194@00004b08: $ 1 <= 00000000
               10230@00004b14: $ 3 <= 00000001
               10238@00004b1c: $ 3 <= 00000001
               10246@00004b24: $ 3 <= 00000001
               10302@00004b30: $ 2 <= 00000001
               10306@00004b34: $ 2 <= 00080000
               10318@00004b40: $ 1 <= 00000000
               10358@00004b44: $ 4 <= 00080000
               10366@00004b50: *00000000 <= 00000200
               10366@00004b4c: $ 3 <= 00000200
               10374@00004b54: $ 3 <= 00000200
               10378@00004b58: $ 2 <= 00000000
               10382@00004b5c: $ 4 <= 00000000
               10426@00004b6c: $ 4 <= 000c0000
               10430@00004b70: $ 1 <= 000c0000
               10450@00004b7c: *00000000 <= 00000200
               10450@00004b78: $ 3 <= 00000000
               10462@00004b84: $ 3 <= 0000000c
               10466@00004b90: $ 3 <= 0000000c
               10470@00004b94: $ 4 <= 00000000
               10482@00004b9c: $ 1 <= 0000000c
               10490@00004ba0: $ 3 <= 0000000c
               10502@00004ba8: *0000000c <= 0f00000c
               10506@00004bac: *0000000c <= 0f00000c
               10514@00004bb0: $ 1 <= 0000000c
               10522@00004bb8: $ 2 <= 00000000
               10526@00004bbc: $ 4 <= 000f0000
               10558@00004bd4: $ 3 <= 000f0000
               10570@00004be0: $ 1 <= 00000000
               10574@00004be4: $ 1 <= 00040000
               10586@00004bf0: $ 2 <= 00040000
               10590@00004bf4: $ 2 <= 00080000
               10598@00004bfc: $ 1 <= 000f0000
               10618@00004c0c: $ 4 <= 00000000
               10622@00004c10: $ 3 <= 00000000
               10630@00004c18: $ 3 <= 00000000
               10642@00004c28: $ 4 <= 000f000c
               10686@00004c44: $ 4 <= 000000e1
               10718@00004c5c: $ 4 <= 000000e1
               10722@00004c60: $ 1 <= 0001c200
               10726@00004c64: $ 4 <= 00080000
               10786@00004c78: $ 2 <= 00002000
               10790@00004c7c: $ 1 <= 00040000
               10802@00004c88: $ 1 <= 00000000
               10818@00004c98: *00000000 <= 00000000
               10818@00004c94: $ 2 <= 00060000
               10842@00004c9c: $ 2 <= 00000000
               10850@00004ca4: $ 2 <= 00080000
               10858@00004cac: $ 1 <= 00000000
               10866@00004cb4: $ 4 <= 00000000
               10882@00004cbc: $ 3 <= 000b0000
               10894@00004cc8: $ 2 <= 00000000
               10902@00004cd4: *00000000 <= 00000000
               10986@00004ce0: $ 1 <= 00000000
               10990@00004ce4: $ 1 <= 00000000
               10998@00004cec: $ 3 <= 00000000
               11006@00004cf0: $ 1 <= 00000000
               11010@00004cf4: $ 3 <= 000c0000
               11054@00004d04: $ 1 <= 00000000
               11086@00004d0c: $ 1 <= 00000000
               11090@00004d10: $ 3 <= 00000000
               11122@00004d18: $ 1 <= 00000000
               11162@00004d24: $ 1 <= 00000000
               11222@00004d40: *00000000 <= 00000000
               11282@00004d4c: $ 1 <= 00020000
               11310@00004d60: $ 1 <= 00000000
               11366@00004d6c: $ 3 <= 0000000f
               11382@00004d80: $ 1 <= 0000000f
               11438@00004d88: $ 3 <= 00000001
               11442@00004d8c: $ 3 <= 00000000
               11458@00004d98: $ 3 <= 00000000
               11462@00004d9c: *00000000 <= 00000000
               11474@00004da4: $ 4 <= 0000000d
               11478@00004db0: $ 1 <= 00080000
               11482@00004db4: $ 2 <= 0008000d
               11486@00004db8: $ 4 <= fff7ffff
               11510@00004dd0: $ 4 <= 00000000
               11514@00004dd4: $ 1 <= 00000000
               11530@00004de4: $ 2 <= 00000000
               11534@00004df0: $ 2 <= 00000000
               11566@00004df8: $ 3 <= 00000000
               11570@00004dfc: $ 1 <= 00050000
               11574@00004e00: $ 4 <= 00000000
               11578@00004e04: $ 1 <= 00000000
               11582@00004e08: $ 4 <= 00040000
               11586@00004e0c: $ 3 <= 00040000
               11590@00004e10: $ 4 <= 00000000
               11654@00004e24: $ 4 <= 00000000
               11670@00004e30: *00000000 <= 00000000
               11682@00004e38: $ 1 <= 00000000
               11686@00004e3c: $ 1 <= 00000000
               11694@00004e44: *00000000 <= 00000000
               11702@00004e50: $ 1 <= 00000000
               11718@00004e58: $ 3 <= 00000000
               11722@00004e5c: $ 1 <= 00000000
               11734@00004e64: $ 1 <= 00050000
               11746@00004e6c: $ 3 <= 00000000
               11762@00004e80: $ 4 <= 00070000
               11774@00004e8c: $ 1 <= 00000000
               11778@00004e90: $ 3 <= 00000006
               11786@00004e98: $ 4 <= 00000003
               11794@00004ea4: $ 4 <= 00050000
               11822@00004eb4: $ 4 <= fffffff9
               11826@00004eb8: $ 3 <= 00000000
               11830@00004ebc: $ 2 <= 00060000
               11834@00004ec0: $ 2 <= 00060000
               11838@00004ec4: $ 1 <= fff9ffff
               11850@00004ecc: $ 3 <= 00060000
               11854@00004ed0: $ 4 <= 000f0000
               12038@00004f08: $ 4 <= 00000000
               12042@00004f0c: $ 2 <= 00000000
               12054@00004f14: $ 2 <= ffffffff
               12058@00004f20: $ 2 <= 00000001
               12062@00004f24: $ 2 <= 00000001
               12066@00004f28: $ 3 <= 00000001
               12070@00004f2c: $ 1 <= 00000000
               12078@00004f34: *00000000 <= 00000000
               12094@00004f40: $ 4 <= 00000000
               12098@00004f44: $ 1 <= 000d0000
               12106@00004f4c: $ 2 <= 00000001
               12118@00004f54: $ 2 <= 00000000
               12126@00004f64: $ 4 <= 00020000
               12134@00004f6c: $ 2 <= 00000000
               12142@00004f70: $ 4 <= 00000001
               12146@00004f78: *00000000 <= 00000100
               12162@00004f84: $ 4 <= 000d0000
               12174@00004f8c: $ 3 <= 00000000
               12178@00004f90: $ 3 <= 00000000
               12194@00004f9c: $ 1 <= 00080000
               12202@00004fa4: $ 1 <= 00000100
               12210@00004fa8: $ 4 <= 00000000
               12214@00004fac: $ 1 <= 00000001
               12218@00004fb0: $ 4 <= 00000000
               12222@00004fb4: $ 2 <= 000f0000
               12226@00004fbc: *00000000 <= 00000100
               12226@00004fb8: $ 1 <= 00000001
               12238@00004fc4: $ 2 <= 00000000
               12242@00004fc8: $ 3 <= 00000001
               12250@00004fcc: $ 1 <= 00000080
               12258@00004fd4: *00000080 <= 00000080
               12266@00004fd8: $ 2 <= 00030000
               12274@00004fe0: $ 2 <= 00030003
               12278@00004fe4: $ 2 <= 00030011
               12322@00004ff0: $ 1 <= 00030011
               12326@00004ff4: $ 1 <= 00040000
               12338@00005000: $ 3 <= 00080000
               12342@00005000: $ 3 <= 00080000
               12346@00005004: $ 2 <= 00080003
               12362@00005014: $ 1 <= 00080009
               12366@00005018: $ 2 <= 00080003
               12374@00005024: *00000000 <= 00000000
               12374@00005020: $ 4 <= 00000000
               12386@0000502c: $ 2 <= 00000000
               12406@0000503c: $ 1 <= 000b0000
               12418@00005044: $ 4 <= 00020000
               12430@00005058: $ 2 <= 000b0000
               12438@00005060: $ 3 <= 000b0000
               12442@00005064: $ 2 <= 00000000
               12450@0000506c: $ 1 <= 00000000
               12454@00005070: $ 1 <= 00000000
               12458@00005074: $ 4 <= 00000000
               12462@00005078: $ 3 <= 00000000
               12466@0000507c: $ 3 <= 00000000
               12510@00005090: $ 4 <= 00000001
               12538@00005098: $ 4 <= 00000000
               12542@0000509c: $ 1 <= 00000000
               12546@000050a0: $ 2 <= 000d0000
               12550@000050a4: $ 3 <= 00000000
               12558@000050ac: $ 3 <= 00000000
               12562@000050b4: *00000000 <= 00000000
               12574@000050bc: $ 3 <= 00000000
               12582@000050c0: $ 4 <= 00000000
               12586@000050c4: *00000000 <= 00000000
               12594@000050c8: $ 2 <= 00040000
               12702@000050d8: $ 3 <= 00030000
               12706@000050dc: $ 2 <= 00070000
               12710@000050e0: $ 4 <= 00070000
               12722@000050e8: $ 4 <= 00070005
               12726@000050f0: $ 1 <= 03800280
               12734@000050f8: $ 3 <= fc78fd7a
               12870@00005118: $ 3 <= 80064000
               12874@0000511c: $ 1 <= 80064000
               12886@00005128: $ 3 <= 8006400b
               12906@00005144: $ 4 <= 10000000
               12910@00005150: $ 3 <= 00070000
               12922@00005158: $ 4 <= 10000000
               12930@00005164: $ 3 <= 00000000
               12974@00005168: $ 4 <= 00000000
               12986@00005170: $ 4 <= 00000000
               13002@00005180: $ 2 <= 00000000
               13026@00005184: $ 1 <= 00000000
               13030@00005188: $ 2 <= 00000000
               13034@0000518c: $ 4 <= 00000000
               13050@000051a0: *00000000 <= 00000000
               13050@00005194: $ 1 <= 00000000
               13066@000051ac: $ 3 <= 00000000
               13070@000051b0: $ 4 <= 00000000
               13074@000051b8: *00000000 <= ffffffff
               13074@000051b4: $ 2 <= ffffffff
               13086@000051c0: $ 4 <= 000f0000
               13090@000051c4: $ 2 <= 00000000
               13094@000051c8: $ 2 <= 00000000
               13134@000051e8: *00000000 <= ffff0000
               13134@000051e4: $ 4 <= 00000000
               13146@000051f0: $ 2 <= 00000000
               13170@000051f4: $ 4 <= 00000000
               13174@000051f8: $ 2 <= ffff0000
               13178@000051fc: $ 2 <= 00020000
               13190@00005204: $ 1 <= 00000000
               13206@0000521c: $ 3 <= 00000000
               13210@00005220: $ 3 <= 00000000
               13226@00005224: $ 4 <= 00000000
               13242@00005234: $ 2 <= 00000000
               13246@00005238: $ 4 <= ffff0000
               13250@0000523c: $ 4 <= 00000000
               13262@00005244: $ 4 <= 000c0000
               13266@00005254: *00000000 <= ffff0100
               13266@00005250: $ 1 <= 00000001
               13306@00005264: *00000000 <= ffff0100
               13314@00005268: $ 2 <= 00000002
               13318@0000526c: $ 4 <= 00000000
               13330@00005274: $ 1 <= 00000000
               13362@00005280: $ 4 <= 00000000
               13366@00005284: $ 1 <= 00000000
               13374@0000528c: $ 1 <= 000a0000
               13378@00005290: $ 3 <= 00000028
               13386@00005298: *00000028 <= 00000000
               13402@000052a4: $ 3 <= 00000000
               13418@000052ac: $ 2 <= 00000000
               13422@000052b0: *00000000 <= ffff0100
               13426@000052b4: *00000000 <= 00000000
               13434@000052b8: $ 2 <= 00000000
               13478@000052c4: $ 3 <= 00000000
               13486@000052cc: $ 1 <= 00000000
               13506@000052d4: $ 4 <= 00000000
               13518@000052dc: $ 3 <= 00000000
               13522@000052e4: *00000000 <= 00000000
               13522@000052e0: $ 1 <= 00000000
               13530@000052e8: $ 1 <= 00000000
               13534@000052ec: $ 2 <= 00000005
               13538@000052f0: $ 1 <= 00080000
               13550@000052fc: $ 2 <= 0000000e
               13554@00005300: $ 2 <= 00030000
               13558@00005304: $ 1 <= 00010000
               13562@00005308: $ 2 <= 00030002
               13566@0000530c: $ 1 <= 000f0000
               13578@00005318: $ 1 <= 00030008
               13622@0000531c: $ 4 <= 00000001
               13634@00005324: $ 3 <= 00000009
               13714@00005340: *00000000 <= 00000100
               13726@00005348: $ 2 <= 00000003
               13738@00005350: $ 1 <= 00000000
               13742@00005350: $ 1 <= 00000000
               13754@00005358: $ 4 <= 00010000
               13770@0000536c: $ 2 <= 00000000
               13782@00005374: $ 2 <= 00000000
               13794@00005384: $ 2 <= ffffffff
               13806@00005390: $ 3 <= 00060000
               13906@000053b4: $ 3 <= fffffffe
               13910@000053b8: $ 4 <= ffffffff
               13914@000053bc: $ 4 <= ffffffff
               13918@000053c0: $ 1 <= 000f0000
               13922@000053c4: $ 1 <= ffffffff
               13934@000053cc: $ 3 <= 000c0000
               13946@000053d8: $ 2 <= 00060000
               13950@000053dc: $ 1 <= 00000000
               13954@000053e0: $ 4 <= 00000000
               13958@000053e4: $ 3 <= 00000000
               13962@000053e8: $ 2 <= 00000000
               13970@000053f0: $ 4 <= 00060000
               13978@000053f8: $ 3 <= 000b0000
               13982@00005400: $ 4 <= 00160000
               13994@00005408: $ 2 <= 00000000
               13998@00005410: $ 4 <= 00000000
               14002@00005414: $ 3 <= 000b0000
               14106@00005434: $ 3 <= 000c0000
               14142@0000543c: $ 3 <= 00000001
               14146@00005440: $ 2 <= 0000000d
               14150@00005444: $ 2 <= 00000001
               14158@0000544c: $ 1 <= 00000001
               14162@00005450: $ 2 <= 00000200
               14166@00005454: $ 4 <= 00000001
               14174@0000545c: $ 2 <= 00000001
               14222@00005468: *00000000 <= 00000100
               14230@0000546c: $ 1 <= 00090000
               14234@00005470: $ 1 <= 00090005
               14246@0000547c: $ 1 <= 000b0000
               14262@0000548c: $ 3 <= 00000000
               14270@00005490: $ 4 <= 00000051
               14286@000054a0: $ 4 <= 00000000
               14290@000054a4: $ 3 <= 00000100
               14294@000054a8: $ 4 <= 00000000
               14298@000054b0: *00000000 <= 00000000
               14298@000054ac: $ 2 <= 00000000
               14314@000054bc: $ 1 <= 00000000
               14318@000054c0: $ 2 <= 00090000
               14338@000054c4: $ 3 <= 00000000
               14342@000054c8: $ 4 <= 000e0000
               14346@000054cc: $ 2 <= 000a0000
               14398@000054ec: $ 1 <= 00080000
               14402@000054f0: $ 2 <= fff7ffff
               14406@000054f4: $ 3 <= 0007ffbf
               14418@00005500: $ 4 <= 000b0000
               14486@0000550c: $ 3 <= 00000001
               14490@00005510: $ 2 <= 00000005
               14498@0000551c: *00000004 <= 00060105
               14506@00005520: $ 3 <= 0000000a
               14510@00005524: $ 2 <= 00000001
               14522@0000552c: *00000000 <= 00000100
               14534@00005534: $ 3 <= 00000001
               14538@00005538: $ 3 <= fffffffe
               14542@0000553c: $ 1 <= 00000000
               14546@00005540: $ 3 <= 00000000
               14550@00005544: $ 3 <= 00000005
               14554@00005548: $ 1 <= 00000000
               14566@00005550: $ 2 <= 00000000
               14570@00005554: $ 3 <= 00000100
               14574@00005558: $ 1 <= 00000000
               14586@00005560: $ 4 <= 00040000
               14598@00005568: $ 2 <= 00000001
               14602@0000556c: $ 3 <= 00000000
               14614@00005578: *00000000 <= 00000100
               14614@00005574: $ 4 <= 00000100
               14622@0000557c: $ 3 <= 00000000
               14626@00005580: $ 2 <= 00000007
               14630@00005584: $ 4 <= 00000000
               14634@00005588: $ 1 <= 00000007
               14638@0000558c: $ 3 <= 00000100
               14702@000055a4: *00000000 <= 00000100
               14730@000055a8: $ 3 <= 00010000
               14742@000055b4: $ 1 <= 00010007
               14754@000055c0: $ 3 <= 00000000
               14758@000055c0: $ 3 <= 00000000
               14762@000055c4: $ 4 <= 00010007
               14778@000055d8: *00000004 <= 07060105
               14790@000055e4: $ 1 <= 00000007
               14794@000055f0: $ 1 <= 00000000
               14798@000055f4: $ 3 <= 00000100
               14806@000055fc: $ 2 <= 00000100
               14810@00005600: *00000000 <= 00000100
               14818@00005604: $ 2 <= 00000000
               14822@00005608: $ 3 <= 00040000
               14830@00005610: $ 2 <= 000c0000
               14834@00005614: $ 1 <= 00100000
               14838@00005618: $ 3 <= 00000000
               14842@0000561c: $ 4 <= 00000000
               14846@00005624: *00000000 <= 00000000
               14854@00005628: $ 2 <= 00000000
               14866@00005630: $ 3 <= 00000000
               14870@00005630: $ 3 <= 00000000
               14878@00005634: $ 2 <= 00000000
               14886@0000563c: *00000000 <= 00000000
               14898@00005644: $ 3 <= 00000000
               14906@00005654: $ 3 <= 00100000
               14910@00005658: $ 3 <= 000e0000
               14914@0000565c: $ 1 <= 00000000
               14926@00005664: $ 2 <= 00000000
               14930@00005670: $ 2 <= 00000001
               14942@00005678: $ 3 <= 00000000
               14950@00005680: $ 3 <= 00000000
               14954@00005684: $ 1 <= 00000001
               14958@00005688: $ 2 <= 00000000
               14962@0000568c: $ 3 <= 00000000
               14966@00005690: $ 4 <= 00000000
               14970@00005694: $ 1 <= 00000000
               14974@00005698: $ 2 <= 0000000a
               14986@000056a4: $ 3 <= 00040000
               14994@000056ac: $ 3 <= 00040000
               15046@000056b8: $ 4 <= 00000000
               15058@000056c0: $ 1 <= 00000000
               15062@000056c0: $ 1 <= 00000000
               15078@000056c8: $ 2 <= 00000001
               15082@000056d0: $ 4 <= 00000000
               15090@000056d4: $ 3 <= 00000000
               15102@000056dc: $ 4 <= 00000000
               15106@000056e0: $ 1 <= 000d0000
               15118@000056e8: $ 1 <= 001a0000
               15126@000056f0: $ 2 <= 00000001
               15130@000056f4: $ 2 <= 0000000d
               15134@000056f8: $ 3 <= 00000000
               15138@000056fc: $ 4 <= 000b0000
               15142@00005700: $ 3 <= 00000001
               15146@00005704: $ 4 <= 00000000
               15150@00005708: $ 3 <= 00050000
               15154@00005710: *00000000 <= 00000080
               15154@0000570c: $ 3 <= 00000280
               15162@00005714: $ 4 <= 00000001
               15174@00005720: $ 2 <= 00000000
               15226@00005734: $ 2 <= 00090000
               15238@0000573c: $ 4 <= 00090005
               15258@00005748: $ 3 <= 00040000
               15310@00005754: $ 1 <= 00000001
               15318@00005760: *00000000 <= 00000180
               15322@00005760: *00000000 <= 00000180
               15330@00005764: $ 2 <= 00000002
               15386@00005774: *00000000 <= 00020180
               15398@0000577c: $ 1 <= 00000000
               15414@00005790: $ 3 <= 00000000
               15422@0000579c: *00000000 <= 00020180
               15422@00005798: $ 3 <= 00000001
               15430@000057a0: $ 1 <= 00000001
               15434@000057a4: $ 1 <= 00000003
               15438@000057a8: $ 3 <= 00000000
               15450@000057b0: $ 3 <= 00000000
               15470@000057c4: $ 3 <= ffffff80
               15482@000057cc: $ 4 <= ffffff80
               15490@000057d4: $ 3 <= 00000001
               15494@000057d8: $ 4 <= fffc0000
               15550@000057e4: $ 1 <= fffc0000
               15562@000057f0: $ 1 <= fffc0000
               15566@000057f4: $ 4 <= 00000000
               15618@00005804: $ 2 <= 00000000
               15622@00005808: $ 1 <= 00000009
               15626@0000580c: $ 2 <= 00000009
               15630@00005810: $ 4 <= 0000000b
               15634@00005818: *00000008 <= 000a090e
               15670@00005824: $ 3 <= 00000079
               15678@0000582c: $ 3 <= 0000000b
               15710@00005834: $ 1 <= 00000079
               15726@00005840: $ 1 <= 0000007e
               15730@00005844: $ 1 <= 0000000b
               15734@00005848: $ 4 <= 00000000
               15738@0000584c: $ 4 <= 0000000b
               15770@00005854: $ 1 <= 00000000
               15774@00005858: $ 4 <= 0000000b
               15786@00005864: $ 3 <= 0000000b
               15790@00005868: $ 2 <= 000c0000
               15814@0000587c: $ 1 <= 000e0000
               15826@00005888: $ 3 <= 000c0000
               15834@00005890: $ 1 <= 000c000f
               15838@00005890: $ 1 <= 000c000f
               15846@00005898: $ 3 <= 00030000
               15854@000058a0: $ 1 <= 00010000
               15858@000058a4: $ 3 <= 00010000
               15878@000058b0: $ 1 <= 00010000
               15894@000058bc: $ 1 <= 00010000
               15898@000058c0: $ 4 <= 00020000
               15902@000058c4: $ 3 <= 000d0000
               15906@000058c8: $ 3 <= 00000090
               15914@000058d0: $ 3 <= 00090000
               15962@000058e0: $ 4 <= 00020000
               15966@000058e4: $ 2 <= fffdffff
               15990@000058f8: $ 2 <= 00020000
               15994@00005900: $ 2 <= 00090000
               15998@00005904: $ 2 <= 000b0000
               16010@00005910: $ 1 <= 00060000
               16014@00005914: $ 2 <= 00020000
               16082@0000592c: $ 4 <= 00090000
               16130@00005950: *00000000 <= 00020900
               16130@0000594c: $ 2 <= 00000900
               16138@00005954: $ 2 <= 00000900
               16142@00005958: $ 2 <= 00000051
               16146@0000595c: $ 1 <= 00000051
               16158@00005968: $ 2 <= 00000057
               16210@0000597c: *00000054 <= 57000006
               16218@00005984: *00000054 <= 57000006
               16282@00005990: $ 1 <= 00000001
               16334@0000599c: *00000000 <= 00020100
               16342@000059a0: $ 3 <= 00060000
               16346@000059a4: $ 1 <= 00000001
               16354@000059ac: $ 1 <= 000c0000
               16358@000059b0: $ 4 <= 00000000
               16370@000059bc: $ 2 <= 00000001
               16374@000059c0: $ 3 <= 0000000b
               16378@000059c4: $ 3 <= 00000001
               16446@000059d8: $ 1 <= 00000001
               16450@000059dc: $ 4 <= 00000000
               16454@000059e0: $ 3 <= 00050000
               16462@000059e8: $ 2 <= 00000001
               16466@000059ec: $ 1 <= 00000001
               16470@000059f4: *00000000 <= 00020100
               16470@000059f0: $ 2 <= 00060000
               16478@000059f8: $ 3 <= 00000001
               16482@000059fc: $ 3 <= 00030000
               16514@00005a04: $ 1 <= 00000009
               16522@00005a0c: $ 2 <= 00030000
               16574@00005a24: $ 3 <= 00000009
               16578@00005a28: $ 3 <= 00000009
               16590@00005a30: $ 2 <= 00000009
               16594@00005a34: $ 2 <= 00000001
               16598@00005a38: $ 3 <= 000e0000
               16606@00005a40: $ 3 <= 00000000
               16634@00005a4c: *00000000 <= 00000000
               16634@00005a48: $ 3 <= 00000000
               16646@00005a58: *00000000 <= ffffffff
               16646@00005a54: $ 1 <= ffffffff
               16658@00005a60: $ 3 <= 000e0000
               16662@00005a68: *00000000 <= 00000000
               16674@00005a70: $ 4 <= 00060000
               16678@00005a70: $ 4 <= 00060000
               16686@00005a78: $ 4 <= 00000000
               16698@00005a80: $ 1 <= 00080000
               16706@00005a88: $ 1 <= 00000000
               16718@00005a90: $ 3 <= 000d0000
               16722@00005a94: $ 3 <= 000d0009
               16734@00005a9c: $ 1 <= 00000000
               16742@00005aa0: $ 3 <= 00000000
               16746@00005aa4: $ 3 <= 00010000
               16750@00005aa8: $ 3 <= 00000007
               16754@00005aac: $ 3 <= 00000000
               16758@00005ab0: $ 1 <= 00000000
               16762@00005ab8: *00000000 <= 00000000
               16762@00005ab4: $ 1 <= 00000000
               16770@00005abc: $ 2 <= 00000001
               16774@00005ac0: $ 1 <= 00000000
               16782@00005ac8: $ 2 <= 00000006
               16794@00005ad4: $ 4 <= 00000006
               16802@00005adc: $ 2 <= 00000000
               16806@00005ae0: $ 1 <= 00060000
               16814@00005ae8: $ 3 <= 00060000
               16822@00005af0: $ 2 <= 00060000
               16830@00005af8: $ 1 <= 00060000
               16838@00005b00: $ 2 <= 00050000
               16886@00005b08: $ 2 <= 00070000
               16890@00005b0c: $ 4 <= 000e0000
               16910@00005b10: $ 1 <= 0000001e
               16918@00005b18: $ 3 <= 00003800
               16922@00005b20: $ 1 <= 00040000
               16930@00005b2c: *00000000 <= 00000000
               16930@00005b28: $ 1 <= 00000000
               16938@00005b30: $ 4 <= 00000008
               16946@00005b38: $ 2 <= 00000000
               16950@00005b3c: $ 3 <= 00000000
               16954@00005b40: *00000000 <= 00000000
               16958@00005b44: *00000000 <= 00000000
               16970@00005b4c: $ 1 <= 00000000
               16974@00005b50: $ 2 <= 00000000
               16998@00005b60: $ 1 <= 000b0000
               17002@00005b64: *00000000 <= 000b0000
               17002@00005b60: $ 1 <= 000b0000
               17010@00005b68: $ 4 <= 00000000
               17018@00005b70: $ 4 <= 00000005
               17042@00005b78: $ 3 <= 00000000
               17046@00005b7c: $ 3 <= 00000000
               17054@00005b80: $ 4 <= 00000000
               17058@00005b84: $ 1 <= 00000000
               17062@00005b88: $ 3 <= 0000000c
               17066@00005b8c: $ 1 <= 00000000
               17078@00005b94: $ 2 <= 00000001
               17082@00005ba0: $ 4 <= 00000000
               17086@00005ba4: $ 4 <= 00000000
               17098@00005bac: $ 3 <= 00000000
               17110@00005bb4: $ 2 <= 00000000
               17114@00005bc0: *00000000 <= 00000000
               17118@00005bc4: *00000000 <= 00000000
               17126@00005bc8: $ 3 <= 000c0000
               17134@00005bd0: $ 1 <= 000c0000
               17146@00005bd8: $ 2 <= 00180000
               17158@00005be0: $ 3 <= 00000000
               17162@00005be0: $ 3 <= 00000000
               17170@00005be8: $ 4 <= ffffffff
               17174@00005bec: $ 2 <= 00000001
               17178@00005bf0: $ 3 <= 00000002
               17182@00005bf4: $ 3 <= 00020000
               17186@00005bf8: $ 3 <= 000f0000
               17190@00005bfc: $ 3 <= 000f0009
               17250@00005c14: $ 2 <= 00000000
               17262@00005c1c: $ 1 <= 00000009
               17266@00005c20: $ 4 <= 00000009
               17322@00005c28: $ 4 <= 00000001
               17326@00005c2c: $ 4 <= 00000000
               17330@00005c30: $ 3 <= 00000000
               17334@00005c34: $ 2 <= 00000000
               17338@00005c38: $ 2 <= 00000001
               17342@00005c3c: $ 4 <= 00000001
               17346@00005c44: *00000000 <= 00000100
               17378@00005c4c: $ 3 <= fffffffe
               17382@00005c54: *00000000 <= 0000fffe
               17390@00005c5c: *00000000 <= fffffffe
               17402@00005c64: $ 2 <= 00000000
               17406@00005c68: $ 3 <= 00000000
               17418@00005c70: $ 1 <= 00000001
               17422@00005c74: $ 1 <= 00000000
               17426@00005c78: $ 3 <= 00080000
               17486@00005c90: $ 1 <= 00000040
               17490@00005c94: $ 3 <= 00000040
               17494@00005c98: $ 1 <= 0000004f
               17498@00005c9c: $ 4 <= 00000040
               17502@00005ca0: *00000040 <= 00000040
               17514@00005ca8: $ 3 <= 000b0000
               17526@00005cb8: $ 2 <= 000e0000
               17530@00005cbc: $ 4 <= 000e0000
               17542@00005cc8: $ 2 <= 00000000
               17546@00005cd0: $ 4 <= 000b0000
               17550@00005cd4: $ 4 <= 000e0000
               17622@00005cec: $ 2 <= 00000000
               17626@00005cf0: $ 2 <= 00000000
               17634@00005cf8: $ 1 <= 00000001
               17642@00005d00: $ 3 <= 000000ff
               17646@00005d04: *00000000 <= ffffff01
               17650@00005d08: *00000000 <= ffff0101
               17666@00005d10: $ 1 <= 00000000
               17670@00005d10: $ 1 <= 00000000
               17674@00005d14: $ 4 <= 000b0000
               17678@00005d18: $ 3 <= 00000000
               17690@00005d20: $ 2 <= 00000001
               17694@00005d24: $ 1 <= 00000000
               17698@00005d28: $ 1 <= 000a0000
               17706@00005d34: *00000000 <= 00000000
               17722@00005d40: $ 1 <= 00090000
               17730@00005d48: $ 2 <= 00000000
               17734@00005d4c: $ 4 <= 00000002
               17738@00005d54: *00000000 <= 00000000
               17738@00005d50: $ 2 <= 00000000
               17746@00005d58: $ 3 <= 00000000
               17754@00005d60: $ 1 <= 00000000
               17762@00005d68: *00000000 <= 00000000
               17774@00005d74: $ 4 <= 00000000
               17782@00005d84: $ 2 <= 00000000
               17786@00005d88: $ 1 <= 00000000
               17790@00005d8c: $ 3 <= 00000000
               17802@00005d94: $ 3 <= 00000000
               17806@00005d98: $ 2 <= 00000000
               17818@00005da0: *00000000 <= 00000000
               17822@00005da0: *00000000 <= 00000000
               17826@00005da4: *00000000 <= 00000000
               17834@00005da8: $ 1 <= 00000000
               17838@00005dac: $ 1 <= 00000000
               17854@00005db4: $ 3 <= 000f0000
               17858@00005dc0: $ 3 <= 00000000
               17862@00005dc4: $ 4 <= 00000000
               17870@00005dcc: $ 3 <= 00000000
               17874@00005dd0: $ 1 <= 00000000
               17882@00005dd8: $ 4 <= 00030000
               17926@00005de8: $ 3 <= 00060000
               17974@00005df4: $ 2 <= 00050000
               17998@00005dfc: $ 1 <= 00000000
               18014@00005e0c: *00000000 <= 00000000
               18014@00005e08: $ 1 <= 00000000
               18022@00005e10: $ 4 <= 000a0000
               18034@00005e1c: $ 2 <= 00000000
               18042@00005e20: $ 3 <= 00000000
               18046@00005e24: $ 2 <= 000b0000
               18050@00005e28: $ 1 <= 000b0005
               18078@00005e2c: $ 1 <= 00000001
               18082@00005e30: $ 2 <= 00000000
               18094@00005e38: $ 4 <= 00000040
               18098@00005e3c: $ 3 <= 00000000
               18114@00005e48: $ 1 <= 00000000
               18118@00005e50: $ 4 <= 00000000
               18134@00005e58: *00000000 <= 00000000
               18166@00005e60: $ 2 <= 00000000
               18178@00005e68: *00000000 <= 00000000
               18186@00005e70: $ 4 <= 00000000
               18190@00005e74: $ 3 <= 00000000
               18194@00005e78: $ 4 <= 00000001
               18206@00005e80: $ 1 <= 00000000
               18250@00005e90: $ 3 <= 00000000
               18254@00005e94: *00000000 <= 00000000
               18262@00005e98: $ 2 <= 00000000
               18266@00005e9c: $ 4 <= 00000000
               18306@00005eac: $ 4 <= 000a0000
               18326@00005ec0: $ 3 <= 000a0008
               18350@00005ecc: $ 2 <= 00000001
               18374@00005ed4: $ 2 <= 00500000
               18378@00005ed8: $ 3 <= 00500000
               18382@00005edc: $ 1 <= 00a00000
               18402@00005ef0: $ 4 <= 00090000
               18418@00005f00: $ 4 <= 00002800
               18426@00005f08: $ 2 <= 00500000
               18434@00005f10: $ 1 <= 00500000
               18446@00005f18: $ 4 <= 00500000
               18458@00005f24: $ 4 <= 00500000
               18470@00005f34: $ 2 <= 000f0000
               18474@00005f40: $ 4 <= 00000000
               18478@00005f44: $ 4 <= 00500000
               18486@00005f4c: $ 2 <= 00000000
               18498@00005f54: $ 2 <= 00000000
               18502@00005f60: *00000000 <= 00000000
               18514@00005f6c: *00000000 <= 00000000
               18514@00005f68: $ 4 <= 00000000
Stopped at time : 3771738 ns : File "E:/1-Project/P6/CPUP6/FlowReg_M.v" Line 34
# run all
Stopped at time : 19407894 ns : File "E:/1-Project/P6/CPUP6/FlowReg_M.v" Line 33
