#! /c/Source/iverilog-install/bin/vvp
:ivl_version "12.0 (devel)" "(s20150603-1110-g18392a46)";
:ivl_delay_selection "TYPICAL";
:vpi_time_precision - 12;
:vpi_module "D:\iverilog\iverilog\lib\ivl\system.vpi";
:vpi_module "D:\iverilog\iverilog\lib\ivl\vhdl_sys.vpi";
:vpi_module "D:\iverilog\iverilog\lib\ivl\vhdl_textio.vpi";
:vpi_module "D:\iverilog\iverilog\lib\ivl\v2005_math.vpi";
:vpi_module "D:\iverilog\iverilog\lib\ivl\va_math.vpi";
S_0000021bcfebb960 .scope module, "id_fsm" "id_fsm" 2 24;
 .timescale -9 -12;
    .port_info 0 /INPUT 8 "char";
    .port_info 1 /INPUT 1 "clk";
    .port_info 2 /OUTPUT 1 "out";
L_0000021bcfe2d028 .functor BUFT 1, C4<01>, C4<0>, C4<0>, C4<0>;
v0000021bcfdb3700_0 .net/2u *"_ivl_0", 1 0, L_0000021bcfe2d028;  1 drivers
v0000021bcfdb30c0_0 .net *"_ivl_2", 0 0, L_0000021bcfde4a50;  1 drivers
L_0000021bcfe2d070 .functor BUFT 1, C4<1>, C4<0>, C4<0>, C4<0>;
v0000021bcfde4690_0 .net/2u *"_ivl_4", 0 0, L_0000021bcfe2d070;  1 drivers
L_0000021bcfe2d0b8 .functor BUFT 1, C4<0>, C4<0>, C4<0>, C4<0>;
v0000021bcfde4730_0 .net/2u *"_ivl_6", 0 0, L_0000021bcfe2d0b8;  1 drivers
o0000021bcfdea068 .functor BUFZ 8, C4<zzzzzzzz>; HiZ drive
v0000021bcfde47d0_0 .net "char", 7 0, o0000021bcfdea068;  0 drivers
o0000021bcfdea098 .functor BUFZ 1, C4<z>; HiZ drive
v0000021bcfde4870_0 .net "clk", 0 0, o0000021bcfdea098;  0 drivers
v0000021bcfde4910_0 .net "out", 0 0, L_0000021bcfde4af0;  1 drivers
v0000021bcfde49b0_0 .var "status", 1 0;
E_0000021bcfdd6010 .event posedge, v0000021bcfde4870_0;
L_0000021bcfde4a50 .cmp/eq 2, v0000021bcfde49b0_0, L_0000021bcfe2d028;
L_0000021bcfde4af0 .functor MUXZ 1, L_0000021bcfe2d0b8, L_0000021bcfe2d070, L_0000021bcfde4a50, C4<>;
    .scope S_0000021bcfebb960;
T_0 ;
    %pushi/vec4 2, 0, 2;
    %assign/vec4 v0000021bcfde49b0_0, 0;
    %end;
    .thread T_0;
    .scope S_0000021bcfebb960;
T_1 ;
    %wait E_0000021bcfdd6010;
    %load/vec4 v0000021bcfde49b0_0;
    %dup/vec4;
    %pushi/vec4 0, 0, 2;
    %cmp/u;
    %jmp/1 T_1.0, 6;
    %dup/vec4;
    %pushi/vec4 1, 0, 2;
    %cmp/u;
    %jmp/1 T_1.1, 6;
    %dup/vec4;
    %pushi/vec4 2, 0, 2;
    %cmp/u;
    %jmp/1 T_1.2, 6;
    %jmp T_1.3;
T_1.0 ;
    %pushi/vec4 65, 0, 8;
    %load/vec4 v0000021bcfde47d0_0;
    %cmp/u;
    %flag_get/vec4 4;
    %flag_get/vec4 5;
    %or;
    %load/vec4 v0000021bcfde47d0_0;
    %cmpi/u 90, 0, 8;
    %flag_get/vec4 4;
    %flag_get/vec4 5;
    %or;
    %and;
    %flag_set/vec4 8;
    %pushi/vec4 97, 0, 8;
    %load/vec4 v0000021bcfde47d0_0;
    %cmp/u;
    %flag_get/vec4 4;
    %flag_get/vec4 5;
    %or;
    %load/vec4 v0000021bcfde47d0_0;
    %cmpi/u 122, 0, 8;
    %flag_get/vec4 4;
    %flag_get/vec4 5;
    %or;
    %and;
    %flag_set/vec4 9;
    %flag_or 9, 8;
    %jmp/0xz  T_1.4, 9;
    %pushi/vec4 0, 0, 2;
    %assign/vec4 v0000021bcfde49b0_0, 0;
    %jmp T_1.5;
T_1.4 ;
    %pushi/vec4 48, 0, 8;
    %load/vec4 v0000021bcfde47d0_0;
    %cmp/u;
    %flag_get/vec4 4;
    %flag_get/vec4 5;
    %or;
    %load/vec4 v0000021bcfde47d0_0;
    %cmpi/u 57, 0, 8;
    %flag_get/vec4 4;
    %flag_get/vec4 5;
    %or;
    %and;
    %flag_set/vec4 8;
    %jmp/0xz  T_1.6, 8;
    %pushi/vec4 1, 0, 2;
    %assign/vec4 v0000021bcfde49b0_0, 0;
    %jmp T_1.7;
T_1.6 ;
    %pushi/vec4 2, 0, 2;
    %assign/vec4 v0000021bcfde49b0_0, 0;
T_1.7 ;
T_1.5 ;
    %jmp T_1.3;
T_1.1 ;
    %pushi/vec4 65, 0, 8;
    %load/vec4 v0000021bcfde47d0_0;
    %cmp/u;
    %flag_get/vec4 4;
    %flag_get/vec4 5;
    %or;
    %load/vec4 v0000021bcfde47d0_0;
    %cmpi/u 90, 0, 8;
    %flag_get/vec4 4;
    %flag_get/vec4 5;
    %or;
    %and;
    %flag_set/vec4 8;
    %pushi/vec4 97, 0, 8;
    %load/vec4 v0000021bcfde47d0_0;
    %cmp/u;
    %flag_get/vec4 4;
    %flag_get/vec4 5;
    %or;
    %load/vec4 v0000021bcfde47d0_0;
    %cmpi/u 122, 0, 8;
    %flag_get/vec4 4;
    %flag_get/vec4 5;
    %or;
    %and;
    %flag_set/vec4 9;
    %flag_or 9, 8;
    %jmp/0xz  T_1.8, 9;
    %pushi/vec4 0, 0, 2;
    %assign/vec4 v0000021bcfde49b0_0, 0;
    %jmp T_1.9;
T_1.8 ;
    %pushi/vec4 48, 0, 8;
    %load/vec4 v0000021bcfde47d0_0;
    %cmp/u;
    %flag_get/vec4 4;
    %flag_get/vec4 5;
    %or;
    %load/vec4 v0000021bcfde47d0_0;
    %cmpi/u 57, 0, 8;
    %flag_get/vec4 4;
    %flag_get/vec4 5;
    %or;
    %and;
    %flag_set/vec4 8;
    %jmp/0xz  T_1.10, 8;
    %pushi/vec4 1, 0, 2;
    %assign/vec4 v0000021bcfde49b0_0, 0;
    %jmp T_1.11;
T_1.10 ;
    %pushi/vec4 2, 0, 2;
    %assign/vec4 v0000021bcfde49b0_0, 0;
T_1.11 ;
T_1.9 ;
    %jmp T_1.3;
T_1.2 ;
    %pushi/vec4 65, 0, 8;
    %load/vec4 v0000021bcfde47d0_0;
    %cmp/u;
    %flag_get/vec4 4;
    %flag_get/vec4 5;
    %or;
    %load/vec4 v0000021bcfde47d0_0;
    %cmpi/u 90, 0, 8;
    %flag_get/vec4 4;
    %flag_get/vec4 5;
    %or;
    %and;
    %flag_set/vec4 8;
    %pushi/vec4 97, 0, 8;
    %load/vec4 v0000021bcfde47d0_0;
    %cmp/u;
    %flag_get/vec4 4;
    %flag_get/vec4 5;
    %or;
    %load/vec4 v0000021bcfde47d0_0;
    %cmpi/u 122, 0, 8;
    %flag_get/vec4 4;
    %flag_get/vec4 5;
    %or;
    %and;
    %flag_set/vec4 9;
    %flag_or 9, 8;
    %jmp/0xz  T_1.12, 9;
    %pushi/vec4 0, 0, 2;
    %assign/vec4 v0000021bcfde49b0_0, 0;
    %jmp T_1.13;
T_1.12 ;
    %pushi/vec4 48, 0, 8;
    %load/vec4 v0000021bcfde47d0_0;
    %cmp/u;
    %flag_get/vec4 4;
    %flag_get/vec4 5;
    %or;
    %load/vec4 v0000021bcfde47d0_0;
    %cmpi/u 57, 0, 8;
    %flag_get/vec4 4;
    %flag_get/vec4 5;
    %or;
    %and;
    %flag_set/vec4 8;
    %jmp/0xz  T_1.14, 8;
    %pushi/vec4 2, 0, 2;
    %assign/vec4 v0000021bcfde49b0_0, 0;
    %jmp T_1.15;
T_1.14 ;
    %pushi/vec4 2, 0, 2;
    %assign/vec4 v0000021bcfde49b0_0, 0;
T_1.15 ;
T_1.13 ;
    %jmp T_1.3;
T_1.3 ;
    %pop/vec4 1;
    %jmp T_1;
    .thread T_1;
# The file index is used to find the file name in the following table.
:file_names 3;
    "N/A";
    "<interactive>";
    "id_fsm.v";
