Release 14.7 - xst P.20131013 (nt64)
Copyright (c) 1995-2013 Xilinx, Inc.  All rights reserved.
--> Parameter TMPDIR set to xst/projnav.tmp


Total REAL time to Xst completion: 0.00 secs
Total CPU time to Xst completion: 0.11 secs
 
--> Parameter xsthdpdir set to xst


Total REAL time to Xst completion: 0.00 secs
Total CPU time to Xst completion: 0.11 secs
 
--> Reading design: SimpleLED.prj

TABLE OF CONTENTS
  1) Synthesis Options Summary
  2) HDL Parsing
  3) HDL Elaboration
  4) HDL Synthesis
       4.1) HDL Synthesis Report
  5) Advanced HDL Synthesis
       5.1) Advanced HDL Synthesis Report
  6) Low Level Synthesis
  7) Partition Report
  8) Design Summary
       8.1) Primitive and Black Box Usage
       8.2) Device utilization summary
       8.3) Partition Resource Summary
       8.4) Timing Report
            8.4.1) Clock Information
            8.4.2) Asynchronous Control Signals Information
            8.4.3) Timing Summary
            8.4.4) Timing Details
            8.4.5) Cross Clock Domains Report


=========================================================================
*                      Synthesis Options Summary                        *
=========================================================================
---- Source Parameters
Input File Name                    : "SimpleLED.prj"
Ignore Synthesis Constraint File   : NO

---- Target Parameters
Output File Name                   : "SimpleLED"
Output Format                      : NGC
Target Device                      : xc6slx100-2-fgg676

---- Source Options
Top Module Name                    : SimpleLED
Automatic FSM Extraction           : YES
FSM Encoding Algorithm             : Auto
Safe Implementation                : No
FSM Style                          : LUT
RAM Extraction                     : Yes
RAM Style                          : Auto
ROM Extraction                     : Yes
Shift Register Extraction          : YES
ROM Style                          : Auto
Resource Sharing                   : YES
Asynchronous To Synchronous        : NO
Shift Register Minimum Size        : 2
Use DSP Block                      : Auto
Automatic Register Balancing       : No

---- Target Options
LUT Combining                      : Auto
Reduce Control Sets                : Auto
Add IO Buffers                     : YES
Global Maximum Fanout              : 100000
Add Generic Clock Buffer(BUFG)     : 16
Register Duplication               : YES
Optimize Instantiated Primitives   : NO
Use Clock Enable                   : Auto
Use Synchronous Set                : Auto
Use Synchronous Reset              : Auto
Pack IO Registers into IOBs        : Auto
Equivalent register Removal        : YES

---- General Options
Optimization Goal                  : Speed
Optimization Effort                : 1
Power Reduction                    : NO
Keep Hierarchy                     : No
Netlist Hierarchy                  : As_Optimized
RTL Output                         : Yes
Global Optimization                : AllClockNets
Read Cores                         : YES
Write Timing Constraints           : NO
Cross Clock Analysis               : NO
Hierarchy Separator                : /
Bus Delimiter                      : <>
Case Specifier                     : Maintain
Slice Utilization Ratio            : 100
BRAM Utilization Ratio             : 100
DSP48 Utilization Ratio            : 100
Auto BRAM Packing                  : NO
Slice Utilization Ratio Delta      : 5

=========================================================================


=========================================================================
*                          HDL Parsing                                  *
=========================================================================
Analyzing Verilog file "E:\1-Project\P8\FirstFPGA\SimpleLED.v" into library work
Parsing module <SimpleLED>.

=========================================================================
*                            HDL Elaboration                            *
=========================================================================

Elaborating module <SimpleLED>.

=========================================================================
*                           HDL Synthesis                               *
=========================================================================

Synthesizing Unit <SimpleLED>.
    Related source file is "E:\1-Project\P8\FirstFPGA\SimpleLED.v".
    Found 32-bit register for signal <led>.
    Found 32-bit register for signal <counter>.
    Found 32-bit adder for signal <counter[31]_GND_1_o_add_8_OUT> created at line 47.
    Summary:
	inferred   1 Adder/Subtractor(s).
	inferred  64 D-type flip-flop(s).
Unit <SimpleLED> synthesized.

=========================================================================
HDL Synthesis Report

Macro Statistics
# Adders/Subtractors                                   : 1
 32-bit adder                                          : 1
# Registers                                            : 2
 32-bit register                                       : 2

=========================================================================

=========================================================================
*                       Advanced HDL Synthesis                          *
=========================================================================


Synthesizing (advanced) Unit <SimpleLED>.
The following registers are absorbed into counter <counter>: 1 register on signal <counter>.
Unit <SimpleLED> synthesized (advanced).

=========================================================================
Advanced HDL Synthesis Report

Macro Statistics
# Adders/Subtractors                                   : 1
 32-bit adder                                          : 1
# Counters                                             : 1
 32-bit up counter                                     : 1
# Registers                                            : 32
 Flip-Flops                                            : 32

=========================================================================

=========================================================================
*                         Low Level Synthesis                           *
=========================================================================

Optimizing unit <SimpleLED> ...
WARNING:Xst:1710 - FF/Latch <counter_25> (without init value) has a constant value of 0 in block <SimpleLED>. This FF/Latch will be trimmed during the optimization process.
WARNING:Xst:1895 - Due to other FF/Latch trimming, FF/Latch <counter_26> (without init value) has a constant value of 0 in block <SimpleLED>. This FF/Latch will be trimmed during the optimization process.
WARNING:Xst:1895 - Due to other FF/Latch trimming, FF/Latch <counter_27> (without init value) has a constant value of 0 in block <SimpleLED>. This FF/Latch will be trimmed during the optimization process.
WARNING:Xst:1895 - Due to other FF/Latch trimming, FF/Latch <counter_28> (without init value) has a constant value of 0 in block <SimpleLED>. This FF/Latch will be trimmed during the optimization process.
WARNING:Xst:1895 - Due to other FF/Latch trimming, FF/Latch <counter_29> (without init value) has a constant value of 0 in block <SimpleLED>. This FF/Latch will be trimmed during the optimization process.
WARNING:Xst:1895 - Due to other FF/Latch trimming, FF/Latch <counter_30> (without init value) has a constant value of 0 in block <SimpleLED>. This FF/Latch will be trimmed during the optimization process.
WARNING:Xst:1895 - Due to other FF/Latch trimming, FF/Latch <counter_31> (without init value) has a constant value of 0 in block <SimpleLED>. This FF/Latch will be trimmed during the optimization process.

Mapping all equations...
Building and optimizing final netlist ...
Found area constraint ratio of 100 (+ 5) on block SimpleLED, actual ratio is 0.

Final Macro Processing ...

=========================================================================
Final Register Report

Macro Statistics
# Registers                                            : 57
 Flip-Flops                                            : 57

=========================================================================

=========================================================================
*                           Partition Report                            *
=========================================================================

Partition Implementation Status
-------------------------------

  No Partitions were found in this design.

-------------------------------

=========================================================================
*                            Design Summary                             *
=========================================================================

Top Level Output File Name         : SimpleLED.ngc

Primitive and Black Box Usage:
------------------------------
# BELS                             : 217
#      GND                         : 1
#      INV                         : 35
#      LUT1                        : 48
#      LUT3                        : 25
#      LUT6                        : 7
#      MUXCY                       : 49
#      VCC                         : 1
#      XORCY                       : 51
# FlipFlops/Latches                : 57
#      FD                          : 25
#      FDRE                        : 31
#      FDSE                        : 1
# Clock Buffers                    : 1
#      BUFGP                       : 1
# IO Buffers                       : 33
#      IBUF                        : 1
#      OBUF                        : 32

Device utilization summary:
---------------------------

Selected Device : 6slx100fgg676-2 


Slice Logic Utilization: 
 Number of Slice Registers:              57  out of  126576     0%  
 Number of Slice LUTs:                  115  out of  63288     0%  
    Number used as Logic:               115  out of  63288     0%  

Slice Logic Distribution: 
 Number of LUT Flip Flop pairs used:    115
   Number with an unused Flip Flop:      58  out of    115    50%  
   Number with an unused LUT:             0  out of    115     0%  
   Number of fully used LUT-FF pairs:    57  out of    115    49%  
   Number of unique control sets:         2

IO Utilization: 
 Number of IOs:                          34
 Number of bonded IOBs:                  34  out of    480     7%  

Specific Feature Utilization:
 Number of BUFG/BUFGCTRLs:                1  out of     16     6%  

---------------------------
Partition Resource Summary:
---------------------------

  No Partitions were found in this design.

---------------------------


=========================================================================
Timing Report

NOTE: THESE TIMING NUMBERS ARE ONLY A SYNTHESIS ESTIMATE.
      FOR ACCURATE TIMING INFORMATION PLEASE REFER TO THE TRACE REPORT
      GENERATED AFTER PLACE-and-ROUTE.

Clock Information:
------------------
-----------------------------------+------------------------+-------+
Clock Signal                       | Clock buffer(FF name)  | Load  |
-----------------------------------+------------------------+-------+
clk_in                             | BUFGP                  | 57    |
-----------------------------------+------------------------+-------+

Asynchronous Control Signals Information:
----------------------------------------
No asynchronous control signals found in this design

Timing Summary:
---------------
Speed Grade: -2

   Minimum period: 6.552ns (Maximum Frequency: 152.636MHz)
   Minimum input arrival time before clock: 4.980ns
   Maximum output required time after clock: 5.098ns
   Maximum combinational path delay: No path found

Timing Details:
---------------
All values displayed in nanoseconds (ns)

=========================================================================
Timing constraint: Default period analysis for Clock 'clk_in'
  Clock period: 6.552ns (frequency: 152.636MHz)
  Total number of paths / destination ports: 20307 / 89
-------------------------------------------------------------------------
Delay:               6.552ns (Levels of Logic = 23)
  Source:            counter_0 (FF)
  Destination:       led_0 (FF)
  Source Clock:      clk_in rising
  Destination Clock: clk_in rising

  Data Path: counter_0 to led_0
                                Gate     Net
    Cell:in->out      fanout   Delay   Delay  Logical Name (Net Name)
    ----------------------------------------  ------------
     FD:C->Q               2   0.525   0.725  counter_0 (counter_0)
     INV:I->O              1   0.255   0.000  Madd_counter[31]_GND_1_o_add_8_OUT_lut<0>_INV_0 (Madd_counter[31]_GND_1_o_add_8_OUT_lut<0>)
     MUXCY:S->O            1   0.215   0.000  Madd_counter[31]_GND_1_o_add_8_OUT_cy<0> (Madd_counter[31]_GND_1_o_add_8_OUT_cy<0>)
     MUXCY:CI->O           1   0.023   0.000  Madd_counter[31]_GND_1_o_add_8_OUT_cy<1> (Madd_counter[31]_GND_1_o_add_8_OUT_cy<1>)
     MUXCY:CI->O           1   0.023   0.000  Madd_counter[31]_GND_1_o_add_8_OUT_cy<2> (Madd_counter[31]_GND_1_o_add_8_OUT_cy<2>)
     MUXCY:CI->O           1   0.023   0.000  Madd_counter[31]_GND_1_o_add_8_OUT_cy<3> (Madd_counter[31]_GND_1_o_add_8_OUT_cy<3>)
     MUXCY:CI->O           1   0.023   0.000  Madd_counter[31]_GND_1_o_add_8_OUT_cy<4> (Madd_counter[31]_GND_1_o_add_8_OUT_cy<4>)
     MUXCY:CI->O           1   0.023   0.000  Madd_counter[31]_GND_1_o_add_8_OUT_cy<5> (Madd_counter[31]_GND_1_o_add_8_OUT_cy<5>)
     MUXCY:CI->O           1   0.023   0.000  Madd_counter[31]_GND_1_o_add_8_OUT_cy<6> (Madd_counter[31]_GND_1_o_add_8_OUT_cy<6>)
     MUXCY:CI->O           1   0.023   0.000  Madd_counter[31]_GND_1_o_add_8_OUT_cy<7> (Madd_counter[31]_GND_1_o_add_8_OUT_cy<7>)
     MUXCY:CI->O           1   0.023   0.000  Madd_counter[31]_GND_1_o_add_8_OUT_cy<8> (Madd_counter[31]_GND_1_o_add_8_OUT_cy<8>)
     MUXCY:CI->O           1   0.023   0.000  Madd_counter[31]_GND_1_o_add_8_OUT_cy<9> (Madd_counter[31]_GND_1_o_add_8_OUT_cy<9>)
     MUXCY:CI->O           1   0.023   0.000  Madd_counter[31]_GND_1_o_add_8_OUT_cy<10> (Madd_counter[31]_GND_1_o_add_8_OUT_cy<10>)
     MUXCY:CI->O           1   0.023   0.000  Madd_counter[31]_GND_1_o_add_8_OUT_cy<11> (Madd_counter[31]_GND_1_o_add_8_OUT_cy<11>)
     MUXCY:CI->O           1   0.023   0.000  Madd_counter[31]_GND_1_o_add_8_OUT_cy<12> (Madd_counter[31]_GND_1_o_add_8_OUT_cy<12>)
     MUXCY:CI->O           1   0.023   0.000  Madd_counter[31]_GND_1_o_add_8_OUT_cy<13> (Madd_counter[31]_GND_1_o_add_8_OUT_cy<13>)
     MUXCY:CI->O           1   0.023   0.000  Madd_counter[31]_GND_1_o_add_8_OUT_cy<14> (Madd_counter[31]_GND_1_o_add_8_OUT_cy<14>)
     MUXCY:CI->O           1   0.023   0.000  Madd_counter[31]_GND_1_o_add_8_OUT_cy<15> (Madd_counter[31]_GND_1_o_add_8_OUT_cy<15>)
     MUXCY:CI->O           1   0.023   0.000  Madd_counter[31]_GND_1_o_add_8_OUT_cy<16> (Madd_counter[31]_GND_1_o_add_8_OUT_cy<16>)
     MUXCY:CI->O           1   0.023   0.000  Madd_counter[31]_GND_1_o_add_8_OUT_cy<17> (Madd_counter[31]_GND_1_o_add_8_OUT_cy<17>)
     MUXCY:CI->O           1   0.023   0.000  Madd_counter[31]_GND_1_o_add_8_OUT_cy<18> (Madd_counter[31]_GND_1_o_add_8_OUT_cy<18>)
     XORCY:CI->O           1   0.206   1.112  Madd_counter[31]_GND_1_o_add_8_OUT_xor<19> (counter[31]_GND_1_o_add_8_OUT<19>)
     LUT6:I1->O            3   0.254   0.766  counter[31]_GND_1_o_equal_10_o<31>7_SW0 (N4)
     LUT6:I5->O           32   0.254   1.519  counter[31]_GND_1_o_equal_10_o<31>7 (counter[31]_GND_1_o_equal_10_o)
     FDSE:CE                   0.302          led_0
    ----------------------------------------
    Total                      6.552ns (2.430ns logic, 4.122ns route)
                                       (37.1% logic, 62.9% route)

=========================================================================
Timing constraint: Default OFFSET IN BEFORE for Clock 'clk_in'
  Total number of paths / destination ports: 57 / 57
-------------------------------------------------------------------------
Offset:              4.980ns (Levels of Logic = 2)
  Source:            sys_rstn (PAD)
  Destination:       led_0 (FF)
  Destination Clock: clk_in rising

  Data Path: sys_rstn to led_0
                                Gate     Net
    Cell:in->out      fanout   Delay   Delay  Logical Name (Net Name)
    ----------------------------------------  ------------
     IBUF:I->O            26   1.328   1.419  sys_rstn_IBUF (sys_rstn_IBUF)
     INV:I->O             32   0.255   1.519  sys_rstn_inv1_INV_0 (sys_rstn_inv)
     FDSE:S                    0.459          led_0
    ----------------------------------------
    Total                      4.980ns (2.042ns logic, 2.938ns route)
                                       (41.0% logic, 59.0% route)

=========================================================================
Timing constraint: Default OFFSET OUT AFTER for Clock 'clk_in'
  Total number of paths / destination ports: 32 / 32
-------------------------------------------------------------------------
Offset:              5.098ns (Levels of Logic = 2)
  Source:            led_31 (FF)
  Destination:       led_light<31> (PAD)
  Source Clock:      clk_in rising

  Data Path: led_31 to led_light<31>
                                Gate     Net
    Cell:in->out      fanout   Delay   Delay  Logical Name (Net Name)
    ----------------------------------------  ------------
     FDRE:C->Q             2   0.525   0.725  led_31 (led_31)
     INV:I->O              1   0.255   0.681  led_light<31>1_INV_0 (led_light_31_OBUF)
     OBUF:I->O                 2.912          led_light_31_OBUF (led_light<31>)
    ----------------------------------------
    Total                      5.098ns (3.692ns logic, 1.406ns route)
                                       (72.4% logic, 27.6% route)

=========================================================================

Cross Clock Domains Report:
--------------------------

Clock to Setup on destination clock clk_in
---------------+---------+---------+---------+---------+
               | Src:Rise| Src:Fall| Src:Rise| Src:Fall|
Source Clock   |Dest:Rise|Dest:Rise|Dest:Fall|Dest:Fall|
---------------+---------+---------+---------+---------+
clk_in         |    6.552|         |         |         |
---------------+---------+---------+---------+---------+

=========================================================================


Total REAL time to Xst completion: 5.00 secs
Total CPU time to Xst completion: 4.26 secs
 
--> 

Total memory usage is 4487100 kilobytes

Number of errors   :    0 (   0 filtered)
Number of warnings :    7 (   0 filtered)
Number of infos    :    0 (   0 filtered)

